[0.019s] Invoking command in '/home/ebrahim/formula-carmaker-fs_2025/FCM_Projects/FS_autonomous/ros/ros2_ws/build/cmrosutils': CMAKE_PREFIX_PATH=${CMAKE_PREFIX_PATH}:/opt/ros/jazzy DEBUGINFOD_URLS=https://debuginfod.ubuntu.com /usr/bin/cmake /home/ebrahim/formula-carmaker-fs_2025/FCM_Projects/FS_autonomous/ros/ros2_ws/src/cmrosutils -DCARMAKER_VER:STRING=14.1.1 -DCARMAKER_DIR:PATH=/opt/ipg/carmaker/linux64-14.1.1 --no-warn-unused-cli -DCMAKE_INSTALL_PREFIX=/home/ebrahim/formula-carmaker-fs_2025/FCM_Projects/FS_autonomous/ros/ros2_ws/install/cmrosutils
[0.026s] Not searching for unused variables given on the command line.
[0.078s] -- The C compiler identification is GNU 12.4.0
[0.152s] -- The CXX compiler identification is GNU 12.4.0
[0.171s] -- Detecting C compiler ABI info
[0.257s] -- Detecting C compiler ABI info - done
[0.268s] -- Check for working C compiler: /usr/bin/cc - skipped
[0.269s] -- Detecting C compile features
[0.269s] -- Detecting C compile features - done
[0.279s] -- Detecting CXX compiler ABI info
[0.378s] -- Detecting CXX compiler ABI info - done
[0.389s] -- Check for working CXX compiler: /usr/bin/c++ - skipped
[0.389s] -- Detecting CXX compile features
[0.390s] -- Detecting CXX compile features - done
[0.397s] -- Found ament_cmake: 2.5.4 (/opt/ros/jazzy/share/ament_cmake/cmake)
[0.768s] -- Found Python3: /usr/bin/python3 (found version "3.12.3") found components: Interpreter 
[0.935s] -- Found rclcpp: 28.1.13 (/opt/ros/jazzy/share/rclcpp/cmake)
[1.042s] -- Found rosidl_generator_c: 4.6.6 (/opt/ros/jazzy/share/rosidl_generator_c/cmake)
[1.079s] -- Found rosidl_generator_cpp: 4.6.6 (/opt/ros/jazzy/share/rosidl_generator_cpp/cmake)
[1.120s] -- Using all available rosidl_typesupport_c: rosidl_typesupport_fastrtps_c;rosidl_typesupport_introspection_c
[1.165s] -- Using all available rosidl_typesupport_cpp: rosidl_typesupport_fastrtps_cpp;rosidl_typesupport_introspection_cpp
[1.292s] -- Found rmw_implementation_cmake: 7.3.2 (/opt/ros/jazzy/share/rmw_implementation_cmake/cmake)
[1.297s] -- Found rmw_zenoh_cpp: 0.2.9 (/opt/ros/jazzy/share/rmw_zenoh_cpp/cmake)
[1.298s] -- Using RMW implementation 'rmw_zenoh_cpp' as default
[1.400s] -- Found rosidl_default_generators: 1.6.0 (/opt/ros/jazzy/share/rosidl_default_generators/cmake)
[1.423s] -- Found rosidl_adapter: 4.6.6 (/opt/ros/jazzy/share/rosidl_adapter/cmake)
[2.636s] -- Found ament_cmake_ros: 0.12.0 (/opt/ros/jazzy/share/ament_cmake_ros/cmake)
[4.500s] -- Using all available rosidl_typesupport_c: rosidl_typesupport_fastrtps_c;rosidl_typesupport_introspection_c
[5.180s] -- Using all available rosidl_typesupport_cpp: rosidl_typesupport_fastrtps_cpp;rosidl_typesupport_introspection_cpp
[5.185s] -- Found python_cmake_module: 0.11.1 (/opt/ros/jazzy/share/python_cmake_module/cmake)
[5.497s] -- Found PythonExtra: /usr/bin/python3  
[6.525s] -- Found Python3: /usr/bin/python3 (found version "3.12.3") found components: Interpreter Development NumPy Development.Module Development.Embed 
[6.658s] -- Found ament_lint_auto: 0.17.3 (/opt/ros/jazzy/share/ament_lint_auto/cmake)
[6.728s] -- Added test 'copyright' to check source files copyright and LICENSE
[6.729s] -- Added test 'cppcheck' to perform static code analysis on C / C++ code
[6.730s] -- Configured cppcheck include dirs: $<BUILD_INTERFACE:/home/ebrahim/formula-carmaker-fs_2025/FCM_Projects/FS_autonomous/ros/ros2_ws/src/cmrosutils/include>
[6.732s] -- Configured cppcheck exclude dirs and/or files: 
[6.735s] -- Added test 'cpplint' to check C / C++ code against the Google style
[6.735s] -- Configured cpplint exclude dirs and/or files: 
[6.735s] -- Added test 'lint_cmake' to check CMake code style
[6.736s] -- Added test 'uncrustify' to check C / C++ code style
[6.736s] -- Configured uncrustify additional arguments: 
[6.736s] -- Added test 'xmllint' to check XML markup files
[6.740s] -- Configuring done (6.7s)
[6.782s] -- Generating done (0.0s)
[6.796s] -- Build files have been written to: /home/ebrahim/formula-carmaker-fs_2025/FCM_Projects/FS_autonomous/ros/ros2_ws/build/cmrosutils
[6.809s] Invoked command in '/home/ebrahim/formula-carmaker-fs_2025/FCM_Projects/FS_autonomous/ros/ros2_ws/build/cmrosutils' returned '0': CMAKE_PREFIX_PATH=${CMAKE_PREFIX_PATH}:/opt/ros/jazzy DEBUGINFOD_URLS=https://debuginfod.ubuntu.com /usr/bin/cmake /home/ebrahim/formula-carmaker-fs_2025/FCM_Projects/FS_autonomous/ros/ros2_ws/src/cmrosutils -DCARMAKER_VER:STRING=14.1.1 -DCARMAKER_DIR:PATH=/opt/ipg/carmaker/linux64-14.1.1 --no-warn-unused-cli -DCMAKE_INSTALL_PREFIX=/home/ebrahim/formula-carmaker-fs_2025/FCM_Projects/FS_autonomous/ros/ros2_ws/install/cmrosutils
[6.811s] Invoking command in '/home/ebrahim/formula-carmaker-fs_2025/FCM_Projects/FS_autonomous/ros/ros2_ws/build/cmrosutils': CMAKE_PREFIX_PATH=${CMAKE_PREFIX_PATH}:/opt/ros/jazzy DEBUGINFOD_URLS=https://debuginfod.ubuntu.com /usr/bin/cmake --build /home/ebrahim/formula-carmaker-fs_2025/FCM_Projects/FS_autonomous/ros/ros2_ws/build/cmrosutils -- -j12 -l12
[6.863s] [  2%] [34m[1mGenerating type hashes for ROS interfaces[0m
[6.872s] [  2%] Built target ament_cmake_python_copy_cmrosutils
[7.735s] [  2%] Built target cmrosutils__rosidl_generator_type_description
[7.735s] [  5%] [34m[1mGenerating C code for ROS interfaces[0m
[7.735s] running egg_info
[7.736s] creating cmrosutils.egg-info
[7.968s] [  8%] [34m[1mGenerating C++ code for ROS interfaces[0m
[8.153s] writing cmrosutils.egg-info/PKG-INFO
[8.153s] writing dependency_links to cmrosutils.egg-info/dependency_links.txt
[8.154s] writing top-level names to cmrosutils.egg-info/top_level.txt
[8.154s] writing manifest file 'cmrosutils.egg-info/SOURCES.txt'
[8.457s] reading manifest file 'cmrosutils.egg-info/SOURCES.txt'
[8.460s] writing manifest file 'cmrosutils.egg-info/SOURCES.txt'
[8.528s] [  8%] Built target ament_cmake_python_build_cmrosutils_egg
[8.682s] [ 13%] [32mBuilding C object CMakeFiles/cmrosutils__rosidl_generator_c.dir/rosidl_generator_c/cmrosutils/srv/detail/cm_remote_control__description.c.o[0m
[8.684s] [ 13%] [32mBuilding C object CMakeFiles/cmrosutils__rosidl_generator_c.dir/rosidl_generator_c/cmrosutils/srv/detail/cm_remote_control__functions.c.o[0m
[8.744s] [ 16%] [32mBuilding C object CMakeFiles/cmrosutils__rosidl_generator_c.dir/rosidl_generator_c/cmrosutils/srv/detail/cm_remote_control__type_support.c.o[0m
[8.876s] [ 16%] Built target cmrosutils__cpp
[8.887s] [ 19%] [32m[1mLinking C shared library libcmrosutils__rosidl_generator_c.so[0m
[8.995s] [ 19%] Built target cmrosutils__rosidl_generator_c
[9.010s] [ 22%] [34m[1mGenerating C++ type support for eProsima Fast-RTPS[0m
[9.011s] [ 25%] [34m[1mGenerating C++ type support dispatch for ROS interfaces[0m
[9.030s] [ 30%] [34m[1mGenerating C++ introspection for ROS interfaces[0m
[9.031s] [ 30%] [34m[1mGenerating C type support for eProsima Fast-RTPS[0m
[9.063s] [ 33%] [34m[1mGenerating C introspection for ROS interfaces[0m
[9.091s] [ 36%] [34m[1mGenerating C type support dispatch for ROS interfaces[0m
[9.638s] [ 38%] [32mBuilding CXX object CMakeFiles/cmrosutils__rosidl_typesupport_cpp.dir/rosidl_typesupport_cpp/cmrosutils/srv/cm_remote_control__type_support.cpp.o[0m
[9.873s] [ 41%] [32mBuilding C object CMakeFiles/cmrosutils__rosidl_typesupport_introspection_c.dir/rosidl_typesupport_introspection_c/cmrosutils/srv/detail/cm_remote_control__type_support.c.o[0m
[9.980s] [ 44%] [32mBuilding CXX object CMakeFiles/cmrosutils__rosidl_typesupport_fastrtps_cpp.dir/rosidl_typesupport_fastrtps_cpp/cmrosutils/srv/detail/dds_fastrtps/cm_remote_control__type_support.cpp.o[0m
[10.007s] [ 47%] [32mBuilding CXX object CMakeFiles/cmrosutils__rosidl_typesupport_introspection_cpp.dir/rosidl_typesupport_introspection_cpp/cmrosutils/srv/detail/cm_remote_control__type_support.cpp.o[0m
[10.039s] [ 50%] [32mBuilding CXX object CMakeFiles/cmrosutils__rosidl_typesupport_fastrtps_c.dir/rosidl_typesupport_fastrtps_c/cmrosutils/srv/detail/cm_remote_control__type_support_c.cpp.o[0m
[10.040s] [ 52%] [32mBuilding CXX object CMakeFiles/cmrosutils__rosidl_typesupport_c.dir/rosidl_typesupport_c/cmrosutils/srv/cm_remote_control__type_support.cpp.o[0m
[10.119s] [ 55%] [32m[1mLinking C shared library libcmrosutils__rosidl_typesupport_introspection_c.so[0m
[10.232s] [ 58%] [32m[1mLinking CXX shared library libcmrosutils__rosidl_typesupport_c.so[0m
[10.233s] [ 58%] Built target cmrosutils__rosidl_typesupport_introspection_c
[10.327s] [ 58%] Built target cmrosutils__rosidl_typesupport_c
[10.826s] [ 61%] [32m[1mLinking CXX shared library libcmrosutils__rosidl_typesupport_cpp.so[0m
[11.186s] [ 61%] Built target cmrosutils__rosidl_typesupport_cpp
[11.258s] [ 63%] [32mBuilding CXX object CMakeFiles/cmrosif.dir/src/cmrosif.cpp.o[0m
[11.430s] [ 66%] [32m[1mLinking CXX shared library libcmrosutils__rosidl_typesupport_introspection_cpp.so[0m
[11.659s] [ 66%] Built target cmrosutils__rosidl_typesupport_introspection_cpp
[12.232s] [ 69%] [32m[1mLinking CXX shared library libcmrosutils__rosidl_typesupport_fastrtps_cpp.so[0m
[12.420s] [ 69%] Built target cmrosutils__rosidl_typesupport_fastrtps_cpp
[12.434s] [ 72%] [32m[1mLinking CXX shared library libcmrosutils__rosidl_typesupport_fastrtps_c.so[0m
[12.548s] [ 72%] Built target cmrosutils__rosidl_typesupport_fastrtps_c
[12.572s] [ 72%] Built target cmrosutils
[12.598s] [ 75%] [34m[1mGenerating Python code for ROS interfaces[0m
[13.422s] [ 75%] Built target cmrosutils__py
[13.458s] [ 77%] [32mBuilding C object CMakeFiles/cmrosutils__rosidl_generator_py.dir/rosidl_generator_py/cmrosutils/srv/_cm_remote_control_s.c.o[0m
[13.942s] [ 80%] [32m[1mLinking C shared library libcmrosutils__rosidl_generator_py.so[0m
[14.127s] [ 80%] Built target cmrosutils__rosidl_generator_py
[14.216s] [ 83%] [32mBuilding C object CMakeFiles/cmrosutils_s__rosidl_typesupport_c.dir/rosidl_generator_py/cmrosutils/_cmrosutils_s.ep.rosidl_typesupport_c.c.o[0m
[14.483s] [ 86%] [32mBuilding C object CMakeFiles/cmrosutils_s__rosidl_typesupport_introspection_c.dir/rosidl_generator_py/cmrosutils/_cmrosutils_s.ep.rosidl_typesupport_introspection_c.c.o[0m
[14.565s] [ 88%] [32mBuilding C object CMakeFiles/cmrosutils_s__rosidl_typesupport_fastrtps_c.dir/rosidl_generator_py/cmrosutils/_cmrosutils_s.ep.rosidl_typesupport_fastrtps_c.c.o[0m
[14.864s] [ 91%] [32m[1mLinking C shared module rosidl_generator_py/cmrosutils/cmrosutils_s__rosidl_typesupport_introspection_c.so[0m
[14.932s] [ 91%] Built target cmrosutils_s__rosidl_typesupport_introspection_c
[14.974s] [ 94%] [32m[1mLinking C shared module rosidl_generator_py/cmrosutils/cmrosutils_s__rosidl_typesupport_fastrtps_c.so[0m
[15.098s] [ 97%] [32m[1mLinking C shared module rosidl_generator_py/cmrosutils/cmrosutils_s__rosidl_typesupport_c.so[0m
[15.201s] [ 97%] Built target cmrosutils_s__rosidl_typesupport_c
[15.234s] [ 97%] Built target cmrosutils_s__rosidl_typesupport_fastrtps_c
[21.627s] [100%] [32m[1mLinking CXX shared library libcmrosif.so[0m
[21.818s] [100%] Built target cmrosif
[21.834s] Invoked command in '/home/ebrahim/formula-carmaker-fs_2025/FCM_Projects/FS_autonomous/ros/ros2_ws/build/cmrosutils' returned '0': CMAKE_PREFIX_PATH=${CMAKE_PREFIX_PATH}:/opt/ros/jazzy DEBUGINFOD_URLS=https://debuginfod.ubuntu.com /usr/bin/cmake --build /home/ebrahim/formula-carmaker-fs_2025/FCM_Projects/FS_autonomous/ros/ros2_ws/build/cmrosutils -- -j12 -l12
[21.835s] Invoking command in '/home/ebrahim/formula-carmaker-fs_2025/FCM_Projects/FS_autonomous/ros/ros2_ws/build/cmrosutils': CMAKE_PREFIX_PATH=${CMAKE_PREFIX_PATH}:/opt/ros/jazzy DEBUGINFOD_URLS=https://debuginfod.ubuntu.com /usr/bin/cmake --install /home/ebrahim/formula-carmaker-fs_2025/FCM_Projects/FS_autonomous/ros/ros2_ws/build/cmrosutils
[21.843s] -- Install configuration: ""
[21.843s] -- Installing: /home/ebrahim/formula-carmaker-fs_2025/FCM_Projects/FS_autonomous/ros/ros2_ws/install/cmrosutils/share/ament_index/resource_index/rosidl_interfaces/cmrosutils
[21.844s] -- Installing: /home/ebrahim/formula-carmaker-fs_2025/FCM_Projects/FS_autonomous/ros/ros2_ws/install/cmrosutils/share/cmrosutils/srv/CMRemoteControl.json
[21.844s] -- Installing: /home/ebrahim/formula-carmaker-fs_2025/FCM_Projects/FS_autonomous/ros/ros2_ws/install/cmrosutils/include/cmrosutils/cmrosutils
[21.844s] -- Installing: /home/ebrahim/formula-carmaker-fs_2025/FCM_Projects/FS_autonomous/ros/ros2_ws/install/cmrosutils/include/cmrosutils/cmrosutils/srv
[21.844s] -- Installing: /home/ebrahim/formula-carmaker-fs_2025/FCM_Projects/FS_autonomous/ros/ros2_ws/install/cmrosutils/include/cmrosutils/cmrosutils/srv/detail
[21.844s] -- Installing: /home/ebrahim/formula-carmaker-fs_2025/FCM_Projects/FS_autonomous/ros/ros2_ws/install/cmrosutils/include/cmrosutils/cmrosutils/srv/detail/cm_remote_control__struct.h
[21.844s] -- Installing: /home/ebrahim/formula-carmaker-fs_2025/FCM_Projects/FS_autonomous/ros/ros2_ws/install/cmrosutils/include/cmrosutils/cmrosutils/srv/detail/cm_remote_control__type_support.h
[21.844s] -- Installing: /home/ebrahim/formula-carmaker-fs_2025/FCM_Projects/FS_autonomous/ros/ros2_ws/install/cmrosutils/include/cmrosutils/cmrosutils/srv/detail/cm_remote_control__type_support.c
[21.844s] -- Installing: /home/ebrahim/formula-carmaker-fs_2025/FCM_Projects/FS_autonomous/ros/ros2_ws/install/cmrosutils/include/cmrosutils/cmrosutils/srv/detail/cm_remote_control__functions.c
[21.844s] -- Installing: /home/ebrahim/formula-carmaker-fs_2025/FCM_Projects/FS_autonomous/ros/ros2_ws/install/cmrosutils/include/cmrosutils/cmrosutils/srv/detail/cm_remote_control__description.c
[21.845s] -- Installing: /home/ebrahim/formula-carmaker-fs_2025/FCM_Projects/FS_autonomous/ros/ros2_ws/install/cmrosutils/include/cmrosutils/cmrosutils/srv/detail/cm_remote_control__functions.h
[21.845s] -- Installing: /home/ebrahim/formula-carmaker-fs_2025/FCM_Projects/FS_autonomous/ros/ros2_ws/install/cmrosutils/include/cmrosutils/cmrosutils/srv/cm_remote_control.h
[21.845s] -- Installing: /home/ebrahim/formula-carmaker-fs_2025/FCM_Projects/FS_autonomous/ros/ros2_ws/install/cmrosutils/include/cmrosutils/cmrosutils/msg
[21.845s] -- Installing: /home/ebrahim/formula-carmaker-fs_2025/FCM_Projects/FS_autonomous/ros/ros2_ws/install/cmrosutils/include/cmrosutils/cmrosutils/msg/rosidl_generator_c__visibility_control.h
[21.845s] -- Installing: /home/ebrahim/formula-carmaker-fs_2025/FCM_Projects/FS_autonomous/ros/ros2_ws/install/cmrosutils/share/cmrosutils/environment/library_path.sh
[21.845s] -- Installing: /home/ebrahim/formula-carmaker-fs_2025/FCM_Projects/FS_autonomous/ros/ros2_ws/install/cmrosutils/share/cmrosutils/environment/library_path.dsv
[21.845s] -- Installing: /home/ebrahim/formula-carmaker-fs_2025/FCM_Projects/FS_autonomous/ros/ros2_ws/install/cmrosutils/lib/libcmrosutils__rosidl_generator_c.so
[21.845s] -- Set non-toolchain portion of runtime path of "/home/ebrahim/formula-carmaker-fs_2025/FCM_Projects/FS_autonomous/ros/ros2_ws/install/cmrosutils/lib/libcmrosutils__rosidl_generator_c.so" to ""
[21.845s] -- Up-to-date: /home/ebrahim/formula-carmaker-fs_2025/FCM_Projects/FS_autonomous/ros/ros2_ws/install/cmrosutils/include/cmrosutils/cmrosutils
[21.845s] -- Up-to-date: /home/ebrahim/formula-carmaker-fs_2025/FCM_Projects/FS_autonomous/ros/ros2_ws/install/cmrosutils/include/cmrosutils/cmrosutils/srv
[21.845s] -- Up-to-date: /home/ebrahim/formula-carmaker-fs_2025/FCM_Projects/FS_autonomous/ros/ros2_ws/install/cmrosutils/include/cmrosutils/cmrosutils/srv/detail
[21.846s] -- Installing: /home/ebrahim/formula-carmaker-fs_2025/FCM_Projects/FS_autonomous/ros/ros2_ws/install/cmrosutils/include/cmrosutils/cmrosutils/srv/detail/cm_remote_control__rosidl_typesupport_fastrtps_c.h
[21.846s] -- Up-to-date: /home/ebrahim/formula-carmaker-fs_2025/FCM_Projects/FS_autonomous/ros/ros2_ws/install/cmrosutils/include/cmrosutils/cmrosutils/msg
[21.846s] -- Installing: /home/ebrahim/formula-carmaker-fs_2025/FCM_Projects/FS_autonomous/ros/ros2_ws/install/cmrosutils/include/cmrosutils/cmrosutils/msg/rosidl_typesupport_fastrtps_c__visibility_control.h
[21.846s] -- Installing: /home/ebrahim/formula-carmaker-fs_2025/FCM_Projects/FS_autonomous/ros/ros2_ws/install/cmrosutils/lib/libcmrosutils__rosidl_typesupport_fastrtps_c.so
[21.846s] -- Set non-toolchain portion of runtime path of "/home/ebrahim/formula-carmaker-fs_2025/FCM_Projects/FS_autonomous/ros/ros2_ws/install/cmrosutils/lib/libcmrosutils__rosidl_typesupport_fastrtps_c.so" to ""
[21.846s] -- Up-to-date: /home/ebrahim/formula-carmaker-fs_2025/FCM_Projects/FS_autonomous/ros/ros2_ws/install/cmrosutils/include/cmrosutils/cmrosutils
[21.846s] -- Up-to-date: /home/ebrahim/formula-carmaker-fs_2025/FCM_Projects/FS_autonomous/ros/ros2_ws/install/cmrosutils/include/cmrosutils/cmrosutils/srv
[21.846s] -- Up-to-date: /home/ebrahim/formula-carmaker-fs_2025/FCM_Projects/FS_autonomous/ros/ros2_ws/install/cmrosutils/include/cmrosutils/cmrosutils/srv/detail
[21.847s] -- Installing: /home/ebrahim/formula-carmaker-fs_2025/FCM_Projects/FS_autonomous/ros/ros2_ws/install/cmrosutils/include/cmrosutils/cmrosutils/srv/detail/cm_remote_control__type_support.hpp
[21.847s] -- Installing: /home/ebrahim/formula-carmaker-fs_2025/FCM_Projects/FS_autonomous/ros/ros2_ws/install/cmrosutils/include/cmrosutils/cmrosutils/srv/detail/cm_remote_control__builder.hpp
[21.847s] -- Installing: /home/ebrahim/formula-carmaker-fs_2025/FCM_Projects/FS_autonomous/ros/ros2_ws/install/cmrosutils/include/cmrosutils/cmrosutils/srv/detail/cm_remote_control__traits.hpp
[21.847s] -- Installing: /home/ebrahim/formula-carmaker-fs_2025/FCM_Projects/FS_autonomous/ros/ros2_ws/install/cmrosutils/include/cmrosutils/cmrosutils/srv/detail/cm_remote_control__struct.hpp
[21.847s] -- Installing: /home/ebrahim/formula-carmaker-fs_2025/FCM_Projects/FS_autonomous/ros/ros2_ws/install/cmrosutils/include/cmrosutils/cmrosutils/srv/cm_remote_control.hpp
[21.847s] -- Up-to-date: /home/ebrahim/formula-carmaker-fs_2025/FCM_Projects/FS_autonomous/ros/ros2_ws/install/cmrosutils/include/cmrosutils/cmrosutils/msg
[21.847s] -- Installing: /home/ebrahim/formula-carmaker-fs_2025/FCM_Projects/FS_autonomous/ros/ros2_ws/install/cmrosutils/include/cmrosutils/cmrosutils/msg/rosidl_generator_cpp__visibility_control.hpp
[21.847s] -- Up-to-date: /home/ebrahim/formula-carmaker-fs_2025/FCM_Projects/FS_autonomous/ros/ros2_ws/install/cmrosutils/include/cmrosutils/cmrosutils
[21.847s] -- Up-to-date: /home/ebrahim/formula-carmaker-fs_2025/FCM_Projects/FS_autonomous/ros/ros2_ws/install/cmrosutils/include/cmrosutils/cmrosutils/srv
[21.847s] -- Up-to-date: /home/ebrahim/formula-carmaker-fs_2025/FCM_Projects/FS_autonomous/ros/ros2_ws/install/cmrosutils/include/cmrosutils/cmrosutils/srv/detail
[21.848s] -- Installing: /home/ebrahim/formula-carmaker-fs_2025/FCM_Projects/FS_autonomous/ros/ros2_ws/install/cmrosutils/include/cmrosutils/cmrosutils/srv/detail/cm_remote_control__rosidl_typesupport_fastrtps_cpp.hpp
[21.848s] -- Installing: /home/ebrahim/formula-carmaker-fs_2025/FCM_Projects/FS_autonomous/ros/ros2_ws/install/cmrosutils/include/cmrosutils/cmrosutils/srv/detail/dds_fastrtps
[21.848s] -- Up-to-date: /home/ebrahim/formula-carmaker-fs_2025/FCM_Projects/FS_autonomous/ros/ros2_ws/install/cmrosutils/include/cmrosutils/cmrosutils/msg
[21.848s] -- Installing: /home/ebrahim/formula-carmaker-fs_2025/FCM_Projects/FS_autonomous/ros/ros2_ws/install/cmrosutils/include/cmrosutils/cmrosutils/msg/rosidl_typesupport_fastrtps_cpp__visibility_control.h
[21.848s] -- Installing: /home/ebrahim/formula-carmaker-fs_2025/FCM_Projects/FS_autonomous/ros/ros2_ws/install/cmrosutils/lib/libcmrosutils__rosidl_typesupport_fastrtps_cpp.so
[21.848s] -- Set non-toolchain portion of runtime path of "/home/ebrahim/formula-carmaker-fs_2025/FCM_Projects/FS_autonomous/ros/ros2_ws/install/cmrosutils/lib/libcmrosutils__rosidl_typesupport_fastrtps_cpp.so" to ""
[21.848s] -- Up-to-date: /home/ebrahim/formula-carmaker-fs_2025/FCM_Projects/FS_autonomous/ros/ros2_ws/install/cmrosutils/include/cmrosutils/cmrosutils
[21.848s] -- Up-to-date: /home/ebrahim/formula-carmaker-fs_2025/FCM_Projects/FS_autonomous/ros/ros2_ws/install/cmrosutils/include/cmrosutils/cmrosutils/srv
[21.848s] -- Up-to-date: /home/ebrahim/formula-carmaker-fs_2025/FCM_Projects/FS_autonomous/ros/ros2_ws/install/cmrosutils/include/cmrosutils/cmrosutils/srv/detail
[21.848s] -- Installing: /home/ebrahim/formula-carmaker-fs_2025/FCM_Projects/FS_autonomous/ros/ros2_ws/install/cmrosutils/include/cmrosutils/cmrosutils/srv/detail/cm_remote_control__type_support.c
[21.849s] -- Installing: /home/ebrahim/formula-carmaker-fs_2025/FCM_Projects/FS_autonomous/ros/ros2_ws/install/cmrosutils/include/cmrosutils/cmrosutils/srv/detail/cm_remote_control__rosidl_typesupport_introspection_c.h
[21.849s] -- Up-to-date: /home/ebrahim/formula-carmaker-fs_2025/FCM_Projects/FS_autonomous/ros/ros2_ws/install/cmrosutils/include/cmrosutils/cmrosutils/msg
[21.849s] -- Installing: /home/ebrahim/formula-carmaker-fs_2025/FCM_Projects/FS_autonomous/ros/ros2_ws/install/cmrosutils/include/cmrosutils/cmrosutils/msg/rosidl_typesupport_introspection_c__visibility_control.h
[21.849s] -- Installing: /home/ebrahim/formula-carmaker-fs_2025/FCM_Projects/FS_autonomous/ros/ros2_ws/install/cmrosutils/lib/libcmrosutils__rosidl_typesupport_introspection_c.so
[21.849s] -- Set non-toolchain portion of runtime path of "/home/ebrahim/formula-carmaker-fs_2025/FCM_Projects/FS_autonomous/ros/ros2_ws/install/cmrosutils/lib/libcmrosutils__rosidl_typesupport_introspection_c.so" to ""
[21.850s] -- Installing: /home/ebrahim/formula-carmaker-fs_2025/FCM_Projects/FS_autonomous/ros/ros2_ws/install/cmrosutils/lib/libcmrosutils__rosidl_typesupport_c.so
[21.850s] -- Set non-toolchain portion of runtime path of "/home/ebrahim/formula-carmaker-fs_2025/FCM_Projects/FS_autonomous/ros/ros2_ws/install/cmrosutils/lib/libcmrosutils__rosidl_typesupport_c.so" to ""
[21.850s] -- Up-to-date: /home/ebrahim/formula-carmaker-fs_2025/FCM_Projects/FS_autonomous/ros/ros2_ws/install/cmrosutils/include/cmrosutils/cmrosutils
[21.850s] -- Up-to-date: /home/ebrahim/formula-carmaker-fs_2025/FCM_Projects/FS_autonomous/ros/ros2_ws/install/cmrosutils/include/cmrosutils/cmrosutils/srv
[21.850s] -- Up-to-date: /home/ebrahim/formula-carmaker-fs_2025/FCM_Projects/FS_autonomous/ros/ros2_ws/install/cmrosutils/include/cmrosutils/cmrosutils/srv/detail
[21.850s] -- Installing: /home/ebrahim/formula-carmaker-fs_2025/FCM_Projects/FS_autonomous/ros/ros2_ws/install/cmrosutils/include/cmrosutils/cmrosutils/srv/detail/cm_remote_control__rosidl_typesupport_introspection_cpp.hpp
[21.850s] -- Installing: /home/ebrahim/formula-carmaker-fs_2025/FCM_Projects/FS_autonomous/ros/ros2_ws/install/cmrosutils/include/cmrosutils/cmrosutils/srv/detail/cm_remote_control__type_support.cpp
[21.851s] -- Installing: /home/ebrahim/formula-carmaker-fs_2025/FCM_Projects/FS_autonomous/ros/ros2_ws/install/cmrosutils/lib/libcmrosutils__rosidl_typesupport_introspection_cpp.so
[21.851s] -- Set non-toolchain portion of runtime path of "/home/ebrahim/formula-carmaker-fs_2025/FCM_Projects/FS_autonomous/ros/ros2_ws/install/cmrosutils/lib/libcmrosutils__rosidl_typesupport_introspection_cpp.so" to ""
[21.851s] -- Installing: /home/ebrahim/formula-carmaker-fs_2025/FCM_Projects/FS_autonomous/ros/ros2_ws/install/cmrosutils/lib/libcmrosutils__rosidl_typesupport_cpp.so
[21.851s] -- Set non-toolchain portion of runtime path of "/home/ebrahim/formula-carmaker-fs_2025/FCM_Projects/FS_autonomous/ros/ros2_ws/install/cmrosutils/lib/libcmrosutils__rosidl_typesupport_cpp.so" to ""
[21.851s] -- Installing: /home/ebrahim/formula-carmaker-fs_2025/FCM_Projects/FS_autonomous/ros/ros2_ws/install/cmrosutils/share/cmrosutils/environment/pythonpath.sh
[21.851s] -- Installing: /home/ebrahim/formula-carmaker-fs_2025/FCM_Projects/FS_autonomous/ros/ros2_ws/install/cmrosutils/share/cmrosutils/environment/pythonpath.dsv
[21.851s] -- Installing: /home/ebrahim/formula-carmaker-fs_2025/FCM_Projects/FS_autonomous/ros/ros2_ws/install/cmrosutils/lib/python3.12/site-packages/cmrosutils-0.1.0-py3.12.egg-info
[21.851s] -- Installing: /home/ebrahim/formula-carmaker-fs_2025/FCM_Projects/FS_autonomous/ros/ros2_ws/install/cmrosutils/lib/python3.12/site-packages/cmrosutils-0.1.0-py3.12.egg-info/SOURCES.txt
[21.851s] -- Installing: /home/ebrahim/formula-carmaker-fs_2025/FCM_Projects/FS_autonomous/ros/ros2_ws/install/cmrosutils/lib/python3.12/site-packages/cmrosutils-0.1.0-py3.12.egg-info/PKG-INFO
[21.851s] -- Installing: /home/ebrahim/formula-carmaker-fs_2025/FCM_Projects/FS_autonomous/ros/ros2_ws/install/cmrosutils/lib/python3.12/site-packages/cmrosutils-0.1.0-py3.12.egg-info/top_level.txt
[21.852s] -- Installing: /home/ebrahim/formula-carmaker-fs_2025/FCM_Projects/FS_autonomous/ros/ros2_ws/install/cmrosutils/lib/python3.12/site-packages/cmrosutils-0.1.0-py3.12.egg-info/dependency_links.txt
[21.852s] -- Installing: /home/ebrahim/formula-carmaker-fs_2025/FCM_Projects/FS_autonomous/ros/ros2_ws/install/cmrosutils/lib/python3.12/site-packages/cmrosutils
[21.852s] -- Installing: /home/ebrahim/formula-carmaker-fs_2025/FCM_Projects/FS_autonomous/ros/ros2_ws/install/cmrosutils/lib/python3.12/site-packages/cmrosutils/_cmrosutils_s.ep.rosidl_typesupport_c.c
[21.852s] -- Installing: /home/ebrahim/formula-carmaker-fs_2025/FCM_Projects/FS_autonomous/ros/ros2_ws/install/cmrosutils/lib/python3.12/site-packages/cmrosutils/_cmrosutils_s.ep.rosidl_typesupport_introspection_c.c
[21.852s] -- Installing: /home/ebrahim/formula-carmaker-fs_2025/FCM_Projects/FS_autonomous/ros/ros2_ws/install/cmrosutils/lib/python3.12/site-packages/cmrosutils/cmrosutils_s__rosidl_typesupport_c.so
[21.852s] -- Installing: /home/ebrahim/formula-carmaker-fs_2025/FCM_Projects/FS_autonomous/ros/ros2_ws/install/cmrosutils/lib/python3.12/site-packages/cmrosutils/cmrosutils_s__rosidl_typesupport_introspection_c.so
[21.852s] -- Installing: /home/ebrahim/formula-carmaker-fs_2025/FCM_Projects/FS_autonomous/ros/ros2_ws/install/cmrosutils/lib/python3.12/site-packages/cmrosutils/cmrosutils_s__rosidl_typesupport_fastrtps_c.so
[21.852s] -- Installing: /home/ebrahim/formula-carmaker-fs_2025/FCM_Projects/FS_autonomous/ros/ros2_ws/install/cmrosutils/lib/python3.12/site-packages/cmrosutils/_cmrosutils_s.ep.rosidl_typesupport_fastrtps_c.c
[21.852s] -- Installing: /home/ebrahim/formula-carmaker-fs_2025/FCM_Projects/FS_autonomous/ros/ros2_ws/install/cmrosutils/lib/python3.12/site-packages/cmrosutils/srv
[21.852s] -- Installing: /home/ebrahim/formula-carmaker-fs_2025/FCM_Projects/FS_autonomous/ros/ros2_ws/install/cmrosutils/lib/python3.12/site-packages/cmrosutils/srv/_cm_remote_control.py
[21.852s] -- Installing: /home/ebrahim/formula-carmaker-fs_2025/FCM_Projects/FS_autonomous/ros/ros2_ws/install/cmrosutils/lib/python3.12/site-packages/cmrosutils/srv/_cm_remote_control_s.c
[21.852s] -- Installing: /home/ebrahim/formula-carmaker-fs_2025/FCM_Projects/FS_autonomous/ros/ros2_ws/install/cmrosutils/lib/python3.12/site-packages/cmrosutils/srv/__init__.py
[21.853s] -- Installing: /home/ebrahim/formula-carmaker-fs_2025/FCM_Projects/FS_autonomous/ros/ros2_ws/install/cmrosutils/lib/python3.12/site-packages/cmrosutils/__init__.py
[21.915s] Listing '/home/ebrahim/formula-carmaker-fs_2025/FCM_Projects/FS_autonomous/ros/ros2_ws/install/cmrosutils/lib/python3.12/site-packages/cmrosutils'...
[21.915s] Compiling '/home/ebrahim/formula-carmaker-fs_2025/FCM_Projects/FS_autonomous/ros/ros2_ws/install/cmrosutils/lib/python3.12/site-packages/cmrosutils/__init__.py'...
[21.915s] Listing '/home/ebrahim/formula-carmaker-fs_2025/FCM_Projects/FS_autonomous/ros/ros2_ws/install/cmrosutils/lib/python3.12/site-packages/cmrosutils/srv'...
[21.915s] Compiling '/home/ebrahim/formula-carmaker-fs_2025/FCM_Projects/FS_autonomous/ros/ros2_ws/install/cmrosutils/lib/python3.12/site-packages/cmrosutils/srv/__init__.py'...
[21.915s] Compiling '/home/ebrahim/formula-carmaker-fs_2025/FCM_Projects/FS_autonomous/ros/ros2_ws/install/cmrosutils/lib/python3.12/site-packages/cmrosutils/srv/_cm_remote_control.py'...
[21.924s] -- Installing: /home/ebrahim/formula-carmaker-fs_2025/FCM_Projects/FS_autonomous/ros/ros2_ws/install/cmrosutils/lib/python3.12/site-packages/cmrosutils/cmrosutils_s__rosidl_typesupport_fastrtps_c.so
[21.924s] -- Set non-toolchain portion of runtime path of "/home/ebrahim/formula-carmaker-fs_2025/FCM_Projects/FS_autonomous/ros/ros2_ws/install/cmrosutils/lib/python3.12/site-packages/cmrosutils/cmrosutils_s__rosidl_typesupport_fastrtps_c.so" to ""
[21.925s] -- Installing: /home/ebrahim/formula-carmaker-fs_2025/FCM_Projects/FS_autonomous/ros/ros2_ws/install/cmrosutils/lib/python3.12/site-packages/cmrosutils/cmrosutils_s__rosidl_typesupport_introspection_c.so
[21.925s] -- Set non-toolchain portion of runtime path of "/home/ebrahim/formula-carmaker-fs_2025/FCM_Projects/FS_autonomous/ros/ros2_ws/install/cmrosutils/lib/python3.12/site-packages/cmrosutils/cmrosutils_s__rosidl_typesupport_introspection_c.so" to ""
[21.926s] -- Installing: /home/ebrahim/formula-carmaker-fs_2025/FCM_Projects/FS_autonomous/ros/ros2_ws/install/cmrosutils/lib/python3.12/site-packages/cmrosutils/cmrosutils_s__rosidl_typesupport_c.so
[21.926s] -- Set non-toolchain portion of runtime path of "/home/ebrahim/formula-carmaker-fs_2025/FCM_Projects/FS_autonomous/ros/ros2_ws/install/cmrosutils/lib/python3.12/site-packages/cmrosutils/cmrosutils_s__rosidl_typesupport_c.so" to ""
[21.926s] -- Installing: /home/ebrahim/formula-carmaker-fs_2025/FCM_Projects/FS_autonomous/ros/ros2_ws/install/cmrosutils/lib/libcmrosutils__rosidl_generator_py.so
[21.926s] -- Set non-toolchain portion of runtime path of "/home/ebrahim/formula-carmaker-fs_2025/FCM_Projects/FS_autonomous/ros/ros2_ws/install/cmrosutils/lib/libcmrosutils__rosidl_generator_py.so" to ""
[21.926s] -- Installing: /home/ebrahim/formula-carmaker-fs_2025/FCM_Projects/FS_autonomous/ros/ros2_ws/install/cmrosutils/share/cmrosutils/srv/CMRemoteControl.idl
[21.926s] -- Installing: /home/ebrahim/formula-carmaker-fs_2025/FCM_Projects/FS_autonomous/ros/ros2_ws/install/cmrosutils/share/cmrosutils/srv/CMRemoteControl.srv
[21.927s] -- Up-to-date: /home/ebrahim/formula-carmaker-fs_2025/FCM_Projects/FS_autonomous/ros/ros2_ws/install/cmrosutils/include
[21.927s] -- Up-to-date: /home/ebrahim/formula-carmaker-fs_2025/FCM_Projects/FS_autonomous/ros/ros2_ws/install/cmrosutils/include/cmrosutils
[21.927s] -- Installing: /home/ebrahim/formula-carmaker-fs_2025/FCM_Projects/FS_autonomous/ros/ros2_ws/install/cmrosutils/include/cmrosutils/cmjob_publisher.hpp
[21.927s] -- Installing: /home/ebrahim/formula-carmaker-fs_2025/FCM_Projects/FS_autonomous/ros/ros2_ws/install/cmrosutils/include/cmrosutils/cmcppif.h
[21.927s] -- Installing: /home/ebrahim/formula-carmaker-fs_2025/FCM_Projects/FS_autonomous/ros/ros2_ws/install/cmrosutils/include/cmrosutils/cmjob_subscriber.hpp
[21.927s] -- Installing: /home/ebrahim/formula-carmaker-fs_2025/FCM_Projects/FS_autonomous/ros/ros2_ws/install/cmrosutils/include/cmrosutils/CMJob.h
[21.927s] -- Installing: /home/ebrahim/formula-carmaker-fs_2025/FCM_Projects/FS_autonomous/ros/ros2_ws/install/cmrosutils/include/cmrosutils/cmrosif.hpp
[21.928s] -- Installing: /home/ebrahim/formula-carmaker-fs_2025/FCM_Projects/FS_autonomous/ros/ros2_ws/install/cmrosutils/lib/libcmrosif.so
[21.931s] -- Set non-toolchain portion of runtime path of "/home/ebrahim/formula-carmaker-fs_2025/FCM_Projects/FS_autonomous/ros/ros2_ws/install/cmrosutils/lib/libcmrosif.so" to ""
[21.931s] -- Installing: /home/ebrahim/formula-carmaker-fs_2025/FCM_Projects/FS_autonomous/ros/ros2_ws/install/cmrosutils/share/ament_index/resource_index/package_run_dependencies/cmrosutils
[21.931s] -- Installing: /home/ebrahim/formula-carmaker-fs_2025/FCM_Projects/FS_autonomous/ros/ros2_ws/install/cmrosutils/share/ament_index/resource_index/parent_prefix_path/cmrosutils
[21.931s] -- Installing: /home/ebrahim/formula-carmaker-fs_2025/FCM_Projects/FS_autonomous/ros/ros2_ws/install/cmrosutils/share/cmrosutils/environment/ament_prefix_path.sh
[21.932s] -- Installing: /home/ebrahim/formula-carmaker-fs_2025/FCM_Projects/FS_autonomous/ros/ros2_ws/install/cmrosutils/share/cmrosutils/environment/ament_prefix_path.dsv
[21.932s] -- Installing: /home/ebrahim/formula-carmaker-fs_2025/FCM_Projects/FS_autonomous/ros/ros2_ws/install/cmrosutils/share/cmrosutils/environment/path.sh
[21.932s] -- Installing: /home/ebrahim/formula-carmaker-fs_2025/FCM_Projects/FS_autonomous/ros/ros2_ws/install/cmrosutils/share/cmrosutils/environment/path.dsv
[21.932s] -- Installing: /home/ebrahim/formula-carmaker-fs_2025/FCM_Projects/FS_autonomous/ros/ros2_ws/install/cmrosutils/share/cmrosutils/local_setup.bash
[21.932s] -- Installing: /home/ebrahim/formula-carmaker-fs_2025/FCM_Projects/FS_autonomous/ros/ros2_ws/install/cmrosutils/share/cmrosutils/local_setup.sh
[21.932s] -- Installing: /home/ebrahim/formula-carmaker-fs_2025/FCM_Projects/FS_autonomous/ros/ros2_ws/install/cmrosutils/share/cmrosutils/local_setup.zsh
[21.933s] -- Installing: /home/ebrahim/formula-carmaker-fs_2025/FCM_Projects/FS_autonomous/ros/ros2_ws/install/cmrosutils/share/cmrosutils/local_setup.dsv
[21.933s] -- Installing: /home/ebrahim/formula-carmaker-fs_2025/FCM_Projects/FS_autonomous/ros/ros2_ws/install/cmrosutils/share/cmrosutils/package.dsv
[21.933s] -- Installing: /home/ebrahim/formula-carmaker-fs_2025/FCM_Projects/FS_autonomous/ros/ros2_ws/install/cmrosutils/share/ament_index/resource_index/packages/cmrosutils
[21.933s] -- Installing: /home/ebrahim/formula-carmaker-fs_2025/FCM_Projects/FS_autonomous/ros/ros2_ws/install/cmrosutils/share/cmrosutils/cmake/export_cmrosutils__rosidl_generator_cExport.cmake
[21.934s] -- Installing: /home/ebrahim/formula-carmaker-fs_2025/FCM_Projects/FS_autonomous/ros/ros2_ws/install/cmrosutils/share/cmrosutils/cmake/export_cmrosutils__rosidl_generator_cExport-noconfig.cmake
[21.934s] -- Installing: /home/ebrahim/formula-carmaker-fs_2025/FCM_Projects/FS_autonomous/ros/ros2_ws/install/cmrosutils/share/cmrosutils/cmake/export_cmrosutils__rosidl_typesupport_fastrtps_cExport.cmake
[21.934s] -- Installing: /home/ebrahim/formula-carmaker-fs_2025/FCM_Projects/FS_autonomous/ros/ros2_ws/install/cmrosutils/share/cmrosutils/cmake/export_cmrosutils__rosidl_typesupport_fastrtps_cExport-noconfig.cmake
[21.935s] -- Installing: /home/ebrahim/formula-carmaker-fs_2025/FCM_Projects/FS_autonomous/ros/ros2_ws/install/cmrosutils/share/cmrosutils/cmake/export_cmrosutils__rosidl_generator_cppExport.cmake
[21.935s] -- Installing: /home/ebrahim/formula-carmaker-fs_2025/FCM_Projects/FS_autonomous/ros/ros2_ws/install/cmrosutils/share/cmrosutils/cmake/export_cmrosutils__rosidl_typesupport_fastrtps_cppExport.cmake
[21.935s] -- Installing: /home/ebrahim/formula-carmaker-fs_2025/FCM_Projects/FS_autonomous/ros/ros2_ws/install/cmrosutils/share/cmrosutils/cmake/export_cmrosutils__rosidl_typesupport_fastrtps_cppExport-noconfig.cmake
[21.935s] -- Installing: /home/ebrahim/formula-carmaker-fs_2025/FCM_Projects/FS_autonomous/ros/ros2_ws/install/cmrosutils/share/cmrosutils/cmake/cmrosutils__rosidl_typesupport_introspection_cExport.cmake
[21.935s] -- Installing: /home/ebrahim/formula-carmaker-fs_2025/FCM_Projects/FS_autonomous/ros/ros2_ws/install/cmrosutils/share/cmrosutils/cmake/cmrosutils__rosidl_typesupport_introspection_cExport-noconfig.cmake
[21.935s] -- Installing: /home/ebrahim/formula-carmaker-fs_2025/FCM_Projects/FS_autonomous/ros/ros2_ws/install/cmrosutils/share/cmrosutils/cmake/cmrosutils__rosidl_typesupport_cExport.cmake
[21.936s] -- Installing: /home/ebrahim/formula-carmaker-fs_2025/FCM_Projects/FS_autonomous/ros/ros2_ws/install/cmrosutils/share/cmrosutils/cmake/cmrosutils__rosidl_typesupport_cExport-noconfig.cmake
[21.936s] -- Installing: /home/ebrahim/formula-carmaker-fs_2025/FCM_Projects/FS_autonomous/ros/ros2_ws/install/cmrosutils/share/cmrosutils/cmake/cmrosutils__rosidl_typesupport_introspection_cppExport.cmake
[21.936s] -- Installing: /home/ebrahim/formula-carmaker-fs_2025/FCM_Projects/FS_autonomous/ros/ros2_ws/install/cmrosutils/share/cmrosutils/cmake/cmrosutils__rosidl_typesupport_introspection_cppExport-noconfig.cmake
[21.936s] -- Installing: /home/ebrahim/formula-carmaker-fs_2025/FCM_Projects/FS_autonomous/ros/ros2_ws/install/cmrosutils/share/cmrosutils/cmake/cmrosutils__rosidl_typesupport_cppExport.cmake
[21.937s] -- Installing: /home/ebrahim/formula-carmaker-fs_2025/FCM_Projects/FS_autonomous/ros/ros2_ws/install/cmrosutils/share/cmrosutils/cmake/cmrosutils__rosidl_typesupport_cppExport-noconfig.cmake
[21.937s] -- Installing: /home/ebrahim/formula-carmaker-fs_2025/FCM_Projects/FS_autonomous/ros/ros2_ws/install/cmrosutils/share/cmrosutils/cmake/export_cmrosutils__rosidl_generator_pyExport.cmake
[21.937s] -- Installing: /home/ebrahim/formula-carmaker-fs_2025/FCM_Projects/FS_autonomous/ros/ros2_ws/install/cmrosutils/share/cmrosutils/cmake/export_cmrosutils__rosidl_generator_pyExport-noconfig.cmake
[21.937s] -- Installing: /home/ebrahim/formula-carmaker-fs_2025/FCM_Projects/FS_autonomous/ros/ros2_ws/install/cmrosutils/share/cmrosutils/cmake/cmrosifTargetsExport.cmake
[21.937s] -- Installing: /home/ebrahim/formula-carmaker-fs_2025/FCM_Projects/FS_autonomous/ros/ros2_ws/install/cmrosutils/share/cmrosutils/cmake/cmrosifTargetsExport-noconfig.cmake
[21.938s] -- Installing: /home/ebrahim/formula-carmaker-fs_2025/FCM_Projects/FS_autonomous/ros/ros2_ws/install/cmrosutils/share/cmrosutils/cmake/rosidl_cmake-extras.cmake
[21.938s] -- Installing: /home/ebrahim/formula-carmaker-fs_2025/FCM_Projects/FS_autonomous/ros/ros2_ws/install/cmrosutils/share/cmrosutils/cmake/ament_cmake_export_dependencies-extras.cmake
[21.938s] -- Installing: /home/ebrahim/formula-carmaker-fs_2025/FCM_Projects/FS_autonomous/ros/ros2_ws/install/cmrosutils/share/cmrosutils/cmake/ament_cmake_export_include_directories-extras.cmake
[21.938s] -- Installing: /home/ebrahim/formula-carmaker-fs_2025/FCM_Projects/FS_autonomous/ros/ros2_ws/install/cmrosutils/share/cmrosutils/cmake/ament_cmake_export_libraries-extras.cmake
[21.938s] -- Installing: /home/ebrahim/formula-carmaker-fs_2025/FCM_Projects/FS_autonomous/ros/ros2_ws/install/cmrosutils/share/cmrosutils/cmake/ament_cmake_export_targets-extras.cmake
[21.939s] -- Installing: /home/ebrahim/formula-carmaker-fs_2025/FCM_Projects/FS_autonomous/ros/ros2_ws/install/cmrosutils/share/cmrosutils/cmake/rosidl_cmake_export_typesupport_targets-extras.cmake
[21.939s] -- Installing: /home/ebrahim/formula-carmaker-fs_2025/FCM_Projects/FS_autonomous/ros/ros2_ws/install/cmrosutils/share/cmrosutils/cmake/rosidl_cmake_export_typesupport_libraries-extras.cmake
[21.939s] -- Installing: /home/ebrahim/formula-carmaker-fs_2025/FCM_Projects/FS_autonomous/ros/ros2_ws/install/cmrosutils/share/cmrosutils/cmake/cmrosutilsConfig.cmake
[21.939s] -- Installing: /home/ebrahim/formula-carmaker-fs_2025/FCM_Projects/FS_autonomous/ros/ros2_ws/install/cmrosutils/share/cmrosutils/cmake/cmrosutilsConfig-version.cmake
[21.940s] -- Installing: /home/ebrahim/formula-carmaker-fs_2025/FCM_Projects/FS_autonomous/ros/ros2_ws/install/cmrosutils/share/cmrosutils/package.xml
[21.943s] Invoked command in '/home/ebrahim/formula-carmaker-fs_2025/FCM_Projects/FS_autonomous/ros/ros2_ws/build/cmrosutils' returned '0': CMAKE_PREFIX_PATH=${CMAKE_PREFIX_PATH}:/opt/ros/jazzy DEBUGINFOD_URLS=https://debuginfod.ubuntu.com /usr/bin/cmake --install /home/ebrahim/formula-carmaker-fs_2025/FCM_Projects/FS_autonomous/ros/ros2_ws/build/cmrosutils
