[0.020s] Invoking command in '/home/ebrahim/formula-carmaker-fs_2025/FCM_Projects/FS_autonomous/ros/ros2_ws/build/camera_msgs': CMAKE_PREFIX_PATH=${CMAKE_PREFIX_PATH}:/opt/ros/jazzy DEBUGINFOD_URLS=https://debuginfod.ubuntu.com /usr/bin/cmake /home/ebrahim/formula-carmaker-fs_2025/FCM_Projects/FS_autonomous/ros/ros2_ws/src/camera_msgs -DCARMAKER_VER:STRING=14.1.1 -DCARMAKER_DIR:PATH=/opt/ipg/carmaker/linux64-14.1.1 --no-warn-unused-cli -DCMAKE_INSTALL_PREFIX=/home/ebrahim/formula-carmaker-fs_2025/FCM_Projects/FS_autonomous/ros/ros2_ws/install/camera_msgs
[0.043s] Not searching for unused variables given on the command line.
[0.082s] -- The C compiler identification is GNU 12.4.0
[0.136s] -- The CXX compiler identification is GNU 12.4.0
[0.152s] -- Detecting C compiler ABI info
[0.231s] -- Detecting C compiler ABI info - done
[0.240s] -- Check for working C compiler: /usr/bin/cc - skipped
[0.240s] -- Detecting C compile features
[0.240s] -- Detecting C compile features - done
[0.247s] -- Detecting CXX compiler ABI info
[0.335s] -- Detecting CXX compiler ABI info - done
[0.345s] -- Check for working CXX compiler: /usr/bin/c++ - skipped
[0.346s] -- Detecting CXX compile features
[0.346s] -- Detecting CXX compile features - done
[0.350s] -- Found ament_cmake: 2.5.4 (/opt/ros/jazzy/share/ament_cmake/cmake)
[0.675s] -- Found Python3: /usr/bin/python3 (found version "3.12.3") found components: Interpreter 
[0.820s] -- Found rosidl_default_generators: 1.6.0 (/opt/ros/jazzy/share/rosidl_default_generators/cmake)
[0.830s] -- Using all available rosidl_typesupport_c: rosidl_typesupport_fastrtps_c;rosidl_typesupport_introspection_c
[0.900s] -- Using all available rosidl_typesupport_cpp: rosidl_typesupport_fastrtps_cpp;rosidl_typesupport_introspection_cpp
[0.955s] -- Found rosidl_adapter: 4.6.6 (/opt/ros/jazzy/share/rosidl_adapter/cmake)
[0.960s] -- Found rclcpp: 28.1.13 (/opt/ros/jazzy/share/rclcpp/cmake)
[1.057s] -- Found rmw_implementation_cmake: 7.3.2 (/opt/ros/jazzy/share/rmw_implementation_cmake/cmake)
[1.061s] -- Found rmw_zenoh_cpp: 0.2.9 (/opt/ros/jazzy/share/rmw_zenoh_cpp/cmake)
[1.062s] -- Using RMW implementation 'rmw_zenoh_cpp' as default
[1.154s] -- Found std_msgs: 5.3.6 (/opt/ros/jazzy/share/std_msgs/cmake)
[2.307s] -- Found ament_cmake_ros: 0.12.0 (/opt/ros/jazzy/share/ament_cmake_ros/cmake)
[3.302s] -- Using all available rosidl_typesupport_c: rosidl_typesupport_fastrtps_c;rosidl_typesupport_introspection_c
[4.623s] -- Using all available rosidl_typesupport_cpp: rosidl_typesupport_fastrtps_cpp;rosidl_typesupport_introspection_cpp
[4.630s] -- Found python_cmake_module: 0.11.1 (/opt/ros/jazzy/share/python_cmake_module/cmake)
[4.949s] -- Found PythonExtra: /usr/bin/python3  
[6.050s] -- Found Python3: /usr/bin/python3 (found version "3.12.3") found components: Interpreter Development NumPy Development.Module Development.Embed 
[6.141s] -- Found ament_lint_auto: 0.17.3 (/opt/ros/jazzy/share/ament_lint_auto/cmake)
[6.153s] -- Configuring done (6.1s)
[6.207s] -- Generating done (0.0s)
[6.221s] -- Build files have been written to: /home/ebrahim/formula-carmaker-fs_2025/FCM_Projects/FS_autonomous/ros/ros2_ws/build/camera_msgs
[6.235s] Invoked command in '/home/ebrahim/formula-carmaker-fs_2025/FCM_Projects/FS_autonomous/ros/ros2_ws/build/camera_msgs' returned '0': CMAKE_PREFIX_PATH=${CMAKE_PREFIX_PATH}:/opt/ros/jazzy DEBUGINFOD_URLS=https://debuginfod.ubuntu.com /usr/bin/cmake /home/ebrahim/formula-carmaker-fs_2025/FCM_Projects/FS_autonomous/ros/ros2_ws/src/camera_msgs -DCARMAKER_VER:STRING=14.1.1 -DCARMAKER_DIR:PATH=/opt/ipg/carmaker/linux64-14.1.1 --no-warn-unused-cli -DCMAKE_INSTALL_PREFIX=/home/ebrahim/formula-carmaker-fs_2025/FCM_Projects/FS_autonomous/ros/ros2_ws/install/camera_msgs
[6.237s] Invoking command in '/home/ebrahim/formula-carmaker-fs_2025/FCM_Projects/FS_autonomous/ros/ros2_ws/build/camera_msgs': CMAKE_PREFIX_PATH=${CMAKE_PREFIX_PATH}:/opt/ros/jazzy DEBUGINFOD_URLS=https://debuginfod.ubuntu.com /usr/bin/cmake --build /home/ebrahim/formula-carmaker-fs_2025/FCM_Projects/FS_autonomous/ros/ros2_ws/build/camera_msgs -- -j12 -l12
[6.295s] [  2%] [34m[1mGenerating type hashes for ROS interfaces[0m
[6.317s] [  2%] Built target ament_cmake_python_copy_camera_msgs
[6.724s] [  2%] Built target camera_msgs__rosidl_generator_type_description
[6.763s] [  4%] [34m[1mGenerating C code for ROS interfaces[0m
[6.764s] [  6%] [34m[1mGenerating C++ code for ROS interfaces[0m
[6.874s] running egg_info
[6.879s] creating camera_msgs.egg-info
[7.139s] writing camera_msgs.egg-info/PKG-INFO
[7.139s] writing dependency_links to camera_msgs.egg-info/dependency_links.txt
[7.139s] writing top-level names to camera_msgs.egg-info/top_level.txt
[7.139s] writing manifest file 'camera_msgs.egg-info/SOURCES.txt'
[7.305s] reading manifest file 'camera_msgs.egg-info/SOURCES.txt'
[7.306s] writing manifest file 'camera_msgs.egg-info/SOURCES.txt'
[7.356s] [  6%] Built target ament_cmake_python_build_camera_msgs_egg
[7.398s] [  6%] Built target camera_msgs__cpp
[7.604s] [ 11%] [32mBuilding C object CMakeFiles/camera_msgs__rosidl_generator_c.dir/rosidl_generator_c/camera_msgs/msg/detail/camera_detection__type_support.c.o[0m
[7.605s] [ 11%] [32mBuilding C object CMakeFiles/camera_msgs__rosidl_generator_c.dir/rosidl_generator_c/camera_msgs/msg/detail/camera_detection_array__description.c.o[0m
[7.605s] [ 13%] [32mBuilding C object CMakeFiles/camera_msgs__rosidl_generator_c.dir/rosidl_generator_c/camera_msgs/msg/detail/camera_detection__functions.c.o[0m
[7.608s] [ 15%] [32mBuilding C object CMakeFiles/camera_msgs__rosidl_generator_c.dir/rosidl_generator_c/camera_msgs/msg/detail/camera_detection_array__type_support.c.o[0m
[7.612s] [ 18%] [32mBuilding C object CMakeFiles/camera_msgs__rosidl_generator_c.dir/rosidl_generator_c/camera_msgs/msg/detail/camera_detection__description.c.o[0m
[7.620s] [ 20%] [32mBuilding C object CMakeFiles/camera_msgs__rosidl_generator_c.dir/rosidl_generator_c/camera_msgs/msg/detail/camera_detection_array__functions.c.o[0m
[7.725s] [ 22%] [32m[1mLinking C shared library libcamera_msgs__rosidl_generator_c.so[0m
[7.837s] [ 22%] Built target camera_msgs__rosidl_generator_c
[7.881s] [ 25%] [34m[1mGenerating C++ type support for eProsima Fast-RTPS[0m
[7.881s] [ 27%] [34m[1mGenerating C introspection for ROS interfaces[0m
[7.887s] [ 29%] [34m[1mGenerating C type support for eProsima Fast-RTPS[0m
[7.890s] [ 31%] [34m[1mGenerating C++ type support dispatch for ROS interfaces[0m
[7.892s] [ 34%] [34m[1mGenerating C++ introspection for ROS interfaces[0m
[7.948s] [ 36%] [34m[1mGenerating C type support dispatch for ROS interfaces[0m
[9.118s] [ 38%] [32mBuilding CXX object CMakeFiles/camera_msgs__rosidl_typesupport_c.dir/rosidl_typesupport_c/camera_msgs/msg/camera_detection__type_support.cpp.o[0m
[9.126s] [ 40%] [32mBuilding CXX object CMakeFiles/camera_msgs__rosidl_typesupport_c.dir/rosidl_typesupport_c/camera_msgs/msg/camera_detection_array__type_support.cpp.o[0m
[9.134s] [ 43%] [32mBuilding CXX object CMakeFiles/camera_msgs__rosidl_typesupport_fastrtps_c.dir/rosidl_typesupport_fastrtps_c/camera_msgs/msg/detail/camera_detection__type_support_c.cpp.o[0m
[9.144s] [ 45%] [32mBuilding CXX object CMakeFiles/camera_msgs__rosidl_typesupport_fastrtps_c.dir/rosidl_typesupport_fastrtps_c/camera_msgs/msg/detail/camera_detection_array__type_support_c.cpp.o[0m
[9.199s] [ 47%] [32mBuilding CXX object CMakeFiles/camera_msgs__rosidl_typesupport_introspection_cpp.dir/rosidl_typesupport_introspection_cpp/camera_msgs/msg/detail/camera_detection_array__type_support.cpp.o[0m
[9.201s] [ 50%] [32mBuilding CXX object CMakeFiles/camera_msgs__rosidl_typesupport_introspection_cpp.dir/rosidl_typesupport_introspection_cpp/camera_msgs/msg/detail/camera_detection__type_support.cpp.o[0m
[9.285s] [ 52%] [32m[1mLinking CXX shared library libcamera_msgs__rosidl_typesupport_c.so[0m
[9.431s] [ 52%] Built target camera_msgs__rosidl_typesupport_c
[10.000s] [ 54%] [32mBuilding CXX object CMakeFiles/camera_msgs__rosidl_typesupport_fastrtps_cpp.dir/rosidl_typesupport_fastrtps_cpp/camera_msgs/msg/detail/dds_fastrtps/camera_detection_array__type_support.cpp.o[0m
[10.001s] [ 56%] [32mBuilding CXX object CMakeFiles/camera_msgs__rosidl_typesupport_fastrtps_cpp.dir/rosidl_typesupport_fastrtps_cpp/camera_msgs/msg/detail/dds_fastrtps/camera_detection__type_support.cpp.o[0m
[10.062s] [ 59%] [32mBuilding CXX object CMakeFiles/camera_msgs__rosidl_typesupport_cpp.dir/rosidl_typesupport_cpp/camera_msgs/msg/camera_detection_array__type_support.cpp.o[0m
[10.063s] [ 61%] [32mBuilding CXX object CMakeFiles/camera_msgs__rosidl_typesupport_cpp.dir/rosidl_typesupport_cpp/camera_msgs/msg/camera_detection__type_support.cpp.o[0m
[10.108s] [ 63%] [32mBuilding C object CMakeFiles/camera_msgs__rosidl_typesupport_introspection_c.dir/rosidl_typesupport_introspection_c/camera_msgs/msg/detail/camera_detection__type_support.c.o[0m
[10.133s] [ 65%] [32mBuilding C object CMakeFiles/camera_msgs__rosidl_typesupport_introspection_c.dir/rosidl_typesupport_introspection_c/camera_msgs/msg/detail/camera_detection_array__type_support.c.o[0m
[10.356s] [ 68%] [32m[1mLinking C shared library libcamera_msgs__rosidl_typesupport_introspection_c.so[0m
[10.459s] [ 68%] Built target camera_msgs__rosidl_typesupport_introspection_c
[10.574s] [ 70%] [32m[1mLinking CXX shared library libcamera_msgs__rosidl_typesupport_introspection_cpp.so[0m
[10.962s] [ 70%] Built target camera_msgs__rosidl_typesupport_introspection_cpp
[11.282s] [ 72%] [32m[1mLinking CXX shared library libcamera_msgs__rosidl_typesupport_fastrtps_c.so[0m
[11.389s] [ 72%] Built target camera_msgs__rosidl_typesupport_fastrtps_c
[11.821s] [ 75%] [32m[1mLinking CXX shared library libcamera_msgs__rosidl_typesupport_cpp.so[0m
[11.933s] [ 75%] Built target camera_msgs__rosidl_typesupport_cpp
[12.151s] [ 77%] [32m[1mLinking CXX shared library libcamera_msgs__rosidl_typesupport_fastrtps_cpp.so[0m
[12.243s] [ 77%] Built target camera_msgs__rosidl_typesupport_fastrtps_cpp
[12.263s] [ 77%] Built target camera_msgs
[12.286s] [ 79%] [34m[1mGenerating Python code for ROS interfaces[0m
[12.983s] [ 79%] Built target camera_msgs__py
[13.013s] [ 84%] [32mBuilding C object CMakeFiles/camera_msgs__rosidl_generator_py.dir/rosidl_generator_py/camera_msgs/msg/_camera_detection_array_s.c.o[0m
[13.013s] [ 84%] [32mBuilding C object CMakeFiles/camera_msgs__rosidl_generator_py.dir/rosidl_generator_py/camera_msgs/msg/_camera_detection_s.c.o[0m
[13.268s] [ 86%] [32m[1mLinking C shared library libcamera_msgs__rosidl_generator_py.so[0m
[13.316s] [ 86%] Built target camera_msgs__rosidl_generator_py
[13.336s] [ 93%] [32mBuilding C object CMakeFiles/camera_msgs_s__rosidl_typesupport_fastrtps_c.dir/rosidl_generator_py/camera_msgs/_camera_msgs_s.ep.rosidl_typesupport_fastrtps_c.c.o[0m
[13.337s] [ 93%] [32mBuilding C object CMakeFiles/camera_msgs_s__rosidl_typesupport_c.dir/rosidl_generator_py/camera_msgs/_camera_msgs_s.ep.rosidl_typesupport_c.c.o[0m
[13.337s] [ 93%] [32mBuilding C object CMakeFiles/camera_msgs_s__rosidl_typesupport_introspection_c.dir/rosidl_generator_py/camera_msgs/_camera_msgs_s.ep.rosidl_typesupport_introspection_c.c.o[0m
[13.462s] [ 95%] [32m[1mLinking C shared module rosidl_generator_py/camera_msgs/camera_msgs_s__rosidl_typesupport_c.so[0m
[13.462s] [ 97%] [32m[1mLinking C shared module rosidl_generator_py/camera_msgs/camera_msgs_s__rosidl_typesupport_introspection_c.so[0m
[13.498s] [ 97%] Built target camera_msgs_s__rosidl_typesupport_c
[13.501s] [ 97%] Built target camera_msgs_s__rosidl_typesupport_introspection_c
[13.533s] [100%] [32m[1mLinking C shared module rosidl_generator_py/camera_msgs/camera_msgs_s__rosidl_typesupport_fastrtps_c.so[0m
[13.563s] [100%] Built target camera_msgs_s__rosidl_typesupport_fastrtps_c
[13.574s] Invoked command in '/home/ebrahim/formula-carmaker-fs_2025/FCM_Projects/FS_autonomous/ros/ros2_ws/build/camera_msgs' returned '0': CMAKE_PREFIX_PATH=${CMAKE_PREFIX_PATH}:/opt/ros/jazzy DEBUGINFOD_URLS=https://debuginfod.ubuntu.com /usr/bin/cmake --build /home/ebrahim/formula-carmaker-fs_2025/FCM_Projects/FS_autonomous/ros/ros2_ws/build/camera_msgs -- -j12 -l12
[13.575s] Invoking command in '/home/ebrahim/formula-carmaker-fs_2025/FCM_Projects/FS_autonomous/ros/ros2_ws/build/camera_msgs': CMAKE_PREFIX_PATH=${CMAKE_PREFIX_PATH}:/opt/ros/jazzy DEBUGINFOD_URLS=https://debuginfod.ubuntu.com /usr/bin/cmake --install /home/ebrahim/formula-carmaker-fs_2025/FCM_Projects/FS_autonomous/ros/ros2_ws/build/camera_msgs
[13.583s] -- Install configuration: ""
[13.583s] -- Installing: /home/ebrahim/formula-carmaker-fs_2025/FCM_Projects/FS_autonomous/ros/ros2_ws/install/camera_msgs/share/ament_index/resource_index/rosidl_interfaces/camera_msgs
[13.583s] -- Installing: /home/ebrahim/formula-carmaker-fs_2025/FCM_Projects/FS_autonomous/ros/ros2_ws/install/camera_msgs/share/camera_msgs/msg/CameraDetection.json
[13.583s] -- Installing: /home/ebrahim/formula-carmaker-fs_2025/FCM_Projects/FS_autonomous/ros/ros2_ws/install/camera_msgs/share/camera_msgs/msg/CameraDetectionArray.json
[13.583s] -- Installing: /home/ebrahim/formula-carmaker-fs_2025/FCM_Projects/FS_autonomous/ros/ros2_ws/install/camera_msgs/include/camera_msgs/camera_msgs
[13.583s] -- Installing: /home/ebrahim/formula-carmaker-fs_2025/FCM_Projects/FS_autonomous/ros/ros2_ws/install/camera_msgs/include/camera_msgs/camera_msgs/msg
[13.584s] -- Installing: /home/ebrahim/formula-carmaker-fs_2025/FCM_Projects/FS_autonomous/ros/ros2_ws/install/camera_msgs/include/camera_msgs/camera_msgs/msg/detail
[13.584s] -- Installing: /home/ebrahim/formula-carmaker-fs_2025/FCM_Projects/FS_autonomous/ros/ros2_ws/install/camera_msgs/include/camera_msgs/camera_msgs/msg/detail/camera_detection_array__functions.c
[13.584s] -- Installing: /home/ebrahim/formula-carmaker-fs_2025/FCM_Projects/FS_autonomous/ros/ros2_ws/install/camera_msgs/include/camera_msgs/camera_msgs/msg/detail/camera_detection__struct.h
[13.584s] -- Installing: /home/ebrahim/formula-carmaker-fs_2025/FCM_Projects/FS_autonomous/ros/ros2_ws/install/camera_msgs/include/camera_msgs/camera_msgs/msg/detail/camera_detection__functions.c
[13.584s] -- Installing: /home/ebrahim/formula-carmaker-fs_2025/FCM_Projects/FS_autonomous/ros/ros2_ws/install/camera_msgs/include/camera_msgs/camera_msgs/msg/detail/camera_detection__functions.h
[13.584s] -- Installing: /home/ebrahim/formula-carmaker-fs_2025/FCM_Projects/FS_autonomous/ros/ros2_ws/install/camera_msgs/include/camera_msgs/camera_msgs/msg/detail/camera_detection_array__functions.h
[13.584s] -- Installing: /home/ebrahim/formula-carmaker-fs_2025/FCM_Projects/FS_autonomous/ros/ros2_ws/install/camera_msgs/include/camera_msgs/camera_msgs/msg/detail/camera_detection__description.c
[13.584s] -- Installing: /home/ebrahim/formula-carmaker-fs_2025/FCM_Projects/FS_autonomous/ros/ros2_ws/install/camera_msgs/include/camera_msgs/camera_msgs/msg/detail/camera_detection_array__description.c
[13.584s] -- Installing: /home/ebrahim/formula-carmaker-fs_2025/FCM_Projects/FS_autonomous/ros/ros2_ws/install/camera_msgs/include/camera_msgs/camera_msgs/msg/detail/camera_detection__type_support.h
[13.585s] -- Installing: /home/ebrahim/formula-carmaker-fs_2025/FCM_Projects/FS_autonomous/ros/ros2_ws/install/camera_msgs/include/camera_msgs/camera_msgs/msg/detail/camera_detection_array__type_support.h
[13.585s] -- Installing: /home/ebrahim/formula-carmaker-fs_2025/FCM_Projects/FS_autonomous/ros/ros2_ws/install/camera_msgs/include/camera_msgs/camera_msgs/msg/detail/camera_detection__type_support.c
[13.585s] -- Installing: /home/ebrahim/formula-carmaker-fs_2025/FCM_Projects/FS_autonomous/ros/ros2_ws/install/camera_msgs/include/camera_msgs/camera_msgs/msg/detail/camera_detection_array__type_support.c
[13.585s] -- Installing: /home/ebrahim/formula-carmaker-fs_2025/FCM_Projects/FS_autonomous/ros/ros2_ws/install/camera_msgs/include/camera_msgs/camera_msgs/msg/detail/camera_detection_array__struct.h
[13.585s] -- Installing: /home/ebrahim/formula-carmaker-fs_2025/FCM_Projects/FS_autonomous/ros/ros2_ws/install/camera_msgs/include/camera_msgs/camera_msgs/msg/camera_detection.h
[13.585s] -- Installing: /home/ebrahim/formula-carmaker-fs_2025/FCM_Projects/FS_autonomous/ros/ros2_ws/install/camera_msgs/include/camera_msgs/camera_msgs/msg/rosidl_generator_c__visibility_control.h
[13.585s] -- Installing: /home/ebrahim/formula-carmaker-fs_2025/FCM_Projects/FS_autonomous/ros/ros2_ws/install/camera_msgs/include/camera_msgs/camera_msgs/msg/camera_detection_array.h
[13.585s] -- Installing: /home/ebrahim/formula-carmaker-fs_2025/FCM_Projects/FS_autonomous/ros/ros2_ws/install/camera_msgs/share/camera_msgs/environment/library_path.sh
[13.585s] -- Installing: /home/ebrahim/formula-carmaker-fs_2025/FCM_Projects/FS_autonomous/ros/ros2_ws/install/camera_msgs/share/camera_msgs/environment/library_path.dsv
[13.585s] -- Installing: /home/ebrahim/formula-carmaker-fs_2025/FCM_Projects/FS_autonomous/ros/ros2_ws/install/camera_msgs/lib/libcamera_msgs__rosidl_generator_c.so
[13.586s] -- Set non-toolchain portion of runtime path of "/home/ebrahim/formula-carmaker-fs_2025/FCM_Projects/FS_autonomous/ros/ros2_ws/install/camera_msgs/lib/libcamera_msgs__rosidl_generator_c.so" to ""
[13.586s] -- Up-to-date: /home/ebrahim/formula-carmaker-fs_2025/FCM_Projects/FS_autonomous/ros/ros2_ws/install/camera_msgs/include/camera_msgs/camera_msgs
[13.586s] -- Up-to-date: /home/ebrahim/formula-carmaker-fs_2025/FCM_Projects/FS_autonomous/ros/ros2_ws/install/camera_msgs/include/camera_msgs/camera_msgs/msg
[13.586s] -- Up-to-date: /home/ebrahim/formula-carmaker-fs_2025/FCM_Projects/FS_autonomous/ros/ros2_ws/install/camera_msgs/include/camera_msgs/camera_msgs/msg/detail
[13.586s] -- Installing: /home/ebrahim/formula-carmaker-fs_2025/FCM_Projects/FS_autonomous/ros/ros2_ws/install/camera_msgs/include/camera_msgs/camera_msgs/msg/detail/camera_detection_array__rosidl_typesupport_fastrtps_c.h
[13.586s] -- Installing: /home/ebrahim/formula-carmaker-fs_2025/FCM_Projects/FS_autonomous/ros/ros2_ws/install/camera_msgs/include/camera_msgs/camera_msgs/msg/detail/camera_detection__rosidl_typesupport_fastrtps_c.h
[13.586s] -- Installing: /home/ebrahim/formula-carmaker-fs_2025/FCM_Projects/FS_autonomous/ros/ros2_ws/install/camera_msgs/include/camera_msgs/camera_msgs/msg/rosidl_typesupport_fastrtps_c__visibility_control.h
[13.586s] -- Installing: /home/ebrahim/formula-carmaker-fs_2025/FCM_Projects/FS_autonomous/ros/ros2_ws/install/camera_msgs/lib/libcamera_msgs__rosidl_typesupport_fastrtps_c.so
[13.587s] -- Set non-toolchain portion of runtime path of "/home/ebrahim/formula-carmaker-fs_2025/FCM_Projects/FS_autonomous/ros/ros2_ws/install/camera_msgs/lib/libcamera_msgs__rosidl_typesupport_fastrtps_c.so" to ""
[13.587s] -- Up-to-date: /home/ebrahim/formula-carmaker-fs_2025/FCM_Projects/FS_autonomous/ros/ros2_ws/install/camera_msgs/include/camera_msgs/camera_msgs
[13.587s] -- Up-to-date: /home/ebrahim/formula-carmaker-fs_2025/FCM_Projects/FS_autonomous/ros/ros2_ws/install/camera_msgs/include/camera_msgs/camera_msgs/msg
[13.587s] -- Up-to-date: /home/ebrahim/formula-carmaker-fs_2025/FCM_Projects/FS_autonomous/ros/ros2_ws/install/camera_msgs/include/camera_msgs/camera_msgs/msg/detail
[13.587s] -- Installing: /home/ebrahim/formula-carmaker-fs_2025/FCM_Projects/FS_autonomous/ros/ros2_ws/install/camera_msgs/include/camera_msgs/camera_msgs/msg/detail/camera_detection_array__rosidl_typesupport_introspection_c.h
[13.587s] -- Installing: /home/ebrahim/formula-carmaker-fs_2025/FCM_Projects/FS_autonomous/ros/ros2_ws/install/camera_msgs/include/camera_msgs/camera_msgs/msg/detail/camera_detection__rosidl_typesupport_introspection_c.h
[13.587s] -- Installing: /home/ebrahim/formula-carmaker-fs_2025/FCM_Projects/FS_autonomous/ros/ros2_ws/install/camera_msgs/include/camera_msgs/camera_msgs/msg/detail/camera_detection__type_support.c
[13.587s] -- Installing: /home/ebrahim/formula-carmaker-fs_2025/FCM_Projects/FS_autonomous/ros/ros2_ws/install/camera_msgs/include/camera_msgs/camera_msgs/msg/detail/camera_detection_array__type_support.c
[13.588s] -- Installing: /home/ebrahim/formula-carmaker-fs_2025/FCM_Projects/FS_autonomous/ros/ros2_ws/install/camera_msgs/include/camera_msgs/camera_msgs/msg/rosidl_typesupport_introspection_c__visibility_control.h
[13.588s] -- Installing: /home/ebrahim/formula-carmaker-fs_2025/FCM_Projects/FS_autonomous/ros/ros2_ws/install/camera_msgs/lib/libcamera_msgs__rosidl_typesupport_introspection_c.so
[13.588s] -- Set non-toolchain portion of runtime path of "/home/ebrahim/formula-carmaker-fs_2025/FCM_Projects/FS_autonomous/ros/ros2_ws/install/camera_msgs/lib/libcamera_msgs__rosidl_typesupport_introspection_c.so" to ""
[13.588s] -- Installing: /home/ebrahim/formula-carmaker-fs_2025/FCM_Projects/FS_autonomous/ros/ros2_ws/install/camera_msgs/lib/libcamera_msgs__rosidl_typesupport_c.so
[13.588s] -- Set non-toolchain portion of runtime path of "/home/ebrahim/formula-carmaker-fs_2025/FCM_Projects/FS_autonomous/ros/ros2_ws/install/camera_msgs/lib/libcamera_msgs__rosidl_typesupport_c.so" to ""
[13.588s] -- Up-to-date: /home/ebrahim/formula-carmaker-fs_2025/FCM_Projects/FS_autonomous/ros/ros2_ws/install/camera_msgs/include/camera_msgs/camera_msgs
[13.588s] -- Up-to-date: /home/ebrahim/formula-carmaker-fs_2025/FCM_Projects/FS_autonomous/ros/ros2_ws/install/camera_msgs/include/camera_msgs/camera_msgs/msg
[13.588s] -- Up-to-date: /home/ebrahim/formula-carmaker-fs_2025/FCM_Projects/FS_autonomous/ros/ros2_ws/install/camera_msgs/include/camera_msgs/camera_msgs/msg/detail
[13.589s] -- Installing: /home/ebrahim/formula-carmaker-fs_2025/FCM_Projects/FS_autonomous/ros/ros2_ws/install/camera_msgs/include/camera_msgs/camera_msgs/msg/detail/camera_detection__builder.hpp
[13.589s] -- Installing: /home/ebrahim/formula-carmaker-fs_2025/FCM_Projects/FS_autonomous/ros/ros2_ws/install/camera_msgs/include/camera_msgs/camera_msgs/msg/detail/camera_detection__struct.hpp
[13.589s] -- Installing: /home/ebrahim/formula-carmaker-fs_2025/FCM_Projects/FS_autonomous/ros/ros2_ws/install/camera_msgs/include/camera_msgs/camera_msgs/msg/detail/camera_detection__traits.hpp
[13.589s] -- Installing: /home/ebrahim/formula-carmaker-fs_2025/FCM_Projects/FS_autonomous/ros/ros2_ws/install/camera_msgs/include/camera_msgs/camera_msgs/msg/detail/camera_detection_array__struct.hpp
[13.589s] -- Installing: /home/ebrahim/formula-carmaker-fs_2025/FCM_Projects/FS_autonomous/ros/ros2_ws/install/camera_msgs/include/camera_msgs/camera_msgs/msg/detail/camera_detection__type_support.hpp
[13.589s] -- Installing: /home/ebrahim/formula-carmaker-fs_2025/FCM_Projects/FS_autonomous/ros/ros2_ws/install/camera_msgs/include/camera_msgs/camera_msgs/msg/detail/camera_detection_array__type_support.hpp
[13.589s] -- Installing: /home/ebrahim/formula-carmaker-fs_2025/FCM_Projects/FS_autonomous/ros/ros2_ws/install/camera_msgs/include/camera_msgs/camera_msgs/msg/detail/camera_detection_array__traits.hpp
[13.589s] -- Installing: /home/ebrahim/formula-carmaker-fs_2025/FCM_Projects/FS_autonomous/ros/ros2_ws/install/camera_msgs/include/camera_msgs/camera_msgs/msg/detail/camera_detection_array__builder.hpp
[13.589s] -- Installing: /home/ebrahim/formula-carmaker-fs_2025/FCM_Projects/FS_autonomous/ros/ros2_ws/install/camera_msgs/include/camera_msgs/camera_msgs/msg/rosidl_generator_cpp__visibility_control.hpp
[13.590s] -- Installing: /home/ebrahim/formula-carmaker-fs_2025/FCM_Projects/FS_autonomous/ros/ros2_ws/install/camera_msgs/include/camera_msgs/camera_msgs/msg/camera_detection.hpp
[13.590s] -- Installing: /home/ebrahim/formula-carmaker-fs_2025/FCM_Projects/FS_autonomous/ros/ros2_ws/install/camera_msgs/include/camera_msgs/camera_msgs/msg/camera_detection_array.hpp
[13.590s] -- Up-to-date: /home/ebrahim/formula-carmaker-fs_2025/FCM_Projects/FS_autonomous/ros/ros2_ws/install/camera_msgs/include/camera_msgs/camera_msgs
[13.590s] -- Up-to-date: /home/ebrahim/formula-carmaker-fs_2025/FCM_Projects/FS_autonomous/ros/ros2_ws/install/camera_msgs/include/camera_msgs/camera_msgs/msg
[13.590s] -- Up-to-date: /home/ebrahim/formula-carmaker-fs_2025/FCM_Projects/FS_autonomous/ros/ros2_ws/install/camera_msgs/include/camera_msgs/camera_msgs/msg/detail
[13.590s] -- Installing: /home/ebrahim/formula-carmaker-fs_2025/FCM_Projects/FS_autonomous/ros/ros2_ws/install/camera_msgs/include/camera_msgs/camera_msgs/msg/detail/camera_detection__rosidl_typesupport_fastrtps_cpp.hpp
[13.590s] -- Installing: /home/ebrahim/formula-carmaker-fs_2025/FCM_Projects/FS_autonomous/ros/ros2_ws/install/camera_msgs/include/camera_msgs/camera_msgs/msg/detail/dds_fastrtps
[13.590s] -- Installing: /home/ebrahim/formula-carmaker-fs_2025/FCM_Projects/FS_autonomous/ros/ros2_ws/install/camera_msgs/include/camera_msgs/camera_msgs/msg/detail/camera_detection_array__rosidl_typesupport_fastrtps_cpp.hpp
[13.590s] -- Installing: /home/ebrahim/formula-carmaker-fs_2025/FCM_Projects/FS_autonomous/ros/ros2_ws/install/camera_msgs/include/camera_msgs/camera_msgs/msg/rosidl_typesupport_fastrtps_cpp__visibility_control.h
[13.591s] -- Installing: /home/ebrahim/formula-carmaker-fs_2025/FCM_Projects/FS_autonomous/ros/ros2_ws/install/camera_msgs/lib/libcamera_msgs__rosidl_typesupport_fastrtps_cpp.so
[13.591s] -- Set non-toolchain portion of runtime path of "/home/ebrahim/formula-carmaker-fs_2025/FCM_Projects/FS_autonomous/ros/ros2_ws/install/camera_msgs/lib/libcamera_msgs__rosidl_typesupport_fastrtps_cpp.so" to ""
[13.591s] -- Up-to-date: /home/ebrahim/formula-carmaker-fs_2025/FCM_Projects/FS_autonomous/ros/ros2_ws/install/camera_msgs/include/camera_msgs/camera_msgs
[13.591s] -- Up-to-date: /home/ebrahim/formula-carmaker-fs_2025/FCM_Projects/FS_autonomous/ros/ros2_ws/install/camera_msgs/include/camera_msgs/camera_msgs/msg
[13.591s] -- Up-to-date: /home/ebrahim/formula-carmaker-fs_2025/FCM_Projects/FS_autonomous/ros/ros2_ws/install/camera_msgs/include/camera_msgs/camera_msgs/msg/detail
[13.591s] -- Installing: /home/ebrahim/formula-carmaker-fs_2025/FCM_Projects/FS_autonomous/ros/ros2_ws/install/camera_msgs/include/camera_msgs/camera_msgs/msg/detail/camera_detection__type_support.cpp
[13.591s] -- Installing: /home/ebrahim/formula-carmaker-fs_2025/FCM_Projects/FS_autonomous/ros/ros2_ws/install/camera_msgs/include/camera_msgs/camera_msgs/msg/detail/camera_detection__rosidl_typesupport_introspection_cpp.hpp
[13.591s] -- Installing: /home/ebrahim/formula-carmaker-fs_2025/FCM_Projects/FS_autonomous/ros/ros2_ws/install/camera_msgs/include/camera_msgs/camera_msgs/msg/detail/camera_detection_array__rosidl_typesupport_introspection_cpp.hpp
[13.592s] -- Installing: /home/ebrahim/formula-carmaker-fs_2025/FCM_Projects/FS_autonomous/ros/ros2_ws/install/camera_msgs/include/camera_msgs/camera_msgs/msg/detail/camera_detection_array__type_support.cpp
[13.592s] -- Installing: /home/ebrahim/formula-carmaker-fs_2025/FCM_Projects/FS_autonomous/ros/ros2_ws/install/camera_msgs/lib/libcamera_msgs__rosidl_typesupport_introspection_cpp.so
[13.592s] -- Set non-toolchain portion of runtime path of "/home/ebrahim/formula-carmaker-fs_2025/FCM_Projects/FS_autonomous/ros/ros2_ws/install/camera_msgs/lib/libcamera_msgs__rosidl_typesupport_introspection_cpp.so" to ""
[13.592s] -- Installing: /home/ebrahim/formula-carmaker-fs_2025/FCM_Projects/FS_autonomous/ros/ros2_ws/install/camera_msgs/lib/libcamera_msgs__rosidl_typesupport_cpp.so
[13.592s] -- Set non-toolchain portion of runtime path of "/home/ebrahim/formula-carmaker-fs_2025/FCM_Projects/FS_autonomous/ros/ros2_ws/install/camera_msgs/lib/libcamera_msgs__rosidl_typesupport_cpp.so" to ""
[13.592s] -- Installing: /home/ebrahim/formula-carmaker-fs_2025/FCM_Projects/FS_autonomous/ros/ros2_ws/install/camera_msgs/share/camera_msgs/environment/pythonpath.sh
[13.592s] -- Installing: /home/ebrahim/formula-carmaker-fs_2025/FCM_Projects/FS_autonomous/ros/ros2_ws/install/camera_msgs/share/camera_msgs/environment/pythonpath.dsv
[13.592s] -- Installing: /home/ebrahim/formula-carmaker-fs_2025/FCM_Projects/FS_autonomous/ros/ros2_ws/install/camera_msgs/lib/python3.12/site-packages/camera_msgs-1.0.0-py3.12.egg-info
[13.593s] -- Installing: /home/ebrahim/formula-carmaker-fs_2025/FCM_Projects/FS_autonomous/ros/ros2_ws/install/camera_msgs/lib/python3.12/site-packages/camera_msgs-1.0.0-py3.12.egg-info/SOURCES.txt
[13.593s] -- Installing: /home/ebrahim/formula-carmaker-fs_2025/FCM_Projects/FS_autonomous/ros/ros2_ws/install/camera_msgs/lib/python3.12/site-packages/camera_msgs-1.0.0-py3.12.egg-info/PKG-INFO
[13.593s] -- Installing: /home/ebrahim/formula-carmaker-fs_2025/FCM_Projects/FS_autonomous/ros/ros2_ws/install/camera_msgs/lib/python3.12/site-packages/camera_msgs-1.0.0-py3.12.egg-info/top_level.txt
[13.593s] -- Installing: /home/ebrahim/formula-carmaker-fs_2025/FCM_Projects/FS_autonomous/ros/ros2_ws/install/camera_msgs/lib/python3.12/site-packages/camera_msgs-1.0.0-py3.12.egg-info/dependency_links.txt
[13.593s] -- Installing: /home/ebrahim/formula-carmaker-fs_2025/FCM_Projects/FS_autonomous/ros/ros2_ws/install/camera_msgs/lib/python3.12/site-packages/camera_msgs
[13.593s] -- Installing: /home/ebrahim/formula-carmaker-fs_2025/FCM_Projects/FS_autonomous/ros/ros2_ws/install/camera_msgs/lib/python3.12/site-packages/camera_msgs/camera_msgs_s__rosidl_typesupport_c.so
[13.594s] -- Installing: /home/ebrahim/formula-carmaker-fs_2025/FCM_Projects/FS_autonomous/ros/ros2_ws/install/camera_msgs/lib/python3.12/site-packages/camera_msgs/camera_msgs_s__rosidl_typesupport_fastrtps_c.so
[13.594s] -- Installing: /home/ebrahim/formula-carmaker-fs_2025/FCM_Projects/FS_autonomous/ros/ros2_ws/install/camera_msgs/lib/python3.12/site-packages/camera_msgs/_camera_msgs_s.ep.rosidl_typesupport_fastrtps_c.c
[13.594s] -- Installing: /home/ebrahim/formula-carmaker-fs_2025/FCM_Projects/FS_autonomous/ros/ros2_ws/install/camera_msgs/lib/python3.12/site-packages/camera_msgs/_camera_msgs_s.ep.rosidl_typesupport_c.c
[13.594s] -- Installing: /home/ebrahim/formula-carmaker-fs_2025/FCM_Projects/FS_autonomous/ros/ros2_ws/install/camera_msgs/lib/python3.12/site-packages/camera_msgs/camera_msgs_s__rosidl_typesupport_introspection_c.so
[13.594s] -- Installing: /home/ebrahim/formula-carmaker-fs_2025/FCM_Projects/FS_autonomous/ros/ros2_ws/install/camera_msgs/lib/python3.12/site-packages/camera_msgs/_camera_msgs_s.ep.rosidl_typesupport_introspection_c.c
[13.594s] -- Installing: /home/ebrahim/formula-carmaker-fs_2025/FCM_Projects/FS_autonomous/ros/ros2_ws/install/camera_msgs/lib/python3.12/site-packages/camera_msgs/msg
[13.594s] -- Installing: /home/ebrahim/formula-carmaker-fs_2025/FCM_Projects/FS_autonomous/ros/ros2_ws/install/camera_msgs/lib/python3.12/site-packages/camera_msgs/msg/_camera_detection_array_s.c
[13.595s] -- Installing: /home/ebrahim/formula-carmaker-fs_2025/FCM_Projects/FS_autonomous/ros/ros2_ws/install/camera_msgs/lib/python3.12/site-packages/camera_msgs/msg/_camera_detection.py
[13.595s] -- Installing: /home/ebrahim/formula-carmaker-fs_2025/FCM_Projects/FS_autonomous/ros/ros2_ws/install/camera_msgs/lib/python3.12/site-packages/camera_msgs/msg/_camera_detection_s.c
[13.595s] -- Installing: /home/ebrahim/formula-carmaker-fs_2025/FCM_Projects/FS_autonomous/ros/ros2_ws/install/camera_msgs/lib/python3.12/site-packages/camera_msgs/msg/_camera_detection_array.py
[13.595s] -- Installing: /home/ebrahim/formula-carmaker-fs_2025/FCM_Projects/FS_autonomous/ros/ros2_ws/install/camera_msgs/lib/python3.12/site-packages/camera_msgs/msg/__init__.py
[13.595s] -- Installing: /home/ebrahim/formula-carmaker-fs_2025/FCM_Projects/FS_autonomous/ros/ros2_ws/install/camera_msgs/lib/python3.12/site-packages/camera_msgs/__init__.py
[13.658s] Listing '/home/ebrahim/formula-carmaker-fs_2025/FCM_Projects/FS_autonomous/ros/ros2_ws/install/camera_msgs/lib/python3.12/site-packages/camera_msgs'...
[13.658s] Compiling '/home/ebrahim/formula-carmaker-fs_2025/FCM_Projects/FS_autonomous/ros/ros2_ws/install/camera_msgs/lib/python3.12/site-packages/camera_msgs/__init__.py'...
[13.658s] Listing '/home/ebrahim/formula-carmaker-fs_2025/FCM_Projects/FS_autonomous/ros/ros2_ws/install/camera_msgs/lib/python3.12/site-packages/camera_msgs/msg'...
[13.658s] Compiling '/home/ebrahim/formula-carmaker-fs_2025/FCM_Projects/FS_autonomous/ros/ros2_ws/install/camera_msgs/lib/python3.12/site-packages/camera_msgs/msg/__init__.py'...
[13.658s] Compiling '/home/ebrahim/formula-carmaker-fs_2025/FCM_Projects/FS_autonomous/ros/ros2_ws/install/camera_msgs/lib/python3.12/site-packages/camera_msgs/msg/_camera_detection.py'...
[13.658s] Compiling '/home/ebrahim/formula-carmaker-fs_2025/FCM_Projects/FS_autonomous/ros/ros2_ws/install/camera_msgs/lib/python3.12/site-packages/camera_msgs/msg/_camera_detection_array.py'...
[13.667s] -- Installing: /home/ebrahim/formula-carmaker-fs_2025/FCM_Projects/FS_autonomous/ros/ros2_ws/install/camera_msgs/lib/python3.12/site-packages/camera_msgs/camera_msgs_s__rosidl_typesupport_fastrtps_c.so
[13.667s] -- Set non-toolchain portion of runtime path of "/home/ebrahim/formula-carmaker-fs_2025/FCM_Projects/FS_autonomous/ros/ros2_ws/install/camera_msgs/lib/python3.12/site-packages/camera_msgs/camera_msgs_s__rosidl_typesupport_fastrtps_c.so" to ""
[13.667s] -- Installing: /home/ebrahim/formula-carmaker-fs_2025/FCM_Projects/FS_autonomous/ros/ros2_ws/install/camera_msgs/lib/python3.12/site-packages/camera_msgs/camera_msgs_s__rosidl_typesupport_introspection_c.so
[13.667s] -- Set non-toolchain portion of runtime path of "/home/ebrahim/formula-carmaker-fs_2025/FCM_Projects/FS_autonomous/ros/ros2_ws/install/camera_msgs/lib/python3.12/site-packages/camera_msgs/camera_msgs_s__rosidl_typesupport_introspection_c.so" to ""
[13.667s] -- Installing: /home/ebrahim/formula-carmaker-fs_2025/FCM_Projects/FS_autonomous/ros/ros2_ws/install/camera_msgs/lib/python3.12/site-packages/camera_msgs/camera_msgs_s__rosidl_typesupport_c.so
[13.668s] -- Set non-toolchain portion of runtime path of "/home/ebrahim/formula-carmaker-fs_2025/FCM_Projects/FS_autonomous/ros/ros2_ws/install/camera_msgs/lib/python3.12/site-packages/camera_msgs/camera_msgs_s__rosidl_typesupport_c.so" to ""
[13.668s] -- Installing: /home/ebrahim/formula-carmaker-fs_2025/FCM_Projects/FS_autonomous/ros/ros2_ws/install/camera_msgs/lib/libcamera_msgs__rosidl_generator_py.so
[13.668s] -- Set non-toolchain portion of runtime path of "/home/ebrahim/formula-carmaker-fs_2025/FCM_Projects/FS_autonomous/ros/ros2_ws/install/camera_msgs/lib/libcamera_msgs__rosidl_generator_py.so" to ""
[13.668s] -- Installing: /home/ebrahim/formula-carmaker-fs_2025/FCM_Projects/FS_autonomous/ros/ros2_ws/install/camera_msgs/share/camera_msgs/msg/CameraDetection.idl
[13.669s] -- Installing: /home/ebrahim/formula-carmaker-fs_2025/FCM_Projects/FS_autonomous/ros/ros2_ws/install/camera_msgs/share/camera_msgs/msg/CameraDetectionArray.idl
[13.669s] -- Installing: /home/ebrahim/formula-carmaker-fs_2025/FCM_Projects/FS_autonomous/ros/ros2_ws/install/camera_msgs/share/camera_msgs/msg/CameraDetection.msg
[13.670s] -- Installing: /home/ebrahim/formula-carmaker-fs_2025/FCM_Projects/FS_autonomous/ros/ros2_ws/install/camera_msgs/share/camera_msgs/msg/CameraDetectionArray.msg
[13.670s] -- Installing: /home/ebrahim/formula-carmaker-fs_2025/FCM_Projects/FS_autonomous/ros/ros2_ws/install/camera_msgs/share/ament_index/resource_index/package_run_dependencies/camera_msgs
[13.670s] -- Installing: /home/ebrahim/formula-carmaker-fs_2025/FCM_Projects/FS_autonomous/ros/ros2_ws/install/camera_msgs/share/ament_index/resource_index/parent_prefix_path/camera_msgs
[13.670s] -- Installing: /home/ebrahim/formula-carmaker-fs_2025/FCM_Projects/FS_autonomous/ros/ros2_ws/install/camera_msgs/share/camera_msgs/environment/ament_prefix_path.sh
[13.670s] -- Installing: /home/ebrahim/formula-carmaker-fs_2025/FCM_Projects/FS_autonomous/ros/ros2_ws/install/camera_msgs/share/camera_msgs/environment/ament_prefix_path.dsv
[13.670s] -- Installing: /home/ebrahim/formula-carmaker-fs_2025/FCM_Projects/FS_autonomous/ros/ros2_ws/install/camera_msgs/share/camera_msgs/environment/path.sh
[13.671s] -- Installing: /home/ebrahim/formula-carmaker-fs_2025/FCM_Projects/FS_autonomous/ros/ros2_ws/install/camera_msgs/share/camera_msgs/environment/path.dsv
[13.671s] -- Installing: /home/ebrahim/formula-carmaker-fs_2025/FCM_Projects/FS_autonomous/ros/ros2_ws/install/camera_msgs/share/camera_msgs/local_setup.bash
[13.671s] -- Installing: /home/ebrahim/formula-carmaker-fs_2025/FCM_Projects/FS_autonomous/ros/ros2_ws/install/camera_msgs/share/camera_msgs/local_setup.sh
[13.671s] -- Installing: /home/ebrahim/formula-carmaker-fs_2025/FCM_Projects/FS_autonomous/ros/ros2_ws/install/camera_msgs/share/camera_msgs/local_setup.zsh
[13.671s] -- Installing: /home/ebrahim/formula-carmaker-fs_2025/FCM_Projects/FS_autonomous/ros/ros2_ws/install/camera_msgs/share/camera_msgs/local_setup.dsv
[13.671s] -- Installing: /home/ebrahim/formula-carmaker-fs_2025/FCM_Projects/FS_autonomous/ros/ros2_ws/install/camera_msgs/share/camera_msgs/package.dsv
[13.672s] -- Installing: /home/ebrahim/formula-carmaker-fs_2025/FCM_Projects/FS_autonomous/ros/ros2_ws/install/camera_msgs/share/ament_index/resource_index/packages/camera_msgs
[13.672s] -- Installing: /home/ebrahim/formula-carmaker-fs_2025/FCM_Projects/FS_autonomous/ros/ros2_ws/install/camera_msgs/share/camera_msgs/cmake/export_camera_msgs__rosidl_generator_cExport.cmake
[13.672s] -- Installing: /home/ebrahim/formula-carmaker-fs_2025/FCM_Projects/FS_autonomous/ros/ros2_ws/install/camera_msgs/share/camera_msgs/cmake/export_camera_msgs__rosidl_generator_cExport-noconfig.cmake
[13.672s] -- Installing: /home/ebrahim/formula-carmaker-fs_2025/FCM_Projects/FS_autonomous/ros/ros2_ws/install/camera_msgs/share/camera_msgs/cmake/export_camera_msgs__rosidl_typesupport_fastrtps_cExport.cmake
[13.672s] -- Installing: /home/ebrahim/formula-carmaker-fs_2025/FCM_Projects/FS_autonomous/ros/ros2_ws/install/camera_msgs/share/camera_msgs/cmake/export_camera_msgs__rosidl_typesupport_fastrtps_cExport-noconfig.cmake
[13.672s] -- Installing: /home/ebrahim/formula-carmaker-fs_2025/FCM_Projects/FS_autonomous/ros/ros2_ws/install/camera_msgs/share/camera_msgs/cmake/camera_msgs__rosidl_typesupport_introspection_cExport.cmake
[13.672s] -- Installing: /home/ebrahim/formula-carmaker-fs_2025/FCM_Projects/FS_autonomous/ros/ros2_ws/install/camera_msgs/share/camera_msgs/cmake/camera_msgs__rosidl_typesupport_introspection_cExport-noconfig.cmake
[13.673s] -- Installing: /home/ebrahim/formula-carmaker-fs_2025/FCM_Projects/FS_autonomous/ros/ros2_ws/install/camera_msgs/share/camera_msgs/cmake/camera_msgs__rosidl_typesupport_cExport.cmake
[13.673s] -- Installing: /home/ebrahim/formula-carmaker-fs_2025/FCM_Projects/FS_autonomous/ros/ros2_ws/install/camera_msgs/share/camera_msgs/cmake/camera_msgs__rosidl_typesupport_cExport-noconfig.cmake
[13.673s] -- Installing: /home/ebrahim/formula-carmaker-fs_2025/FCM_Projects/FS_autonomous/ros/ros2_ws/install/camera_msgs/share/camera_msgs/cmake/export_camera_msgs__rosidl_generator_cppExport.cmake
[13.673s] -- Installing: /home/ebrahim/formula-carmaker-fs_2025/FCM_Projects/FS_autonomous/ros/ros2_ws/install/camera_msgs/share/camera_msgs/cmake/export_camera_msgs__rosidl_typesupport_fastrtps_cppExport.cmake
[13.673s] -- Installing: /home/ebrahim/formula-carmaker-fs_2025/FCM_Projects/FS_autonomous/ros/ros2_ws/install/camera_msgs/share/camera_msgs/cmake/export_camera_msgs__rosidl_typesupport_fastrtps_cppExport-noconfig.cmake
[13.673s] -- Installing: /home/ebrahim/formula-carmaker-fs_2025/FCM_Projects/FS_autonomous/ros/ros2_ws/install/camera_msgs/share/camera_msgs/cmake/camera_msgs__rosidl_typesupport_introspection_cppExport.cmake
[13.674s] -- Installing: /home/ebrahim/formula-carmaker-fs_2025/FCM_Projects/FS_autonomous/ros/ros2_ws/install/camera_msgs/share/camera_msgs/cmake/camera_msgs__rosidl_typesupport_introspection_cppExport-noconfig.cmake
[13.674s] -- Installing: /home/ebrahim/formula-carmaker-fs_2025/FCM_Projects/FS_autonomous/ros/ros2_ws/install/camera_msgs/share/camera_msgs/cmake/camera_msgs__rosidl_typesupport_cppExport.cmake
[13.674s] -- Installing: /home/ebrahim/formula-carmaker-fs_2025/FCM_Projects/FS_autonomous/ros/ros2_ws/install/camera_msgs/share/camera_msgs/cmake/camera_msgs__rosidl_typesupport_cppExport-noconfig.cmake
[13.674s] -- Installing: /home/ebrahim/formula-carmaker-fs_2025/FCM_Projects/FS_autonomous/ros/ros2_ws/install/camera_msgs/share/camera_msgs/cmake/export_camera_msgs__rosidl_generator_pyExport.cmake
[13.674s] -- Installing: /home/ebrahim/formula-carmaker-fs_2025/FCM_Projects/FS_autonomous/ros/ros2_ws/install/camera_msgs/share/camera_msgs/cmake/export_camera_msgs__rosidl_generator_pyExport-noconfig.cmake
[13.674s] -- Installing: /home/ebrahim/formula-carmaker-fs_2025/FCM_Projects/FS_autonomous/ros/ros2_ws/install/camera_msgs/share/camera_msgs/cmake/rosidl_cmake-extras.cmake
[13.674s] -- Installing: /home/ebrahim/formula-carmaker-fs_2025/FCM_Projects/FS_autonomous/ros/ros2_ws/install/camera_msgs/share/camera_msgs/cmake/ament_cmake_export_dependencies-extras.cmake
[13.675s] -- Installing: /home/ebrahim/formula-carmaker-fs_2025/FCM_Projects/FS_autonomous/ros/ros2_ws/install/camera_msgs/share/camera_msgs/cmake/ament_cmake_export_include_directories-extras.cmake
[13.675s] -- Installing: /home/ebrahim/formula-carmaker-fs_2025/FCM_Projects/FS_autonomous/ros/ros2_ws/install/camera_msgs/share/camera_msgs/cmake/ament_cmake_export_libraries-extras.cmake
[13.675s] -- Installing: /home/ebrahim/formula-carmaker-fs_2025/FCM_Projects/FS_autonomous/ros/ros2_ws/install/camera_msgs/share/camera_msgs/cmake/ament_cmake_export_targets-extras.cmake
[13.675s] -- Installing: /home/ebrahim/formula-carmaker-fs_2025/FCM_Projects/FS_autonomous/ros/ros2_ws/install/camera_msgs/share/camera_msgs/cmake/rosidl_cmake_export_typesupport_targets-extras.cmake
[13.675s] -- Installing: /home/ebrahim/formula-carmaker-fs_2025/FCM_Projects/FS_autonomous/ros/ros2_ws/install/camera_msgs/share/camera_msgs/cmake/rosidl_cmake_export_typesupport_libraries-extras.cmake
[13.675s] -- Installing: /home/ebrahim/formula-carmaker-fs_2025/FCM_Projects/FS_autonomous/ros/ros2_ws/install/camera_msgs/share/camera_msgs/cmake/camera_msgsConfig.cmake
[13.675s] -- Installing: /home/ebrahim/formula-carmaker-fs_2025/FCM_Projects/FS_autonomous/ros/ros2_ws/install/camera_msgs/share/camera_msgs/cmake/camera_msgsConfig-version.cmake
[13.675s] -- Installing: /home/ebrahim/formula-carmaker-fs_2025/FCM_Projects/FS_autonomous/ros/ros2_ws/install/camera_msgs/share/camera_msgs/package.xml
[13.677s] Invoked command in '/home/ebrahim/formula-carmaker-fs_2025/FCM_Projects/FS_autonomous/ros/ros2_ws/build/camera_msgs' returned '0': CMAKE_PREFIX_PATH=${CMAKE_PREFIX_PATH}:/opt/ros/jazzy DEBUGINFOD_URLS=https://debuginfod.ubuntu.com /usr/bin/cmake --install /home/ebrahim/formula-carmaker-fs_2025/FCM_Projects/FS_autonomous/ros/ros2_ws/build/camera_msgs
