[0.018s] Invoking command in '/home/ebrahim/formula-carmaker-fs_2025/FCM_Projects/FS_autonomous/ros/ros2_ws/build/hellocm_msgs': CMAKE_PREFIX_PATH=${CMAKE_PREFIX_PATH}:/opt/ros/jazzy DEBUGINFOD_URLS=https://debuginfod.ubuntu.com /usr/bin/cmake /home/ebrahim/formula-carmaker-fs_2025/FCM_Projects/FS_autonomous/ros/ros2_ws/src/hellocm_msgs -DCARMAKER_VER:STRING=14.1.1 -DCARMAKER_DIR:PATH=/opt/ipg/carmaker/linux64-14.1.1 --no-warn-unused-cli -DCMAKE_INSTALL_PREFIX=/home/ebrahim/formula-carmaker-fs_2025/FCM_Projects/FS_autonomous/ros/ros2_ws/install/hellocm_msgs
[0.029s] Not searching for unused variables given on the command line.
[0.079s] -- The C compiler identification is GNU 12.4.0
[0.147s] -- The CXX compiler identification is GNU 12.4.0
[0.163s] -- Detecting C compiler ABI info
[0.265s] -- Detecting C compiler ABI info - done
[0.280s] -- Check for working C compiler: /usr/bin/cc - skipped
[0.280s] -- Detecting C compile features
[0.281s] -- Detecting C compile features - done
[0.291s] -- Detecting CXX compiler ABI info
[0.400s] -- Detecting CXX compiler ABI info - done
[0.412s] -- Check for working CXX compiler: /usr/bin/c++ - skipped
[0.412s] -- Detecting CXX compile features
[0.413s] -- Detecting CXX compile features - done
[0.419s] -- Found ament_cmake: 2.5.4 (/opt/ros/jazzy/share/ament_cmake/cmake)
[0.839s] -- Found Python3: /usr/bin/python3 (found version "3.12.3") found components: Interpreter 
[1.010s] -- Found rosidl_default_generators: 1.6.0 (/opt/ros/jazzy/share/rosidl_default_generators/cmake)
[1.021s] -- Using all available rosidl_typesupport_c: rosidl_typesupport_fastrtps_c;rosidl_typesupport_introspection_c
[1.112s] -- Using all available rosidl_typesupport_cpp: rosidl_typesupport_fastrtps_cpp;rosidl_typesupport_introspection_cpp
[1.178s] -- Found rosidl_adapter: 4.6.6 (/opt/ros/jazzy/share/rosidl_adapter/cmake)
[1.184s] -- Found std_msgs: 5.3.6 (/opt/ros/jazzy/share/std_msgs/cmake)
[2.682s] -- Found ament_cmake_ros: 0.12.0 (/opt/ros/jazzy/share/ament_cmake_ros/cmake)
[3.940s] -- Using all available rosidl_typesupport_c: rosidl_typesupport_fastrtps_c;rosidl_typesupport_introspection_c
[5.614s] -- Using all available rosidl_typesupport_cpp: rosidl_typesupport_fastrtps_cpp;rosidl_typesupport_introspection_cpp
[5.622s] -- Found python_cmake_module: 0.11.1 (/opt/ros/jazzy/share/python_cmake_module/cmake)
[6.066s] -- Found PythonExtra: /usr/bin/python3  
[7.271s] -- Found Python3: /usr/bin/python3 (found version "3.12.3") found components: Interpreter Development NumPy Development.Module Development.Embed 
[7.404s] -- Found ament_lint_auto: 0.17.3 (/opt/ros/jazzy/share/ament_lint_auto/cmake)
[7.475s] -- Added test 'copyright' to check source files copyright and LICENSE
[7.478s] -- Added test 'lint_cmake' to check CMake code style
[7.481s] -- Added test 'xmllint' to check XML markup files
[7.486s] -- Configuring done (7.5s)
[7.542s] -- Generating done (0.0s)
[7.561s] -- Build files have been written to: /home/ebrahim/formula-carmaker-fs_2025/FCM_Projects/FS_autonomous/ros/ros2_ws/build/hellocm_msgs
[7.575s] Invoked command in '/home/ebrahim/formula-carmaker-fs_2025/FCM_Projects/FS_autonomous/ros/ros2_ws/build/hellocm_msgs' returned '0': CMAKE_PREFIX_PATH=${CMAKE_PREFIX_PATH}:/opt/ros/jazzy DEBUGINFOD_URLS=https://debuginfod.ubuntu.com /usr/bin/cmake /home/ebrahim/formula-carmaker-fs_2025/FCM_Projects/FS_autonomous/ros/ros2_ws/src/hellocm_msgs -DCARMAKER_VER:STRING=14.1.1 -DCARMAKER_DIR:PATH=/opt/ipg/carmaker/linux64-14.1.1 --no-warn-unused-cli -DCMAKE_INSTALL_PREFIX=/home/ebrahim/formula-carmaker-fs_2025/FCM_Projects/FS_autonomous/ros/ros2_ws/install/hellocm_msgs
[7.577s] Invoking command in '/home/ebrahim/formula-carmaker-fs_2025/FCM_Projects/FS_autonomous/ros/ros2_ws/build/hellocm_msgs': CMAKE_PREFIX_PATH=${CMAKE_PREFIX_PATH}:/opt/ros/jazzy DEBUGINFOD_URLS=https://debuginfod.ubuntu.com /usr/bin/cmake --build /home/ebrahim/formula-carmaker-fs_2025/FCM_Projects/FS_autonomous/ros/ros2_ws/build/hellocm_msgs -- -j12 -l12
[7.638s] [  1%] [34m[1mGenerating type hashes for ROS interfaces[0m
[7.648s] [  1%] Built target ament_cmake_python_copy_hellocm_msgs
[8.167s] [  1%] Built target hellocm_msgs__rosidl_generator_type_description
[8.177s] running egg_info
[8.179s] creating hellocm_msgs.egg-info
[8.184s] [  3%] [34m[1mGenerating C code for ROS interfaces[0m
[8.208s] [  5%] [34m[1mGenerating C++ code for ROS interfaces[0m
[8.476s] writing hellocm_msgs.egg-info/PKG-INFO
[8.478s] writing dependency_links to hellocm_msgs.egg-info/dependency_links.txt
[8.478s] writing top-level names to hellocm_msgs.egg-info/top_level.txt
[8.478s] writing manifest file 'hellocm_msgs.egg-info/SOURCES.txt'
[8.687s] reading manifest file 'hellocm_msgs.egg-info/SOURCES.txt'
[8.688s] writing manifest file 'hellocm_msgs.egg-info/SOURCES.txt'
[8.789s] [  5%] Built target ament_cmake_python_build_hellocm_msgs_egg
[9.244s] [  5%] Built target hellocm_msgs__cpp
[9.380s] [  7%] [32mBuilding C object CMakeFiles/hellocm_msgs__rosidl_generator_c.dir/rosidl_generator_c/hellocm_msgs/msg/detail/ext2_cm__type_support.c.o[0m
[9.382s] [ 11%] [32mBuilding C object CMakeFiles/hellocm_msgs__rosidl_generator_c.dir/rosidl_generator_c/hellocm_msgs/msg/detail/ext2_cm__functions.c.o[0m
[9.382s] [ 11%] [32mBuilding C object CMakeFiles/hellocm_msgs__rosidl_generator_c.dir/rosidl_generator_c/hellocm_msgs/msg/detail/cm2_ext__description.c.o[0m
[9.385s] [ 12%] [32mBuilding C object CMakeFiles/hellocm_msgs__rosidl_generator_c.dir/rosidl_generator_c/hellocm_msgs/msg/detail/cm2_ext__type_support.c.o[0m
[9.386s] [ 14%] [32mBuilding C object CMakeFiles/hellocm_msgs__rosidl_generator_c.dir/rosidl_generator_c/hellocm_msgs/msg/detail/cm2_ext__functions.c.o[0m
[9.388s] [ 16%] [32mBuilding C object CMakeFiles/hellocm_msgs__rosidl_generator_c.dir/rosidl_generator_c/hellocm_msgs/srv/detail/init__functions.c.o[0m
[9.392s] [ 18%] [32mBuilding C object CMakeFiles/hellocm_msgs__rosidl_generator_c.dir/rosidl_generator_c/hellocm_msgs/srv/detail/init__description.c.o[0m
[9.396s] [ 20%] [32mBuilding C object CMakeFiles/hellocm_msgs__rosidl_generator_c.dir/rosidl_generator_c/hellocm_msgs/msg/detail/ext2_cm__description.c.o[0m
[9.396s] [ 22%] [32mBuilding C object CMakeFiles/hellocm_msgs__rosidl_generator_c.dir/rosidl_generator_c/hellocm_msgs/srv/detail/init__type_support.c.o[0m
[9.664s] [ 24%] [32m[1mLinking C shared library libhellocm_msgs__rosidl_generator_c.so[0m
[9.824s] [ 24%] Built target hellocm_msgs__rosidl_generator_c
[9.872s] [ 25%] [34m[1mGenerating C++ type support dispatch for ROS interfaces[0m
[9.883s] [ 29%] [34m[1mGenerating C type support for eProsima Fast-RTPS[0m
[9.890s] [ 29%] [34m[1mGenerating C introspection for ROS interfaces[0m
[9.893s] [ 31%] [34m[1mGenerating C++ introspection for ROS interfaces[0m
[9.897s] [ 33%] [34m[1mGenerating C++ type support for eProsima Fast-RTPS[0m
[9.908s] [ 35%] [34m[1mGenerating C type support dispatch for ROS interfaces[0m
[11.269s] [ 38%] [32mBuilding CXX object CMakeFiles/hellocm_msgs__rosidl_typesupport_c.dir/rosidl_typesupport_c/hellocm_msgs/msg/cm2_ext__type_support.cpp.o[0m
[11.270s] [ 38%] [32mBuilding CXX object CMakeFiles/hellocm_msgs__rosidl_typesupport_c.dir/rosidl_typesupport_c/hellocm_msgs/srv/init__type_support.cpp.o[0m
[11.271s] [ 40%] [32mBuilding CXX object CMakeFiles/hellocm_msgs__rosidl_typesupport_c.dir/rosidl_typesupport_c/hellocm_msgs/msg/ext2_cm__type_support.cpp.o[0m
[11.464s] [ 42%] [32m[1mLinking CXX shared library libhellocm_msgs__rosidl_typesupport_c.so[0m
[11.609s] [ 44%] [32mBuilding CXX object CMakeFiles/hellocm_msgs__rosidl_typesupport_introspection_cpp.dir/rosidl_typesupport_introspection_cpp/hellocm_msgs/srv/detail/init__type_support.cpp.o[0m
[11.614s] [ 44%] Built target hellocm_msgs__rosidl_typesupport_c
[11.637s] [ 46%] [32mBuilding CXX object CMakeFiles/hellocm_msgs__rosidl_typesupport_introspection_cpp.dir/rosidl_typesupport_introspection_cpp/hellocm_msgs/msg/detail/ext2_cm__type_support.cpp.o[0m
[11.659s] [ 48%] [32mBuilding CXX object CMakeFiles/hellocm_msgs__rosidl_typesupport_introspection_cpp.dir/rosidl_typesupport_introspection_cpp/hellocm_msgs/msg/detail/cm2_ext__type_support.cpp.o[0m
[12.497s] [ 50%] [32mBuilding CXX object CMakeFiles/hellocm_msgs__rosidl_typesupport_fastrtps_cpp.dir/rosidl_typesupport_fastrtps_cpp/hellocm_msgs/msg/detail/dds_fastrtps/cm2_ext__type_support.cpp.o[0m
[12.505s] [ 51%] [32mBuilding CXX object CMakeFiles/hellocm_msgs__rosidl_typesupport_fastrtps_cpp.dir/rosidl_typesupport_fastrtps_cpp/hellocm_msgs/msg/detail/dds_fastrtps/ext2_cm__type_support.cpp.o[0m
[12.505s] [ 53%] [32mBuilding CXX object CMakeFiles/hellocm_msgs__rosidl_typesupport_fastrtps_cpp.dir/rosidl_typesupport_fastrtps_cpp/hellocm_msgs/srv/detail/dds_fastrtps/init__type_support.cpp.o[0m
[12.964s] [ 55%] [32mBuilding CXX object CMakeFiles/hellocm_msgs__rosidl_typesupport_fastrtps_c.dir/rosidl_typesupport_fastrtps_c/hellocm_msgs/msg/detail/ext2_cm__type_support_c.cpp.o[0m
[12.980s] [ 57%] [32mBuilding CXX object CMakeFiles/hellocm_msgs__rosidl_typesupport_cpp.dir/rosidl_typesupport_cpp/hellocm_msgs/msg/cm2_ext__type_support.cpp.o[0m
[12.981s] [ 59%] [32mBuilding CXX object CMakeFiles/hellocm_msgs__rosidl_typesupport_fastrtps_c.dir/rosidl_typesupport_fastrtps_c/hellocm_msgs/srv/detail/init__type_support_c.cpp.o[0m
[12.983s] [ 61%] [32mBuilding CXX object CMakeFiles/hellocm_msgs__rosidl_typesupport_cpp.dir/rosidl_typesupport_cpp/hellocm_msgs/msg/ext2_cm__type_support.cpp.o[0m
[12.996s] [ 62%] [32mBuilding C object CMakeFiles/hellocm_msgs__rosidl_typesupport_introspection_c.dir/rosidl_typesupport_introspection_c/hellocm_msgs/msg/detail/cm2_ext__type_support.c.o[0m
[13.020s] [ 64%] [32mBuilding CXX object CMakeFiles/hellocm_msgs__rosidl_typesupport_cpp.dir/rosidl_typesupport_cpp/hellocm_msgs/srv/init__type_support.cpp.o[0m
[13.031s] [ 66%] [32mBuilding CXX object CMakeFiles/hellocm_msgs__rosidl_typesupport_fastrtps_c.dir/rosidl_typesupport_fastrtps_c/hellocm_msgs/msg/detail/cm2_ext__type_support_c.cpp.o[0m
[13.131s] [ 68%] [32mBuilding C object CMakeFiles/hellocm_msgs__rosidl_typesupport_introspection_c.dir/rosidl_typesupport_introspection_c/hellocm_msgs/msg/detail/ext2_cm__type_support.c.o[0m
[13.299s] [ 70%] [32mBuilding C object CMakeFiles/hellocm_msgs__rosidl_typesupport_introspection_c.dir/rosidl_typesupport_introspection_c/hellocm_msgs/srv/detail/init__type_support.c.o[0m
[13.440s] [ 72%] [32m[1mLinking C shared library libhellocm_msgs__rosidl_typesupport_introspection_c.so[0m
[13.589s] [ 72%] Built target hellocm_msgs__rosidl_typesupport_introspection_c
[14.120s] [ 74%] [32m[1mLinking CXX shared library libhellocm_msgs__rosidl_typesupport_introspection_cpp.so[0m
[14.435s] [ 74%] Built target hellocm_msgs__rosidl_typesupport_introspection_cpp
[14.928s] [ 75%] [32m[1mLinking CXX shared library libhellocm_msgs__rosidl_typesupport_cpp.so[0m
[15.092s] [ 75%] Built target hellocm_msgs__rosidl_typesupport_cpp
[15.159s] [ 77%] [32m[1mLinking CXX shared library libhellocm_msgs__rosidl_typesupport_fastrtps_c.so[0m
[15.212s] [ 79%] [32m[1mLinking CXX shared library libhellocm_msgs__rosidl_typesupport_fastrtps_cpp.so[0m
[15.284s] [ 79%] Built target hellocm_msgs__rosidl_typesupport_fastrtps_c
[15.337s] [ 79%] Built target hellocm_msgs__rosidl_typesupport_fastrtps_cpp
[15.369s] [ 79%] Built target hellocm_msgs
[15.395s] [ 81%] [34m[1mGenerating Python code for ROS interfaces[0m
[16.555s] [ 81%] Built target hellocm_msgs__py
[16.584s] [ 83%] [32mBuilding C object CMakeFiles/hellocm_msgs__rosidl_generator_py.dir/rosidl_generator_py/hellocm_msgs/msg/_cm2_ext_s.c.o[0m
[16.584s] [ 85%] [32mBuilding C object CMakeFiles/hellocm_msgs__rosidl_generator_py.dir/rosidl_generator_py/hellocm_msgs/srv/_init_s.c.o[0m
[16.587s] [ 87%] [32mBuilding C object CMakeFiles/hellocm_msgs__rosidl_generator_py.dir/rosidl_generator_py/hellocm_msgs/msg/_ext2_cm_s.c.o[0m
[16.896s] [ 88%] [32m[1mLinking C shared library libhellocm_msgs__rosidl_generator_py.so[0m
[16.957s] [ 88%] Built target hellocm_msgs__rosidl_generator_py
[16.983s] [ 92%] [32mBuilding C object CMakeFiles/hellocm_msgs_s__rosidl_typesupport_c.dir/rosidl_generator_py/hellocm_msgs/_hellocm_msgs_s.ep.rosidl_typesupport_c.c.o[0m
[16.983s] [ 92%] [32mBuilding C object CMakeFiles/hellocm_msgs_s__rosidl_typesupport_fastrtps_c.dir/rosidl_generator_py/hellocm_msgs/_hellocm_msgs_s.ep.rosidl_typesupport_fastrtps_c.c.o[0m
[16.985s] [ 94%] [32mBuilding C object CMakeFiles/hellocm_msgs_s__rosidl_typesupport_introspection_c.dir/rosidl_generator_py/hellocm_msgs/_hellocm_msgs_s.ep.rosidl_typesupport_introspection_c.c.o[0m
[17.137s] [ 96%] [32m[1mLinking C shared module rosidl_generator_py/hellocm_msgs/hellocm_msgs_s__rosidl_typesupport_c.so[0m
[17.152s] [ 98%] [32m[1mLinking C shared module rosidl_generator_py/hellocm_msgs/hellocm_msgs_s__rosidl_typesupport_introspection_c.so[0m
[17.173s] [100%] [32m[1mLinking C shared module rosidl_generator_py/hellocm_msgs/hellocm_msgs_s__rosidl_typesupport_fastrtps_c.so[0m
[17.178s] [100%] Built target hellocm_msgs_s__rosidl_typesupport_c
[17.193s] [100%] Built target hellocm_msgs_s__rosidl_typesupport_introspection_c
[17.212s] [100%] Built target hellocm_msgs_s__rosidl_typesupport_fastrtps_c
[17.228s] Invoked command in '/home/ebrahim/formula-carmaker-fs_2025/FCM_Projects/FS_autonomous/ros/ros2_ws/build/hellocm_msgs' returned '0': CMAKE_PREFIX_PATH=${CMAKE_PREFIX_PATH}:/opt/ros/jazzy DEBUGINFOD_URLS=https://debuginfod.ubuntu.com /usr/bin/cmake --build /home/ebrahim/formula-carmaker-fs_2025/FCM_Projects/FS_autonomous/ros/ros2_ws/build/hellocm_msgs -- -j12 -l12
[17.230s] Invoking command in '/home/ebrahim/formula-carmaker-fs_2025/FCM_Projects/FS_autonomous/ros/ros2_ws/build/hellocm_msgs': CMAKE_PREFIX_PATH=${CMAKE_PREFIX_PATH}:/opt/ros/jazzy DEBUGINFOD_URLS=https://debuginfod.ubuntu.com /usr/bin/cmake --install /home/ebrahim/formula-carmaker-fs_2025/FCM_Projects/FS_autonomous/ros/ros2_ws/build/hellocm_msgs
[17.242s] -- Install configuration: ""
[17.242s] -- Installing: /home/ebrahim/formula-carmaker-fs_2025/FCM_Projects/FS_autonomous/ros/ros2_ws/install/hellocm_msgs/share/ament_index/resource_index/rosidl_interfaces/hellocm_msgs
[17.243s] -- Installing: /home/ebrahim/formula-carmaker-fs_2025/FCM_Projects/FS_autonomous/ros/ros2_ws/install/hellocm_msgs/share/hellocm_msgs/msg/CM2Ext.json
[17.243s] -- Installing: /home/ebrahim/formula-carmaker-fs_2025/FCM_Projects/FS_autonomous/ros/ros2_ws/install/hellocm_msgs/share/hellocm_msgs/msg/Ext2CM.json
[17.243s] -- Installing: /home/ebrahim/formula-carmaker-fs_2025/FCM_Projects/FS_autonomous/ros/ros2_ws/install/hellocm_msgs/share/hellocm_msgs/srv/Init.json
[17.244s] -- Installing: /home/ebrahim/formula-carmaker-fs_2025/FCM_Projects/FS_autonomous/ros/ros2_ws/install/hellocm_msgs/include/hellocm_msgs/hellocm_msgs
[17.244s] -- Installing: /home/ebrahim/formula-carmaker-fs_2025/FCM_Projects/FS_autonomous/ros/ros2_ws/install/hellocm_msgs/include/hellocm_msgs/hellocm_msgs/srv
[17.244s] -- Installing: /home/ebrahim/formula-carmaker-fs_2025/FCM_Projects/FS_autonomous/ros/ros2_ws/install/hellocm_msgs/include/hellocm_msgs/hellocm_msgs/srv/detail
[17.244s] -- Installing: /home/ebrahim/formula-carmaker-fs_2025/FCM_Projects/FS_autonomous/ros/ros2_ws/install/hellocm_msgs/include/hellocm_msgs/hellocm_msgs/srv/detail/init__struct.h
[17.244s] -- Installing: /home/ebrahim/formula-carmaker-fs_2025/FCM_Projects/FS_autonomous/ros/ros2_ws/install/hellocm_msgs/include/hellocm_msgs/hellocm_msgs/srv/detail/init__description.c
[17.245s] -- Installing: /home/ebrahim/formula-carmaker-fs_2025/FCM_Projects/FS_autonomous/ros/ros2_ws/install/hellocm_msgs/include/hellocm_msgs/hellocm_msgs/srv/detail/init__type_support.c
[17.245s] -- Installing: /home/ebrahim/formula-carmaker-fs_2025/FCM_Projects/FS_autonomous/ros/ros2_ws/install/hellocm_msgs/include/hellocm_msgs/hellocm_msgs/srv/detail/init__functions.c
[17.245s] -- Installing: /home/ebrahim/formula-carmaker-fs_2025/FCM_Projects/FS_autonomous/ros/ros2_ws/install/hellocm_msgs/include/hellocm_msgs/hellocm_msgs/srv/detail/init__type_support.h
[17.245s] -- Installing: /home/ebrahim/formula-carmaker-fs_2025/FCM_Projects/FS_autonomous/ros/ros2_ws/install/hellocm_msgs/include/hellocm_msgs/hellocm_msgs/srv/detail/init__functions.h
[17.245s] -- Installing: /home/ebrahim/formula-carmaker-fs_2025/FCM_Projects/FS_autonomous/ros/ros2_ws/install/hellocm_msgs/include/hellocm_msgs/hellocm_msgs/srv/init.h
[17.246s] -- Installing: /home/ebrahim/formula-carmaker-fs_2025/FCM_Projects/FS_autonomous/ros/ros2_ws/install/hellocm_msgs/include/hellocm_msgs/hellocm_msgs/msg
[17.246s] -- Installing: /home/ebrahim/formula-carmaker-fs_2025/FCM_Projects/FS_autonomous/ros/ros2_ws/install/hellocm_msgs/include/hellocm_msgs/hellocm_msgs/msg/detail
[17.246s] -- Installing: /home/ebrahim/formula-carmaker-fs_2025/FCM_Projects/FS_autonomous/ros/ros2_ws/install/hellocm_msgs/include/hellocm_msgs/hellocm_msgs/msg/detail/cm2_ext__description.c
[17.246s] -- Installing: /home/ebrahim/formula-carmaker-fs_2025/FCM_Projects/FS_autonomous/ros/ros2_ws/install/hellocm_msgs/include/hellocm_msgs/hellocm_msgs/msg/detail/ext2_cm__struct.h
[17.246s] -- Installing: /home/ebrahim/formula-carmaker-fs_2025/FCM_Projects/FS_autonomous/ros/ros2_ws/install/hellocm_msgs/include/hellocm_msgs/hellocm_msgs/msg/detail/ext2_cm__functions.h
[17.247s] -- Installing: /home/ebrahim/formula-carmaker-fs_2025/FCM_Projects/FS_autonomous/ros/ros2_ws/install/hellocm_msgs/include/hellocm_msgs/hellocm_msgs/msg/detail/cm2_ext__functions.h
[17.247s] -- Installing: /home/ebrahim/formula-carmaker-fs_2025/FCM_Projects/FS_autonomous/ros/ros2_ws/install/hellocm_msgs/include/hellocm_msgs/hellocm_msgs/msg/detail/cm2_ext__struct.h
[17.247s] -- Installing: /home/ebrahim/formula-carmaker-fs_2025/FCM_Projects/FS_autonomous/ros/ros2_ws/install/hellocm_msgs/include/hellocm_msgs/hellocm_msgs/msg/detail/ext2_cm__type_support.h
[17.247s] -- Installing: /home/ebrahim/formula-carmaker-fs_2025/FCM_Projects/FS_autonomous/ros/ros2_ws/install/hellocm_msgs/include/hellocm_msgs/hellocm_msgs/msg/detail/cm2_ext__type_support.c
[17.247s] -- Installing: /home/ebrahim/formula-carmaker-fs_2025/FCM_Projects/FS_autonomous/ros/ros2_ws/install/hellocm_msgs/include/hellocm_msgs/hellocm_msgs/msg/detail/ext2_cm__type_support.c
[17.247s] -- Installing: /home/ebrahim/formula-carmaker-fs_2025/FCM_Projects/FS_autonomous/ros/ros2_ws/install/hellocm_msgs/include/hellocm_msgs/hellocm_msgs/msg/detail/cm2_ext__type_support.h
[17.248s] -- Installing: /home/ebrahim/formula-carmaker-fs_2025/FCM_Projects/FS_autonomous/ros/ros2_ws/install/hellocm_msgs/include/hellocm_msgs/hellocm_msgs/msg/detail/ext2_cm__description.c
[17.248s] -- Installing: /home/ebrahim/formula-carmaker-fs_2025/FCM_Projects/FS_autonomous/ros/ros2_ws/install/hellocm_msgs/include/hellocm_msgs/hellocm_msgs/msg/detail/ext2_cm__functions.c
[17.248s] -- Installing: /home/ebrahim/formula-carmaker-fs_2025/FCM_Projects/FS_autonomous/ros/ros2_ws/install/hellocm_msgs/include/hellocm_msgs/hellocm_msgs/msg/detail/cm2_ext__functions.c
[17.248s] -- Installing: /home/ebrahim/formula-carmaker-fs_2025/FCM_Projects/FS_autonomous/ros/ros2_ws/install/hellocm_msgs/include/hellocm_msgs/hellocm_msgs/msg/ext2_cm.h
[17.248s] -- Installing: /home/ebrahim/formula-carmaker-fs_2025/FCM_Projects/FS_autonomous/ros/ros2_ws/install/hellocm_msgs/include/hellocm_msgs/hellocm_msgs/msg/rosidl_generator_c__visibility_control.h
[17.248s] -- Installing: /home/ebrahim/formula-carmaker-fs_2025/FCM_Projects/FS_autonomous/ros/ros2_ws/install/hellocm_msgs/include/hellocm_msgs/hellocm_msgs/msg/cm2_ext.h
[17.249s] -- Installing: /home/ebrahim/formula-carmaker-fs_2025/FCM_Projects/FS_autonomous/ros/ros2_ws/install/hellocm_msgs/share/hellocm_msgs/environment/library_path.sh
[17.249s] -- Installing: /home/ebrahim/formula-carmaker-fs_2025/FCM_Projects/FS_autonomous/ros/ros2_ws/install/hellocm_msgs/share/hellocm_msgs/environment/library_path.dsv
[17.249s] -- Installing: /home/ebrahim/formula-carmaker-fs_2025/FCM_Projects/FS_autonomous/ros/ros2_ws/install/hellocm_msgs/lib/libhellocm_msgs__rosidl_generator_c.so
[17.249s] -- Set non-toolchain portion of runtime path of "/home/ebrahim/formula-carmaker-fs_2025/FCM_Projects/FS_autonomous/ros/ros2_ws/install/hellocm_msgs/lib/libhellocm_msgs__rosidl_generator_c.so" to ""
[17.249s] -- Up-to-date: /home/ebrahim/formula-carmaker-fs_2025/FCM_Projects/FS_autonomous/ros/ros2_ws/install/hellocm_msgs/include/hellocm_msgs/hellocm_msgs
[17.250s] -- Up-to-date: /home/ebrahim/formula-carmaker-fs_2025/FCM_Projects/FS_autonomous/ros/ros2_ws/install/hellocm_msgs/include/hellocm_msgs/hellocm_msgs/srv
[17.250s] -- Up-to-date: /home/ebrahim/formula-carmaker-fs_2025/FCM_Projects/FS_autonomous/ros/ros2_ws/install/hellocm_msgs/include/hellocm_msgs/hellocm_msgs/srv/detail
[17.250s] -- Installing: /home/ebrahim/formula-carmaker-fs_2025/FCM_Projects/FS_autonomous/ros/ros2_ws/install/hellocm_msgs/include/hellocm_msgs/hellocm_msgs/srv/detail/init__rosidl_typesupport_fastrtps_c.h
[17.250s] -- Up-to-date: /home/ebrahim/formula-carmaker-fs_2025/FCM_Projects/FS_autonomous/ros/ros2_ws/install/hellocm_msgs/include/hellocm_msgs/hellocm_msgs/msg
[17.250s] -- Up-to-date: /home/ebrahim/formula-carmaker-fs_2025/FCM_Projects/FS_autonomous/ros/ros2_ws/install/hellocm_msgs/include/hellocm_msgs/hellocm_msgs/msg/detail
[17.251s] -- Installing: /home/ebrahim/formula-carmaker-fs_2025/FCM_Projects/FS_autonomous/ros/ros2_ws/install/hellocm_msgs/include/hellocm_msgs/hellocm_msgs/msg/detail/cm2_ext__rosidl_typesupport_fastrtps_c.h
[17.251s] -- Installing: /home/ebrahim/formula-carmaker-fs_2025/FCM_Projects/FS_autonomous/ros/ros2_ws/install/hellocm_msgs/include/hellocm_msgs/hellocm_msgs/msg/detail/ext2_cm__rosidl_typesupport_fastrtps_c.h
[17.251s] -- Installing: /home/ebrahim/formula-carmaker-fs_2025/FCM_Projects/FS_autonomous/ros/ros2_ws/install/hellocm_msgs/include/hellocm_msgs/hellocm_msgs/msg/rosidl_typesupport_fastrtps_c__visibility_control.h
[17.251s] -- Installing: /home/ebrahim/formula-carmaker-fs_2025/FCM_Projects/FS_autonomous/ros/ros2_ws/install/hellocm_msgs/lib/libhellocm_msgs__rosidl_typesupport_fastrtps_c.so
[17.252s] -- Set non-toolchain portion of runtime path of "/home/ebrahim/formula-carmaker-fs_2025/FCM_Projects/FS_autonomous/ros/ros2_ws/install/hellocm_msgs/lib/libhellocm_msgs__rosidl_typesupport_fastrtps_c.so" to ""
[17.252s] -- Up-to-date: /home/ebrahim/formula-carmaker-fs_2025/FCM_Projects/FS_autonomous/ros/ros2_ws/install/hellocm_msgs/include/hellocm_msgs/hellocm_msgs
[17.252s] -- Up-to-date: /home/ebrahim/formula-carmaker-fs_2025/FCM_Projects/FS_autonomous/ros/ros2_ws/install/hellocm_msgs/include/hellocm_msgs/hellocm_msgs/srv
[17.252s] -- Up-to-date: /home/ebrahim/formula-carmaker-fs_2025/FCM_Projects/FS_autonomous/ros/ros2_ws/install/hellocm_msgs/include/hellocm_msgs/hellocm_msgs/srv/detail
[17.252s] -- Installing: /home/ebrahim/formula-carmaker-fs_2025/FCM_Projects/FS_autonomous/ros/ros2_ws/install/hellocm_msgs/include/hellocm_msgs/hellocm_msgs/srv/detail/init__type_support.c
[17.253s] -- Installing: /home/ebrahim/formula-carmaker-fs_2025/FCM_Projects/FS_autonomous/ros/ros2_ws/install/hellocm_msgs/include/hellocm_msgs/hellocm_msgs/srv/detail/init__rosidl_typesupport_introspection_c.h
[17.253s] -- Up-to-date: /home/ebrahim/formula-carmaker-fs_2025/FCM_Projects/FS_autonomous/ros/ros2_ws/install/hellocm_msgs/include/hellocm_msgs/hellocm_msgs/msg
[17.253s] -- Up-to-date: /home/ebrahim/formula-carmaker-fs_2025/FCM_Projects/FS_autonomous/ros/ros2_ws/install/hellocm_msgs/include/hellocm_msgs/hellocm_msgs/msg/detail
[17.253s] -- Installing: /home/ebrahim/formula-carmaker-fs_2025/FCM_Projects/FS_autonomous/ros/ros2_ws/install/hellocm_msgs/include/hellocm_msgs/hellocm_msgs/msg/detail/cm2_ext__rosidl_typesupport_introspection_c.h
[17.253s] -- Installing: /home/ebrahim/formula-carmaker-fs_2025/FCM_Projects/FS_autonomous/ros/ros2_ws/install/hellocm_msgs/include/hellocm_msgs/hellocm_msgs/msg/detail/cm2_ext__type_support.c
[17.254s] -- Installing: /home/ebrahim/formula-carmaker-fs_2025/FCM_Projects/FS_autonomous/ros/ros2_ws/install/hellocm_msgs/include/hellocm_msgs/hellocm_msgs/msg/detail/ext2_cm__type_support.c
[17.254s] -- Installing: /home/ebrahim/formula-carmaker-fs_2025/FCM_Projects/FS_autonomous/ros/ros2_ws/install/hellocm_msgs/include/hellocm_msgs/hellocm_msgs/msg/detail/ext2_cm__rosidl_typesupport_introspection_c.h
[17.254s] -- Installing: /home/ebrahim/formula-carmaker-fs_2025/FCM_Projects/FS_autonomous/ros/ros2_ws/install/hellocm_msgs/include/hellocm_msgs/hellocm_msgs/msg/rosidl_typesupport_introspection_c__visibility_control.h
[17.254s] -- Installing: /home/ebrahim/formula-carmaker-fs_2025/FCM_Projects/FS_autonomous/ros/ros2_ws/install/hellocm_msgs/lib/libhellocm_msgs__rosidl_typesupport_introspection_c.so
[17.254s] -- Set non-toolchain portion of runtime path of "/home/ebrahim/formula-carmaker-fs_2025/FCM_Projects/FS_autonomous/ros/ros2_ws/install/hellocm_msgs/lib/libhellocm_msgs__rosidl_typesupport_introspection_c.so" to ""
[17.255s] -- Installing: /home/ebrahim/formula-carmaker-fs_2025/FCM_Projects/FS_autonomous/ros/ros2_ws/install/hellocm_msgs/lib/libhellocm_msgs__rosidl_typesupport_c.so
[17.255s] -- Set non-toolchain portion of runtime path of "/home/ebrahim/formula-carmaker-fs_2025/FCM_Projects/FS_autonomous/ros/ros2_ws/install/hellocm_msgs/lib/libhellocm_msgs__rosidl_typesupport_c.so" to ""
[17.255s] -- Up-to-date: /home/ebrahim/formula-carmaker-fs_2025/FCM_Projects/FS_autonomous/ros/ros2_ws/install/hellocm_msgs/include/hellocm_msgs/hellocm_msgs
[17.255s] -- Up-to-date: /home/ebrahim/formula-carmaker-fs_2025/FCM_Projects/FS_autonomous/ros/ros2_ws/install/hellocm_msgs/include/hellocm_msgs/hellocm_msgs/srv
[17.255s] -- Up-to-date: /home/ebrahim/formula-carmaker-fs_2025/FCM_Projects/FS_autonomous/ros/ros2_ws/install/hellocm_msgs/include/hellocm_msgs/hellocm_msgs/srv/detail
[17.256s] -- Installing: /home/ebrahim/formula-carmaker-fs_2025/FCM_Projects/FS_autonomous/ros/ros2_ws/install/hellocm_msgs/include/hellocm_msgs/hellocm_msgs/srv/detail/init__struct.hpp
[17.256s] -- Installing: /home/ebrahim/formula-carmaker-fs_2025/FCM_Projects/FS_autonomous/ros/ros2_ws/install/hellocm_msgs/include/hellocm_msgs/hellocm_msgs/srv/detail/init__builder.hpp
[17.256s] -- Installing: /home/ebrahim/formula-carmaker-fs_2025/FCM_Projects/FS_autonomous/ros/ros2_ws/install/hellocm_msgs/include/hellocm_msgs/hellocm_msgs/srv/detail/init__traits.hpp
[17.256s] -- Installing: /home/ebrahim/formula-carmaker-fs_2025/FCM_Projects/FS_autonomous/ros/ros2_ws/install/hellocm_msgs/include/hellocm_msgs/hellocm_msgs/srv/detail/init__type_support.hpp
[17.256s] -- Installing: /home/ebrahim/formula-carmaker-fs_2025/FCM_Projects/FS_autonomous/ros/ros2_ws/install/hellocm_msgs/include/hellocm_msgs/hellocm_msgs/srv/init.hpp
[17.257s] -- Up-to-date: /home/ebrahim/formula-carmaker-fs_2025/FCM_Projects/FS_autonomous/ros/ros2_ws/install/hellocm_msgs/include/hellocm_msgs/hellocm_msgs/msg
[17.257s] -- Up-to-date: /home/ebrahim/formula-carmaker-fs_2025/FCM_Projects/FS_autonomous/ros/ros2_ws/install/hellocm_msgs/include/hellocm_msgs/hellocm_msgs/msg/detail
[17.257s] -- Installing: /home/ebrahim/formula-carmaker-fs_2025/FCM_Projects/FS_autonomous/ros/ros2_ws/install/hellocm_msgs/include/hellocm_msgs/hellocm_msgs/msg/detail/cm2_ext__struct.hpp
[17.257s] -- Installing: /home/ebrahim/formula-carmaker-fs_2025/FCM_Projects/FS_autonomous/ros/ros2_ws/install/hellocm_msgs/include/hellocm_msgs/hellocm_msgs/msg/detail/ext2_cm__type_support.hpp
[17.257s] -- Installing: /home/ebrahim/formula-carmaker-fs_2025/FCM_Projects/FS_autonomous/ros/ros2_ws/install/hellocm_msgs/include/hellocm_msgs/hellocm_msgs/msg/detail/ext2_cm__builder.hpp
[17.258s] -- Installing: /home/ebrahim/formula-carmaker-fs_2025/FCM_Projects/FS_autonomous/ros/ros2_ws/install/hellocm_msgs/include/hellocm_msgs/hellocm_msgs/msg/detail/cm2_ext__builder.hpp
[17.258s] -- Installing: /home/ebrahim/formula-carmaker-fs_2025/FCM_Projects/FS_autonomous/ros/ros2_ws/install/hellocm_msgs/include/hellocm_msgs/hellocm_msgs/msg/detail/ext2_cm__struct.hpp
[17.258s] -- Installing: /home/ebrahim/formula-carmaker-fs_2025/FCM_Projects/FS_autonomous/ros/ros2_ws/install/hellocm_msgs/include/hellocm_msgs/hellocm_msgs/msg/detail/ext2_cm__traits.hpp
[17.258s] -- Installing: /home/ebrahim/formula-carmaker-fs_2025/FCM_Projects/FS_autonomous/ros/ros2_ws/install/hellocm_msgs/include/hellocm_msgs/hellocm_msgs/msg/detail/cm2_ext__type_support.hpp
[17.258s] -- Installing: /home/ebrahim/formula-carmaker-fs_2025/FCM_Projects/FS_autonomous/ros/ros2_ws/install/hellocm_msgs/include/hellocm_msgs/hellocm_msgs/msg/detail/cm2_ext__traits.hpp
[17.259s] -- Installing: /home/ebrahim/formula-carmaker-fs_2025/FCM_Projects/FS_autonomous/ros/ros2_ws/install/hellocm_msgs/include/hellocm_msgs/hellocm_msgs/msg/cm2_ext.hpp
[17.259s] -- Installing: /home/ebrahim/formula-carmaker-fs_2025/FCM_Projects/FS_autonomous/ros/ros2_ws/install/hellocm_msgs/include/hellocm_msgs/hellocm_msgs/msg/rosidl_generator_cpp__visibility_control.hpp
[17.259s] -- Installing: /home/ebrahim/formula-carmaker-fs_2025/FCM_Projects/FS_autonomous/ros/ros2_ws/install/hellocm_msgs/include/hellocm_msgs/hellocm_msgs/msg/ext2_cm.hpp
[17.259s] -- Up-to-date: /home/ebrahim/formula-carmaker-fs_2025/FCM_Projects/FS_autonomous/ros/ros2_ws/install/hellocm_msgs/include/hellocm_msgs/hellocm_msgs
[17.259s] -- Up-to-date: /home/ebrahim/formula-carmaker-fs_2025/FCM_Projects/FS_autonomous/ros/ros2_ws/install/hellocm_msgs/include/hellocm_msgs/hellocm_msgs/srv
[17.259s] -- Up-to-date: /home/ebrahim/formula-carmaker-fs_2025/FCM_Projects/FS_autonomous/ros/ros2_ws/install/hellocm_msgs/include/hellocm_msgs/hellocm_msgs/srv/detail
[17.259s] -- Installing: /home/ebrahim/formula-carmaker-fs_2025/FCM_Projects/FS_autonomous/ros/ros2_ws/install/hellocm_msgs/include/hellocm_msgs/hellocm_msgs/srv/detail/init__rosidl_typesupport_fastrtps_cpp.hpp
[17.260s] -- Installing: /home/ebrahim/formula-carmaker-fs_2025/FCM_Projects/FS_autonomous/ros/ros2_ws/install/hellocm_msgs/include/hellocm_msgs/hellocm_msgs/srv/detail/dds_fastrtps
[17.260s] -- Up-to-date: /home/ebrahim/formula-carmaker-fs_2025/FCM_Projects/FS_autonomous/ros/ros2_ws/install/hellocm_msgs/include/hellocm_msgs/hellocm_msgs/msg
[17.260s] -- Up-to-date: /home/ebrahim/formula-carmaker-fs_2025/FCM_Projects/FS_autonomous/ros/ros2_ws/install/hellocm_msgs/include/hellocm_msgs/hellocm_msgs/msg/detail
[17.260s] -- Installing: /home/ebrahim/formula-carmaker-fs_2025/FCM_Projects/FS_autonomous/ros/ros2_ws/install/hellocm_msgs/include/hellocm_msgs/hellocm_msgs/msg/detail/dds_fastrtps
[17.260s] -- Installing: /home/ebrahim/formula-carmaker-fs_2025/FCM_Projects/FS_autonomous/ros/ros2_ws/install/hellocm_msgs/include/hellocm_msgs/hellocm_msgs/msg/detail/cm2_ext__rosidl_typesupport_fastrtps_cpp.hpp
[17.260s] -- Installing: /home/ebrahim/formula-carmaker-fs_2025/FCM_Projects/FS_autonomous/ros/ros2_ws/install/hellocm_msgs/include/hellocm_msgs/hellocm_msgs/msg/detail/ext2_cm__rosidl_typesupport_fastrtps_cpp.hpp
[17.261s] -- Installing: /home/ebrahim/formula-carmaker-fs_2025/FCM_Projects/FS_autonomous/ros/ros2_ws/install/hellocm_msgs/include/hellocm_msgs/hellocm_msgs/msg/rosidl_typesupport_fastrtps_cpp__visibility_control.h
[17.261s] -- Installing: /home/ebrahim/formula-carmaker-fs_2025/FCM_Projects/FS_autonomous/ros/ros2_ws/install/hellocm_msgs/lib/libhellocm_msgs__rosidl_typesupport_fastrtps_cpp.so
[17.261s] -- Set non-toolchain portion of runtime path of "/home/ebrahim/formula-carmaker-fs_2025/FCM_Projects/FS_autonomous/ros/ros2_ws/install/hellocm_msgs/lib/libhellocm_msgs__rosidl_typesupport_fastrtps_cpp.so" to ""
[17.261s] -- Up-to-date: /home/ebrahim/formula-carmaker-fs_2025/FCM_Projects/FS_autonomous/ros/ros2_ws/install/hellocm_msgs/include/hellocm_msgs/hellocm_msgs
[17.261s] -- Up-to-date: /home/ebrahim/formula-carmaker-fs_2025/FCM_Projects/FS_autonomous/ros/ros2_ws/install/hellocm_msgs/include/hellocm_msgs/hellocm_msgs/srv
[17.261s] -- Up-to-date: /home/ebrahim/formula-carmaker-fs_2025/FCM_Projects/FS_autonomous/ros/ros2_ws/install/hellocm_msgs/include/hellocm_msgs/hellocm_msgs/srv/detail
[17.261s] -- Installing: /home/ebrahim/formula-carmaker-fs_2025/FCM_Projects/FS_autonomous/ros/ros2_ws/install/hellocm_msgs/include/hellocm_msgs/hellocm_msgs/srv/detail/init__type_support.cpp
[17.262s] -- Installing: /home/ebrahim/formula-carmaker-fs_2025/FCM_Projects/FS_autonomous/ros/ros2_ws/install/hellocm_msgs/include/hellocm_msgs/hellocm_msgs/srv/detail/init__rosidl_typesupport_introspection_cpp.hpp
[17.262s] -- Up-to-date: /home/ebrahim/formula-carmaker-fs_2025/FCM_Projects/FS_autonomous/ros/ros2_ws/install/hellocm_msgs/include/hellocm_msgs/hellocm_msgs/msg
[17.262s] -- Up-to-date: /home/ebrahim/formula-carmaker-fs_2025/FCM_Projects/FS_autonomous/ros/ros2_ws/install/hellocm_msgs/include/hellocm_msgs/hellocm_msgs/msg/detail
[17.262s] -- Installing: /home/ebrahim/formula-carmaker-fs_2025/FCM_Projects/FS_autonomous/ros/ros2_ws/install/hellocm_msgs/include/hellocm_msgs/hellocm_msgs/msg/detail/ext2_cm__type_support.cpp
[17.262s] -- Installing: /home/ebrahim/formula-carmaker-fs_2025/FCM_Projects/FS_autonomous/ros/ros2_ws/install/hellocm_msgs/include/hellocm_msgs/hellocm_msgs/msg/detail/cm2_ext__rosidl_typesupport_introspection_cpp.hpp
[17.262s] -- Installing: /home/ebrahim/formula-carmaker-fs_2025/FCM_Projects/FS_autonomous/ros/ros2_ws/install/hellocm_msgs/include/hellocm_msgs/hellocm_msgs/msg/detail/ext2_cm__rosidl_typesupport_introspection_cpp.hpp
[17.263s] -- Installing: /home/ebrahim/formula-carmaker-fs_2025/FCM_Projects/FS_autonomous/ros/ros2_ws/install/hellocm_msgs/include/hellocm_msgs/hellocm_msgs/msg/detail/cm2_ext__type_support.cpp
[17.263s] -- Installing: /home/ebrahim/formula-carmaker-fs_2025/FCM_Projects/FS_autonomous/ros/ros2_ws/install/hellocm_msgs/lib/libhellocm_msgs__rosidl_typesupport_introspection_cpp.so
[17.263s] -- Set non-toolchain portion of runtime path of "/home/ebrahim/formula-carmaker-fs_2025/FCM_Projects/FS_autonomous/ros/ros2_ws/install/hellocm_msgs/lib/libhellocm_msgs__rosidl_typesupport_introspection_cpp.so" to ""
[17.263s] -- Installing: /home/ebrahim/formula-carmaker-fs_2025/FCM_Projects/FS_autonomous/ros/ros2_ws/install/hellocm_msgs/lib/libhellocm_msgs__rosidl_typesupport_cpp.so
[17.263s] -- Set non-toolchain portion of runtime path of "/home/ebrahim/formula-carmaker-fs_2025/FCM_Projects/FS_autonomous/ros/ros2_ws/install/hellocm_msgs/lib/libhellocm_msgs__rosidl_typesupport_cpp.so" to ""
[17.263s] -- Installing: /home/ebrahim/formula-carmaker-fs_2025/FCM_Projects/FS_autonomous/ros/ros2_ws/install/hellocm_msgs/share/hellocm_msgs/environment/pythonpath.sh
[17.264s] -- Installing: /home/ebrahim/formula-carmaker-fs_2025/FCM_Projects/FS_autonomous/ros/ros2_ws/install/hellocm_msgs/share/hellocm_msgs/environment/pythonpath.dsv
[17.264s] -- Installing: /home/ebrahim/formula-carmaker-fs_2025/FCM_Projects/FS_autonomous/ros/ros2_ws/install/hellocm_msgs/lib/python3.12/site-packages/hellocm_msgs-0.1.0-py3.12.egg-info
[17.264s] -- Installing: /home/ebrahim/formula-carmaker-fs_2025/FCM_Projects/FS_autonomous/ros/ros2_ws/install/hellocm_msgs/lib/python3.12/site-packages/hellocm_msgs-0.1.0-py3.12.egg-info/SOURCES.txt
[17.264s] -- Installing: /home/ebrahim/formula-carmaker-fs_2025/FCM_Projects/FS_autonomous/ros/ros2_ws/install/hellocm_msgs/lib/python3.12/site-packages/hellocm_msgs-0.1.0-py3.12.egg-info/PKG-INFO
[17.264s] -- Installing: /home/ebrahim/formula-carmaker-fs_2025/FCM_Projects/FS_autonomous/ros/ros2_ws/install/hellocm_msgs/lib/python3.12/site-packages/hellocm_msgs-0.1.0-py3.12.egg-info/top_level.txt
[17.264s] -- Installing: /home/ebrahim/formula-carmaker-fs_2025/FCM_Projects/FS_autonomous/ros/ros2_ws/install/hellocm_msgs/lib/python3.12/site-packages/hellocm_msgs-0.1.0-py3.12.egg-info/dependency_links.txt
[17.265s] -- Installing: /home/ebrahim/formula-carmaker-fs_2025/FCM_Projects/FS_autonomous/ros/ros2_ws/install/hellocm_msgs/lib/python3.12/site-packages/hellocm_msgs
[17.265s] -- Installing: /home/ebrahim/formula-carmaker-fs_2025/FCM_Projects/FS_autonomous/ros/ros2_ws/install/hellocm_msgs/lib/python3.12/site-packages/hellocm_msgs/hellocm_msgs_s__rosidl_typesupport_c.so
[17.265s] -- Installing: /home/ebrahim/formula-carmaker-fs_2025/FCM_Projects/FS_autonomous/ros/ros2_ws/install/hellocm_msgs/lib/python3.12/site-packages/hellocm_msgs/_hellocm_msgs_s.ep.rosidl_typesupport_c.c
[17.265s] -- Installing: /home/ebrahim/formula-carmaker-fs_2025/FCM_Projects/FS_autonomous/ros/ros2_ws/install/hellocm_msgs/lib/python3.12/site-packages/hellocm_msgs/_hellocm_msgs_s.ep.rosidl_typesupport_introspection_c.c
[17.265s] -- Installing: /home/ebrahim/formula-carmaker-fs_2025/FCM_Projects/FS_autonomous/ros/ros2_ws/install/hellocm_msgs/lib/python3.12/site-packages/hellocm_msgs/hellocm_msgs_s__rosidl_typesupport_introspection_c.so
[17.265s] -- Installing: /home/ebrahim/formula-carmaker-fs_2025/FCM_Projects/FS_autonomous/ros/ros2_ws/install/hellocm_msgs/lib/python3.12/site-packages/hellocm_msgs/srv
[17.266s] -- Installing: /home/ebrahim/formula-carmaker-fs_2025/FCM_Projects/FS_autonomous/ros/ros2_ws/install/hellocm_msgs/lib/python3.12/site-packages/hellocm_msgs/srv/_init_s.c
[17.266s] -- Installing: /home/ebrahim/formula-carmaker-fs_2025/FCM_Projects/FS_autonomous/ros/ros2_ws/install/hellocm_msgs/lib/python3.12/site-packages/hellocm_msgs/srv/_init.py
[17.266s] -- Installing: /home/ebrahim/formula-carmaker-fs_2025/FCM_Projects/FS_autonomous/ros/ros2_ws/install/hellocm_msgs/lib/python3.12/site-packages/hellocm_msgs/srv/__init__.py
[17.266s] -- Installing: /home/ebrahim/formula-carmaker-fs_2025/FCM_Projects/FS_autonomous/ros/ros2_ws/install/hellocm_msgs/lib/python3.12/site-packages/hellocm_msgs/hellocm_msgs_s__rosidl_typesupport_fastrtps_c.so
[17.266s] -- Installing: /home/ebrahim/formula-carmaker-fs_2025/FCM_Projects/FS_autonomous/ros/ros2_ws/install/hellocm_msgs/lib/python3.12/site-packages/hellocm_msgs/msg
[17.266s] -- Installing: /home/ebrahim/formula-carmaker-fs_2025/FCM_Projects/FS_autonomous/ros/ros2_ws/install/hellocm_msgs/lib/python3.12/site-packages/hellocm_msgs/msg/_cm2_ext_s.c
[17.266s] -- Installing: /home/ebrahim/formula-carmaker-fs_2025/FCM_Projects/FS_autonomous/ros/ros2_ws/install/hellocm_msgs/lib/python3.12/site-packages/hellocm_msgs/msg/_ext2_cm.py
[17.267s] -- Installing: /home/ebrahim/formula-carmaker-fs_2025/FCM_Projects/FS_autonomous/ros/ros2_ws/install/hellocm_msgs/lib/python3.12/site-packages/hellocm_msgs/msg/_cm2_ext.py
[17.267s] -- Installing: /home/ebrahim/formula-carmaker-fs_2025/FCM_Projects/FS_autonomous/ros/ros2_ws/install/hellocm_msgs/lib/python3.12/site-packages/hellocm_msgs/msg/_ext2_cm_s.c
[17.267s] -- Installing: /home/ebrahim/formula-carmaker-fs_2025/FCM_Projects/FS_autonomous/ros/ros2_ws/install/hellocm_msgs/lib/python3.12/site-packages/hellocm_msgs/msg/__init__.py
[17.267s] -- Installing: /home/ebrahim/formula-carmaker-fs_2025/FCM_Projects/FS_autonomous/ros/ros2_ws/install/hellocm_msgs/lib/python3.12/site-packages/hellocm_msgs/__init__.py
[17.267s] -- Installing: /home/ebrahim/formula-carmaker-fs_2025/FCM_Projects/FS_autonomous/ros/ros2_ws/install/hellocm_msgs/lib/python3.12/site-packages/hellocm_msgs/_hellocm_msgs_s.ep.rosidl_typesupport_fastrtps_c.c
[17.324s] Listing '/home/ebrahim/formula-carmaker-fs_2025/FCM_Projects/FS_autonomous/ros/ros2_ws/install/hellocm_msgs/lib/python3.12/site-packages/hellocm_msgs'...
[17.324s] Compiling '/home/ebrahim/formula-carmaker-fs_2025/FCM_Projects/FS_autonomous/ros/ros2_ws/install/hellocm_msgs/lib/python3.12/site-packages/hellocm_msgs/__init__.py'...
[17.324s] Listing '/home/ebrahim/formula-carmaker-fs_2025/FCM_Projects/FS_autonomous/ros/ros2_ws/install/hellocm_msgs/lib/python3.12/site-packages/hellocm_msgs/msg'...
[17.324s] Compiling '/home/ebrahim/formula-carmaker-fs_2025/FCM_Projects/FS_autonomous/ros/ros2_ws/install/hellocm_msgs/lib/python3.12/site-packages/hellocm_msgs/msg/__init__.py'...
[17.324s] Compiling '/home/ebrahim/formula-carmaker-fs_2025/FCM_Projects/FS_autonomous/ros/ros2_ws/install/hellocm_msgs/lib/python3.12/site-packages/hellocm_msgs/msg/_cm2_ext.py'...
[17.324s] Compiling '/home/ebrahim/formula-carmaker-fs_2025/FCM_Projects/FS_autonomous/ros/ros2_ws/install/hellocm_msgs/lib/python3.12/site-packages/hellocm_msgs/msg/_ext2_cm.py'...
[17.324s] Listing '/home/ebrahim/formula-carmaker-fs_2025/FCM_Projects/FS_autonomous/ros/ros2_ws/install/hellocm_msgs/lib/python3.12/site-packages/hellocm_msgs/srv'...
[17.325s] Compiling '/home/ebrahim/formula-carmaker-fs_2025/FCM_Projects/FS_autonomous/ros/ros2_ws/install/hellocm_msgs/lib/python3.12/site-packages/hellocm_msgs/srv/__init__.py'...
[17.325s] Compiling '/home/ebrahim/formula-carmaker-fs_2025/FCM_Projects/FS_autonomous/ros/ros2_ws/install/hellocm_msgs/lib/python3.12/site-packages/hellocm_msgs/srv/_init.py'...
[17.332s] -- Installing: /home/ebrahim/formula-carmaker-fs_2025/FCM_Projects/FS_autonomous/ros/ros2_ws/install/hellocm_msgs/lib/python3.12/site-packages/hellocm_msgs/hellocm_msgs_s__rosidl_typesupport_fastrtps_c.so
[17.333s] -- Set non-toolchain portion of runtime path of "/home/ebrahim/formula-carmaker-fs_2025/FCM_Projects/FS_autonomous/ros/ros2_ws/install/hellocm_msgs/lib/python3.12/site-packages/hellocm_msgs/hellocm_msgs_s__rosidl_typesupport_fastrtps_c.so" to ""
[17.333s] -- Installing: /home/ebrahim/formula-carmaker-fs_2025/FCM_Projects/FS_autonomous/ros/ros2_ws/install/hellocm_msgs/lib/python3.12/site-packages/hellocm_msgs/hellocm_msgs_s__rosidl_typesupport_introspection_c.so
[17.333s] -- Set non-toolchain portion of runtime path of "/home/ebrahim/formula-carmaker-fs_2025/FCM_Projects/FS_autonomous/ros/ros2_ws/install/hellocm_msgs/lib/python3.12/site-packages/hellocm_msgs/hellocm_msgs_s__rosidl_typesupport_introspection_c.so" to ""
[17.333s] -- Installing: /home/ebrahim/formula-carmaker-fs_2025/FCM_Projects/FS_autonomous/ros/ros2_ws/install/hellocm_msgs/lib/python3.12/site-packages/hellocm_msgs/hellocm_msgs_s__rosidl_typesupport_c.so
[17.333s] -- Set non-toolchain portion of runtime path of "/home/ebrahim/formula-carmaker-fs_2025/FCM_Projects/FS_autonomous/ros/ros2_ws/install/hellocm_msgs/lib/python3.12/site-packages/hellocm_msgs/hellocm_msgs_s__rosidl_typesupport_c.so" to ""
[17.334s] -- Installing: /home/ebrahim/formula-carmaker-fs_2025/FCM_Projects/FS_autonomous/ros/ros2_ws/install/hellocm_msgs/lib/libhellocm_msgs__rosidl_generator_py.so
[17.334s] -- Set non-toolchain portion of runtime path of "/home/ebrahim/formula-carmaker-fs_2025/FCM_Projects/FS_autonomous/ros/ros2_ws/install/hellocm_msgs/lib/libhellocm_msgs__rosidl_generator_py.so" to ""
[17.334s] -- Installing: /home/ebrahim/formula-carmaker-fs_2025/FCM_Projects/FS_autonomous/ros/ros2_ws/install/hellocm_msgs/share/hellocm_msgs/msg/CM2Ext.idl
[17.334s] -- Installing: /home/ebrahim/formula-carmaker-fs_2025/FCM_Projects/FS_autonomous/ros/ros2_ws/install/hellocm_msgs/share/hellocm_msgs/msg/Ext2CM.idl
[17.334s] -- Installing: /home/ebrahim/formula-carmaker-fs_2025/FCM_Projects/FS_autonomous/ros/ros2_ws/install/hellocm_msgs/share/hellocm_msgs/srv/Init.idl
[17.335s] -- Installing: /home/ebrahim/formula-carmaker-fs_2025/FCM_Projects/FS_autonomous/ros/ros2_ws/install/hellocm_msgs/share/hellocm_msgs/msg/CM2Ext.msg
[17.335s] -- Installing: /home/ebrahim/formula-carmaker-fs_2025/FCM_Projects/FS_autonomous/ros/ros2_ws/install/hellocm_msgs/share/hellocm_msgs/msg/Ext2CM.msg
[17.335s] -- Installing: /home/ebrahim/formula-carmaker-fs_2025/FCM_Projects/FS_autonomous/ros/ros2_ws/install/hellocm_msgs/share/hellocm_msgs/srv/Init.srv
[17.335s] -- Installing: /home/ebrahim/formula-carmaker-fs_2025/FCM_Projects/FS_autonomous/ros/ros2_ws/install/hellocm_msgs/share/ament_index/resource_index/package_run_dependencies/hellocm_msgs
[17.335s] -- Installing: /home/ebrahim/formula-carmaker-fs_2025/FCM_Projects/FS_autonomous/ros/ros2_ws/install/hellocm_msgs/share/ament_index/resource_index/parent_prefix_path/hellocm_msgs
[17.335s] -- Installing: /home/ebrahim/formula-carmaker-fs_2025/FCM_Projects/FS_autonomous/ros/ros2_ws/install/hellocm_msgs/share/hellocm_msgs/environment/ament_prefix_path.sh
[17.336s] -- Installing: /home/ebrahim/formula-carmaker-fs_2025/FCM_Projects/FS_autonomous/ros/ros2_ws/install/hellocm_msgs/share/hellocm_msgs/environment/ament_prefix_path.dsv
[17.336s] -- Installing: /home/ebrahim/formula-carmaker-fs_2025/FCM_Projects/FS_autonomous/ros/ros2_ws/install/hellocm_msgs/share/hellocm_msgs/environment/path.sh
[17.336s] -- Installing: /home/ebrahim/formula-carmaker-fs_2025/FCM_Projects/FS_autonomous/ros/ros2_ws/install/hellocm_msgs/share/hellocm_msgs/environment/path.dsv
[17.336s] -- Installing: /home/ebrahim/formula-carmaker-fs_2025/FCM_Projects/FS_autonomous/ros/ros2_ws/install/hellocm_msgs/share/hellocm_msgs/local_setup.bash
[17.336s] -- Installing: /home/ebrahim/formula-carmaker-fs_2025/FCM_Projects/FS_autonomous/ros/ros2_ws/install/hellocm_msgs/share/hellocm_msgs/local_setup.sh
[17.336s] -- Installing: /home/ebrahim/formula-carmaker-fs_2025/FCM_Projects/FS_autonomous/ros/ros2_ws/install/hellocm_msgs/share/hellocm_msgs/local_setup.zsh
[17.337s] -- Installing: /home/ebrahim/formula-carmaker-fs_2025/FCM_Projects/FS_autonomous/ros/ros2_ws/install/hellocm_msgs/share/hellocm_msgs/local_setup.dsv
[17.337s] -- Installing: /home/ebrahim/formula-carmaker-fs_2025/FCM_Projects/FS_autonomous/ros/ros2_ws/install/hellocm_msgs/share/hellocm_msgs/package.dsv
[17.337s] -- Installing: /home/ebrahim/formula-carmaker-fs_2025/FCM_Projects/FS_autonomous/ros/ros2_ws/install/hellocm_msgs/share/ament_index/resource_index/packages/hellocm_msgs
[17.337s] -- Installing: /home/ebrahim/formula-carmaker-fs_2025/FCM_Projects/FS_autonomous/ros/ros2_ws/install/hellocm_msgs/share/hellocm_msgs/cmake/export_hellocm_msgs__rosidl_generator_cExport.cmake
[17.337s] -- Installing: /home/ebrahim/formula-carmaker-fs_2025/FCM_Projects/FS_autonomous/ros/ros2_ws/install/hellocm_msgs/share/hellocm_msgs/cmake/export_hellocm_msgs__rosidl_generator_cExport-noconfig.cmake
[17.338s] -- Installing: /home/ebrahim/formula-carmaker-fs_2025/FCM_Projects/FS_autonomous/ros/ros2_ws/install/hellocm_msgs/share/hellocm_msgs/cmake/export_hellocm_msgs__rosidl_typesupport_fastrtps_cExport.cmake
[17.338s] -- Installing: /home/ebrahim/formula-carmaker-fs_2025/FCM_Projects/FS_autonomous/ros/ros2_ws/install/hellocm_msgs/share/hellocm_msgs/cmake/export_hellocm_msgs__rosidl_typesupport_fastrtps_cExport-noconfig.cmake
[17.338s] -- Installing: /home/ebrahim/formula-carmaker-fs_2025/FCM_Projects/FS_autonomous/ros/ros2_ws/install/hellocm_msgs/share/hellocm_msgs/cmake/hellocm_msgs__rosidl_typesupport_introspection_cExport.cmake
[17.338s] -- Installing: /home/ebrahim/formula-carmaker-fs_2025/FCM_Projects/FS_autonomous/ros/ros2_ws/install/hellocm_msgs/share/hellocm_msgs/cmake/hellocm_msgs__rosidl_typesupport_introspection_cExport-noconfig.cmake
[17.338s] -- Installing: /home/ebrahim/formula-carmaker-fs_2025/FCM_Projects/FS_autonomous/ros/ros2_ws/install/hellocm_msgs/share/hellocm_msgs/cmake/hellocm_msgs__rosidl_typesupport_cExport.cmake
[17.338s] -- Installing: /home/ebrahim/formula-carmaker-fs_2025/FCM_Projects/FS_autonomous/ros/ros2_ws/install/hellocm_msgs/share/hellocm_msgs/cmake/hellocm_msgs__rosidl_typesupport_cExport-noconfig.cmake
[17.339s] -- Installing: /home/ebrahim/formula-carmaker-fs_2025/FCM_Projects/FS_autonomous/ros/ros2_ws/install/hellocm_msgs/share/hellocm_msgs/cmake/export_hellocm_msgs__rosidl_generator_cppExport.cmake
[17.339s] -- Installing: /home/ebrahim/formula-carmaker-fs_2025/FCM_Projects/FS_autonomous/ros/ros2_ws/install/hellocm_msgs/share/hellocm_msgs/cmake/export_hellocm_msgs__rosidl_typesupport_fastrtps_cppExport.cmake
[17.339s] -- Installing: /home/ebrahim/formula-carmaker-fs_2025/FCM_Projects/FS_autonomous/ros/ros2_ws/install/hellocm_msgs/share/hellocm_msgs/cmake/export_hellocm_msgs__rosidl_typesupport_fastrtps_cppExport-noconfig.cmake
[17.339s] -- Installing: /home/ebrahim/formula-carmaker-fs_2025/FCM_Projects/FS_autonomous/ros/ros2_ws/install/hellocm_msgs/share/hellocm_msgs/cmake/hellocm_msgs__rosidl_typesupport_introspection_cppExport.cmake
[17.339s] -- Installing: /home/ebrahim/formula-carmaker-fs_2025/FCM_Projects/FS_autonomous/ros/ros2_ws/install/hellocm_msgs/share/hellocm_msgs/cmake/hellocm_msgs__rosidl_typesupport_introspection_cppExport-noconfig.cmake
[17.340s] -- Installing: /home/ebrahim/formula-carmaker-fs_2025/FCM_Projects/FS_autonomous/ros/ros2_ws/install/hellocm_msgs/share/hellocm_msgs/cmake/hellocm_msgs__rosidl_typesupport_cppExport.cmake
[17.340s] -- Installing: /home/ebrahim/formula-carmaker-fs_2025/FCM_Projects/FS_autonomous/ros/ros2_ws/install/hellocm_msgs/share/hellocm_msgs/cmake/hellocm_msgs__rosidl_typesupport_cppExport-noconfig.cmake
[17.340s] -- Installing: /home/ebrahim/formula-carmaker-fs_2025/FCM_Projects/FS_autonomous/ros/ros2_ws/install/hellocm_msgs/share/hellocm_msgs/cmake/export_hellocm_msgs__rosidl_generator_pyExport.cmake
[17.340s] -- Installing: /home/ebrahim/formula-carmaker-fs_2025/FCM_Projects/FS_autonomous/ros/ros2_ws/install/hellocm_msgs/share/hellocm_msgs/cmake/export_hellocm_msgs__rosidl_generator_pyExport-noconfig.cmake
[17.340s] -- Installing: /home/ebrahim/formula-carmaker-fs_2025/FCM_Projects/FS_autonomous/ros/ros2_ws/install/hellocm_msgs/share/hellocm_msgs/cmake/rosidl_cmake-extras.cmake
[17.340s] -- Installing: /home/ebrahim/formula-carmaker-fs_2025/FCM_Projects/FS_autonomous/ros/ros2_ws/install/hellocm_msgs/share/hellocm_msgs/cmake/ament_cmake_export_dependencies-extras.cmake
[17.340s] -- Installing: /home/ebrahim/formula-carmaker-fs_2025/FCM_Projects/FS_autonomous/ros/ros2_ws/install/hellocm_msgs/share/hellocm_msgs/cmake/ament_cmake_export_include_directories-extras.cmake
[17.341s] -- Installing: /home/ebrahim/formula-carmaker-fs_2025/FCM_Projects/FS_autonomous/ros/ros2_ws/install/hellocm_msgs/share/hellocm_msgs/cmake/ament_cmake_export_libraries-extras.cmake
[17.341s] -- Installing: /home/ebrahim/formula-carmaker-fs_2025/FCM_Projects/FS_autonomous/ros/ros2_ws/install/hellocm_msgs/share/hellocm_msgs/cmake/ament_cmake_export_targets-extras.cmake
[17.341s] -- Installing: /home/ebrahim/formula-carmaker-fs_2025/FCM_Projects/FS_autonomous/ros/ros2_ws/install/hellocm_msgs/share/hellocm_msgs/cmake/rosidl_cmake_export_typesupport_targets-extras.cmake
[17.341s] -- Installing: /home/ebrahim/formula-carmaker-fs_2025/FCM_Projects/FS_autonomous/ros/ros2_ws/install/hellocm_msgs/share/hellocm_msgs/cmake/rosidl_cmake_export_typesupport_libraries-extras.cmake
[17.341s] -- Installing: /home/ebrahim/formula-carmaker-fs_2025/FCM_Projects/FS_autonomous/ros/ros2_ws/install/hellocm_msgs/share/hellocm_msgs/cmake/hellocm_msgsConfig.cmake
[17.341s] -- Installing: /home/ebrahim/formula-carmaker-fs_2025/FCM_Projects/FS_autonomous/ros/ros2_ws/install/hellocm_msgs/share/hellocm_msgs/cmake/hellocm_msgsConfig-version.cmake
[17.342s] -- Installing: /home/ebrahim/formula-carmaker-fs_2025/FCM_Projects/FS_autonomous/ros/ros2_ws/install/hellocm_msgs/share/hellocm_msgs/package.xml
[17.342s] Invoked command in '/home/ebrahim/formula-carmaker-fs_2025/FCM_Projects/FS_autonomous/ros/ros2_ws/build/hellocm_msgs' returned '0': CMAKE_PREFIX_PATH=${CMAKE_PREFIX_PATH}:/opt/ros/jazzy DEBUGINFOD_URLS=https://debuginfod.ubuntu.com /usr/bin/cmake --install /home/ebrahim/formula-carmaker-fs_2025/FCM_Projects/FS_autonomous/ros/ros2_ws/build/hellocm_msgs
