[0.023s] Invoking command in '/home/ebrahim/formula-carmaker-fs_2025/FCM_Projects/FS_autonomous/ros/ros2_ws/build/cmrosutils': CMAKE_PREFIX_PATH=${CMAKE_PREFIX_PATH}:/opt/ros/jazzy DEBUGINFOD_URLS=https://debuginfod.ubuntu.com /usr/bin/cmake /home/ebrahim/formula-carmaker-fs_2025/FCM_Projects/FS_autonomous/ros/ros2_ws/src/cmrosutils -DCARMAKER_VER:STRING=14.1.1 -DCARMAKER_DIR:PATH=/opt/ipg/carmaker/linux64-14.1.1 --no-warn-unused-cli -DCMAKE_INSTALL_PREFIX=/home/ebrahim/formula-carmaker-fs_2025/FCM_Projects/FS_autonomous/ros/ros2_ws/install/cmrosutils
[0.046s] Not searching for unused variables given on the command line.
[0.105s] -- The C compiler identification is GNU 12.4.0
[0.212s] -- The CXX compiler identification is GNU 12.4.0
[0.228s] -- Detecting C compiler ABI info
[0.307s] -- Detecting C compiler ABI info - done
[0.316s] -- Check for working C compiler: /usr/bin/cc - skipped
[0.317s] -- Detecting C compile features
[0.317s] -- Detecting C compile features - done
[0.324s] -- Detecting CXX compiler ABI info
[0.409s] -- Detecting CXX compiler ABI info - done
[0.426s] -- Check for working CXX compiler: /usr/bin/c++ - skipped
[0.427s] -- Detecting CXX compile features
[0.427s] -- Detecting CXX compile features - done
[0.433s] -- Found ament_cmake: 2.5.4 (/opt/ros/jazzy/share/ament_cmake/cmake)
[0.727s] -- Found Python3: /usr/bin/python3 (found version "3.12.3") found components: Interpreter 
[0.849s] -- Found rclcpp: 28.1.13 (/opt/ros/jazzy/share/rclcpp/cmake)
[0.909s] -- Found rosidl_generator_c: 4.6.6 (/opt/ros/jazzy/share/rosidl_generator_c/cmake)
[0.928s] -- Found rosidl_generator_cpp: 4.6.6 (/opt/ros/jazzy/share/rosidl_generator_cpp/cmake)
[0.951s] -- Using all available rosidl_typesupport_c: rosidl_typesupport_fastrtps_c;rosidl_typesupport_introspection_c
[0.973s] -- Using all available rosidl_typesupport_cpp: rosidl_typesupport_fastrtps_cpp;rosidl_typesupport_introspection_cpp
[1.089s] -- Found rmw_implementation_cmake: 7.3.2 (/opt/ros/jazzy/share/rmw_implementation_cmake/cmake)
[1.095s] -- Found rmw_zenoh_cpp: 0.2.9 (/opt/ros/jazzy/share/rmw_zenoh_cpp/cmake)
[1.096s] -- Using RMW implementation 'rmw_zenoh_cpp' as default
[1.207s] -- Found rosidl_default_generators: 1.6.0 (/opt/ros/jazzy/share/rosidl_default_generators/cmake)
[1.226s] -- Found rosidl_adapter: 4.6.6 (/opt/ros/jazzy/share/rosidl_adapter/cmake)
[2.267s] -- Found ament_cmake_ros: 0.12.0 (/opt/ros/jazzy/share/ament_cmake_ros/cmake)
[3.689s] -- Using all available rosidl_typesupport_c: rosidl_typesupport_fastrtps_c;rosidl_typesupport_introspection_c
[4.275s] -- Using all available rosidl_typesupport_cpp: rosidl_typesupport_fastrtps_cpp;rosidl_typesupport_introspection_cpp
[4.278s] -- Found python_cmake_module: 0.11.1 (/opt/ros/jazzy/share/python_cmake_module/cmake)
[4.556s] -- Found PythonExtra: /usr/bin/python3  
[5.390s] -- Found Python3: /usr/bin/python3 (found version "3.12.3") found components: Interpreter Development NumPy Development.Module Development.Embed 
[5.491s] -- Found ament_lint_auto: 0.17.3 (/opt/ros/jazzy/share/ament_lint_auto/cmake)
[5.582s] -- Added test 'copyright' to check source files copyright and LICENSE
[5.585s] -- Added test 'cppcheck' to perform static code analysis on C / C++ code
[5.586s] -- Configured cppcheck include dirs: $<BUILD_INTERFACE:/home/ebrahim/formula-carmaker-fs_2025/FCM_Projects/FS_autonomous/ros/ros2_ws/src/cmrosutils/include>
[5.586s] -- Configured cppcheck exclude dirs and/or files: 
[5.588s] -- Added test 'cpplint' to check C / C++ code against the Google style
[5.588s] -- Configured cpplint exclude dirs and/or files: 
[5.589s] -- Added test 'lint_cmake' to check CMake code style
[5.591s] -- Added test 'uncrustify' to check C / C++ code style
[5.591s] -- Configured uncrustify additional arguments: 
[5.592s] -- Added test 'xmllint' to check XML markup files
[5.595s] -- Configuring done (5.5s)
[5.631s] -- Generating done (0.0s)
[5.644s] -- Build files have been written to: /home/ebrahim/formula-carmaker-fs_2025/FCM_Projects/FS_autonomous/ros/ros2_ws/build/cmrosutils
[5.656s] Invoked command in '/home/ebrahim/formula-carmaker-fs_2025/FCM_Projects/FS_autonomous/ros/ros2_ws/build/cmrosutils' returned '0': CMAKE_PREFIX_PATH=${CMAKE_PREFIX_PATH}:/opt/ros/jazzy DEBUGINFOD_URLS=https://debuginfod.ubuntu.com /usr/bin/cmake /home/ebrahim/formula-carmaker-fs_2025/FCM_Projects/FS_autonomous/ros/ros2_ws/src/cmrosutils -DCARMAKER_VER:STRING=14.1.1 -DCARMAKER_DIR:PATH=/opt/ipg/carmaker/linux64-14.1.1 --no-warn-unused-cli -DCMAKE_INSTALL_PREFIX=/home/ebrahim/formula-carmaker-fs_2025/FCM_Projects/FS_autonomous/ros/ros2_ws/install/cmrosutils
[5.657s] Invoking command in '/home/ebrahim/formula-carmaker-fs_2025/FCM_Projects/FS_autonomous/ros/ros2_ws/build/cmrosutils': CMAKE_PREFIX_PATH=${CMAKE_PREFIX_PATH}:/opt/ros/jazzy DEBUGINFOD_URLS=https://debuginfod.ubuntu.com /usr/bin/cmake --build /home/ebrahim/formula-carmaker-fs_2025/FCM_Projects/FS_autonomous/ros/ros2_ws/build/cmrosutils -- -j12 -l12
[5.701s] [  2%] [34m[1mGenerating type hashes for ROS interfaces[0m
[5.709s] [  2%] Built target ament_cmake_python_copy_cmrosutils
[6.093s] [  2%] Built target cmrosutils__rosidl_generator_type_description
[6.109s] [  5%] [34m[1mGenerating C code for ROS interfaces[0m
[6.125s] [  8%] [34m[1mGenerating C++ code for ROS interfaces[0m
[6.158s] running egg_info
[6.161s] creating cmrosutils.egg-info
[6.412s] writing cmrosutils.egg-info/PKG-INFO
[6.412s] writing dependency_links to cmrosutils.egg-info/dependency_links.txt
[6.412s] writing top-level names to cmrosutils.egg-info/top_level.txt
[6.412s] writing manifest file 'cmrosutils.egg-info/SOURCES.txt'
[6.563s] reading manifest file 'cmrosutils.egg-info/SOURCES.txt'
[6.564s] writing manifest file 'cmrosutils.egg-info/SOURCES.txt'
[6.599s] [  8%] Built target ament_cmake_python_build_cmrosutils_egg
[6.746s] [ 16%] [32mBuilding C object CMakeFiles/cmrosutils__rosidl_generator_c.dir/rosidl_generator_c/cmrosutils/srv/detail/cm_remote_control__type_support.c.o[0m
[6.746s] [ 16%] [32mBuilding C object CMakeFiles/cmrosutils__rosidl_generator_c.dir/rosidl_generator_c/cmrosutils/srv/detail/cm_remote_control__description.c.o[0m
[6.746s] [ 16%] [32mBuilding C object CMakeFiles/cmrosutils__rosidl_generator_c.dir/rosidl_generator_c/cmrosutils/srv/detail/cm_remote_control__functions.c.o[0m
[6.799s] [ 16%] Built target cmrosutils__cpp
[6.897s] [ 19%] [32m[1mLinking C shared library libcmrosutils__rosidl_generator_c.so[0m
[6.957s] [ 19%] Built target cmrosutils__rosidl_generator_c
[6.971s] [ 25%] [34m[1mGenerating C type support dispatch for ROS interfaces[0m
[6.971s] [ 25%] [34m[1mGenerating C introspection for ROS interfaces[0m
[6.973s] [ 27%] [34m[1mGenerating C++ introspection for ROS interfaces[0m
[6.975s] [ 30%] [34m[1mGenerating C++ type support for eProsima Fast-RTPS[0m
[6.975s] [ 33%] [34m[1mGenerating C type support for eProsima Fast-RTPS[0m
[6.978s] [ 36%] [34m[1mGenerating C++ type support dispatch for ROS interfaces[0m
[8.113s] [ 38%] [32mBuilding CXX object CMakeFiles/cmrosutils__rosidl_typesupport_c.dir/rosidl_typesupport_c/cmrosutils/srv/cm_remote_control__type_support.cpp.o[0m
[8.125s] [ 41%] [32mBuilding CXX object CMakeFiles/cmrosutils__rosidl_typesupport_introspection_cpp.dir/rosidl_typesupport_introspection_cpp/cmrosutils/srv/detail/cm_remote_control__type_support.cpp.o[0m
[8.304s] [ 44%] [32mBuilding C object CMakeFiles/cmrosutils__rosidl_typesupport_introspection_c.dir/rosidl_typesupport_introspection_c/cmrosutils/srv/detail/cm_remote_control__type_support.c.o[0m
[8.330s] [ 47%] [32m[1mLinking CXX shared library libcmrosutils__rosidl_typesupport_c.so[0m
[8.340s] [ 50%] [32mBuilding CXX object CMakeFiles/cmrosutils__rosidl_typesupport_cpp.dir/rosidl_typesupport_cpp/cmrosutils/srv/cm_remote_control__type_support.cpp.o[0m
[8.414s] [ 52%] [32mBuilding CXX object CMakeFiles/cmrosutils__rosidl_typesupport_fastrtps_c.dir/rosidl_typesupport_fastrtps_c/cmrosutils/srv/detail/cm_remote_control__type_support_c.cpp.o[0m
[8.444s] [ 55%] [32mBuilding CXX object CMakeFiles/cmrosutils__rosidl_typesupport_fastrtps_cpp.dir/rosidl_typesupport_fastrtps_cpp/cmrosutils/srv/detail/dds_fastrtps/cm_remote_control__type_support.cpp.o[0m
[8.489s] [ 55%] Built target cmrosutils__rosidl_typesupport_c
[8.510s] [ 58%] [32m[1mLinking C shared library libcmrosutils__rosidl_typesupport_introspection_c.so[0m
[8.627s] [ 58%] Built target cmrosutils__rosidl_typesupport_introspection_c
[10.218s] [ 61%] [32m[1mLinking CXX shared library libcmrosutils__rosidl_typesupport_introspection_cpp.so[0m
[10.336s] [ 63%] [32m[1mLinking CXX shared library libcmrosutils__rosidl_typesupport_cpp.so[0m
[10.469s] [ 63%] Built target cmrosutils__rosidl_typesupport_introspection_cpp
[10.534s] [ 63%] Built target cmrosutils__rosidl_typesupport_cpp
[10.565s] [ 66%] [32m[1mLinking CXX shared library libcmrosutils__rosidl_typesupport_fastrtps_c.so[0m
[10.592s] [ 69%] [32mBuilding CXX object CMakeFiles/cmrosif.dir/src/cmrosif.cpp.o[0m
[10.758s] [ 69%] Built target cmrosutils__rosidl_typesupport_fastrtps_c
[11.042s] [ 72%] [32m[1mLinking CXX shared library libcmrosutils__rosidl_typesupport_fastrtps_cpp.so[0m
[11.166s] [ 72%] Built target cmrosutils__rosidl_typesupport_fastrtps_cpp
[11.186s] [ 72%] Built target cmrosutils
[11.207s] [ 75%] [34m[1mGenerating Python code for ROS interfaces[0m
[11.672s] [ 75%] Built target cmrosutils__py
[11.696s] [ 77%] [32mBuilding C object CMakeFiles/cmrosutils__rosidl_generator_py.dir/rosidl_generator_py/cmrosutils/srv/_cm_remote_control_s.c.o[0m
[11.943s] [ 80%] [32m[1mLinking C shared library libcmrosutils__rosidl_generator_py.so[0m
[11.979s] [ 80%] Built target cmrosutils__rosidl_generator_py
[12.002s] [ 83%] [32mBuilding C object CMakeFiles/cmrosutils_s__rosidl_typesupport_c.dir/rosidl_generator_py/cmrosutils/_cmrosutils_s.ep.rosidl_typesupport_c.c.o[0m
[12.004s] [ 86%] [32mBuilding C object CMakeFiles/cmrosutils_s__rosidl_typesupport_fastrtps_c.dir/rosidl_generator_py/cmrosutils/_cmrosutils_s.ep.rosidl_typesupport_fastrtps_c.c.o[0m
[12.007s] [ 88%] [32mBuilding C object CMakeFiles/cmrosutils_s__rosidl_typesupport_introspection_c.dir/rosidl_generator_py/cmrosutils/_cmrosutils_s.ep.rosidl_typesupport_introspection_c.c.o[0m
[12.173s] [ 91%] [32m[1mLinking C shared module rosidl_generator_py/cmrosutils/cmrosutils_s__rosidl_typesupport_fastrtps_c.so[0m
[12.181s] [ 94%] [32m[1mLinking C shared module rosidl_generator_py/cmrosutils/cmrosutils_s__rosidl_typesupport_c.so[0m
[12.181s] [ 97%] [32m[1mLinking C shared module rosidl_generator_py/cmrosutils/cmrosutils_s__rosidl_typesupport_introspection_c.so[0m
[12.219s] [ 97%] Built target cmrosutils_s__rosidl_typesupport_fastrtps_c
[12.224s] [ 97%] Built target cmrosutils_s__rosidl_typesupport_c
[12.228s] [ 97%] Built target cmrosutils_s__rosidl_typesupport_introspection_c
[17.111s] [100%] [32m[1mLinking CXX shared library libcmrosif.so[0m
[17.299s] [100%] Built target cmrosif
[17.310s] Invoked command in '/home/ebrahim/formula-carmaker-fs_2025/FCM_Projects/FS_autonomous/ros/ros2_ws/build/cmrosutils' returned '0': CMAKE_PREFIX_PATH=${CMAKE_PREFIX_PATH}:/opt/ros/jazzy DEBUGINFOD_URLS=https://debuginfod.ubuntu.com /usr/bin/cmake --build /home/ebrahim/formula-carmaker-fs_2025/FCM_Projects/FS_autonomous/ros/ros2_ws/build/cmrosutils -- -j12 -l12
[17.312s] Invoking command in '/home/ebrahim/formula-carmaker-fs_2025/FCM_Projects/FS_autonomous/ros/ros2_ws/build/cmrosutils': CMAKE_PREFIX_PATH=${CMAKE_PREFIX_PATH}:/opt/ros/jazzy DEBUGINFOD_URLS=https://debuginfod.ubuntu.com /usr/bin/cmake --install /home/ebrahim/formula-carmaker-fs_2025/FCM_Projects/FS_autonomous/ros/ros2_ws/build/cmrosutils
[17.319s] -- Install configuration: ""
[17.319s] -- Installing: /home/ebrahim/formula-carmaker-fs_2025/FCM_Projects/FS_autonomous/ros/ros2_ws/install/cmrosutils/share/ament_index/resource_index/rosidl_interfaces/cmrosutils
[17.319s] -- Installing: /home/ebrahim/formula-carmaker-fs_2025/FCM_Projects/FS_autonomous/ros/ros2_ws/install/cmrosutils/share/cmrosutils/srv/CMRemoteControl.json
[17.319s] -- Installing: /home/ebrahim/formula-carmaker-fs_2025/FCM_Projects/FS_autonomous/ros/ros2_ws/install/cmrosutils/include/cmrosutils/cmrosutils
[17.319s] -- Installing: /home/ebrahim/formula-carmaker-fs_2025/FCM_Projects/FS_autonomous/ros/ros2_ws/install/cmrosutils/include/cmrosutils/cmrosutils/srv
[17.319s] -- Installing: /home/ebrahim/formula-carmaker-fs_2025/FCM_Projects/FS_autonomous/ros/ros2_ws/install/cmrosutils/include/cmrosutils/cmrosutils/srv/detail
[17.319s] -- Installing: /home/ebrahim/formula-carmaker-fs_2025/FCM_Projects/FS_autonomous/ros/ros2_ws/install/cmrosutils/include/cmrosutils/cmrosutils/srv/detail/cm_remote_control__struct.h
[17.319s] -- Installing: /home/ebrahim/formula-carmaker-fs_2025/FCM_Projects/FS_autonomous/ros/ros2_ws/install/cmrosutils/include/cmrosutils/cmrosutils/srv/detail/cm_remote_control__type_support.h
[17.320s] -- Installing: /home/ebrahim/formula-carmaker-fs_2025/FCM_Projects/FS_autonomous/ros/ros2_ws/install/cmrosutils/include/cmrosutils/cmrosutils/srv/detail/cm_remote_control__type_support.c
[17.320s] -- Installing: /home/ebrahim/formula-carmaker-fs_2025/FCM_Projects/FS_autonomous/ros/ros2_ws/install/cmrosutils/include/cmrosutils/cmrosutils/srv/detail/cm_remote_control__functions.c
[17.320s] -- Installing: /home/ebrahim/formula-carmaker-fs_2025/FCM_Projects/FS_autonomous/ros/ros2_ws/install/cmrosutils/include/cmrosutils/cmrosutils/srv/detail/cm_remote_control__description.c
[17.320s] -- Installing: /home/ebrahim/formula-carmaker-fs_2025/FCM_Projects/FS_autonomous/ros/ros2_ws/install/cmrosutils/include/cmrosutils/cmrosutils/srv/detail/cm_remote_control__functions.h
[17.320s] -- Installing: /home/ebrahim/formula-carmaker-fs_2025/FCM_Projects/FS_autonomous/ros/ros2_ws/install/cmrosutils/include/cmrosutils/cmrosutils/srv/cm_remote_control.h
[17.320s] -- Installing: /home/ebrahim/formula-carmaker-fs_2025/FCM_Projects/FS_autonomous/ros/ros2_ws/install/cmrosutils/include/cmrosutils/cmrosutils/msg
[17.320s] -- Installing: /home/ebrahim/formula-carmaker-fs_2025/FCM_Projects/FS_autonomous/ros/ros2_ws/install/cmrosutils/include/cmrosutils/cmrosutils/msg/rosidl_generator_c__visibility_control.h
[17.320s] -- Installing: /home/ebrahim/formula-carmaker-fs_2025/FCM_Projects/FS_autonomous/ros/ros2_ws/install/cmrosutils/share/cmrosutils/environment/library_path.sh
[17.320s] -- Installing: /home/ebrahim/formula-carmaker-fs_2025/FCM_Projects/FS_autonomous/ros/ros2_ws/install/cmrosutils/share/cmrosutils/environment/library_path.dsv
[17.320s] -- Installing: /home/ebrahim/formula-carmaker-fs_2025/FCM_Projects/FS_autonomous/ros/ros2_ws/install/cmrosutils/lib/libcmrosutils__rosidl_generator_c.so
[17.320s] -- Set non-toolchain portion of runtime path of "/home/ebrahim/formula-carmaker-fs_2025/FCM_Projects/FS_autonomous/ros/ros2_ws/install/cmrosutils/lib/libcmrosutils__rosidl_generator_c.so" to ""
[17.320s] -- Up-to-date: /home/ebrahim/formula-carmaker-fs_2025/FCM_Projects/FS_autonomous/ros/ros2_ws/install/cmrosutils/include/cmrosutils/cmrosutils
[17.321s] -- Up-to-date: /home/ebrahim/formula-carmaker-fs_2025/FCM_Projects/FS_autonomous/ros/ros2_ws/install/cmrosutils/include/cmrosutils/cmrosutils/srv
[17.321s] -- Up-to-date: /home/ebrahim/formula-carmaker-fs_2025/FCM_Projects/FS_autonomous/ros/ros2_ws/install/cmrosutils/include/cmrosutils/cmrosutils/srv/detail
[17.321s] -- Installing: /home/ebrahim/formula-carmaker-fs_2025/FCM_Projects/FS_autonomous/ros/ros2_ws/install/cmrosutils/include/cmrosutils/cmrosutils/srv/detail/cm_remote_control__rosidl_typesupport_fastrtps_c.h
[17.321s] -- Up-to-date: /home/ebrahim/formula-carmaker-fs_2025/FCM_Projects/FS_autonomous/ros/ros2_ws/install/cmrosutils/include/cmrosutils/cmrosutils/msg
[17.321s] -- Installing: /home/ebrahim/formula-carmaker-fs_2025/FCM_Projects/FS_autonomous/ros/ros2_ws/install/cmrosutils/include/cmrosutils/cmrosutils/msg/rosidl_typesupport_fastrtps_c__visibility_control.h
[17.321s] -- Installing: /home/ebrahim/formula-carmaker-fs_2025/FCM_Projects/FS_autonomous/ros/ros2_ws/install/cmrosutils/lib/libcmrosutils__rosidl_typesupport_fastrtps_c.so
[17.321s] -- Set non-toolchain portion of runtime path of "/home/ebrahim/formula-carmaker-fs_2025/FCM_Projects/FS_autonomous/ros/ros2_ws/install/cmrosutils/lib/libcmrosutils__rosidl_typesupport_fastrtps_c.so" to ""
[17.321s] -- Up-to-date: /home/ebrahim/formula-carmaker-fs_2025/FCM_Projects/FS_autonomous/ros/ros2_ws/install/cmrosutils/include/cmrosutils/cmrosutils
[17.321s] -- Up-to-date: /home/ebrahim/formula-carmaker-fs_2025/FCM_Projects/FS_autonomous/ros/ros2_ws/install/cmrosutils/include/cmrosutils/cmrosutils/srv
[17.321s] -- Up-to-date: /home/ebrahim/formula-carmaker-fs_2025/FCM_Projects/FS_autonomous/ros/ros2_ws/install/cmrosutils/include/cmrosutils/cmrosutils/srv/detail
[17.321s] -- Installing: /home/ebrahim/formula-carmaker-fs_2025/FCM_Projects/FS_autonomous/ros/ros2_ws/install/cmrosutils/include/cmrosutils/cmrosutils/srv/detail/cm_remote_control__type_support.hpp
[17.322s] -- Installing: /home/ebrahim/formula-carmaker-fs_2025/FCM_Projects/FS_autonomous/ros/ros2_ws/install/cmrosutils/include/cmrosutils/cmrosutils/srv/detail/cm_remote_control__builder.hpp
[17.322s] -- Installing: /home/ebrahim/formula-carmaker-fs_2025/FCM_Projects/FS_autonomous/ros/ros2_ws/install/cmrosutils/include/cmrosutils/cmrosutils/srv/detail/cm_remote_control__traits.hpp
[17.322s] -- Installing: /home/ebrahim/formula-carmaker-fs_2025/FCM_Projects/FS_autonomous/ros/ros2_ws/install/cmrosutils/include/cmrosutils/cmrosutils/srv/detail/cm_remote_control__struct.hpp
[17.322s] -- Installing: /home/ebrahim/formula-carmaker-fs_2025/FCM_Projects/FS_autonomous/ros/ros2_ws/install/cmrosutils/include/cmrosutils/cmrosutils/srv/cm_remote_control.hpp
[17.322s] -- Up-to-date: /home/ebrahim/formula-carmaker-fs_2025/FCM_Projects/FS_autonomous/ros/ros2_ws/install/cmrosutils/include/cmrosutils/cmrosutils/msg
[17.322s] -- Installing: /home/ebrahim/formula-carmaker-fs_2025/FCM_Projects/FS_autonomous/ros/ros2_ws/install/cmrosutils/include/cmrosutils/cmrosutils/msg/rosidl_generator_cpp__visibility_control.hpp
[17.322s] -- Up-to-date: /home/ebrahim/formula-carmaker-fs_2025/FCM_Projects/FS_autonomous/ros/ros2_ws/install/cmrosutils/include/cmrosutils/cmrosutils
[17.322s] -- Up-to-date: /home/ebrahim/formula-carmaker-fs_2025/FCM_Projects/FS_autonomous/ros/ros2_ws/install/cmrosutils/include/cmrosutils/cmrosutils/srv
[17.322s] -- Up-to-date: /home/ebrahim/formula-carmaker-fs_2025/FCM_Projects/FS_autonomous/ros/ros2_ws/install/cmrosutils/include/cmrosutils/cmrosutils/srv/detail
[17.322s] -- Installing: /home/ebrahim/formula-carmaker-fs_2025/FCM_Projects/FS_autonomous/ros/ros2_ws/install/cmrosutils/include/cmrosutils/cmrosutils/srv/detail/cm_remote_control__rosidl_typesupport_fastrtps_cpp.hpp
[17.322s] -- Installing: /home/ebrahim/formula-carmaker-fs_2025/FCM_Projects/FS_autonomous/ros/ros2_ws/install/cmrosutils/include/cmrosutils/cmrosutils/srv/detail/dds_fastrtps
[17.322s] -- Up-to-date: /home/ebrahim/formula-carmaker-fs_2025/FCM_Projects/FS_autonomous/ros/ros2_ws/install/cmrosutils/include/cmrosutils/cmrosutils/msg
[17.322s] -- Installing: /home/ebrahim/formula-carmaker-fs_2025/FCM_Projects/FS_autonomous/ros/ros2_ws/install/cmrosutils/include/cmrosutils/cmrosutils/msg/rosidl_typesupport_fastrtps_cpp__visibility_control.h
[17.323s] -- Installing: /home/ebrahim/formula-carmaker-fs_2025/FCM_Projects/FS_autonomous/ros/ros2_ws/install/cmrosutils/lib/libcmrosutils__rosidl_typesupport_fastrtps_cpp.so
[17.323s] -- Set non-toolchain portion of runtime path of "/home/ebrahim/formula-carmaker-fs_2025/FCM_Projects/FS_autonomous/ros/ros2_ws/install/cmrosutils/lib/libcmrosutils__rosidl_typesupport_fastrtps_cpp.so" to ""
[17.323s] -- Up-to-date: /home/ebrahim/formula-carmaker-fs_2025/FCM_Projects/FS_autonomous/ros/ros2_ws/install/cmrosutils/include/cmrosutils/cmrosutils
[17.323s] -- Up-to-date: /home/ebrahim/formula-carmaker-fs_2025/FCM_Projects/FS_autonomous/ros/ros2_ws/install/cmrosutils/include/cmrosutils/cmrosutils/srv
[17.323s] -- Up-to-date: /home/ebrahim/formula-carmaker-fs_2025/FCM_Projects/FS_autonomous/ros/ros2_ws/install/cmrosutils/include/cmrosutils/cmrosutils/srv/detail
[17.323s] -- Installing: /home/ebrahim/formula-carmaker-fs_2025/FCM_Projects/FS_autonomous/ros/ros2_ws/install/cmrosutils/include/cmrosutils/cmrosutils/srv/detail/cm_remote_control__type_support.c
[17.323s] -- Installing: /home/ebrahim/formula-carmaker-fs_2025/FCM_Projects/FS_autonomous/ros/ros2_ws/install/cmrosutils/include/cmrosutils/cmrosutils/srv/detail/cm_remote_control__rosidl_typesupport_introspection_c.h
[17.323s] -- Up-to-date: /home/ebrahim/formula-carmaker-fs_2025/FCM_Projects/FS_autonomous/ros/ros2_ws/install/cmrosutils/include/cmrosutils/cmrosutils/msg
[17.323s] -- Installing: /home/ebrahim/formula-carmaker-fs_2025/FCM_Projects/FS_autonomous/ros/ros2_ws/install/cmrosutils/include/cmrosutils/cmrosutils/msg/rosidl_typesupport_introspection_c__visibility_control.h
[17.323s] -- Installing: /home/ebrahim/formula-carmaker-fs_2025/FCM_Projects/FS_autonomous/ros/ros2_ws/install/cmrosutils/lib/libcmrosutils__rosidl_typesupport_introspection_c.so
[17.323s] -- Set non-toolchain portion of runtime path of "/home/ebrahim/formula-carmaker-fs_2025/FCM_Projects/FS_autonomous/ros/ros2_ws/install/cmrosutils/lib/libcmrosutils__rosidl_typesupport_introspection_c.so" to ""
[17.323s] -- Installing: /home/ebrahim/formula-carmaker-fs_2025/FCM_Projects/FS_autonomous/ros/ros2_ws/install/cmrosutils/lib/libcmrosutils__rosidl_typesupport_c.so
[17.324s] -- Set non-toolchain portion of runtime path of "/home/ebrahim/formula-carmaker-fs_2025/FCM_Projects/FS_autonomous/ros/ros2_ws/install/cmrosutils/lib/libcmrosutils__rosidl_typesupport_c.so" to ""
[17.324s] -- Up-to-date: /home/ebrahim/formula-carmaker-fs_2025/FCM_Projects/FS_autonomous/ros/ros2_ws/install/cmrosutils/include/cmrosutils/cmrosutils
[17.324s] -- Up-to-date: /home/ebrahim/formula-carmaker-fs_2025/FCM_Projects/FS_autonomous/ros/ros2_ws/install/cmrosutils/include/cmrosutils/cmrosutils/srv
[17.324s] -- Up-to-date: /home/ebrahim/formula-carmaker-fs_2025/FCM_Projects/FS_autonomous/ros/ros2_ws/install/cmrosutils/include/cmrosutils/cmrosutils/srv/detail
[17.324s] -- Installing: /home/ebrahim/formula-carmaker-fs_2025/FCM_Projects/FS_autonomous/ros/ros2_ws/install/cmrosutils/include/cmrosutils/cmrosutils/srv/detail/cm_remote_control__rosidl_typesupport_introspection_cpp.hpp
[17.324s] -- Installing: /home/ebrahim/formula-carmaker-fs_2025/FCM_Projects/FS_autonomous/ros/ros2_ws/install/cmrosutils/include/cmrosutils/cmrosutils/srv/detail/cm_remote_control__type_support.cpp
[17.324s] -- Installing: /home/ebrahim/formula-carmaker-fs_2025/FCM_Projects/FS_autonomous/ros/ros2_ws/install/cmrosutils/lib/libcmrosutils__rosidl_typesupport_introspection_cpp.so
[17.324s] -- Set non-toolchain portion of runtime path of "/home/ebrahim/formula-carmaker-fs_2025/FCM_Projects/FS_autonomous/ros/ros2_ws/install/cmrosutils/lib/libcmrosutils__rosidl_typesupport_introspection_cpp.so" to ""
[17.324s] -- Installing: /home/ebrahim/formula-carmaker-fs_2025/FCM_Projects/FS_autonomous/ros/ros2_ws/install/cmrosutils/lib/libcmrosutils__rosidl_typesupport_cpp.so
[17.325s] -- Set non-toolchain portion of runtime path of "/home/ebrahim/formula-carmaker-fs_2025/FCM_Projects/FS_autonomous/ros/ros2_ws/install/cmrosutils/lib/libcmrosutils__rosidl_typesupport_cpp.so" to ""
[17.325s] -- Installing: /home/ebrahim/formula-carmaker-fs_2025/FCM_Projects/FS_autonomous/ros/ros2_ws/install/cmrosutils/share/cmrosutils/environment/pythonpath.sh
[17.325s] -- Installing: /home/ebrahim/formula-carmaker-fs_2025/FCM_Projects/FS_autonomous/ros/ros2_ws/install/cmrosutils/share/cmrosutils/environment/pythonpath.dsv
[17.325s] -- Installing: /home/ebrahim/formula-carmaker-fs_2025/FCM_Projects/FS_autonomous/ros/ros2_ws/install/cmrosutils/lib/python3.12/site-packages/cmrosutils-0.1.0-py3.12.egg-info
[17.325s] -- Installing: /home/ebrahim/formula-carmaker-fs_2025/FCM_Projects/FS_autonomous/ros/ros2_ws/install/cmrosutils/lib/python3.12/site-packages/cmrosutils-0.1.0-py3.12.egg-info/SOURCES.txt
[17.325s] -- Installing: /home/ebrahim/formula-carmaker-fs_2025/FCM_Projects/FS_autonomous/ros/ros2_ws/install/cmrosutils/lib/python3.12/site-packages/cmrosutils-0.1.0-py3.12.egg-info/PKG-INFO
[17.325s] -- Installing: /home/ebrahim/formula-carmaker-fs_2025/FCM_Projects/FS_autonomous/ros/ros2_ws/install/cmrosutils/lib/python3.12/site-packages/cmrosutils-0.1.0-py3.12.egg-info/top_level.txt
[17.325s] -- Installing: /home/ebrahim/formula-carmaker-fs_2025/FCM_Projects/FS_autonomous/ros/ros2_ws/install/cmrosutils/lib/python3.12/site-packages/cmrosutils-0.1.0-py3.12.egg-info/dependency_links.txt
[17.325s] -- Installing: /home/ebrahim/formula-carmaker-fs_2025/FCM_Projects/FS_autonomous/ros/ros2_ws/install/cmrosutils/lib/python3.12/site-packages/cmrosutils
[17.325s] -- Installing: /home/ebrahim/formula-carmaker-fs_2025/FCM_Projects/FS_autonomous/ros/ros2_ws/install/cmrosutils/lib/python3.12/site-packages/cmrosutils/_cmrosutils_s.ep.rosidl_typesupport_c.c
[17.325s] -- Installing: /home/ebrahim/formula-carmaker-fs_2025/FCM_Projects/FS_autonomous/ros/ros2_ws/install/cmrosutils/lib/python3.12/site-packages/cmrosutils/_cmrosutils_s.ep.rosidl_typesupport_introspection_c.c
[17.326s] -- Installing: /home/ebrahim/formula-carmaker-fs_2025/FCM_Projects/FS_autonomous/ros/ros2_ws/install/cmrosutils/lib/python3.12/site-packages/cmrosutils/cmrosutils_s__rosidl_typesupport_c.so
[17.326s] -- Installing: /home/ebrahim/formula-carmaker-fs_2025/FCM_Projects/FS_autonomous/ros/ros2_ws/install/cmrosutils/lib/python3.12/site-packages/cmrosutils/cmrosutils_s__rosidl_typesupport_introspection_c.so
[17.326s] -- Installing: /home/ebrahim/formula-carmaker-fs_2025/FCM_Projects/FS_autonomous/ros/ros2_ws/install/cmrosutils/lib/python3.12/site-packages/cmrosutils/cmrosutils_s__rosidl_typesupport_fastrtps_c.so
[17.326s] -- Installing: /home/ebrahim/formula-carmaker-fs_2025/FCM_Projects/FS_autonomous/ros/ros2_ws/install/cmrosutils/lib/python3.12/site-packages/cmrosutils/_cmrosutils_s.ep.rosidl_typesupport_fastrtps_c.c
[17.326s] -- Installing: /home/ebrahim/formula-carmaker-fs_2025/FCM_Projects/FS_autonomous/ros/ros2_ws/install/cmrosutils/lib/python3.12/site-packages/cmrosutils/srv
[17.326s] -- Installing: /home/ebrahim/formula-carmaker-fs_2025/FCM_Projects/FS_autonomous/ros/ros2_ws/install/cmrosutils/lib/python3.12/site-packages/cmrosutils/srv/_cm_remote_control.py
[17.326s] -- Installing: /home/ebrahim/formula-carmaker-fs_2025/FCM_Projects/FS_autonomous/ros/ros2_ws/install/cmrosutils/lib/python3.12/site-packages/cmrosutils/srv/_cm_remote_control_s.c
[17.326s] -- Installing: /home/ebrahim/formula-carmaker-fs_2025/FCM_Projects/FS_autonomous/ros/ros2_ws/install/cmrosutils/lib/python3.12/site-packages/cmrosutils/srv/__init__.py
[17.326s] -- Installing: /home/ebrahim/formula-carmaker-fs_2025/FCM_Projects/FS_autonomous/ros/ros2_ws/install/cmrosutils/lib/python3.12/site-packages/cmrosutils/__init__.py
[17.371s] Listing '/home/ebrahim/formula-carmaker-fs_2025/FCM_Projects/FS_autonomous/ros/ros2_ws/install/cmrosutils/lib/python3.12/site-packages/cmrosutils'...
[17.371s] Compiling '/home/ebrahim/formula-carmaker-fs_2025/FCM_Projects/FS_autonomous/ros/ros2_ws/install/cmrosutils/lib/python3.12/site-packages/cmrosutils/__init__.py'...
[17.371s] Listing '/home/ebrahim/formula-carmaker-fs_2025/FCM_Projects/FS_autonomous/ros/ros2_ws/install/cmrosutils/lib/python3.12/site-packages/cmrosutils/srv'...
[17.371s] Compiling '/home/ebrahim/formula-carmaker-fs_2025/FCM_Projects/FS_autonomous/ros/ros2_ws/install/cmrosutils/lib/python3.12/site-packages/cmrosutils/srv/__init__.py'...
[17.371s] Compiling '/home/ebrahim/formula-carmaker-fs_2025/FCM_Projects/FS_autonomous/ros/ros2_ws/install/cmrosutils/lib/python3.12/site-packages/cmrosutils/srv/_cm_remote_control.py'...
[17.378s] -- Installing: /home/ebrahim/formula-carmaker-fs_2025/FCM_Projects/FS_autonomous/ros/ros2_ws/install/cmrosutils/lib/python3.12/site-packages/cmrosutils/cmrosutils_s__rosidl_typesupport_fastrtps_c.so
[17.378s] -- Set non-toolchain portion of runtime path of "/home/ebrahim/formula-carmaker-fs_2025/FCM_Projects/FS_autonomous/ros/ros2_ws/install/cmrosutils/lib/python3.12/site-packages/cmrosutils/cmrosutils_s__rosidl_typesupport_fastrtps_c.so" to ""
[17.379s] -- Installing: /home/ebrahim/formula-carmaker-fs_2025/FCM_Projects/FS_autonomous/ros/ros2_ws/install/cmrosutils/lib/python3.12/site-packages/cmrosutils/cmrosutils_s__rosidl_typesupport_introspection_c.so
[17.379s] -- Set non-toolchain portion of runtime path of "/home/ebrahim/formula-carmaker-fs_2025/FCM_Projects/FS_autonomous/ros/ros2_ws/install/cmrosutils/lib/python3.12/site-packages/cmrosutils/cmrosutils_s__rosidl_typesupport_introspection_c.so" to ""
[17.379s] -- Installing: /home/ebrahim/formula-carmaker-fs_2025/FCM_Projects/FS_autonomous/ros/ros2_ws/install/cmrosutils/lib/python3.12/site-packages/cmrosutils/cmrosutils_s__rosidl_typesupport_c.so
[17.379s] -- Set non-toolchain portion of runtime path of "/home/ebrahim/formula-carmaker-fs_2025/FCM_Projects/FS_autonomous/ros/ros2_ws/install/cmrosutils/lib/python3.12/site-packages/cmrosutils/cmrosutils_s__rosidl_typesupport_c.so" to ""
[17.379s] -- Installing: /home/ebrahim/formula-carmaker-fs_2025/FCM_Projects/FS_autonomous/ros/ros2_ws/install/cmrosutils/lib/libcmrosutils__rosidl_generator_py.so
[17.379s] -- Set non-toolchain portion of runtime path of "/home/ebrahim/formula-carmaker-fs_2025/FCM_Projects/FS_autonomous/ros/ros2_ws/install/cmrosutils/lib/libcmrosutils__rosidl_generator_py.so" to ""
[17.379s] -- Installing: /home/ebrahim/formula-carmaker-fs_2025/FCM_Projects/FS_autonomous/ros/ros2_ws/install/cmrosutils/share/cmrosutils/srv/CMRemoteControl.idl
[17.380s] -- Installing: /home/ebrahim/formula-carmaker-fs_2025/FCM_Projects/FS_autonomous/ros/ros2_ws/install/cmrosutils/share/cmrosutils/srv/CMRemoteControl.srv
[17.380s] -- Up-to-date: /home/ebrahim/formula-carmaker-fs_2025/FCM_Projects/FS_autonomous/ros/ros2_ws/install/cmrosutils/include
[17.380s] -- Up-to-date: /home/ebrahim/formula-carmaker-fs_2025/FCM_Projects/FS_autonomous/ros/ros2_ws/install/cmrosutils/include/cmrosutils
[17.380s] -- Installing: /home/ebrahim/formula-carmaker-fs_2025/FCM_Projects/FS_autonomous/ros/ros2_ws/install/cmrosutils/include/cmrosutils/cmjob_publisher.hpp
[17.380s] -- Installing: /home/ebrahim/formula-carmaker-fs_2025/FCM_Projects/FS_autonomous/ros/ros2_ws/install/cmrosutils/include/cmrosutils/cmcppif.h
[17.380s] -- Installing: /home/ebrahim/formula-carmaker-fs_2025/FCM_Projects/FS_autonomous/ros/ros2_ws/install/cmrosutils/include/cmrosutils/cmjob_subscriber.hpp
[17.380s] -- Installing: /home/ebrahim/formula-carmaker-fs_2025/FCM_Projects/FS_autonomous/ros/ros2_ws/install/cmrosutils/include/cmrosutils/CMJob.h
[17.380s] -- Installing: /home/ebrahim/formula-carmaker-fs_2025/FCM_Projects/FS_autonomous/ros/ros2_ws/install/cmrosutils/include/cmrosutils/cmrosif.hpp
[17.380s] -- Installing: /home/ebrahim/formula-carmaker-fs_2025/FCM_Projects/FS_autonomous/ros/ros2_ws/install/cmrosutils/lib/libcmrosif.so
[17.381s] -- Set non-toolchain portion of runtime path of "/home/ebrahim/formula-carmaker-fs_2025/FCM_Projects/FS_autonomous/ros/ros2_ws/install/cmrosutils/lib/libcmrosif.so" to ""
[17.381s] -- Installing: /home/ebrahim/formula-carmaker-fs_2025/FCM_Projects/FS_autonomous/ros/ros2_ws/install/cmrosutils/share/ament_index/resource_index/package_run_dependencies/cmrosutils
[17.382s] -- Installing: /home/ebrahim/formula-carmaker-fs_2025/FCM_Projects/FS_autonomous/ros/ros2_ws/install/cmrosutils/share/ament_index/resource_index/parent_prefix_path/cmrosutils
[17.382s] -- Installing: /home/ebrahim/formula-carmaker-fs_2025/FCM_Projects/FS_autonomous/ros/ros2_ws/install/cmrosutils/share/cmrosutils/environment/ament_prefix_path.sh
[17.382s] -- Installing: /home/ebrahim/formula-carmaker-fs_2025/FCM_Projects/FS_autonomous/ros/ros2_ws/install/cmrosutils/share/cmrosutils/environment/ament_prefix_path.dsv
[17.382s] -- Installing: /home/ebrahim/formula-carmaker-fs_2025/FCM_Projects/FS_autonomous/ros/ros2_ws/install/cmrosutils/share/cmrosutils/environment/path.sh
[17.382s] -- Installing: /home/ebrahim/formula-carmaker-fs_2025/FCM_Projects/FS_autonomous/ros/ros2_ws/install/cmrosutils/share/cmrosutils/environment/path.dsv
[17.382s] -- Installing: /home/ebrahim/formula-carmaker-fs_2025/FCM_Projects/FS_autonomous/ros/ros2_ws/install/cmrosutils/share/cmrosutils/local_setup.bash
[17.382s] -- Installing: /home/ebrahim/formula-carmaker-fs_2025/FCM_Projects/FS_autonomous/ros/ros2_ws/install/cmrosutils/share/cmrosutils/local_setup.sh
[17.382s] -- Installing: /home/ebrahim/formula-carmaker-fs_2025/FCM_Projects/FS_autonomous/ros/ros2_ws/install/cmrosutils/share/cmrosutils/local_setup.zsh
[17.382s] -- Installing: /home/ebrahim/formula-carmaker-fs_2025/FCM_Projects/FS_autonomous/ros/ros2_ws/install/cmrosutils/share/cmrosutils/local_setup.dsv
[17.382s] -- Installing: /home/ebrahim/formula-carmaker-fs_2025/FCM_Projects/FS_autonomous/ros/ros2_ws/install/cmrosutils/share/cmrosutils/package.dsv
[17.383s] -- Installing: /home/ebrahim/formula-carmaker-fs_2025/FCM_Projects/FS_autonomous/ros/ros2_ws/install/cmrosutils/share/ament_index/resource_index/packages/cmrosutils
[17.383s] -- Installing: /home/ebrahim/formula-carmaker-fs_2025/FCM_Projects/FS_autonomous/ros/ros2_ws/install/cmrosutils/share/cmrosutils/cmake/export_cmrosutils__rosidl_generator_cExport.cmake
[17.383s] -- Installing: /home/ebrahim/formula-carmaker-fs_2025/FCM_Projects/FS_autonomous/ros/ros2_ws/install/cmrosutils/share/cmrosutils/cmake/export_cmrosutils__rosidl_generator_cExport-noconfig.cmake
[17.383s] -- Installing: /home/ebrahim/formula-carmaker-fs_2025/FCM_Projects/FS_autonomous/ros/ros2_ws/install/cmrosutils/share/cmrosutils/cmake/export_cmrosutils__rosidl_typesupport_fastrtps_cExport.cmake
[17.383s] -- Installing: /home/ebrahim/formula-carmaker-fs_2025/FCM_Projects/FS_autonomous/ros/ros2_ws/install/cmrosutils/share/cmrosutils/cmake/export_cmrosutils__rosidl_typesupport_fastrtps_cExport-noconfig.cmake
[17.383s] -- Installing: /home/ebrahim/formula-carmaker-fs_2025/FCM_Projects/FS_autonomous/ros/ros2_ws/install/cmrosutils/share/cmrosutils/cmake/export_cmrosutils__rosidl_generator_cppExport.cmake
[17.383s] -- Installing: /home/ebrahim/formula-carmaker-fs_2025/FCM_Projects/FS_autonomous/ros/ros2_ws/install/cmrosutils/share/cmrosutils/cmake/export_cmrosutils__rosidl_typesupport_fastrtps_cppExport.cmake
[17.383s] -- Installing: /home/ebrahim/formula-carmaker-fs_2025/FCM_Projects/FS_autonomous/ros/ros2_ws/install/cmrosutils/share/cmrosutils/cmake/export_cmrosutils__rosidl_typesupport_fastrtps_cppExport-noconfig.cmake
[17.383s] -- Installing: /home/ebrahim/formula-carmaker-fs_2025/FCM_Projects/FS_autonomous/ros/ros2_ws/install/cmrosutils/share/cmrosutils/cmake/cmrosutils__rosidl_typesupport_introspection_cExport.cmake
[17.384s] -- Installing: /home/ebrahim/formula-carmaker-fs_2025/FCM_Projects/FS_autonomous/ros/ros2_ws/install/cmrosutils/share/cmrosutils/cmake/cmrosutils__rosidl_typesupport_introspection_cExport-noconfig.cmake
[17.384s] -- Installing: /home/ebrahim/formula-carmaker-fs_2025/FCM_Projects/FS_autonomous/ros/ros2_ws/install/cmrosutils/share/cmrosutils/cmake/cmrosutils__rosidl_typesupport_cExport.cmake
[17.384s] -- Installing: /home/ebrahim/formula-carmaker-fs_2025/FCM_Projects/FS_autonomous/ros/ros2_ws/install/cmrosutils/share/cmrosutils/cmake/cmrosutils__rosidl_typesupport_cExport-noconfig.cmake
[17.384s] -- Installing: /home/ebrahim/formula-carmaker-fs_2025/FCM_Projects/FS_autonomous/ros/ros2_ws/install/cmrosutils/share/cmrosutils/cmake/cmrosutils__rosidl_typesupport_introspection_cppExport.cmake
[17.384s] -- Installing: /home/ebrahim/formula-carmaker-fs_2025/FCM_Projects/FS_autonomous/ros/ros2_ws/install/cmrosutils/share/cmrosutils/cmake/cmrosutils__rosidl_typesupport_introspection_cppExport-noconfig.cmake
[17.384s] -- Installing: /home/ebrahim/formula-carmaker-fs_2025/FCM_Projects/FS_autonomous/ros/ros2_ws/install/cmrosutils/share/cmrosutils/cmake/cmrosutils__rosidl_typesupport_cppExport.cmake
[17.384s] -- Installing: /home/ebrahim/formula-carmaker-fs_2025/FCM_Projects/FS_autonomous/ros/ros2_ws/install/cmrosutils/share/cmrosutils/cmake/cmrosutils__rosidl_typesupport_cppExport-noconfig.cmake
[17.384s] -- Installing: /home/ebrahim/formula-carmaker-fs_2025/FCM_Projects/FS_autonomous/ros/ros2_ws/install/cmrosutils/share/cmrosutils/cmake/export_cmrosutils__rosidl_generator_pyExport.cmake
[17.384s] -- Installing: /home/ebrahim/formula-carmaker-fs_2025/FCM_Projects/FS_autonomous/ros/ros2_ws/install/cmrosutils/share/cmrosutils/cmake/export_cmrosutils__rosidl_generator_pyExport-noconfig.cmake
[17.385s] -- Installing: /home/ebrahim/formula-carmaker-fs_2025/FCM_Projects/FS_autonomous/ros/ros2_ws/install/cmrosutils/share/cmrosutils/cmake/cmrosifTargetsExport.cmake
[17.385s] -- Installing: /home/ebrahim/formula-carmaker-fs_2025/FCM_Projects/FS_autonomous/ros/ros2_ws/install/cmrosutils/share/cmrosutils/cmake/cmrosifTargetsExport-noconfig.cmake
[17.385s] -- Installing: /home/ebrahim/formula-carmaker-fs_2025/FCM_Projects/FS_autonomous/ros/ros2_ws/install/cmrosutils/share/cmrosutils/cmake/rosidl_cmake-extras.cmake
[17.385s] -- Installing: /home/ebrahim/formula-carmaker-fs_2025/FCM_Projects/FS_autonomous/ros/ros2_ws/install/cmrosutils/share/cmrosutils/cmake/ament_cmake_export_dependencies-extras.cmake
[17.385s] -- Installing: /home/ebrahim/formula-carmaker-fs_2025/FCM_Projects/FS_autonomous/ros/ros2_ws/install/cmrosutils/share/cmrosutils/cmake/ament_cmake_export_include_directories-extras.cmake
[17.385s] -- Installing: /home/ebrahim/formula-carmaker-fs_2025/FCM_Projects/FS_autonomous/ros/ros2_ws/install/cmrosutils/share/cmrosutils/cmake/ament_cmake_export_libraries-extras.cmake
[17.385s] -- Installing: /home/ebrahim/formula-carmaker-fs_2025/FCM_Projects/FS_autonomous/ros/ros2_ws/install/cmrosutils/share/cmrosutils/cmake/ament_cmake_export_targets-extras.cmake
[17.385s] -- Installing: /home/ebrahim/formula-carmaker-fs_2025/FCM_Projects/FS_autonomous/ros/ros2_ws/install/cmrosutils/share/cmrosutils/cmake/rosidl_cmake_export_typesupport_targets-extras.cmake
[17.385s] -- Installing: /home/ebrahim/formula-carmaker-fs_2025/FCM_Projects/FS_autonomous/ros/ros2_ws/install/cmrosutils/share/cmrosutils/cmake/rosidl_cmake_export_typesupport_libraries-extras.cmake
[17.385s] -- Installing: /home/ebrahim/formula-carmaker-fs_2025/FCM_Projects/FS_autonomous/ros/ros2_ws/install/cmrosutils/share/cmrosutils/cmake/cmrosutilsConfig.cmake
[17.386s] -- Installing: /home/ebrahim/formula-carmaker-fs_2025/FCM_Projects/FS_autonomous/ros/ros2_ws/install/cmrosutils/share/cmrosutils/cmake/cmrosutilsConfig-version.cmake
[17.386s] -- Installing: /home/ebrahim/formula-carmaker-fs_2025/FCM_Projects/FS_autonomous/ros/ros2_ws/install/cmrosutils/share/cmrosutils/package.xml
[17.388s] Invoked command in '/home/ebrahim/formula-carmaker-fs_2025/FCM_Projects/FS_autonomous/ros/ros2_ws/build/cmrosutils' returned '0': CMAKE_PREFIX_PATH=${CMAKE_PREFIX_PATH}:/opt/ros/jazzy DEBUGINFOD_URLS=https://debuginfod.ubuntu.com /usr/bin/cmake --install /home/ebrahim/formula-carmaker-fs_2025/FCM_Projects/FS_autonomous/ros/ros2_ws/build/cmrosutils
