[0.020s] Invoking command in '/home/ebrahim/formula-carmaker-fs_2025/FCM_Projects/FS_autonomous/ros/ros2_ws/build/cmrosutils': CMAKE_PREFIX_PATH=${CMAKE_PREFIX_PATH}:/opt/ros/jazzy DEBUGINFOD_URLS=https://debuginfod.ubuntu.com /usr/bin/cmake /home/ebrahim/formula-carmaker-fs_2025/FCM_Projects/FS_autonomous/ros/ros2_ws/src/cmrosutils -DCARMAKER_VER:STRING=14.1.1 -DCARMAKER_DIR:PATH=/opt/ipg/carmaker/linux64-14.1.1 --no-warn-unused-cli -DCMAKE_INSTALL_PREFIX=/home/ebrahim/formula-carmaker-fs_2025/FCM_Projects/FS_autonomous/ros/ros2_ws/install/cmrosutils
[0.028s] Not searching for unused variables given on the command line.
[0.085s] -- The C compiler identification is GNU 12.4.0
[0.146s] -- The CXX compiler identification is GNU 12.4.0
[0.162s] -- Detecting C compiler ABI info
[0.241s] -- Detecting C compiler ABI info - done
[0.251s] -- Check for working C compiler: /usr/bin/cc - skipped
[0.252s] -- Detecting C compile features
[0.252s] -- Detecting C compile features - done
[0.260s] -- Detecting CXX compiler ABI info
[0.356s] -- Detecting CXX compiler ABI info - done
[0.367s] -- Check for working CXX compiler: /usr/bin/c++ - skipped
[0.367s] -- Detecting CXX compile features
[0.368s] -- Detecting CXX compile features - done
[0.372s] -- Found ament_cmake: 2.5.4 (/opt/ros/jazzy/share/ament_cmake/cmake)
[0.706s] -- Found Python3: /usr/bin/python3 (found version "3.12.3") found components: Interpreter 
[0.851s] -- Found rclcpp: 28.1.13 (/opt/ros/jazzy/share/rclcpp/cmake)
[0.910s] -- Found rosidl_generator_c: 4.6.6 (/opt/ros/jazzy/share/rosidl_generator_c/cmake)
[0.928s] -- Found rosidl_generator_cpp: 4.6.6 (/opt/ros/jazzy/share/rosidl_generator_cpp/cmake)
[0.950s] -- Using all available rosidl_typesupport_c: rosidl_typesupport_fastrtps_c;rosidl_typesupport_introspection_c
[0.975s] -- Using all available rosidl_typesupport_cpp: rosidl_typesupport_fastrtps_cpp;rosidl_typesupport_introspection_cpp
[1.073s] -- Found rmw_implementation_cmake: 7.3.2 (/opt/ros/jazzy/share/rmw_implementation_cmake/cmake)
[1.078s] -- Found rmw_zenoh_cpp: 0.2.9 (/opt/ros/jazzy/share/rmw_zenoh_cpp/cmake)
[1.079s] -- Using RMW implementation 'rmw_zenoh_cpp' as default
[1.176s] -- Found rosidl_default_generators: 1.6.0 (/opt/ros/jazzy/share/rosidl_default_generators/cmake)
[1.198s] -- Found rosidl_adapter: 4.6.6 (/opt/ros/jazzy/share/rosidl_adapter/cmake)
[2.329s] -- Found ament_cmake_ros: 0.12.0 (/opt/ros/jazzy/share/ament_cmake_ros/cmake)
[3.932s] -- Using all available rosidl_typesupport_c: rosidl_typesupport_fastrtps_c;rosidl_typesupport_introspection_c
[4.558s] -- Using all available rosidl_typesupport_cpp: rosidl_typesupport_fastrtps_cpp;rosidl_typesupport_introspection_cpp
[4.565s] -- Found python_cmake_module: 0.11.1 (/opt/ros/jazzy/share/python_cmake_module/cmake)
[4.885s] -- Found PythonExtra: /usr/bin/python3  
[5.806s] -- Found Python3: /usr/bin/python3 (found version "3.12.3") found components: Interpreter Development NumPy Development.Module Development.Embed 
[6.023s] -- Found ament_lint_auto: 0.17.3 (/opt/ros/jazzy/share/ament_lint_auto/cmake)
[6.093s] -- Added test 'copyright' to check source files copyright and LICENSE
[6.094s] -- Added test 'cppcheck' to perform static code analysis on C / C++ code
[6.095s] -- Configured cppcheck include dirs: $<BUILD_INTERFACE:/home/ebrahim/formula-carmaker-fs_2025/FCM_Projects/FS_autonomous/ros/ros2_ws/src/cmrosutils/include>
[6.095s] -- Configured cppcheck exclude dirs and/or files: 
[6.096s] -- Added test 'cpplint' to check C / C++ code against the Google style
[6.097s] -- Configured cpplint exclude dirs and/or files: 
[6.098s] -- Added test 'lint_cmake' to check CMake code style
[6.099s] -- Added test 'uncrustify' to check C / C++ code style
[6.099s] -- Configured uncrustify additional arguments: 
[6.100s] -- Added test 'xmllint' to check XML markup files
[6.104s] -- Configuring done (6.1s)
[6.170s] -- Generating done (0.1s)
[6.202s] -- Build files have been written to: /home/ebrahim/formula-carmaker-fs_2025/FCM_Projects/FS_autonomous/ros/ros2_ws/build/cmrosutils
[6.221s] Invoked command in '/home/ebrahim/formula-carmaker-fs_2025/FCM_Projects/FS_autonomous/ros/ros2_ws/build/cmrosutils' returned '0': CMAKE_PREFIX_PATH=${CMAKE_PREFIX_PATH}:/opt/ros/jazzy DEBUGINFOD_URLS=https://debuginfod.ubuntu.com /usr/bin/cmake /home/ebrahim/formula-carmaker-fs_2025/FCM_Projects/FS_autonomous/ros/ros2_ws/src/cmrosutils -DCARMAKER_VER:STRING=14.1.1 -DCARMAKER_DIR:PATH=/opt/ipg/carmaker/linux64-14.1.1 --no-warn-unused-cli -DCMAKE_INSTALL_PREFIX=/home/ebrahim/formula-carmaker-fs_2025/FCM_Projects/FS_autonomous/ros/ros2_ws/install/cmrosutils
[6.223s] Invoking command in '/home/ebrahim/formula-carmaker-fs_2025/FCM_Projects/FS_autonomous/ros/ros2_ws/build/cmrosutils': CMAKE_PREFIX_PATH=${CMAKE_PREFIX_PATH}:/opt/ros/jazzy DEBUGINFOD_URLS=https://debuginfod.ubuntu.com /usr/bin/cmake --build /home/ebrahim/formula-carmaker-fs_2025/FCM_Projects/FS_autonomous/ros/ros2_ws/build/cmrosutils -- -j12 -l12
[6.276s] [  2%] [34m[1mGenerating type hashes for ROS interfaces[0m
[6.286s] [  2%] Built target ament_cmake_python_copy_cmrosutils
[6.611s] [  2%] Built target cmrosutils__rosidl_generator_type_description
[6.630s] [  5%] [34m[1mGenerating C code for ROS interfaces[0m
[6.644s] [  8%] [34m[1mGenerating C++ code for ROS interfaces[0m
[6.671s] running egg_info
[6.673s] creating cmrosutils.egg-info
[6.934s] writing cmrosutils.egg-info/PKG-INFO
[6.935s] writing dependency_links to cmrosutils.egg-info/dependency_links.txt
[6.936s] writing top-level names to cmrosutils.egg-info/top_level.txt
[6.938s] writing manifest file 'cmrosutils.egg-info/SOURCES.txt'
[7.402s] reading manifest file 'cmrosutils.egg-info/SOURCES.txt'
[7.404s] writing manifest file 'cmrosutils.egg-info/SOURCES.txt'
[7.524s] [  8%] Built target ament_cmake_python_build_cmrosutils_egg
[7.541s] [ 11%] [32mBuilding C object CMakeFiles/cmrosutils__rosidl_generator_c.dir/rosidl_generator_c/cmrosutils/srv/detail/cm_remote_control__description.c.o[0m
[7.559s] [ 13%] [32mBuilding C object CMakeFiles/cmrosutils__rosidl_generator_c.dir/rosidl_generator_c/cmrosutils/srv/detail/cm_remote_control__type_support.c.o[0m
[7.563s] [ 16%] [32mBuilding C object CMakeFiles/cmrosutils__rosidl_generator_c.dir/rosidl_generator_c/cmrosutils/srv/detail/cm_remote_control__functions.c.o[0m
[7.888s] [ 16%] Built target cmrosutils__cpp
[7.984s] [ 19%] [32m[1mLinking C shared library libcmrosutils__rosidl_generator_c.so[0m
[8.067s] [ 19%] Built target cmrosutils__rosidl_generator_c
[8.089s] [ 22%] [34m[1mGenerating C type support for eProsima Fast-RTPS[0m
[8.098s] [ 25%] [34m[1mGenerating C++ type support dispatch for ROS interfaces[0m
[8.296s] [ 27%] [34m[1mGenerating C++ type support for eProsima Fast-RTPS[0m
[8.299s] [ 30%] [34m[1mGenerating C type support dispatch for ROS interfaces[0m
[8.310s] [ 33%] [34m[1mGenerating C++ introspection for ROS interfaces[0m
[8.316s] [ 36%] [34m[1mGenerating C introspection for ROS interfaces[0m
[9.056s] [ 38%] [32mBuilding CXX object CMakeFiles/cmrosutils__rosidl_typesupport_c.dir/rosidl_typesupport_c/cmrosutils/srv/cm_remote_control__type_support.cpp.o[0m
[9.178s] [ 41%] [32mBuilding CXX object CMakeFiles/cmrosutils__rosidl_typesupport_cpp.dir/rosidl_typesupport_cpp/cmrosutils/srv/cm_remote_control__type_support.cpp.o[0m
[9.263s] [ 44%] [32m[1mLinking CXX shared library libcmrosutils__rosidl_typesupport_c.so[0m
[9.353s] [ 47%] [32mBuilding CXX object CMakeFiles/cmrosutils__rosidl_typesupport_introspection_cpp.dir/rosidl_typesupport_introspection_cpp/cmrosutils/srv/detail/cm_remote_control__type_support.cpp.o[0m
[9.363s] [ 50%] [32mBuilding CXX object CMakeFiles/cmrosutils__rosidl_typesupport_fastrtps_c.dir/rosidl_typesupport_fastrtps_c/cmrosutils/srv/detail/cm_remote_control__type_support_c.cpp.o[0m
[9.388s] [ 52%] [32mBuilding C object CMakeFiles/cmrosutils__rosidl_typesupport_introspection_c.dir/rosidl_typesupport_introspection_c/cmrosutils/srv/detail/cm_remote_control__type_support.c.o[0m
[9.429s] [ 52%] Built target cmrosutils__rosidl_typesupport_c
[9.559s] [ 55%] [32m[1mLinking C shared library libcmrosutils__rosidl_typesupport_introspection_c.so[0m
[9.659s] [ 55%] Built target cmrosutils__rosidl_typesupport_introspection_c
[9.708s] [ 58%] [32mBuilding CXX object CMakeFiles/cmrosutils__rosidl_typesupport_fastrtps_cpp.dir/rosidl_typesupport_fastrtps_cpp/cmrosutils/srv/detail/dds_fastrtps/cm_remote_control__type_support.cpp.o[0m
[10.741s] [ 61%] [32m[1mLinking CXX shared library libcmrosutils__rosidl_typesupport_introspection_cpp.so[0m
[10.783s] [ 63%] [32m[1mLinking CXX shared library libcmrosutils__rosidl_typesupport_cpp.so[0m
[10.894s] [ 66%] [32m[1mLinking CXX shared library libcmrosutils__rosidl_typesupport_fastrtps_c.so[0m
[10.996s] [ 66%] Built target cmrosutils__rosidl_typesupport_cpp
[11.024s] [ 66%] Built target cmrosutils__rosidl_typesupport_introspection_cpp
[11.085s] [ 69%] [32mBuilding CXX object CMakeFiles/cmrosif.dir/src/cmrosif.cpp.o[0m
[11.114s] [ 69%] Built target cmrosutils__rosidl_typesupport_fastrtps_c
[11.651s] [ 72%] [32m[1mLinking CXX shared library libcmrosutils__rosidl_typesupport_fastrtps_cpp.so[0m
[11.920s] [ 72%] Built target cmrosutils__rosidl_typesupport_fastrtps_cpp
[11.969s] [ 72%] Built target cmrosutils
[12.007s] [ 75%] [34m[1mGenerating Python code for ROS interfaces[0m
[13.068s] [ 75%] Built target cmrosutils__py
[13.113s] [ 77%] [32mBuilding C object CMakeFiles/cmrosutils__rosidl_generator_py.dir/rosidl_generator_py/cmrosutils/srv/_cm_remote_control_s.c.o[0m
[13.426s] [ 80%] [32m[1mLinking C shared library libcmrosutils__rosidl_generator_py.so[0m
[13.577s] [ 80%] Built target cmrosutils__rosidl_generator_py
[13.649s] [ 83%] [32mBuilding C object CMakeFiles/cmrosutils_s__rosidl_typesupport_introspection_c.dir/rosidl_generator_py/cmrosutils/_cmrosutils_s.ep.rosidl_typesupport_introspection_c.c.o[0m
[13.654s] [ 86%] [32mBuilding C object CMakeFiles/cmrosutils_s__rosidl_typesupport_c.dir/rosidl_generator_py/cmrosutils/_cmrosutils_s.ep.rosidl_typesupport_c.c.o[0m
[13.690s] [ 88%] [32mBuilding C object CMakeFiles/cmrosutils_s__rosidl_typesupport_fastrtps_c.dir/rosidl_generator_py/cmrosutils/_cmrosutils_s.ep.rosidl_typesupport_fastrtps_c.c.o[0m
[14.120s] [ 91%] [32m[1mLinking C shared module rosidl_generator_py/cmrosutils/cmrosutils_s__rosidl_typesupport_introspection_c.so[0m
[14.136s] [ 94%] [32m[1mLinking C shared module rosidl_generator_py/cmrosutils/cmrosutils_s__rosidl_typesupport_c.so[0m
[14.297s] [ 94%] Built target cmrosutils_s__rosidl_typesupport_introspection_c
[14.605s] [ 97%] [32m[1mLinking C shared module rosidl_generator_py/cmrosutils/cmrosutils_s__rosidl_typesupport_fastrtps_c.so[0m
[14.988s] [ 97%] Built target cmrosutils_s__rosidl_typesupport_fastrtps_c
[15.009s] [ 97%] Built target cmrosutils_s__rosidl_typesupport_c
[24.452s] [100%] [32m[1mLinking CXX shared library libcmrosif.so[0m
[24.948s] [100%] Built target cmrosif
[24.983s] Invoked command in '/home/ebrahim/formula-carmaker-fs_2025/FCM_Projects/FS_autonomous/ros/ros2_ws/build/cmrosutils' returned '0': CMAKE_PREFIX_PATH=${CMAKE_PREFIX_PATH}:/opt/ros/jazzy DEBUGINFOD_URLS=https://debuginfod.ubuntu.com /usr/bin/cmake --build /home/ebrahim/formula-carmaker-fs_2025/FCM_Projects/FS_autonomous/ros/ros2_ws/build/cmrosutils -- -j12 -l12
[24.983s] Invoking command in '/home/ebrahim/formula-carmaker-fs_2025/FCM_Projects/FS_autonomous/ros/ros2_ws/build/cmrosutils': CMAKE_PREFIX_PATH=${CMAKE_PREFIX_PATH}:/opt/ros/jazzy DEBUGINFOD_URLS=https://debuginfod.ubuntu.com /usr/bin/cmake --install /home/ebrahim/formula-carmaker-fs_2025/FCM_Projects/FS_autonomous/ros/ros2_ws/build/cmrosutils
[24.999s] -- Install configuration: ""
[24.999s] -- Installing: /home/ebrahim/formula-carmaker-fs_2025/FCM_Projects/FS_autonomous/ros/ros2_ws/install/cmrosutils/share/ament_index/resource_index/rosidl_interfaces/cmrosutils
[24.999s] -- Installing: /home/ebrahim/formula-carmaker-fs_2025/FCM_Projects/FS_autonomous/ros/ros2_ws/install/cmrosutils/share/cmrosutils/srv/CMRemoteControl.json
[24.999s] -- Installing: /home/ebrahim/formula-carmaker-fs_2025/FCM_Projects/FS_autonomous/ros/ros2_ws/install/cmrosutils/include/cmrosutils/cmrosutils
[25.000s] -- Installing: /home/ebrahim/formula-carmaker-fs_2025/FCM_Projects/FS_autonomous/ros/ros2_ws/install/cmrosutils/include/cmrosutils/cmrosutils/srv
[25.001s] -- Installing: /home/ebrahim/formula-carmaker-fs_2025/FCM_Projects/FS_autonomous/ros/ros2_ws/install/cmrosutils/include/cmrosutils/cmrosutils/srv/detail
[25.001s] -- Installing: /home/ebrahim/formula-carmaker-fs_2025/FCM_Projects/FS_autonomous/ros/ros2_ws/install/cmrosutils/include/cmrosutils/cmrosutils/srv/detail/cm_remote_control__struct.h
[25.001s] -- Installing: /home/ebrahim/formula-carmaker-fs_2025/FCM_Projects/FS_autonomous/ros/ros2_ws/install/cmrosutils/include/cmrosutils/cmrosutils/srv/detail/cm_remote_control__type_support.h
[25.001s] -- Installing: /home/ebrahim/formula-carmaker-fs_2025/FCM_Projects/FS_autonomous/ros/ros2_ws/install/cmrosutils/include/cmrosutils/cmrosutils/srv/detail/cm_remote_control__type_support.c
[25.001s] -- Installing: /home/ebrahim/formula-carmaker-fs_2025/FCM_Projects/FS_autonomous/ros/ros2_ws/install/cmrosutils/include/cmrosutils/cmrosutils/srv/detail/cm_remote_control__functions.c
[25.002s] -- Installing: /home/ebrahim/formula-carmaker-fs_2025/FCM_Projects/FS_autonomous/ros/ros2_ws/install/cmrosutils/include/cmrosutils/cmrosutils/srv/detail/cm_remote_control__description.c
[25.002s] -- Installing: /home/ebrahim/formula-carmaker-fs_2025/FCM_Projects/FS_autonomous/ros/ros2_ws/install/cmrosutils/include/cmrosutils/cmrosutils/srv/detail/cm_remote_control__functions.h
[25.002s] -- Installing: /home/ebrahim/formula-carmaker-fs_2025/FCM_Projects/FS_autonomous/ros/ros2_ws/install/cmrosutils/include/cmrosutils/cmrosutils/srv/cm_remote_control.h
[25.002s] -- Installing: /home/ebrahim/formula-carmaker-fs_2025/FCM_Projects/FS_autonomous/ros/ros2_ws/install/cmrosutils/include/cmrosutils/cmrosutils/msg
[25.002s] -- Installing: /home/ebrahim/formula-carmaker-fs_2025/FCM_Projects/FS_autonomous/ros/ros2_ws/install/cmrosutils/include/cmrosutils/cmrosutils/msg/rosidl_generator_c__visibility_control.h
[25.003s] -- Installing: /home/ebrahim/formula-carmaker-fs_2025/FCM_Projects/FS_autonomous/ros/ros2_ws/install/cmrosutils/share/cmrosutils/environment/library_path.sh
[25.003s] -- Installing: /home/ebrahim/formula-carmaker-fs_2025/FCM_Projects/FS_autonomous/ros/ros2_ws/install/cmrosutils/share/cmrosutils/environment/library_path.dsv
[25.003s] -- Installing: /home/ebrahim/formula-carmaker-fs_2025/FCM_Projects/FS_autonomous/ros/ros2_ws/install/cmrosutils/lib/libcmrosutils__rosidl_generator_c.so
[25.003s] -- Set non-toolchain portion of runtime path of "/home/ebrahim/formula-carmaker-fs_2025/FCM_Projects/FS_autonomous/ros/ros2_ws/install/cmrosutils/lib/libcmrosutils__rosidl_generator_c.so" to ""
[25.004s] -- Up-to-date: /home/ebrahim/formula-carmaker-fs_2025/FCM_Projects/FS_autonomous/ros/ros2_ws/install/cmrosutils/include/cmrosutils/cmrosutils
[25.005s] -- Up-to-date: /home/ebrahim/formula-carmaker-fs_2025/FCM_Projects/FS_autonomous/ros/ros2_ws/install/cmrosutils/include/cmrosutils/cmrosutils/srv
[25.005s] -- Up-to-date: /home/ebrahim/formula-carmaker-fs_2025/FCM_Projects/FS_autonomous/ros/ros2_ws/install/cmrosutils/include/cmrosutils/cmrosutils/srv/detail
[25.005s] -- Installing: /home/ebrahim/formula-carmaker-fs_2025/FCM_Projects/FS_autonomous/ros/ros2_ws/install/cmrosutils/include/cmrosutils/cmrosutils/srv/detail/cm_remote_control__rosidl_typesupport_fastrtps_c.h
[25.006s] -- Up-to-date: /home/ebrahim/formula-carmaker-fs_2025/FCM_Projects/FS_autonomous/ros/ros2_ws/install/cmrosutils/include/cmrosutils/cmrosutils/msg
[25.007s] -- Installing: /home/ebrahim/formula-carmaker-fs_2025/FCM_Projects/FS_autonomous/ros/ros2_ws/install/cmrosutils/include/cmrosutils/cmrosutils/msg/rosidl_typesupport_fastrtps_c__visibility_control.h
[25.007s] -- Installing: /home/ebrahim/formula-carmaker-fs_2025/FCM_Projects/FS_autonomous/ros/ros2_ws/install/cmrosutils/lib/libcmrosutils__rosidl_typesupport_fastrtps_c.so
[25.007s] -- Set non-toolchain portion of runtime path of "/home/ebrahim/formula-carmaker-fs_2025/FCM_Projects/FS_autonomous/ros/ros2_ws/install/cmrosutils/lib/libcmrosutils__rosidl_typesupport_fastrtps_c.so" to ""
[25.007s] -- Up-to-date: /home/ebrahim/formula-carmaker-fs_2025/FCM_Projects/FS_autonomous/ros/ros2_ws/install/cmrosutils/include/cmrosutils/cmrosutils
[25.007s] -- Up-to-date: /home/ebrahim/formula-carmaker-fs_2025/FCM_Projects/FS_autonomous/ros/ros2_ws/install/cmrosutils/include/cmrosutils/cmrosutils/srv
[25.008s] -- Up-to-date: /home/ebrahim/formula-carmaker-fs_2025/FCM_Projects/FS_autonomous/ros/ros2_ws/install/cmrosutils/include/cmrosutils/cmrosutils/srv/detail
[25.008s] -- Installing: /home/ebrahim/formula-carmaker-fs_2025/FCM_Projects/FS_autonomous/ros/ros2_ws/install/cmrosutils/include/cmrosutils/cmrosutils/srv/detail/cm_remote_control__type_support.hpp
[25.008s] -- Installing: /home/ebrahim/formula-carmaker-fs_2025/FCM_Projects/FS_autonomous/ros/ros2_ws/install/cmrosutils/include/cmrosutils/cmrosutils/srv/detail/cm_remote_control__builder.hpp
[25.008s] -- Installing: /home/ebrahim/formula-carmaker-fs_2025/FCM_Projects/FS_autonomous/ros/ros2_ws/install/cmrosutils/include/cmrosutils/cmrosutils/srv/detail/cm_remote_control__traits.hpp
[25.008s] -- Installing: /home/ebrahim/formula-carmaker-fs_2025/FCM_Projects/FS_autonomous/ros/ros2_ws/install/cmrosutils/include/cmrosutils/cmrosutils/srv/detail/cm_remote_control__struct.hpp
[25.008s] -- Installing: /home/ebrahim/formula-carmaker-fs_2025/FCM_Projects/FS_autonomous/ros/ros2_ws/install/cmrosutils/include/cmrosutils/cmrosutils/srv/cm_remote_control.hpp
[25.008s] -- Up-to-date: /home/ebrahim/formula-carmaker-fs_2025/FCM_Projects/FS_autonomous/ros/ros2_ws/install/cmrosutils/include/cmrosutils/cmrosutils/msg
[25.009s] -- Installing: /home/ebrahim/formula-carmaker-fs_2025/FCM_Projects/FS_autonomous/ros/ros2_ws/install/cmrosutils/include/cmrosutils/cmrosutils/msg/rosidl_generator_cpp__visibility_control.hpp
[25.009s] -- Up-to-date: /home/ebrahim/formula-carmaker-fs_2025/FCM_Projects/FS_autonomous/ros/ros2_ws/install/cmrosutils/include/cmrosutils/cmrosutils
[25.009s] -- Up-to-date: /home/ebrahim/formula-carmaker-fs_2025/FCM_Projects/FS_autonomous/ros/ros2_ws/install/cmrosutils/include/cmrosutils/cmrosutils/srv
[25.009s] -- Up-to-date: /home/ebrahim/formula-carmaker-fs_2025/FCM_Projects/FS_autonomous/ros/ros2_ws/install/cmrosutils/include/cmrosutils/cmrosutils/srv/detail
[25.009s] -- Installing: /home/ebrahim/formula-carmaker-fs_2025/FCM_Projects/FS_autonomous/ros/ros2_ws/install/cmrosutils/include/cmrosutils/cmrosutils/srv/detail/cm_remote_control__rosidl_typesupport_fastrtps_cpp.hpp
[25.009s] -- Installing: /home/ebrahim/formula-carmaker-fs_2025/FCM_Projects/FS_autonomous/ros/ros2_ws/install/cmrosutils/include/cmrosutils/cmrosutils/srv/detail/dds_fastrtps
[25.010s] -- Up-to-date: /home/ebrahim/formula-carmaker-fs_2025/FCM_Projects/FS_autonomous/ros/ros2_ws/install/cmrosutils/include/cmrosutils/cmrosutils/msg
[25.010s] -- Installing: /home/ebrahim/formula-carmaker-fs_2025/FCM_Projects/FS_autonomous/ros/ros2_ws/install/cmrosutils/include/cmrosutils/cmrosutils/msg/rosidl_typesupport_fastrtps_cpp__visibility_control.h
[25.010s] -- Installing: /home/ebrahim/formula-carmaker-fs_2025/FCM_Projects/FS_autonomous/ros/ros2_ws/install/cmrosutils/lib/libcmrosutils__rosidl_typesupport_fastrtps_cpp.so
[25.010s] -- Set non-toolchain portion of runtime path of "/home/ebrahim/formula-carmaker-fs_2025/FCM_Projects/FS_autonomous/ros/ros2_ws/install/cmrosutils/lib/libcmrosutils__rosidl_typesupport_fastrtps_cpp.so" to ""
[25.011s] -- Up-to-date: /home/ebrahim/formula-carmaker-fs_2025/FCM_Projects/FS_autonomous/ros/ros2_ws/install/cmrosutils/include/cmrosutils/cmrosutils
[25.011s] -- Up-to-date: /home/ebrahim/formula-carmaker-fs_2025/FCM_Projects/FS_autonomous/ros/ros2_ws/install/cmrosutils/include/cmrosutils/cmrosutils/srv
[25.011s] -- Up-to-date: /home/ebrahim/formula-carmaker-fs_2025/FCM_Projects/FS_autonomous/ros/ros2_ws/install/cmrosutils/include/cmrosutils/cmrosutils/srv/detail
[25.011s] -- Installing: /home/ebrahim/formula-carmaker-fs_2025/FCM_Projects/FS_autonomous/ros/ros2_ws/install/cmrosutils/include/cmrosutils/cmrosutils/srv/detail/cm_remote_control__type_support.c
[25.011s] -- Installing: /home/ebrahim/formula-carmaker-fs_2025/FCM_Projects/FS_autonomous/ros/ros2_ws/install/cmrosutils/include/cmrosutils/cmrosutils/srv/detail/cm_remote_control__rosidl_typesupport_introspection_c.h
[25.011s] -- Up-to-date: /home/ebrahim/formula-carmaker-fs_2025/FCM_Projects/FS_autonomous/ros/ros2_ws/install/cmrosutils/include/cmrosutils/cmrosutils/msg
[25.012s] -- Installing: /home/ebrahim/formula-carmaker-fs_2025/FCM_Projects/FS_autonomous/ros/ros2_ws/install/cmrosutils/include/cmrosutils/cmrosutils/msg/rosidl_typesupport_introspection_c__visibility_control.h
[25.012s] -- Installing: /home/ebrahim/formula-carmaker-fs_2025/FCM_Projects/FS_autonomous/ros/ros2_ws/install/cmrosutils/lib/libcmrosutils__rosidl_typesupport_introspection_c.so
[25.012s] -- Set non-toolchain portion of runtime path of "/home/ebrahim/formula-carmaker-fs_2025/FCM_Projects/FS_autonomous/ros/ros2_ws/install/cmrosutils/lib/libcmrosutils__rosidl_typesupport_introspection_c.so" to ""
[25.012s] -- Installing: /home/ebrahim/formula-carmaker-fs_2025/FCM_Projects/FS_autonomous/ros/ros2_ws/install/cmrosutils/lib/libcmrosutils__rosidl_typesupport_c.so
[25.012s] -- Set non-toolchain portion of runtime path of "/home/ebrahim/formula-carmaker-fs_2025/FCM_Projects/FS_autonomous/ros/ros2_ws/install/cmrosutils/lib/libcmrosutils__rosidl_typesupport_c.so" to ""
[25.012s] -- Up-to-date: /home/ebrahim/formula-carmaker-fs_2025/FCM_Projects/FS_autonomous/ros/ros2_ws/install/cmrosutils/include/cmrosutils/cmrosutils
[25.013s] -- Up-to-date: /home/ebrahim/formula-carmaker-fs_2025/FCM_Projects/FS_autonomous/ros/ros2_ws/install/cmrosutils/include/cmrosutils/cmrosutils/srv
[25.013s] -- Up-to-date: /home/ebrahim/formula-carmaker-fs_2025/FCM_Projects/FS_autonomous/ros/ros2_ws/install/cmrosutils/include/cmrosutils/cmrosutils/srv/detail
[25.013s] -- Installing: /home/ebrahim/formula-carmaker-fs_2025/FCM_Projects/FS_autonomous/ros/ros2_ws/install/cmrosutils/include/cmrosutils/cmrosutils/srv/detail/cm_remote_control__rosidl_typesupport_introspection_cpp.hpp
[25.013s] -- Installing: /home/ebrahim/formula-carmaker-fs_2025/FCM_Projects/FS_autonomous/ros/ros2_ws/install/cmrosutils/include/cmrosutils/cmrosutils/srv/detail/cm_remote_control__type_support.cpp
[25.013s] -- Installing: /home/ebrahim/formula-carmaker-fs_2025/FCM_Projects/FS_autonomous/ros/ros2_ws/install/cmrosutils/lib/libcmrosutils__rosidl_typesupport_introspection_cpp.so
[25.014s] -- Set non-toolchain portion of runtime path of "/home/ebrahim/formula-carmaker-fs_2025/FCM_Projects/FS_autonomous/ros/ros2_ws/install/cmrosutils/lib/libcmrosutils__rosidl_typesupport_introspection_cpp.so" to ""
[25.014s] -- Installing: /home/ebrahim/formula-carmaker-fs_2025/FCM_Projects/FS_autonomous/ros/ros2_ws/install/cmrosutils/lib/libcmrosutils__rosidl_typesupport_cpp.so
[25.014s] -- Set non-toolchain portion of runtime path of "/home/ebrahim/formula-carmaker-fs_2025/FCM_Projects/FS_autonomous/ros/ros2_ws/install/cmrosutils/lib/libcmrosutils__rosidl_typesupport_cpp.so" to ""
[25.014s] -- Installing: /home/ebrahim/formula-carmaker-fs_2025/FCM_Projects/FS_autonomous/ros/ros2_ws/install/cmrosutils/share/cmrosutils/environment/pythonpath.sh
[25.014s] -- Installing: /home/ebrahim/formula-carmaker-fs_2025/FCM_Projects/FS_autonomous/ros/ros2_ws/install/cmrosutils/share/cmrosutils/environment/pythonpath.dsv
[25.015s] -- Installing: /home/ebrahim/formula-carmaker-fs_2025/FCM_Projects/FS_autonomous/ros/ros2_ws/install/cmrosutils/lib/python3.12/site-packages/cmrosutils-0.1.0-py3.12.egg-info
[25.015s] -- Installing: /home/ebrahim/formula-carmaker-fs_2025/FCM_Projects/FS_autonomous/ros/ros2_ws/install/cmrosutils/lib/python3.12/site-packages/cmrosutils-0.1.0-py3.12.egg-info/SOURCES.txt
[25.015s] -- Installing: /home/ebrahim/formula-carmaker-fs_2025/FCM_Projects/FS_autonomous/ros/ros2_ws/install/cmrosutils/lib/python3.12/site-packages/cmrosutils-0.1.0-py3.12.egg-info/PKG-INFO
[25.015s] -- Installing: /home/ebrahim/formula-carmaker-fs_2025/FCM_Projects/FS_autonomous/ros/ros2_ws/install/cmrosutils/lib/python3.12/site-packages/cmrosutils-0.1.0-py3.12.egg-info/top_level.txt
[25.016s] -- Installing: /home/ebrahim/formula-carmaker-fs_2025/FCM_Projects/FS_autonomous/ros/ros2_ws/install/cmrosutils/lib/python3.12/site-packages/cmrosutils-0.1.0-py3.12.egg-info/dependency_links.txt
[25.016s] -- Installing: /home/ebrahim/formula-carmaker-fs_2025/FCM_Projects/FS_autonomous/ros/ros2_ws/install/cmrosutils/lib/python3.12/site-packages/cmrosutils
[25.016s] -- Installing: /home/ebrahim/formula-carmaker-fs_2025/FCM_Projects/FS_autonomous/ros/ros2_ws/install/cmrosutils/lib/python3.12/site-packages/cmrosutils/_cmrosutils_s.ep.rosidl_typesupport_c.c
[25.016s] -- Installing: /home/ebrahim/formula-carmaker-fs_2025/FCM_Projects/FS_autonomous/ros/ros2_ws/install/cmrosutils/lib/python3.12/site-packages/cmrosutils/_cmrosutils_s.ep.rosidl_typesupport_introspection_c.c
[25.016s] -- Installing: /home/ebrahim/formula-carmaker-fs_2025/FCM_Projects/FS_autonomous/ros/ros2_ws/install/cmrosutils/lib/python3.12/site-packages/cmrosutils/cmrosutils_s__rosidl_typesupport_c.so
[25.017s] -- Installing: /home/ebrahim/formula-carmaker-fs_2025/FCM_Projects/FS_autonomous/ros/ros2_ws/install/cmrosutils/lib/python3.12/site-packages/cmrosutils/cmrosutils_s__rosidl_typesupport_introspection_c.so
[25.017s] -- Installing: /home/ebrahim/formula-carmaker-fs_2025/FCM_Projects/FS_autonomous/ros/ros2_ws/install/cmrosutils/lib/python3.12/site-packages/cmrosutils/cmrosutils_s__rosidl_typesupport_fastrtps_c.so
[25.017s] -- Installing: /home/ebrahim/formula-carmaker-fs_2025/FCM_Projects/FS_autonomous/ros/ros2_ws/install/cmrosutils/lib/python3.12/site-packages/cmrosutils/_cmrosutils_s.ep.rosidl_typesupport_fastrtps_c.c
[25.017s] -- Installing: /home/ebrahim/formula-carmaker-fs_2025/FCM_Projects/FS_autonomous/ros/ros2_ws/install/cmrosutils/lib/python3.12/site-packages/cmrosutils/srv
[25.017s] -- Installing: /home/ebrahim/formula-carmaker-fs_2025/FCM_Projects/FS_autonomous/ros/ros2_ws/install/cmrosutils/lib/python3.12/site-packages/cmrosutils/srv/_cm_remote_control.py
[25.017s] -- Installing: /home/ebrahim/formula-carmaker-fs_2025/FCM_Projects/FS_autonomous/ros/ros2_ws/install/cmrosutils/lib/python3.12/site-packages/cmrosutils/srv/_cm_remote_control_s.c
[25.017s] -- Installing: /home/ebrahim/formula-carmaker-fs_2025/FCM_Projects/FS_autonomous/ros/ros2_ws/install/cmrosutils/lib/python3.12/site-packages/cmrosutils/srv/__init__.py
[25.018s] -- Installing: /home/ebrahim/formula-carmaker-fs_2025/FCM_Projects/FS_autonomous/ros/ros2_ws/install/cmrosutils/lib/python3.12/site-packages/cmrosutils/__init__.py
[25.111s] Listing '/home/ebrahim/formula-carmaker-fs_2025/FCM_Projects/FS_autonomous/ros/ros2_ws/install/cmrosutils/lib/python3.12/site-packages/cmrosutils'...
[25.111s] Compiling '/home/ebrahim/formula-carmaker-fs_2025/FCM_Projects/FS_autonomous/ros/ros2_ws/install/cmrosutils/lib/python3.12/site-packages/cmrosutils/__init__.py'...
[25.112s] Listing '/home/ebrahim/formula-carmaker-fs_2025/FCM_Projects/FS_autonomous/ros/ros2_ws/install/cmrosutils/lib/python3.12/site-packages/cmrosutils/srv'...
[25.112s] Compiling '/home/ebrahim/formula-carmaker-fs_2025/FCM_Projects/FS_autonomous/ros/ros2_ws/install/cmrosutils/lib/python3.12/site-packages/cmrosutils/srv/__init__.py'...
[25.112s] Compiling '/home/ebrahim/formula-carmaker-fs_2025/FCM_Projects/FS_autonomous/ros/ros2_ws/install/cmrosutils/lib/python3.12/site-packages/cmrosutils/srv/_cm_remote_control.py'...
[25.129s] -- Installing: /home/ebrahim/formula-carmaker-fs_2025/FCM_Projects/FS_autonomous/ros/ros2_ws/install/cmrosutils/lib/python3.12/site-packages/cmrosutils/cmrosutils_s__rosidl_typesupport_fastrtps_c.so
[25.130s] -- Set non-toolchain portion of runtime path of "/home/ebrahim/formula-carmaker-fs_2025/FCM_Projects/FS_autonomous/ros/ros2_ws/install/cmrosutils/lib/python3.12/site-packages/cmrosutils/cmrosutils_s__rosidl_typesupport_fastrtps_c.so" to ""
[25.130s] -- Installing: /home/ebrahim/formula-carmaker-fs_2025/FCM_Projects/FS_autonomous/ros/ros2_ws/install/cmrosutils/lib/python3.12/site-packages/cmrosutils/cmrosutils_s__rosidl_typesupport_introspection_c.so
[25.130s] -- Set non-toolchain portion of runtime path of "/home/ebrahim/formula-carmaker-fs_2025/FCM_Projects/FS_autonomous/ros/ros2_ws/install/cmrosutils/lib/python3.12/site-packages/cmrosutils/cmrosutils_s__rosidl_typesupport_introspection_c.so" to ""
[25.130s] -- Installing: /home/ebrahim/formula-carmaker-fs_2025/FCM_Projects/FS_autonomous/ros/ros2_ws/install/cmrosutils/lib/python3.12/site-packages/cmrosutils/cmrosutils_s__rosidl_typesupport_c.so
[25.131s] -- Set non-toolchain portion of runtime path of "/home/ebrahim/formula-carmaker-fs_2025/FCM_Projects/FS_autonomous/ros/ros2_ws/install/cmrosutils/lib/python3.12/site-packages/cmrosutils/cmrosutils_s__rosidl_typesupport_c.so" to ""
[25.131s] -- Installing: /home/ebrahim/formula-carmaker-fs_2025/FCM_Projects/FS_autonomous/ros/ros2_ws/install/cmrosutils/lib/libcmrosutils__rosidl_generator_py.so
[25.131s] -- Set non-toolchain portion of runtime path of "/home/ebrahim/formula-carmaker-fs_2025/FCM_Projects/FS_autonomous/ros/ros2_ws/install/cmrosutils/lib/libcmrosutils__rosidl_generator_py.so" to ""
[25.131s] -- Installing: /home/ebrahim/formula-carmaker-fs_2025/FCM_Projects/FS_autonomous/ros/ros2_ws/install/cmrosutils/share/cmrosutils/srv/CMRemoteControl.idl
[25.132s] -- Installing: /home/ebrahim/formula-carmaker-fs_2025/FCM_Projects/FS_autonomous/ros/ros2_ws/install/cmrosutils/share/cmrosutils/srv/CMRemoteControl.srv
[25.132s] -- Up-to-date: /home/ebrahim/formula-carmaker-fs_2025/FCM_Projects/FS_autonomous/ros/ros2_ws/install/cmrosutils/include
[25.132s] -- Up-to-date: /home/ebrahim/formula-carmaker-fs_2025/FCM_Projects/FS_autonomous/ros/ros2_ws/install/cmrosutils/include/cmrosutils
[25.132s] -- Installing: /home/ebrahim/formula-carmaker-fs_2025/FCM_Projects/FS_autonomous/ros/ros2_ws/install/cmrosutils/include/cmrosutils/cmjob_publisher.hpp
[25.133s] -- Installing: /home/ebrahim/formula-carmaker-fs_2025/FCM_Projects/FS_autonomous/ros/ros2_ws/install/cmrosutils/include/cmrosutils/cmcppif.h
[25.133s] -- Installing: /home/ebrahim/formula-carmaker-fs_2025/FCM_Projects/FS_autonomous/ros/ros2_ws/install/cmrosutils/include/cmrosutils/cmjob_subscriber.hpp
[25.133s] -- Installing: /home/ebrahim/formula-carmaker-fs_2025/FCM_Projects/FS_autonomous/ros/ros2_ws/install/cmrosutils/include/cmrosutils/CMJob.h
[25.133s] -- Installing: /home/ebrahim/formula-carmaker-fs_2025/FCM_Projects/FS_autonomous/ros/ros2_ws/install/cmrosutils/include/cmrosutils/cmrosif.hpp
[25.133s] -- Installing: /home/ebrahim/formula-carmaker-fs_2025/FCM_Projects/FS_autonomous/ros/ros2_ws/install/cmrosutils/lib/libcmrosif.so
[25.135s] -- Set non-toolchain portion of runtime path of "/home/ebrahim/formula-carmaker-fs_2025/FCM_Projects/FS_autonomous/ros/ros2_ws/install/cmrosutils/lib/libcmrosif.so" to ""
[25.136s] -- Installing: /home/ebrahim/formula-carmaker-fs_2025/FCM_Projects/FS_autonomous/ros/ros2_ws/install/cmrosutils/share/ament_index/resource_index/package_run_dependencies/cmrosutils
[25.136s] -- Installing: /home/ebrahim/formula-carmaker-fs_2025/FCM_Projects/FS_autonomous/ros/ros2_ws/install/cmrosutils/share/ament_index/resource_index/parent_prefix_path/cmrosutils
[25.136s] -- Installing: /home/ebrahim/formula-carmaker-fs_2025/FCM_Projects/FS_autonomous/ros/ros2_ws/install/cmrosutils/share/cmrosutils/environment/ament_prefix_path.sh
[25.136s] -- Installing: /home/ebrahim/formula-carmaker-fs_2025/FCM_Projects/FS_autonomous/ros/ros2_ws/install/cmrosutils/share/cmrosutils/environment/ament_prefix_path.dsv
[25.137s] -- Installing: /home/ebrahim/formula-carmaker-fs_2025/FCM_Projects/FS_autonomous/ros/ros2_ws/install/cmrosutils/share/cmrosutils/environment/path.sh
[25.137s] -- Installing: /home/ebrahim/formula-carmaker-fs_2025/FCM_Projects/FS_autonomous/ros/ros2_ws/install/cmrosutils/share/cmrosutils/environment/path.dsv
[25.137s] -- Installing: /home/ebrahim/formula-carmaker-fs_2025/FCM_Projects/FS_autonomous/ros/ros2_ws/install/cmrosutils/share/cmrosutils/local_setup.bash
[25.137s] -- Installing: /home/ebrahim/formula-carmaker-fs_2025/FCM_Projects/FS_autonomous/ros/ros2_ws/install/cmrosutils/share/cmrosutils/local_setup.sh
[25.138s] -- Installing: /home/ebrahim/formula-carmaker-fs_2025/FCM_Projects/FS_autonomous/ros/ros2_ws/install/cmrosutils/share/cmrosutils/local_setup.zsh
[25.138s] -- Installing: /home/ebrahim/formula-carmaker-fs_2025/FCM_Projects/FS_autonomous/ros/ros2_ws/install/cmrosutils/share/cmrosutils/local_setup.dsv
[25.138s] -- Installing: /home/ebrahim/formula-carmaker-fs_2025/FCM_Projects/FS_autonomous/ros/ros2_ws/install/cmrosutils/share/cmrosutils/package.dsv
[25.138s] -- Installing: /home/ebrahim/formula-carmaker-fs_2025/FCM_Projects/FS_autonomous/ros/ros2_ws/install/cmrosutils/share/ament_index/resource_index/packages/cmrosutils
[25.138s] -- Installing: /home/ebrahim/formula-carmaker-fs_2025/FCM_Projects/FS_autonomous/ros/ros2_ws/install/cmrosutils/share/cmrosutils/cmake/export_cmrosutils__rosidl_generator_cExport.cmake
[25.138s] -- Installing: /home/ebrahim/formula-carmaker-fs_2025/FCM_Projects/FS_autonomous/ros/ros2_ws/install/cmrosutils/share/cmrosutils/cmake/export_cmrosutils__rosidl_generator_cExport-noconfig.cmake
[25.139s] -- Installing: /home/ebrahim/formula-carmaker-fs_2025/FCM_Projects/FS_autonomous/ros/ros2_ws/install/cmrosutils/share/cmrosutils/cmake/export_cmrosutils__rosidl_typesupport_fastrtps_cExport.cmake
[25.139s] -- Installing: /home/ebrahim/formula-carmaker-fs_2025/FCM_Projects/FS_autonomous/ros/ros2_ws/install/cmrosutils/share/cmrosutils/cmake/export_cmrosutils__rosidl_typesupport_fastrtps_cExport-noconfig.cmake
[25.139s] -- Installing: /home/ebrahim/formula-carmaker-fs_2025/FCM_Projects/FS_autonomous/ros/ros2_ws/install/cmrosutils/share/cmrosutils/cmake/export_cmrosutils__rosidl_generator_cppExport.cmake
[25.139s] -- Installing: /home/ebrahim/formula-carmaker-fs_2025/FCM_Projects/FS_autonomous/ros/ros2_ws/install/cmrosutils/share/cmrosutils/cmake/export_cmrosutils__rosidl_typesupport_fastrtps_cppExport.cmake
[25.139s] -- Installing: /home/ebrahim/formula-carmaker-fs_2025/FCM_Projects/FS_autonomous/ros/ros2_ws/install/cmrosutils/share/cmrosutils/cmake/export_cmrosutils__rosidl_typesupport_fastrtps_cppExport-noconfig.cmake
[25.140s] -- Installing: /home/ebrahim/formula-carmaker-fs_2025/FCM_Projects/FS_autonomous/ros/ros2_ws/install/cmrosutils/share/cmrosutils/cmake/cmrosutils__rosidl_typesupport_introspection_cExport.cmake
[25.140s] -- Installing: /home/ebrahim/formula-carmaker-fs_2025/FCM_Projects/FS_autonomous/ros/ros2_ws/install/cmrosutils/share/cmrosutils/cmake/cmrosutils__rosidl_typesupport_introspection_cExport-noconfig.cmake
[25.140s] -- Installing: /home/ebrahim/formula-carmaker-fs_2025/FCM_Projects/FS_autonomous/ros/ros2_ws/install/cmrosutils/share/cmrosutils/cmake/cmrosutils__rosidl_typesupport_cExport.cmake
[25.140s] -- Installing: /home/ebrahim/formula-carmaker-fs_2025/FCM_Projects/FS_autonomous/ros/ros2_ws/install/cmrosutils/share/cmrosutils/cmake/cmrosutils__rosidl_typesupport_cExport-noconfig.cmake
[25.140s] -- Installing: /home/ebrahim/formula-carmaker-fs_2025/FCM_Projects/FS_autonomous/ros/ros2_ws/install/cmrosutils/share/cmrosutils/cmake/cmrosutils__rosidl_typesupport_introspection_cppExport.cmake
[25.140s] -- Installing: /home/ebrahim/formula-carmaker-fs_2025/FCM_Projects/FS_autonomous/ros/ros2_ws/install/cmrosutils/share/cmrosutils/cmake/cmrosutils__rosidl_typesupport_introspection_cppExport-noconfig.cmake
[25.141s] -- Installing: /home/ebrahim/formula-carmaker-fs_2025/FCM_Projects/FS_autonomous/ros/ros2_ws/install/cmrosutils/share/cmrosutils/cmake/cmrosutils__rosidl_typesupport_cppExport.cmake
[25.141s] -- Installing: /home/ebrahim/formula-carmaker-fs_2025/FCM_Projects/FS_autonomous/ros/ros2_ws/install/cmrosutils/share/cmrosutils/cmake/cmrosutils__rosidl_typesupport_cppExport-noconfig.cmake
[25.141s] -- Installing: /home/ebrahim/formula-carmaker-fs_2025/FCM_Projects/FS_autonomous/ros/ros2_ws/install/cmrosutils/share/cmrosutils/cmake/export_cmrosutils__rosidl_generator_pyExport.cmake
[25.141s] -- Installing: /home/ebrahim/formula-carmaker-fs_2025/FCM_Projects/FS_autonomous/ros/ros2_ws/install/cmrosutils/share/cmrosutils/cmake/export_cmrosutils__rosidl_generator_pyExport-noconfig.cmake
[25.141s] -- Installing: /home/ebrahim/formula-carmaker-fs_2025/FCM_Projects/FS_autonomous/ros/ros2_ws/install/cmrosutils/share/cmrosutils/cmake/cmrosifTargetsExport.cmake
[25.142s] -- Installing: /home/ebrahim/formula-carmaker-fs_2025/FCM_Projects/FS_autonomous/ros/ros2_ws/install/cmrosutils/share/cmrosutils/cmake/cmrosifTargetsExport-noconfig.cmake
[25.142s] -- Installing: /home/ebrahim/formula-carmaker-fs_2025/FCM_Projects/FS_autonomous/ros/ros2_ws/install/cmrosutils/share/cmrosutils/cmake/rosidl_cmake-extras.cmake
[25.142s] -- Installing: /home/ebrahim/formula-carmaker-fs_2025/FCM_Projects/FS_autonomous/ros/ros2_ws/install/cmrosutils/share/cmrosutils/cmake/ament_cmake_export_dependencies-extras.cmake
[25.142s] -- Installing: /home/ebrahim/formula-carmaker-fs_2025/FCM_Projects/FS_autonomous/ros/ros2_ws/install/cmrosutils/share/cmrosutils/cmake/ament_cmake_export_include_directories-extras.cmake
[25.142s] -- Installing: /home/ebrahim/formula-carmaker-fs_2025/FCM_Projects/FS_autonomous/ros/ros2_ws/install/cmrosutils/share/cmrosutils/cmake/ament_cmake_export_libraries-extras.cmake
[25.142s] -- Installing: /home/ebrahim/formula-carmaker-fs_2025/FCM_Projects/FS_autonomous/ros/ros2_ws/install/cmrosutils/share/cmrosutils/cmake/ament_cmake_export_targets-extras.cmake
[25.143s] -- Installing: /home/ebrahim/formula-carmaker-fs_2025/FCM_Projects/FS_autonomous/ros/ros2_ws/install/cmrosutils/share/cmrosutils/cmake/rosidl_cmake_export_typesupport_targets-extras.cmake
[25.143s] -- Installing: /home/ebrahim/formula-carmaker-fs_2025/FCM_Projects/FS_autonomous/ros/ros2_ws/install/cmrosutils/share/cmrosutils/cmake/rosidl_cmake_export_typesupport_libraries-extras.cmake
[25.143s] -- Installing: /home/ebrahim/formula-carmaker-fs_2025/FCM_Projects/FS_autonomous/ros/ros2_ws/install/cmrosutils/share/cmrosutils/cmake/cmrosutilsConfig.cmake
[25.143s] -- Installing: /home/ebrahim/formula-carmaker-fs_2025/FCM_Projects/FS_autonomous/ros/ros2_ws/install/cmrosutils/share/cmrosutils/cmake/cmrosutilsConfig-version.cmake
[25.144s] -- Installing: /home/ebrahim/formula-carmaker-fs_2025/FCM_Projects/FS_autonomous/ros/ros2_ws/install/cmrosutils/share/cmrosutils/package.xml
[25.146s] Invoked command in '/home/ebrahim/formula-carmaker-fs_2025/FCM_Projects/FS_autonomous/ros/ros2_ws/build/cmrosutils' returned '0': CMAKE_PREFIX_PATH=${CMAKE_PREFIX_PATH}:/opt/ros/jazzy DEBUGINFOD_URLS=https://debuginfod.ubuntu.com /usr/bin/cmake --install /home/ebrahim/formula-carmaker-fs_2025/FCM_Projects/FS_autonomous/ros/ros2_ws/build/cmrosutils
