[0.017s] Invoking command in '/home/ebrahim/formula-carmaker-fs_2025/FCM_Projects/FS_autonomous/ros/ros2_ws/build/vehiclecontrol_msgs': CMAKE_PREFIX_PATH=${CMAKE_PREFIX_PATH}:/opt/ros/jazzy DEBUGINFOD_URLS=https://debuginfod.ubuntu.com /usr/bin/cmake /home/ebrahim/formula-carmaker-fs_2025/FCM_Projects/FS_autonomous/ros/ros2_ws/src/vehiclecontrol_msgs -DCMAKE_INSTALL_PREFIX=/home/ebrahim/formula-carmaker-fs_2025/FCM_Projects/FS_autonomous/ros/ros2_ws/install/vehiclecontrol_msgs
[0.030s] -- Found ament_cmake: 2.5.4 (/opt/ros/jazzy/share/ament_cmake/cmake)
[0.094s] -- Found Python3: /usr/bin/python3 (found version "3.12.3") found components: Interpreter 
[0.185s] -- Found rosidl_default_generators: 1.6.0 (/opt/ros/jazzy/share/rosidl_default_generators/cmake)
[0.189s] -- Using all available rosidl_typesupport_c: rosidl_typesupport_fastrtps_c;rosidl_typesupport_introspection_c
[0.242s] -- Using all available rosidl_typesupport_cpp: rosidl_typesupport_fastrtps_cpp;rosidl_typesupport_introspection_cpp
[0.278s] -- Found rosidl_adapter: 4.6.6 (/opt/ros/jazzy/share/rosidl_adapter/cmake)
[0.281s] -- Found std_msgs: 5.3.6 (/opt/ros/jazzy/share/std_msgs/cmake)
[0.879s] -- Found ament_cmake_ros: 0.12.0 (/opt/ros/jazzy/share/ament_cmake_ros/cmake)
[1.147s] -- Using all available rosidl_typesupport_c: rosidl_typesupport_fastrtps_c;rosidl_typesupport_introspection_c
[1.544s] -- Using all available rosidl_typesupport_cpp: rosidl_typesupport_fastrtps_cpp;rosidl_typesupport_introspection_cpp
[1.546s] -- Found python_cmake_module: 0.11.1 (/opt/ros/jazzy/share/python_cmake_module/cmake)
[2.248s] -- Found Python3: /usr/bin/python3 (found version "3.12.3") found components: Interpreter Development NumPy Development.Module Development.Embed 
[2.354s] -- Found ament_lint_auto: 0.17.3 (/opt/ros/jazzy/share/ament_lint_auto/cmake)
[2.371s] -- Added test 'copyright' to check source files copyright and LICENSE
[2.374s] -- Added test 'lint_cmake' to check CMake code style
[2.375s] -- Added test 'xmllint' to check XML markup files
[2.380s] -- Configuring done (2.4s)
[2.451s] -- Generating done (0.1s)
[2.478s] -- Build files have been written to: /home/ebrahim/formula-carmaker-fs_2025/FCM_Projects/FS_autonomous/ros/ros2_ws/build/vehiclecontrol_msgs
[2.492s] Invoked command in '/home/ebrahim/formula-carmaker-fs_2025/FCM_Projects/FS_autonomous/ros/ros2_ws/build/vehiclecontrol_msgs' returned '0': CMAKE_PREFIX_PATH=${CMAKE_PREFIX_PATH}:/opt/ros/jazzy DEBUGINFOD_URLS=https://debuginfod.ubuntu.com /usr/bin/cmake /home/ebrahim/formula-carmaker-fs_2025/FCM_Projects/FS_autonomous/ros/ros2_ws/src/vehiclecontrol_msgs -DCMAKE_INSTALL_PREFIX=/home/ebrahim/formula-carmaker-fs_2025/FCM_Projects/FS_autonomous/ros/ros2_ws/install/vehiclecontrol_msgs
[2.495s] Invoking command in '/home/ebrahim/formula-carmaker-fs_2025/FCM_Projects/FS_autonomous/ros/ros2_ws/build/vehiclecontrol_msgs': CMAKE_PREFIX_PATH=${CMAKE_PREFIX_PATH}:/opt/ros/jazzy DEBUGINFOD_URLS=https://debuginfod.ubuntu.com /usr/bin/cmake --build /home/ebrahim/formula-carmaker-fs_2025/FCM_Projects/FS_autonomous/ros/ros2_ws/build/vehiclecontrol_msgs -- -j12 -l12
[2.583s] [  2%] Built target vehiclecontrol_msgs__rosidl_generator_type_description
[2.640s] [  2%] Built target ament_cmake_python_copy_vehiclecontrol_msgs
[2.642s] [  5%] Built target vehiclecontrol_msgs__cpp
[2.651s] [ 20%] Built target vehiclecontrol_msgs__rosidl_generator_c
[2.699s] [ 29%] Built target vehiclecontrol_msgs__rosidl_typesupport_introspection_c
[2.707s] [ 38%] Built target vehiclecontrol_msgs__rosidl_typesupport_fastrtps_c
[2.721s] [ 47%] Built target vehiclecontrol_msgs__rosidl_typesupport_cpp
[2.740s] [ 55%] Built target vehiclecontrol_msgs__rosidl_typesupport_c
[2.746s] [ 64%] Built target vehiclecontrol_msgs__rosidl_typesupport_introspection_cpp
[2.752s] [ 73%] Built target vehiclecontrol_msgs__rosidl_typesupport_fastrtps_cpp
[2.804s] [ 73%] Built target vehiclecontrol_msgs
[2.895s] [ 76%] Built target vehiclecontrol_msgs__py
[2.938s] [ 82%] Built target vehiclecontrol_msgs__rosidl_generator_py
[2.970s] [ 88%] Built target vehiclecontrol_msgs_s__rosidl_typesupport_introspection_c
[2.978s] [ 94%] Built target vehiclecontrol_msgs_s__rosidl_typesupport_fastrtps_c
[2.978s] [100%] Built target vehiclecontrol_msgs_s__rosidl_typesupport_c
[3.191s] running egg_info
[3.420s] writing vehiclecontrol_msgs.egg-info/PKG-INFO
[3.420s] writing dependency_links to vehiclecontrol_msgs.egg-info/dependency_links.txt
[3.421s] writing top-level names to vehiclecontrol_msgs.egg-info/top_level.txt
[3.583s] reading manifest file 'vehiclecontrol_msgs.egg-info/SOURCES.txt'
[3.583s] writing manifest file 'vehiclecontrol_msgs.egg-info/SOURCES.txt'
[3.637s] [100%] Built target ament_cmake_python_build_vehiclecontrol_msgs_egg
[3.648s] Invoked command in '/home/ebrahim/formula-carmaker-fs_2025/FCM_Projects/FS_autonomous/ros/ros2_ws/build/vehiclecontrol_msgs' returned '0': CMAKE_PREFIX_PATH=${CMAKE_PREFIX_PATH}:/opt/ros/jazzy DEBUGINFOD_URLS=https://debuginfod.ubuntu.com /usr/bin/cmake --build /home/ebrahim/formula-carmaker-fs_2025/FCM_Projects/FS_autonomous/ros/ros2_ws/build/vehiclecontrol_msgs -- -j12 -l12
[3.649s] Invoking command in '/home/ebrahim/formula-carmaker-fs_2025/FCM_Projects/FS_autonomous/ros/ros2_ws/build/vehiclecontrol_msgs': CMAKE_PREFIX_PATH=${CMAKE_PREFIX_PATH}:/opt/ros/jazzy DEBUGINFOD_URLS=https://debuginfod.ubuntu.com /usr/bin/cmake --install /home/ebrahim/formula-carmaker-fs_2025/FCM_Projects/FS_autonomous/ros/ros2_ws/build/vehiclecontrol_msgs
[3.659s] -- Install configuration: ""
[3.659s] -- Up-to-date: /home/ebrahim/formula-carmaker-fs_2025/FCM_Projects/FS_autonomous/ros/ros2_ws/install/vehiclecontrol_msgs/share/ament_index/resource_index/rosidl_interfaces/vehiclecontrol_msgs
[3.659s] -- Up-to-date: /home/ebrahim/formula-carmaker-fs_2025/FCM_Projects/FS_autonomous/ros/ros2_ws/install/vehiclecontrol_msgs/share/vehiclecontrol_msgs/msg/VehicleControl.json
[3.659s] -- Up-to-date: /home/ebrahim/formula-carmaker-fs_2025/FCM_Projects/FS_autonomous/ros/ros2_ws/install/vehiclecontrol_msgs/include/vehiclecontrol_msgs/vehiclecontrol_msgs
[3.660s] -- Up-to-date: /home/ebrahim/formula-carmaker-fs_2025/FCM_Projects/FS_autonomous/ros/ros2_ws/install/vehiclecontrol_msgs/include/vehiclecontrol_msgs/vehiclecontrol_msgs/msg
[3.660s] -- Up-to-date: /home/ebrahim/formula-carmaker-fs_2025/FCM_Projects/FS_autonomous/ros/ros2_ws/install/vehiclecontrol_msgs/include/vehiclecontrol_msgs/vehiclecontrol_msgs/msg/detail
[3.660s] -- Up-to-date: /home/ebrahim/formula-carmaker-fs_2025/FCM_Projects/FS_autonomous/ros/ros2_ws/install/vehiclecontrol_msgs/include/vehiclecontrol_msgs/vehiclecontrol_msgs/msg/detail/vehicle_control__functions.c
[3.660s] -- Up-to-date: /home/ebrahim/formula-carmaker-fs_2025/FCM_Projects/FS_autonomous/ros/ros2_ws/install/vehiclecontrol_msgs/include/vehiclecontrol_msgs/vehiclecontrol_msgs/msg/detail/vehicle_control__functions.h
[3.660s] -- Up-to-date: /home/ebrahim/formula-carmaker-fs_2025/FCM_Projects/FS_autonomous/ros/ros2_ws/install/vehiclecontrol_msgs/include/vehiclecontrol_msgs/vehiclecontrol_msgs/msg/detail/vehicle_control__type_support.h
[3.661s] -- Up-to-date: /home/ebrahim/formula-carmaker-fs_2025/FCM_Projects/FS_autonomous/ros/ros2_ws/install/vehiclecontrol_msgs/include/vehiclecontrol_msgs/vehiclecontrol_msgs/msg/detail/vehicle_control__struct.h
[3.661s] -- Installing: /home/ebrahim/formula-carmaker-fs_2025/FCM_Projects/FS_autonomous/ros/ros2_ws/install/vehiclecontrol_msgs/include/vehiclecontrol_msgs/vehiclecontrol_msgs/msg/detail/vehicle_control__type_support.c
[3.661s] -- Up-to-date: /home/ebrahim/formula-carmaker-fs_2025/FCM_Projects/FS_autonomous/ros/ros2_ws/install/vehiclecontrol_msgs/include/vehiclecontrol_msgs/vehiclecontrol_msgs/msg/detail/vehicle_control__description.c
[3.661s] -- Up-to-date: /home/ebrahim/formula-carmaker-fs_2025/FCM_Projects/FS_autonomous/ros/ros2_ws/install/vehiclecontrol_msgs/include/vehiclecontrol_msgs/vehiclecontrol_msgs/msg/vehicle_control.h
[3.661s] -- Up-to-date: /home/ebrahim/formula-carmaker-fs_2025/FCM_Projects/FS_autonomous/ros/ros2_ws/install/vehiclecontrol_msgs/include/vehiclecontrol_msgs/vehiclecontrol_msgs/msg/rosidl_generator_c__visibility_control.h
[3.661s] -- Up-to-date: /home/ebrahim/formula-carmaker-fs_2025/FCM_Projects/FS_autonomous/ros/ros2_ws/install/vehiclecontrol_msgs/share/vehiclecontrol_msgs/environment/library_path.sh
[3.661s] -- Up-to-date: /home/ebrahim/formula-carmaker-fs_2025/FCM_Projects/FS_autonomous/ros/ros2_ws/install/vehiclecontrol_msgs/share/vehiclecontrol_msgs/environment/library_path.dsv
[3.662s] -- Up-to-date: /home/ebrahim/formula-carmaker-fs_2025/FCM_Projects/FS_autonomous/ros/ros2_ws/install/vehiclecontrol_msgs/lib/libvehiclecontrol_msgs__rosidl_generator_c.so
[3.662s] -- Up-to-date: /home/ebrahim/formula-carmaker-fs_2025/FCM_Projects/FS_autonomous/ros/ros2_ws/install/vehiclecontrol_msgs/include/vehiclecontrol_msgs/vehiclecontrol_msgs
[3.662s] -- Up-to-date: /home/ebrahim/formula-carmaker-fs_2025/FCM_Projects/FS_autonomous/ros/ros2_ws/install/vehiclecontrol_msgs/include/vehiclecontrol_msgs/vehiclecontrol_msgs/msg
[3.662s] -- Up-to-date: /home/ebrahim/formula-carmaker-fs_2025/FCM_Projects/FS_autonomous/ros/ros2_ws/install/vehiclecontrol_msgs/include/vehiclecontrol_msgs/vehiclecontrol_msgs/msg/detail
[3.662s] -- Up-to-date: /home/ebrahim/formula-carmaker-fs_2025/FCM_Projects/FS_autonomous/ros/ros2_ws/install/vehiclecontrol_msgs/include/vehiclecontrol_msgs/vehiclecontrol_msgs/msg/detail/vehicle_control__rosidl_typesupport_fastrtps_c.h
[3.663s] -- Up-to-date: /home/ebrahim/formula-carmaker-fs_2025/FCM_Projects/FS_autonomous/ros/ros2_ws/install/vehiclecontrol_msgs/include/vehiclecontrol_msgs/vehiclecontrol_msgs/msg/rosidl_typesupport_fastrtps_c__visibility_control.h
[3.663s] -- Up-to-date: /home/ebrahim/formula-carmaker-fs_2025/FCM_Projects/FS_autonomous/ros/ros2_ws/install/vehiclecontrol_msgs/lib/libvehiclecontrol_msgs__rosidl_typesupport_fastrtps_c.so
[3.663s] -- Up-to-date: /home/ebrahim/formula-carmaker-fs_2025/FCM_Projects/FS_autonomous/ros/ros2_ws/install/vehiclecontrol_msgs/include/vehiclecontrol_msgs/vehiclecontrol_msgs
[3.663s] -- Up-to-date: /home/ebrahim/formula-carmaker-fs_2025/FCM_Projects/FS_autonomous/ros/ros2_ws/install/vehiclecontrol_msgs/include/vehiclecontrol_msgs/vehiclecontrol_msgs/msg
[3.663s] -- Up-to-date: /home/ebrahim/formula-carmaker-fs_2025/FCM_Projects/FS_autonomous/ros/ros2_ws/install/vehiclecontrol_msgs/include/vehiclecontrol_msgs/vehiclecontrol_msgs/msg/detail
[3.664s] -- Up-to-date: /home/ebrahim/formula-carmaker-fs_2025/FCM_Projects/FS_autonomous/ros/ros2_ws/install/vehiclecontrol_msgs/include/vehiclecontrol_msgs/vehiclecontrol_msgs/msg/detail/vehicle_control__rosidl_typesupport_introspection_c.h
[3.664s] -- Installing: /home/ebrahim/formula-carmaker-fs_2025/FCM_Projects/FS_autonomous/ros/ros2_ws/install/vehiclecontrol_msgs/include/vehiclecontrol_msgs/vehiclecontrol_msgs/msg/detail/vehicle_control__type_support.c
[3.664s] -- Up-to-date: /home/ebrahim/formula-carmaker-fs_2025/FCM_Projects/FS_autonomous/ros/ros2_ws/install/vehiclecontrol_msgs/include/vehiclecontrol_msgs/vehiclecontrol_msgs/msg/rosidl_typesupport_introspection_c__visibility_control.h
[3.664s] -- Up-to-date: /home/ebrahim/formula-carmaker-fs_2025/FCM_Projects/FS_autonomous/ros/ros2_ws/install/vehiclecontrol_msgs/lib/libvehiclecontrol_msgs__rosidl_typesupport_introspection_c.so
[3.664s] -- Up-to-date: /home/ebrahim/formula-carmaker-fs_2025/FCM_Projects/FS_autonomous/ros/ros2_ws/install/vehiclecontrol_msgs/lib/libvehiclecontrol_msgs__rosidl_typesupport_c.so
[3.665s] -- Up-to-date: /home/ebrahim/formula-carmaker-fs_2025/FCM_Projects/FS_autonomous/ros/ros2_ws/install/vehiclecontrol_msgs/include/vehiclecontrol_msgs/vehiclecontrol_msgs
[3.665s] -- Up-to-date: /home/ebrahim/formula-carmaker-fs_2025/FCM_Projects/FS_autonomous/ros/ros2_ws/install/vehiclecontrol_msgs/include/vehiclecontrol_msgs/vehiclecontrol_msgs/msg
[3.665s] -- Up-to-date: /home/ebrahim/formula-carmaker-fs_2025/FCM_Projects/FS_autonomous/ros/ros2_ws/install/vehiclecontrol_msgs/include/vehiclecontrol_msgs/vehiclecontrol_msgs/msg/detail
[3.665s] -- Up-to-date: /home/ebrahim/formula-carmaker-fs_2025/FCM_Projects/FS_autonomous/ros/ros2_ws/install/vehiclecontrol_msgs/include/vehiclecontrol_msgs/vehiclecontrol_msgs/msg/detail/vehicle_control__type_support.hpp
[3.665s] -- Up-to-date: /home/ebrahim/formula-carmaker-fs_2025/FCM_Projects/FS_autonomous/ros/ros2_ws/install/vehiclecontrol_msgs/include/vehiclecontrol_msgs/vehiclecontrol_msgs/msg/detail/vehicle_control__struct.hpp
[3.665s] -- Up-to-date: /home/ebrahim/formula-carmaker-fs_2025/FCM_Projects/FS_autonomous/ros/ros2_ws/install/vehiclecontrol_msgs/include/vehiclecontrol_msgs/vehiclecontrol_msgs/msg/detail/vehicle_control__traits.hpp
[3.666s] -- Up-to-date: /home/ebrahim/formula-carmaker-fs_2025/FCM_Projects/FS_autonomous/ros/ros2_ws/install/vehiclecontrol_msgs/include/vehiclecontrol_msgs/vehiclecontrol_msgs/msg/detail/vehicle_control__builder.hpp
[3.666s] -- Up-to-date: /home/ebrahim/formula-carmaker-fs_2025/FCM_Projects/FS_autonomous/ros/ros2_ws/install/vehiclecontrol_msgs/include/vehiclecontrol_msgs/vehiclecontrol_msgs/msg/rosidl_generator_cpp__visibility_control.hpp
[3.666s] -- Up-to-date: /home/ebrahim/formula-carmaker-fs_2025/FCM_Projects/FS_autonomous/ros/ros2_ws/install/vehiclecontrol_msgs/include/vehiclecontrol_msgs/vehiclecontrol_msgs/msg/vehicle_control.hpp
[3.666s] -- Up-to-date: /home/ebrahim/formula-carmaker-fs_2025/FCM_Projects/FS_autonomous/ros/ros2_ws/install/vehiclecontrol_msgs/include/vehiclecontrol_msgs/vehiclecontrol_msgs
[3.666s] -- Up-to-date: /home/ebrahim/formula-carmaker-fs_2025/FCM_Projects/FS_autonomous/ros/ros2_ws/install/vehiclecontrol_msgs/include/vehiclecontrol_msgs/vehiclecontrol_msgs/msg
[3.666s] -- Up-to-date: /home/ebrahim/formula-carmaker-fs_2025/FCM_Projects/FS_autonomous/ros/ros2_ws/install/vehiclecontrol_msgs/include/vehiclecontrol_msgs/vehiclecontrol_msgs/msg/detail
[3.666s] -- Up-to-date: /home/ebrahim/formula-carmaker-fs_2025/FCM_Projects/FS_autonomous/ros/ros2_ws/install/vehiclecontrol_msgs/include/vehiclecontrol_msgs/vehiclecontrol_msgs/msg/detail/vehicle_control__rosidl_typesupport_fastrtps_cpp.hpp
[3.666s] -- Up-to-date: /home/ebrahim/formula-carmaker-fs_2025/FCM_Projects/FS_autonomous/ros/ros2_ws/install/vehiclecontrol_msgs/include/vehiclecontrol_msgs/vehiclecontrol_msgs/msg/detail/dds_fastrtps
[3.666s] -- Up-to-date: /home/ebrahim/formula-carmaker-fs_2025/FCM_Projects/FS_autonomous/ros/ros2_ws/install/vehiclecontrol_msgs/include/vehiclecontrol_msgs/vehiclecontrol_msgs/msg/rosidl_typesupport_fastrtps_cpp__visibility_control.h
[3.666s] -- Up-to-date: /home/ebrahim/formula-carmaker-fs_2025/FCM_Projects/FS_autonomous/ros/ros2_ws/install/vehiclecontrol_msgs/lib/libvehiclecontrol_msgs__rosidl_typesupport_fastrtps_cpp.so
[3.667s] -- Up-to-date: /home/ebrahim/formula-carmaker-fs_2025/FCM_Projects/FS_autonomous/ros/ros2_ws/install/vehiclecontrol_msgs/include/vehiclecontrol_msgs/vehiclecontrol_msgs
[3.667s] -- Up-to-date: /home/ebrahim/formula-carmaker-fs_2025/FCM_Projects/FS_autonomous/ros/ros2_ws/install/vehiclecontrol_msgs/include/vehiclecontrol_msgs/vehiclecontrol_msgs/msg
[3.667s] -- Up-to-date: /home/ebrahim/formula-carmaker-fs_2025/FCM_Projects/FS_autonomous/ros/ros2_ws/install/vehiclecontrol_msgs/include/vehiclecontrol_msgs/vehiclecontrol_msgs/msg/detail
[3.667s] -- Up-to-date: /home/ebrahim/formula-carmaker-fs_2025/FCM_Projects/FS_autonomous/ros/ros2_ws/install/vehiclecontrol_msgs/include/vehiclecontrol_msgs/vehiclecontrol_msgs/msg/detail/vehicle_control__type_support.cpp
[3.667s] -- Up-to-date: /home/ebrahim/formula-carmaker-fs_2025/FCM_Projects/FS_autonomous/ros/ros2_ws/install/vehiclecontrol_msgs/include/vehiclecontrol_msgs/vehiclecontrol_msgs/msg/detail/vehicle_control__rosidl_typesupport_introspection_cpp.hpp
[3.667s] -- Up-to-date: /home/ebrahim/formula-carmaker-fs_2025/FCM_Projects/FS_autonomous/ros/ros2_ws/install/vehiclecontrol_msgs/lib/libvehiclecontrol_msgs__rosidl_typesupport_introspection_cpp.so
[3.667s] -- Up-to-date: /home/ebrahim/formula-carmaker-fs_2025/FCM_Projects/FS_autonomous/ros/ros2_ws/install/vehiclecontrol_msgs/lib/libvehiclecontrol_msgs__rosidl_typesupport_cpp.so
[3.667s] -- Up-to-date: /home/ebrahim/formula-carmaker-fs_2025/FCM_Projects/FS_autonomous/ros/ros2_ws/install/vehiclecontrol_msgs/share/vehiclecontrol_msgs/environment/pythonpath.sh
[3.668s] -- Up-to-date: /home/ebrahim/formula-carmaker-fs_2025/FCM_Projects/FS_autonomous/ros/ros2_ws/install/vehiclecontrol_msgs/share/vehiclecontrol_msgs/environment/pythonpath.dsv
[3.668s] -- Up-to-date: /home/ebrahim/formula-carmaker-fs_2025/FCM_Projects/FS_autonomous/ros/ros2_ws/install/vehiclecontrol_msgs/lib/python3.12/site-packages/vehiclecontrol_msgs-1.0.0-py3.12.egg-info
[3.668s] -- Installing: /home/ebrahim/formula-carmaker-fs_2025/FCM_Projects/FS_autonomous/ros/ros2_ws/install/vehiclecontrol_msgs/lib/python3.12/site-packages/vehiclecontrol_msgs-1.0.0-py3.12.egg-info/SOURCES.txt
[3.668s] -- Installing: /home/ebrahim/formula-carmaker-fs_2025/FCM_Projects/FS_autonomous/ros/ros2_ws/install/vehiclecontrol_msgs/lib/python3.12/site-packages/vehiclecontrol_msgs-1.0.0-py3.12.egg-info/PKG-INFO
[3.668s] -- Installing: /home/ebrahim/formula-carmaker-fs_2025/FCM_Projects/FS_autonomous/ros/ros2_ws/install/vehiclecontrol_msgs/lib/python3.12/site-packages/vehiclecontrol_msgs-1.0.0-py3.12.egg-info/top_level.txt
[3.668s] -- Installing: /home/ebrahim/formula-carmaker-fs_2025/FCM_Projects/FS_autonomous/ros/ros2_ws/install/vehiclecontrol_msgs/lib/python3.12/site-packages/vehiclecontrol_msgs-1.0.0-py3.12.egg-info/dependency_links.txt
[3.668s] -- Up-to-date: /home/ebrahim/formula-carmaker-fs_2025/FCM_Projects/FS_autonomous/ros/ros2_ws/install/vehiclecontrol_msgs/lib/python3.12/site-packages/vehiclecontrol_msgs
[3.668s] -- Up-to-date: /home/ebrahim/formula-carmaker-fs_2025/FCM_Projects/FS_autonomous/ros/ros2_ws/install/vehiclecontrol_msgs/lib/python3.12/site-packages/vehiclecontrol_msgs/vehiclecontrol_msgs_s__rosidl_typesupport_c.so
[3.668s] -- Up-to-date: /home/ebrahim/formula-carmaker-fs_2025/FCM_Projects/FS_autonomous/ros/ros2_ws/install/vehiclecontrol_msgs/lib/python3.12/site-packages/vehiclecontrol_msgs/_vehiclecontrol_msgs_s.ep.rosidl_typesupport_c.c
[3.668s] -- Up-to-date: /home/ebrahim/formula-carmaker-fs_2025/FCM_Projects/FS_autonomous/ros/ros2_ws/install/vehiclecontrol_msgs/lib/python3.12/site-packages/vehiclecontrol_msgs/vehiclecontrol_msgs_s__rosidl_typesupport_fastrtps_c.so
[3.668s] -- Up-to-date: /home/ebrahim/formula-carmaker-fs_2025/FCM_Projects/FS_autonomous/ros/ros2_ws/install/vehiclecontrol_msgs/lib/python3.12/site-packages/vehiclecontrol_msgs/vehiclecontrol_msgs_s__rosidl_typesupport_introspection_c.so
[3.668s] -- Up-to-date: /home/ebrahim/formula-carmaker-fs_2025/FCM_Projects/FS_autonomous/ros/ros2_ws/install/vehiclecontrol_msgs/lib/python3.12/site-packages/vehiclecontrol_msgs/msg
[3.669s] -- Up-to-date: /home/ebrahim/formula-carmaker-fs_2025/FCM_Projects/FS_autonomous/ros/ros2_ws/install/vehiclecontrol_msgs/lib/python3.12/site-packages/vehiclecontrol_msgs/msg/_vehicle_control_s.c
[3.669s] -- Up-to-date: /home/ebrahim/formula-carmaker-fs_2025/FCM_Projects/FS_autonomous/ros/ros2_ws/install/vehiclecontrol_msgs/lib/python3.12/site-packages/vehiclecontrol_msgs/msg/_vehicle_control.py
[3.669s] -- Up-to-date: /home/ebrahim/formula-carmaker-fs_2025/FCM_Projects/FS_autonomous/ros/ros2_ws/install/vehiclecontrol_msgs/lib/python3.12/site-packages/vehiclecontrol_msgs/msg/__init__.py
[3.669s] -- Installing: /home/ebrahim/formula-carmaker-fs_2025/FCM_Projects/FS_autonomous/ros/ros2_ws/install/vehiclecontrol_msgs/lib/python3.12/site-packages/vehiclecontrol_msgs/__init__.py
[3.669s] -- Up-to-date: /home/ebrahim/formula-carmaker-fs_2025/FCM_Projects/FS_autonomous/ros/ros2_ws/install/vehiclecontrol_msgs/lib/python3.12/site-packages/vehiclecontrol_msgs/_vehiclecontrol_msgs_s.ep.rosidl_typesupport_fastrtps_c.c
[3.669s] -- Up-to-date: /home/ebrahim/formula-carmaker-fs_2025/FCM_Projects/FS_autonomous/ros/ros2_ws/install/vehiclecontrol_msgs/lib/python3.12/site-packages/vehiclecontrol_msgs/_vehiclecontrol_msgs_s.ep.rosidl_typesupport_introspection_c.c
[3.732s] Listing '/home/ebrahim/formula-carmaker-fs_2025/FCM_Projects/FS_autonomous/ros/ros2_ws/install/vehiclecontrol_msgs/lib/python3.12/site-packages/vehiclecontrol_msgs'...
[3.732s] Compiling '/home/ebrahim/formula-carmaker-fs_2025/FCM_Projects/FS_autonomous/ros/ros2_ws/install/vehiclecontrol_msgs/lib/python3.12/site-packages/vehiclecontrol_msgs/__init__.py'...
[3.732s] Listing '/home/ebrahim/formula-carmaker-fs_2025/FCM_Projects/FS_autonomous/ros/ros2_ws/install/vehiclecontrol_msgs/lib/python3.12/site-packages/vehiclecontrol_msgs/msg'...
[3.745s] -- Up-to-date: /home/ebrahim/formula-carmaker-fs_2025/FCM_Projects/FS_autonomous/ros/ros2_ws/install/vehiclecontrol_msgs/lib/python3.12/site-packages/vehiclecontrol_msgs/vehiclecontrol_msgs_s__rosidl_typesupport_fastrtps_c.so
[3.746s] -- Up-to-date: /home/ebrahim/formula-carmaker-fs_2025/FCM_Projects/FS_autonomous/ros/ros2_ws/install/vehiclecontrol_msgs/lib/python3.12/site-packages/vehiclecontrol_msgs/vehiclecontrol_msgs_s__rosidl_typesupport_introspection_c.so
[3.747s] -- Up-to-date: /home/ebrahim/formula-carmaker-fs_2025/FCM_Projects/FS_autonomous/ros/ros2_ws/install/vehiclecontrol_msgs/lib/python3.12/site-packages/vehiclecontrol_msgs/vehiclecontrol_msgs_s__rosidl_typesupport_c.so
[3.747s] -- Up-to-date: /home/ebrahim/formula-carmaker-fs_2025/FCM_Projects/FS_autonomous/ros/ros2_ws/install/vehiclecontrol_msgs/lib/libvehiclecontrol_msgs__rosidl_generator_py.so
[3.747s] -- Up-to-date: /home/ebrahim/formula-carmaker-fs_2025/FCM_Projects/FS_autonomous/ros/ros2_ws/install/vehiclecontrol_msgs/share/vehiclecontrol_msgs/msg/VehicleControl.idl
[3.748s] -- Up-to-date: /home/ebrahim/formula-carmaker-fs_2025/FCM_Projects/FS_autonomous/ros/ros2_ws/install/vehiclecontrol_msgs/share/vehiclecontrol_msgs/msg/VehicleControl.msg
[3.748s] -- Up-to-date: /home/ebrahim/formula-carmaker-fs_2025/FCM_Projects/FS_autonomous/ros/ros2_ws/install/vehiclecontrol_msgs/share/ament_index/resource_index/package_run_dependencies/vehiclecontrol_msgs
[3.748s] -- Installing: /home/ebrahim/formula-carmaker-fs_2025/FCM_Projects/FS_autonomous/ros/ros2_ws/install/vehiclecontrol_msgs/share/ament_index/resource_index/parent_prefix_path/vehiclecontrol_msgs
[3.748s] -- Up-to-date: /home/ebrahim/formula-carmaker-fs_2025/FCM_Projects/FS_autonomous/ros/ros2_ws/install/vehiclecontrol_msgs/share/vehiclecontrol_msgs/environment/ament_prefix_path.sh
[3.748s] -- Up-to-date: /home/ebrahim/formula-carmaker-fs_2025/FCM_Projects/FS_autonomous/ros/ros2_ws/install/vehiclecontrol_msgs/share/vehiclecontrol_msgs/environment/ament_prefix_path.dsv
[3.748s] -- Up-to-date: /home/ebrahim/formula-carmaker-fs_2025/FCM_Projects/FS_autonomous/ros/ros2_ws/install/vehiclecontrol_msgs/share/vehiclecontrol_msgs/environment/path.sh
[3.748s] -- Up-to-date: /home/ebrahim/formula-carmaker-fs_2025/FCM_Projects/FS_autonomous/ros/ros2_ws/install/vehiclecontrol_msgs/share/vehiclecontrol_msgs/environment/path.dsv
[3.749s] -- Up-to-date: /home/ebrahim/formula-carmaker-fs_2025/FCM_Projects/FS_autonomous/ros/ros2_ws/install/vehiclecontrol_msgs/share/vehiclecontrol_msgs/local_setup.bash
[3.749s] -- Up-to-date: /home/ebrahim/formula-carmaker-fs_2025/FCM_Projects/FS_autonomous/ros/ros2_ws/install/vehiclecontrol_msgs/share/vehiclecontrol_msgs/local_setup.sh
[3.749s] -- Up-to-date: /home/ebrahim/formula-carmaker-fs_2025/FCM_Projects/FS_autonomous/ros/ros2_ws/install/vehiclecontrol_msgs/share/vehiclecontrol_msgs/local_setup.zsh
[3.749s] -- Up-to-date: /home/ebrahim/formula-carmaker-fs_2025/FCM_Projects/FS_autonomous/ros/ros2_ws/install/vehiclecontrol_msgs/share/vehiclecontrol_msgs/local_setup.dsv
[3.749s] -- Installing: /home/ebrahim/formula-carmaker-fs_2025/FCM_Projects/FS_autonomous/ros/ros2_ws/install/vehiclecontrol_msgs/share/vehiclecontrol_msgs/package.dsv
[3.749s] -- Up-to-date: /home/ebrahim/formula-carmaker-fs_2025/FCM_Projects/FS_autonomous/ros/ros2_ws/install/vehiclecontrol_msgs/share/ament_index/resource_index/packages/vehiclecontrol_msgs
[3.749s] -- Up-to-date: /home/ebrahim/formula-carmaker-fs_2025/FCM_Projects/FS_autonomous/ros/ros2_ws/install/vehiclecontrol_msgs/share/vehiclecontrol_msgs/cmake/export_vehiclecontrol_msgs__rosidl_generator_cExport.cmake
[3.750s] -- Up-to-date: /home/ebrahim/formula-carmaker-fs_2025/FCM_Projects/FS_autonomous/ros/ros2_ws/install/vehiclecontrol_msgs/share/vehiclecontrol_msgs/cmake/export_vehiclecontrol_msgs__rosidl_generator_cExport-noconfig.cmake
[3.750s] -- Up-to-date: /home/ebrahim/formula-carmaker-fs_2025/FCM_Projects/FS_autonomous/ros/ros2_ws/install/vehiclecontrol_msgs/share/vehiclecontrol_msgs/cmake/export_vehiclecontrol_msgs__rosidl_typesupport_fastrtps_cExport.cmake
[3.750s] -- Up-to-date: /home/ebrahim/formula-carmaker-fs_2025/FCM_Projects/FS_autonomous/ros/ros2_ws/install/vehiclecontrol_msgs/share/vehiclecontrol_msgs/cmake/export_vehiclecontrol_msgs__rosidl_typesupport_fastrtps_cExport-noconfig.cmake
[3.750s] -- Up-to-date: /home/ebrahim/formula-carmaker-fs_2025/FCM_Projects/FS_autonomous/ros/ros2_ws/install/vehiclecontrol_msgs/share/vehiclecontrol_msgs/cmake/vehiclecontrol_msgs__rosidl_typesupport_introspection_cExport.cmake
[3.750s] -- Up-to-date: /home/ebrahim/formula-carmaker-fs_2025/FCM_Projects/FS_autonomous/ros/ros2_ws/install/vehiclecontrol_msgs/share/vehiclecontrol_msgs/cmake/vehiclecontrol_msgs__rosidl_typesupport_introspection_cExport-noconfig.cmake
[3.750s] -- Up-to-date: /home/ebrahim/formula-carmaker-fs_2025/FCM_Projects/FS_autonomous/ros/ros2_ws/install/vehiclecontrol_msgs/share/vehiclecontrol_msgs/cmake/vehiclecontrol_msgs__rosidl_typesupport_cExport.cmake
[3.750s] -- Up-to-date: /home/ebrahim/formula-carmaker-fs_2025/FCM_Projects/FS_autonomous/ros/ros2_ws/install/vehiclecontrol_msgs/share/vehiclecontrol_msgs/cmake/vehiclecontrol_msgs__rosidl_typesupport_cExport-noconfig.cmake
[3.750s] -- Up-to-date: /home/ebrahim/formula-carmaker-fs_2025/FCM_Projects/FS_autonomous/ros/ros2_ws/install/vehiclecontrol_msgs/share/vehiclecontrol_msgs/cmake/export_vehiclecontrol_msgs__rosidl_generator_cppExport.cmake
[3.750s] -- Up-to-date: /home/ebrahim/formula-carmaker-fs_2025/FCM_Projects/FS_autonomous/ros/ros2_ws/install/vehiclecontrol_msgs/share/vehiclecontrol_msgs/cmake/export_vehiclecontrol_msgs__rosidl_typesupport_fastrtps_cppExport.cmake
[3.750s] -- Up-to-date: /home/ebrahim/formula-carmaker-fs_2025/FCM_Projects/FS_autonomous/ros/ros2_ws/install/vehiclecontrol_msgs/share/vehiclecontrol_msgs/cmake/export_vehiclecontrol_msgs__rosidl_typesupport_fastrtps_cppExport-noconfig.cmake
[3.751s] -- Up-to-date: /home/ebrahim/formula-carmaker-fs_2025/FCM_Projects/FS_autonomous/ros/ros2_ws/install/vehiclecontrol_msgs/share/vehiclecontrol_msgs/cmake/vehiclecontrol_msgs__rosidl_typesupport_introspection_cppExport.cmake
[3.751s] -- Up-to-date: /home/ebrahim/formula-carmaker-fs_2025/FCM_Projects/FS_autonomous/ros/ros2_ws/install/vehiclecontrol_msgs/share/vehiclecontrol_msgs/cmake/vehiclecontrol_msgs__rosidl_typesupport_introspection_cppExport-noconfig.cmake
[3.751s] -- Up-to-date: /home/ebrahim/formula-carmaker-fs_2025/FCM_Projects/FS_autonomous/ros/ros2_ws/install/vehiclecontrol_msgs/share/vehiclecontrol_msgs/cmake/vehiclecontrol_msgs__rosidl_typesupport_cppExport.cmake
[3.751s] -- Up-to-date: /home/ebrahim/formula-carmaker-fs_2025/FCM_Projects/FS_autonomous/ros/ros2_ws/install/vehiclecontrol_msgs/share/vehiclecontrol_msgs/cmake/vehiclecontrol_msgs__rosidl_typesupport_cppExport-noconfig.cmake
[3.751s] -- Up-to-date: /home/ebrahim/formula-carmaker-fs_2025/FCM_Projects/FS_autonomous/ros/ros2_ws/install/vehiclecontrol_msgs/share/vehiclecontrol_msgs/cmake/export_vehiclecontrol_msgs__rosidl_generator_pyExport.cmake
[3.751s] -- Up-to-date: /home/ebrahim/formula-carmaker-fs_2025/FCM_Projects/FS_autonomous/ros/ros2_ws/install/vehiclecontrol_msgs/share/vehiclecontrol_msgs/cmake/export_vehiclecontrol_msgs__rosidl_generator_pyExport-noconfig.cmake
[3.751s] -- Up-to-date: /home/ebrahim/formula-carmaker-fs_2025/FCM_Projects/FS_autonomous/ros/ros2_ws/install/vehiclecontrol_msgs/share/vehiclecontrol_msgs/cmake/rosidl_cmake-extras.cmake
[3.751s] -- Up-to-date: /home/ebrahim/formula-carmaker-fs_2025/FCM_Projects/FS_autonomous/ros/ros2_ws/install/vehiclecontrol_msgs/share/vehiclecontrol_msgs/cmake/ament_cmake_export_dependencies-extras.cmake
[3.751s] -- Up-to-date: /home/ebrahim/formula-carmaker-fs_2025/FCM_Projects/FS_autonomous/ros/ros2_ws/install/vehiclecontrol_msgs/share/vehiclecontrol_msgs/cmake/ament_cmake_export_include_directories-extras.cmake
[3.751s] -- Up-to-date: /home/ebrahim/formula-carmaker-fs_2025/FCM_Projects/FS_autonomous/ros/ros2_ws/install/vehiclecontrol_msgs/share/vehiclecontrol_msgs/cmake/ament_cmake_export_libraries-extras.cmake
[3.752s] -- Up-to-date: /home/ebrahim/formula-carmaker-fs_2025/FCM_Projects/FS_autonomous/ros/ros2_ws/install/vehiclecontrol_msgs/share/vehiclecontrol_msgs/cmake/ament_cmake_export_targets-extras.cmake
[3.752s] -- Up-to-date: /home/ebrahim/formula-carmaker-fs_2025/FCM_Projects/FS_autonomous/ros/ros2_ws/install/vehiclecontrol_msgs/share/vehiclecontrol_msgs/cmake/rosidl_cmake_export_typesupport_targets-extras.cmake
[3.752s] -- Up-to-date: /home/ebrahim/formula-carmaker-fs_2025/FCM_Projects/FS_autonomous/ros/ros2_ws/install/vehiclecontrol_msgs/share/vehiclecontrol_msgs/cmake/rosidl_cmake_export_typesupport_libraries-extras.cmake
[3.752s] -- Up-to-date: /home/ebrahim/formula-carmaker-fs_2025/FCM_Projects/FS_autonomous/ros/ros2_ws/install/vehiclecontrol_msgs/share/vehiclecontrol_msgs/cmake/vehiclecontrol_msgsConfig.cmake
[3.752s] -- Up-to-date: /home/ebrahim/formula-carmaker-fs_2025/FCM_Projects/FS_autonomous/ros/ros2_ws/install/vehiclecontrol_msgs/share/vehiclecontrol_msgs/cmake/vehiclecontrol_msgsConfig-version.cmake
[3.752s] -- Up-to-date: /home/ebrahim/formula-carmaker-fs_2025/FCM_Projects/FS_autonomous/ros/ros2_ws/install/vehiclecontrol_msgs/share/vehiclecontrol_msgs/package.xml
[3.755s] Invoked command in '/home/ebrahim/formula-carmaker-fs_2025/FCM_Projects/FS_autonomous/ros/ros2_ws/build/vehiclecontrol_msgs' returned '0': CMAKE_PREFIX_PATH=${CMAKE_PREFIX_PATH}:/opt/ros/jazzy DEBUGINFOD_URLS=https://debuginfod.ubuntu.com /usr/bin/cmake --install /home/ebrahim/formula-carmaker-fs_2025/FCM_Projects/FS_autonomous/ros/ros2_ws/build/vehiclecontrol_msgs
