[0.021s] Invoking command in '/home/ebrahim/formula-carmaker-fs_2025/FCM_Projects/FS_autonomous/ros/ros2_ws/build/hellocm_msgs': CMAKE_PREFIX_PATH=${CMAKE_PREFIX_PATH}:/opt/ros/jazzy DEBUGINFOD_URLS=https://debuginfod.ubuntu.com /usr/bin/cmake /home/ebrahim/formula-carmaker-fs_2025/FCM_Projects/FS_autonomous/ros/ros2_ws/src/hellocm_msgs -DCARMAKER_VER:STRING=14.1.1 -DCARMAKER_DIR:PATH=/opt/ipg/carmaker/linux64-14.1.1 --no-warn-unused-cli -DCMAKE_INSTALL_PREFIX=/home/ebrahim/formula-carmaker-fs_2025/FCM_Projects/FS_autonomous/ros/ros2_ws/install/hellocm_msgs
[0.030s] Not searching for unused variables given on the command line.
[0.095s] -- The C compiler identification is GNU 12.4.0
[0.196s] -- The CXX compiler identification is GNU 12.4.0
[0.214s] -- Detecting C compiler ABI info
[0.302s] -- Detecting C compiler ABI info - done
[0.321s] -- Check for working C compiler: /usr/bin/cc - skipped
[0.322s] -- Detecting C compile features
[0.322s] -- Detecting C compile features - done
[0.334s] -- Detecting CXX compiler ABI info
[0.446s] -- Detecting CXX compiler ABI info - done
[0.465s] -- Check for working CXX compiler: /usr/bin/c++ - skipped
[0.466s] -- Detecting CXX compile features
[0.467s] -- Detecting CXX compile features - done
[0.474s] -- Found ament_cmake: 2.5.4 (/opt/ros/jazzy/share/ament_cmake/cmake)
[0.850s] -- Found Python3: /usr/bin/python3 (found version "3.12.3") found components: Interpreter 
[0.987s] -- Found rosidl_default_generators: 1.6.0 (/opt/ros/jazzy/share/rosidl_default_generators/cmake)
[0.997s] -- Using all available rosidl_typesupport_c: rosidl_typesupport_fastrtps_c;rosidl_typesupport_introspection_c
[1.075s] -- Using all available rosidl_typesupport_cpp: rosidl_typesupport_fastrtps_cpp;rosidl_typesupport_introspection_cpp
[1.165s] -- Found rosidl_adapter: 4.6.6 (/opt/ros/jazzy/share/rosidl_adapter/cmake)
[1.170s] -- Found std_msgs: 5.3.6 (/opt/ros/jazzy/share/std_msgs/cmake)
[2.530s] -- Found ament_cmake_ros: 0.12.0 (/opt/ros/jazzy/share/ament_cmake_ros/cmake)
[3.598s] -- Using all available rosidl_typesupport_c: rosidl_typesupport_fastrtps_c;rosidl_typesupport_introspection_c
[5.003s] -- Using all available rosidl_typesupport_cpp: rosidl_typesupport_fastrtps_cpp;rosidl_typesupport_introspection_cpp
[5.010s] -- Found python_cmake_module: 0.11.1 (/opt/ros/jazzy/share/python_cmake_module/cmake)
[5.355s] -- Found PythonExtra: /usr/bin/python3  
[6.370s] -- Found Python3: /usr/bin/python3 (found version "3.12.3") found components: Interpreter Development NumPy Development.Module Development.Embed 
[6.507s] -- Found ament_lint_auto: 0.17.3 (/opt/ros/jazzy/share/ament_lint_auto/cmake)
[6.552s] -- Added test 'copyright' to check source files copyright and LICENSE
[6.555s] -- Added test 'lint_cmake' to check CMake code style
[6.556s] -- Added test 'xmllint' to check XML markup files
[6.560s] -- Configuring done (6.5s)
[6.626s] -- Generating done (0.1s)
[6.648s] -- Build files have been written to: /home/ebrahim/formula-carmaker-fs_2025/FCM_Projects/FS_autonomous/ros/ros2_ws/build/hellocm_msgs
[6.663s] Invoked command in '/home/ebrahim/formula-carmaker-fs_2025/FCM_Projects/FS_autonomous/ros/ros2_ws/build/hellocm_msgs' returned '0': CMAKE_PREFIX_PATH=${CMAKE_PREFIX_PATH}:/opt/ros/jazzy DEBUGINFOD_URLS=https://debuginfod.ubuntu.com /usr/bin/cmake /home/ebrahim/formula-carmaker-fs_2025/FCM_Projects/FS_autonomous/ros/ros2_ws/src/hellocm_msgs -DCARMAKER_VER:STRING=14.1.1 -DCARMAKER_DIR:PATH=/opt/ipg/carmaker/linux64-14.1.1 --no-warn-unused-cli -DCMAKE_INSTALL_PREFIX=/home/ebrahim/formula-carmaker-fs_2025/FCM_Projects/FS_autonomous/ros/ros2_ws/install/hellocm_msgs
[6.665s] Invoking command in '/home/ebrahim/formula-carmaker-fs_2025/FCM_Projects/FS_autonomous/ros/ros2_ws/build/hellocm_msgs': CMAKE_PREFIX_PATH=${CMAKE_PREFIX_PATH}:/opt/ros/jazzy DEBUGINFOD_URLS=https://debuginfod.ubuntu.com /usr/bin/cmake --build /home/ebrahim/formula-carmaker-fs_2025/FCM_Projects/FS_autonomous/ros/ros2_ws/build/hellocm_msgs -- -j12 -l12
[6.720s] [  1%] [34m[1mGenerating type hashes for ROS interfaces[0m
[6.732s] [  1%] Built target ament_cmake_python_copy_hellocm_msgs
[7.167s] running egg_info
[7.168s] creating hellocm_msgs.egg-info
[7.452s] writing hellocm_msgs.egg-info/PKG-INFO
[7.454s] writing dependency_links to hellocm_msgs.egg-info/dependency_links.txt
[7.455s] writing top-level names to hellocm_msgs.egg-info/top_level.txt
[7.460s] writing manifest file 'hellocm_msgs.egg-info/SOURCES.txt'
[7.672s] reading manifest file 'hellocm_msgs.egg-info/SOURCES.txt'
[7.673s] writing manifest file 'hellocm_msgs.egg-info/SOURCES.txt'
[7.745s] [  1%] Built target ament_cmake_python_build_hellocm_msgs_egg
[8.295s] [  1%] Built target hellocm_msgs__rosidl_generator_type_description
[8.321s] [  2%] [34m[1mGenerating C code for ROS interfaces[0m
[8.446s] [  3%] [34m[1mGenerating C++ code for ROS interfaces[0m
[11.477s] [  4%] [32mBuilding C object CMakeFiles/hellocm_msgs__rosidl_generator_c.dir/rosidl_generator_c/hellocm_msgs/msg/detail/cm2_ext__description.c.o[0m
[11.488s] [  5%] [32mBuilding C object CMakeFiles/hellocm_msgs__rosidl_generator_c.dir/rosidl_generator_c/hellocm_msgs/msg/detail/ext2_cm__functions.c.o[0m
[11.488s] [  7%] [32mBuilding C object CMakeFiles/hellocm_msgs__rosidl_generator_c.dir/rosidl_generator_c/hellocm_msgs/msg/detail/cm2_ext__type_support.c.o[0m
[11.489s] [  8%] [32mBuilding C object CMakeFiles/hellocm_msgs__rosidl_generator_c.dir/rosidl_generator_c/hellocm_msgs/msg/detail/ext2_cm__description.c.o[0m
[11.489s] [  9%] [32mBuilding C object CMakeFiles/hellocm_msgs__rosidl_generator_c.dir/rosidl_generator_c/hellocm_msgs/msg/detail/ext2_cm__type_support.c.o[0m
[11.501s] [ 10%] [32mBuilding C object CMakeFiles/hellocm_msgs__rosidl_generator_c.dir/rosidl_generator_c/hellocm_msgs/msg/detail/cm2_ext__functions.c.o[0m
[11.506s] [ 11%] [32mBuilding C object CMakeFiles/hellocm_msgs__rosidl_generator_c.dir/rosidl_generator_c/hellocm_msgs/msg/detail/tire_steering__description.c.o[0m
[11.528s] [ 14%] [32mBuilding C object CMakeFiles/hellocm_msgs__rosidl_generator_c.dir/rosidl_generator_c/hellocm_msgs/msg/detail/tire_steering__type_support.c.o[0m
[11.536s] [ 14%] [32mBuilding C object CMakeFiles/hellocm_msgs__rosidl_generator_c.dir/rosidl_generator_c/hellocm_msgs/msg/detail/tire_forces__functions.c.o[0m
[11.536s] [ 15%] [32mBuilding C object CMakeFiles/hellocm_msgs__rosidl_generator_c.dir/rosidl_generator_c/hellocm_msgs/msg/detail/tire_forces__description.c.o[0m
[11.541s] [ 16%] [32mBuilding C object CMakeFiles/hellocm_msgs__rosidl_generator_c.dir/rosidl_generator_c/hellocm_msgs/msg/detail/tire_steering__functions.c.o[0m
[12.148s] [ 17%] [32mBuilding C object CMakeFiles/hellocm_msgs__rosidl_generator_c.dir/rosidl_generator_c/hellocm_msgs/msg/detail/tire_forces_array__functions.c.o[0m
[12.155s] [ 19%] [32mBuilding C object CMakeFiles/hellocm_msgs__rosidl_generator_c.dir/rosidl_generator_c/hellocm_msgs/msg/detail/tire_forces_array__type_support.c.o[0m
[12.160s] [ 20%] [32mBuilding C object CMakeFiles/hellocm_msgs__rosidl_generator_c.dir/rosidl_generator_c/hellocm_msgs/msg/detail/tire_forces__type_support.c.o[0m
[12.180s] [ 21%] [32mBuilding C object CMakeFiles/hellocm_msgs__rosidl_generator_c.dir/rosidl_generator_c/hellocm_msgs/msg/detail/tire_forces_array__description.c.o[0m
[12.300s] [ 22%] [32mBuilding C object CMakeFiles/hellocm_msgs__rosidl_generator_c.dir/rosidl_generator_c/hellocm_msgs/srv/detail/init__functions.c.o[0m
[12.348s] [ 23%] [32mBuilding C object CMakeFiles/hellocm_msgs__rosidl_generator_c.dir/rosidl_generator_c/hellocm_msgs/srv/detail/init__description.c.o[0m
[12.384s] [ 25%] [32mBuilding C object CMakeFiles/hellocm_msgs__rosidl_generator_c.dir/rosidl_generator_c/hellocm_msgs/srv/detail/init__type_support.c.o[0m
[12.708s] [ 26%] [32m[1mLinking C shared library libhellocm_msgs__rosidl_generator_c.so[0m
[12.914s] [ 26%] Built target hellocm_msgs__rosidl_generator_c
[12.955s] [ 27%] [34m[1mGenerating C type support dispatch for ROS interfaces[0m
[12.963s] [ 28%] [34m[1mGenerating C introspection for ROS interfaces[0m
[12.980s] [ 29%] [34m[1mGenerating C type support for eProsima Fast-RTPS[0m
[13.065s] [ 29%] Built target hellocm_msgs__cpp
[13.133s] [ 30%] [34m[1mGenerating C++ type support dispatch for ROS interfaces[0m
[13.141s] [ 32%] [34m[1mGenerating C++ type support for eProsima Fast-RTPS[0m
[13.146s] [ 33%] [34m[1mGenerating C++ introspection for ROS interfaces[0m
[14.973s] [ 34%] [32mBuilding C object CMakeFiles/hellocm_msgs__rosidl_typesupport_introspection_c.dir/rosidl_typesupport_introspection_c/hellocm_msgs/msg/detail/cm2_ext__type_support.c.o[0m
[14.973s] [ 36%] [32mBuilding C object CMakeFiles/hellocm_msgs__rosidl_typesupport_introspection_c.dir/rosidl_typesupport_introspection_c/hellocm_msgs/msg/detail/ext2_cm__type_support.c.o[0m
[14.974s] [ 36%] [32mBuilding C object CMakeFiles/hellocm_msgs__rosidl_typesupport_introspection_c.dir/rosidl_typesupport_introspection_c/hellocm_msgs/msg/detail/tire_forces__type_support.c.o[0m
[14.982s] [ 39%] [32mBuilding C object CMakeFiles/hellocm_msgs__rosidl_typesupport_introspection_c.dir/rosidl_typesupport_introspection_c/hellocm_msgs/msg/detail/tire_forces_array__type_support.c.o[0m
[14.984s] [ 39%] [32mBuilding C object CMakeFiles/hellocm_msgs__rosidl_typesupport_introspection_c.dir/rosidl_typesupport_introspection_c/hellocm_msgs/msg/detail/tire_steering__type_support.c.o[0m
[14.984s] [ 40%] [32mBuilding CXX object CMakeFiles/hellocm_msgs__rosidl_typesupport_c.dir/rosidl_typesupport_c/hellocm_msgs/msg/ext2_cm__type_support.cpp.o[0m
[15.001s] [ 41%] [32mBuilding CXX object CMakeFiles/hellocm_msgs__rosidl_typesupport_c.dir/rosidl_typesupport_c/hellocm_msgs/msg/cm2_ext__type_support.cpp.o[0m
[15.006s] [ 42%] [32mBuilding C object CMakeFiles/hellocm_msgs__rosidl_typesupport_introspection_c.dir/rosidl_typesupport_introspection_c/hellocm_msgs/srv/detail/init__type_support.c.o[0m
[15.103s] [ 44%] [32mBuilding CXX object CMakeFiles/hellocm_msgs__rosidl_typesupport_c.dir/rosidl_typesupport_c/hellocm_msgs/msg/tire_steering__type_support.cpp.o[0m
[15.119s] [ 45%] [32mBuilding CXX object CMakeFiles/hellocm_msgs__rosidl_typesupport_c.dir/rosidl_typesupport_c/hellocm_msgs/msg/tire_forces__type_support.cpp.o[0m
[15.121s] [ 46%] [32mBuilding CXX object CMakeFiles/hellocm_msgs__rosidl_typesupport_c.dir/rosidl_typesupport_c/hellocm_msgs/msg/tire_forces_array__type_support.cpp.o[0m
[15.139s] [ 47%] [32mBuilding CXX object CMakeFiles/hellocm_msgs__rosidl_typesupport_c.dir/rosidl_typesupport_c/hellocm_msgs/srv/init__type_support.cpp.o[0m
[15.216s] [ 48%] [32m[1mLinking C shared library libhellocm_msgs__rosidl_typesupport_introspection_c.so[0m
[15.285s] [ 50%] [32m[1mLinking CXX shared library libhellocm_msgs__rosidl_typesupport_c.so[0m
[15.286s] [ 50%] Built target hellocm_msgs__rosidl_typesupport_introspection_c
[15.315s] [ 51%] [32mBuilding CXX object CMakeFiles/hellocm_msgs__rosidl_typesupport_fastrtps_c.dir/rosidl_typesupport_fastrtps_c/hellocm_msgs/msg/detail/cm2_ext__type_support_c.cpp.o[0m
[15.319s] [ 52%] [32mBuilding CXX object CMakeFiles/hellocm_msgs__rosidl_typesupport_fastrtps_c.dir/rosidl_typesupport_fastrtps_c/hellocm_msgs/msg/detail/tire_forces__type_support_c.cpp.o[0m
[15.331s] [ 54%] [32mBuilding CXX object CMakeFiles/hellocm_msgs__rosidl_typesupport_fastrtps_c.dir/rosidl_typesupport_fastrtps_c/hellocm_msgs/msg/detail/tire_steering__type_support_c.cpp.o[0m
[15.331s] [ 54%] [32mBuilding CXX object CMakeFiles/hellocm_msgs__rosidl_typesupport_fastrtps_c.dir/rosidl_typesupport_fastrtps_c/hellocm_msgs/msg/detail/tire_forces_array__type_support_c.cpp.o[0m
[15.331s] [ 55%] [32mBuilding CXX object CMakeFiles/hellocm_msgs__rosidl_typesupport_fastrtps_c.dir/rosidl_typesupport_fastrtps_c/hellocm_msgs/msg/detail/ext2_cm__type_support_c.cpp.o[0m
[15.336s] [ 57%] [32mBuilding CXX object CMakeFiles/hellocm_msgs__rosidl_typesupport_fastrtps_c.dir/rosidl_typesupport_fastrtps_c/hellocm_msgs/srv/detail/init__type_support_c.cpp.o[0m
[15.378s] [ 57%] Built target hellocm_msgs__rosidl_typesupport_c
[15.378s] [ 58%] [32mBuilding CXX object CMakeFiles/hellocm_msgs__rosidl_typesupport_cpp.dir/rosidl_typesupport_cpp/hellocm_msgs/msg/cm2_ext__type_support.cpp.o[0m
[15.385s] [ 59%] [32mBuilding CXX object CMakeFiles/hellocm_msgs__rosidl_typesupport_cpp.dir/rosidl_typesupport_cpp/hellocm_msgs/msg/tire_steering__type_support.cpp.o[0m
[15.387s] [ 60%] [32mBuilding CXX object CMakeFiles/hellocm_msgs__rosidl_typesupport_cpp.dir/rosidl_typesupport_cpp/hellocm_msgs/msg/ext2_cm__type_support.cpp.o[0m
[15.402s] [ 61%] [32mBuilding CXX object CMakeFiles/hellocm_msgs__rosidl_typesupport_cpp.dir/rosidl_typesupport_cpp/hellocm_msgs/msg/tire_forces__type_support.cpp.o[0m
[16.545s] [ 63%] [32mBuilding CXX object CMakeFiles/hellocm_msgs__rosidl_typesupport_introspection_cpp.dir/rosidl_typesupport_introspection_cpp/hellocm_msgs/msg/detail/cm2_ext__type_support.cpp.o[0m
[16.592s] [ 64%] [32mBuilding CXX object CMakeFiles/hellocm_msgs__rosidl_typesupport_fastrtps_cpp.dir/rosidl_typesupport_fastrtps_cpp/hellocm_msgs/msg/detail/dds_fastrtps/cm2_ext__type_support.cpp.o[0m
[16.718s] [ 65%] [32mBuilding CXX object CMakeFiles/hellocm_msgs__rosidl_typesupport_introspection_cpp.dir/rosidl_typesupport_introspection_cpp/hellocm_msgs/msg/detail/ext2_cm__type_support.cpp.o[0m
[16.731s] [ 66%] [32mBuilding CXX object CMakeFiles/hellocm_msgs__rosidl_typesupport_introspection_cpp.dir/rosidl_typesupport_introspection_cpp/hellocm_msgs/msg/detail/tire_steering__type_support.cpp.o[0m
[16.817s] [ 67%] [32mBuilding CXX object CMakeFiles/hellocm_msgs__rosidl_typesupport_fastrtps_cpp.dir/rosidl_typesupport_fastrtps_cpp/hellocm_msgs/msg/detail/dds_fastrtps/ext2_cm__type_support.cpp.o[0m
[17.124s] [ 69%] [32mBuilding CXX object CMakeFiles/hellocm_msgs__rosidl_typesupport_introspection_cpp.dir/rosidl_typesupport_introspection_cpp/hellocm_msgs/msg/detail/tire_forces__type_support.cpp.o[0m
[17.154s] [ 70%] [32mBuilding CXX object CMakeFiles/hellocm_msgs__rosidl_typesupport_cpp.dir/rosidl_typesupport_cpp/hellocm_msgs/msg/tire_forces_array__type_support.cpp.o[0m
[17.171s] [ 71%] [32mBuilding CXX object CMakeFiles/hellocm_msgs__rosidl_typesupport_fastrtps_cpp.dir/rosidl_typesupport_fastrtps_cpp/hellocm_msgs/msg/detail/dds_fastrtps/tire_steering__type_support.cpp.o[0m
[17.263s] [ 72%] [32mBuilding CXX object CMakeFiles/hellocm_msgs__rosidl_typesupport_cpp.dir/rosidl_typesupport_cpp/hellocm_msgs/srv/init__type_support.cpp.o[0m
[17.346s] [ 73%] [32mBuilding CXX object CMakeFiles/hellocm_msgs__rosidl_typesupport_introspection_cpp.dir/rosidl_typesupport_introspection_cpp/hellocm_msgs/msg/detail/tire_forces_array__type_support.cpp.o[0m
[17.573s] [ 75%] [32mBuilding CXX object CMakeFiles/hellocm_msgs__rosidl_typesupport_fastrtps_cpp.dir/rosidl_typesupport_fastrtps_cpp/hellocm_msgs/msg/detail/dds_fastrtps/tire_forces__type_support.cpp.o[0m
[17.763s] [ 76%] [32m[1mLinking CXX shared library libhellocm_msgs__rosidl_typesupport_fastrtps_c.so[0m
[17.764s] [ 77%] [32mBuilding CXX object CMakeFiles/hellocm_msgs__rosidl_typesupport_introspection_cpp.dir/rosidl_typesupport_introspection_cpp/hellocm_msgs/srv/detail/init__type_support.cpp.o[0m
[17.841s] [ 78%] [32mBuilding CXX object CMakeFiles/hellocm_msgs__rosidl_typesupport_fastrtps_cpp.dir/rosidl_typesupport_fastrtps_cpp/hellocm_msgs/msg/detail/dds_fastrtps/tire_forces_array__type_support.cpp.o[0m
[18.083s] [ 79%] [32mBuilding CXX object CMakeFiles/hellocm_msgs__rosidl_typesupport_fastrtps_cpp.dir/rosidl_typesupport_fastrtps_cpp/hellocm_msgs/srv/detail/dds_fastrtps/init__type_support.cpp.o[0m
[18.122s] [ 79%] Built target hellocm_msgs__rosidl_typesupport_fastrtps_c
[18.311s] [ 80%] [32m[1mLinking CXX shared library libhellocm_msgs__rosidl_typesupport_cpp.so[0m
[18.568s] [ 80%] Built target hellocm_msgs__rosidl_typesupport_cpp
[19.016s] [ 82%] [32m[1mLinking CXX shared library libhellocm_msgs__rosidl_typesupport_introspection_cpp.so[0m
[19.150s] [ 82%] Built target hellocm_msgs__rosidl_typesupport_introspection_cpp
[19.375s] [ 83%] [32m[1mLinking CXX shared library libhellocm_msgs__rosidl_typesupport_fastrtps_cpp.so[0m
[19.459s] [ 83%] Built target hellocm_msgs__rosidl_typesupport_fastrtps_cpp
[19.490s] [ 83%] Built target hellocm_msgs
[19.523s] [ 84%] [34m[1mGenerating Python code for ROS interfaces[0m
[21.272s] [ 84%] Built target hellocm_msgs__py
[21.293s] [ 85%] [32mBuilding C object CMakeFiles/hellocm_msgs__rosidl_generator_py.dir/rosidl_generator_py/hellocm_msgs/msg/_ext2_cm_s.c.o[0m
[21.293s] [ 89%] [32mBuilding C object CMakeFiles/hellocm_msgs__rosidl_generator_py.dir/rosidl_generator_py/hellocm_msgs/msg/_tire_forces_array_s.c.o[0m
[21.294s] [ 89%] [32mBuilding C object CMakeFiles/hellocm_msgs__rosidl_generator_py.dir/rosidl_generator_py/hellocm_msgs/msg/_tire_forces_s.c.o[0m
[21.294s] [ 89%] [32mBuilding C object CMakeFiles/hellocm_msgs__rosidl_generator_py.dir/rosidl_generator_py/hellocm_msgs/msg/_cm2_ext_s.c.o[0m
[21.294s] [ 90%] [32mBuilding C object CMakeFiles/hellocm_msgs__rosidl_generator_py.dir/rosidl_generator_py/hellocm_msgs/msg/_tire_steering_s.c.o[0m
[21.296s] [ 91%] [32mBuilding C object CMakeFiles/hellocm_msgs__rosidl_generator_py.dir/rosidl_generator_py/hellocm_msgs/srv/_init_s.c.o[0m
[21.542s] [ 92%] [32m[1mLinking C shared library libhellocm_msgs__rosidl_generator_py.so[0m
[21.585s] [ 92%] Built target hellocm_msgs__rosidl_generator_py
[21.604s] [ 96%] [32mBuilding C object CMakeFiles/hellocm_msgs_s__rosidl_typesupport_c.dir/rosidl_generator_py/hellocm_msgs/_hellocm_msgs_s.ep.rosidl_typesupport_c.c.o[0m
[21.604s] [ 96%] [32mBuilding C object CMakeFiles/hellocm_msgs_s__rosidl_typesupport_fastrtps_c.dir/rosidl_generator_py/hellocm_msgs/_hellocm_msgs_s.ep.rosidl_typesupport_fastrtps_c.c.o[0m
[21.604s] [ 96%] [32mBuilding C object CMakeFiles/hellocm_msgs_s__rosidl_typesupport_introspection_c.dir/rosidl_generator_py/hellocm_msgs/_hellocm_msgs_s.ep.rosidl_typesupport_introspection_c.c.o[0m
[21.731s] [ 97%] [32m[1mLinking C shared module rosidl_generator_py/hellocm_msgs/hellocm_msgs_s__rosidl_typesupport_c.so[0m
[21.733s] [ 98%] [32m[1mLinking C shared module rosidl_generator_py/hellocm_msgs/hellocm_msgs_s__rosidl_typesupport_fastrtps_c.so[0m
[21.737s] [100%] [32m[1mLinking C shared module rosidl_generator_py/hellocm_msgs/hellocm_msgs_s__rosidl_typesupport_introspection_c.so[0m
[21.762s] [100%] Built target hellocm_msgs_s__rosidl_typesupport_c
[21.765s] [100%] Built target hellocm_msgs_s__rosidl_typesupport_fastrtps_c
[21.770s] [100%] Built target hellocm_msgs_s__rosidl_typesupport_introspection_c
[21.783s] Invoked command in '/home/ebrahim/formula-carmaker-fs_2025/FCM_Projects/FS_autonomous/ros/ros2_ws/build/hellocm_msgs' returned '0': CMAKE_PREFIX_PATH=${CMAKE_PREFIX_PATH}:/opt/ros/jazzy DEBUGINFOD_URLS=https://debuginfod.ubuntu.com /usr/bin/cmake --build /home/ebrahim/formula-carmaker-fs_2025/FCM_Projects/FS_autonomous/ros/ros2_ws/build/hellocm_msgs -- -j12 -l12
[21.784s] Invoking command in '/home/ebrahim/formula-carmaker-fs_2025/FCM_Projects/FS_autonomous/ros/ros2_ws/build/hellocm_msgs': CMAKE_PREFIX_PATH=${CMAKE_PREFIX_PATH}:/opt/ros/jazzy DEBUGINFOD_URLS=https://debuginfod.ubuntu.com /usr/bin/cmake --install /home/ebrahim/formula-carmaker-fs_2025/FCM_Projects/FS_autonomous/ros/ros2_ws/build/hellocm_msgs
[21.793s] -- Install configuration: ""
[21.793s] -- Installing: /home/ebrahim/formula-carmaker-fs_2025/FCM_Projects/FS_autonomous/ros/ros2_ws/install/hellocm_msgs/share/ament_index/resource_index/rosidl_interfaces/hellocm_msgs
[21.793s] -- Installing: /home/ebrahim/formula-carmaker-fs_2025/FCM_Projects/FS_autonomous/ros/ros2_ws/install/hellocm_msgs/share/hellocm_msgs/msg/CM2Ext.json
[21.793s] -- Installing: /home/ebrahim/formula-carmaker-fs_2025/FCM_Projects/FS_autonomous/ros/ros2_ws/install/hellocm_msgs/share/hellocm_msgs/msg/Ext2CM.json
[21.793s] -- Installing: /home/ebrahim/formula-carmaker-fs_2025/FCM_Projects/FS_autonomous/ros/ros2_ws/install/hellocm_msgs/share/hellocm_msgs/msg/TireSteering.json
[21.793s] -- Installing: /home/ebrahim/formula-carmaker-fs_2025/FCM_Projects/FS_autonomous/ros/ros2_ws/install/hellocm_msgs/share/hellocm_msgs/msg/TireForces.json
[21.794s] -- Installing: /home/ebrahim/formula-carmaker-fs_2025/FCM_Projects/FS_autonomous/ros/ros2_ws/install/hellocm_msgs/share/hellocm_msgs/msg/TireForcesArray.json
[21.794s] -- Installing: /home/ebrahim/formula-carmaker-fs_2025/FCM_Projects/FS_autonomous/ros/ros2_ws/install/hellocm_msgs/share/hellocm_msgs/srv/Init.json
[21.794s] -- Installing: /home/ebrahim/formula-carmaker-fs_2025/FCM_Projects/FS_autonomous/ros/ros2_ws/install/hellocm_msgs/include/hellocm_msgs/hellocm_msgs
[21.794s] -- Installing: /home/ebrahim/formula-carmaker-fs_2025/FCM_Projects/FS_autonomous/ros/ros2_ws/install/hellocm_msgs/include/hellocm_msgs/hellocm_msgs/srv
[21.794s] -- Installing: /home/ebrahim/formula-carmaker-fs_2025/FCM_Projects/FS_autonomous/ros/ros2_ws/install/hellocm_msgs/include/hellocm_msgs/hellocm_msgs/srv/detail
[21.794s] -- Installing: /home/ebrahim/formula-carmaker-fs_2025/FCM_Projects/FS_autonomous/ros/ros2_ws/install/hellocm_msgs/include/hellocm_msgs/hellocm_msgs/srv/detail/init__struct.h
[21.794s] -- Installing: /home/ebrahim/formula-carmaker-fs_2025/FCM_Projects/FS_autonomous/ros/ros2_ws/install/hellocm_msgs/include/hellocm_msgs/hellocm_msgs/srv/detail/init__description.c
[21.794s] -- Installing: /home/ebrahim/formula-carmaker-fs_2025/FCM_Projects/FS_autonomous/ros/ros2_ws/install/hellocm_msgs/include/hellocm_msgs/hellocm_msgs/srv/detail/init__type_support.c
[21.794s] -- Installing: /home/ebrahim/formula-carmaker-fs_2025/FCM_Projects/FS_autonomous/ros/ros2_ws/install/hellocm_msgs/include/hellocm_msgs/hellocm_msgs/srv/detail/init__functions.c
[21.795s] -- Installing: /home/ebrahim/formula-carmaker-fs_2025/FCM_Projects/FS_autonomous/ros/ros2_ws/install/hellocm_msgs/include/hellocm_msgs/hellocm_msgs/srv/detail/init__type_support.h
[21.795s] -- Installing: /home/ebrahim/formula-carmaker-fs_2025/FCM_Projects/FS_autonomous/ros/ros2_ws/install/hellocm_msgs/include/hellocm_msgs/hellocm_msgs/srv/detail/init__functions.h
[21.795s] -- Installing: /home/ebrahim/formula-carmaker-fs_2025/FCM_Projects/FS_autonomous/ros/ros2_ws/install/hellocm_msgs/include/hellocm_msgs/hellocm_msgs/srv/init.h
[21.795s] -- Installing: /home/ebrahim/formula-carmaker-fs_2025/FCM_Projects/FS_autonomous/ros/ros2_ws/install/hellocm_msgs/include/hellocm_msgs/hellocm_msgs/msg
[21.795s] -- Installing: /home/ebrahim/formula-carmaker-fs_2025/FCM_Projects/FS_autonomous/ros/ros2_ws/install/hellocm_msgs/include/hellocm_msgs/hellocm_msgs/msg/detail
[21.795s] -- Installing: /home/ebrahim/formula-carmaker-fs_2025/FCM_Projects/FS_autonomous/ros/ros2_ws/install/hellocm_msgs/include/hellocm_msgs/hellocm_msgs/msg/detail/cm2_ext__description.c
[21.795s] -- Installing: /home/ebrahim/formula-carmaker-fs_2025/FCM_Projects/FS_autonomous/ros/ros2_ws/install/hellocm_msgs/include/hellocm_msgs/hellocm_msgs/msg/detail/tire_forces_array__type_support.c
[21.795s] -- Installing: /home/ebrahim/formula-carmaker-fs_2025/FCM_Projects/FS_autonomous/ros/ros2_ws/install/hellocm_msgs/include/hellocm_msgs/hellocm_msgs/msg/detail/tire_forces__functions.c
[21.795s] -- Installing: /home/ebrahim/formula-carmaker-fs_2025/FCM_Projects/FS_autonomous/ros/ros2_ws/install/hellocm_msgs/include/hellocm_msgs/hellocm_msgs/msg/detail/tire_forces__struct.h
[21.795s] -- Installing: /home/ebrahim/formula-carmaker-fs_2025/FCM_Projects/FS_autonomous/ros/ros2_ws/install/hellocm_msgs/include/hellocm_msgs/hellocm_msgs/msg/detail/tire_forces__type_support.h
[21.795s] -- Installing: /home/ebrahim/formula-carmaker-fs_2025/FCM_Projects/FS_autonomous/ros/ros2_ws/install/hellocm_msgs/include/hellocm_msgs/hellocm_msgs/msg/detail/tire_forces_array__description.c
[21.796s] -- Installing: /home/ebrahim/formula-carmaker-fs_2025/FCM_Projects/FS_autonomous/ros/ros2_ws/install/hellocm_msgs/include/hellocm_msgs/hellocm_msgs/msg/detail/ext2_cm__struct.h
[21.796s] -- Installing: /home/ebrahim/formula-carmaker-fs_2025/FCM_Projects/FS_autonomous/ros/ros2_ws/install/hellocm_msgs/include/hellocm_msgs/hellocm_msgs/msg/detail/ext2_cm__functions.h
[21.796s] -- Installing: /home/ebrahim/formula-carmaker-fs_2025/FCM_Projects/FS_autonomous/ros/ros2_ws/install/hellocm_msgs/include/hellocm_msgs/hellocm_msgs/msg/detail/cm2_ext__functions.h
[21.796s] -- Installing: /home/ebrahim/formula-carmaker-fs_2025/FCM_Projects/FS_autonomous/ros/ros2_ws/install/hellocm_msgs/include/hellocm_msgs/hellocm_msgs/msg/detail/tire_steering__functions.c
[21.796s] -- Installing: /home/ebrahim/formula-carmaker-fs_2025/FCM_Projects/FS_autonomous/ros/ros2_ws/install/hellocm_msgs/include/hellocm_msgs/hellocm_msgs/msg/detail/tire_steering__type_support.c
[21.796s] -- Installing: /home/ebrahim/formula-carmaker-fs_2025/FCM_Projects/FS_autonomous/ros/ros2_ws/install/hellocm_msgs/include/hellocm_msgs/hellocm_msgs/msg/detail/cm2_ext__struct.h
[21.796s] -- Installing: /home/ebrahim/formula-carmaker-fs_2025/FCM_Projects/FS_autonomous/ros/ros2_ws/install/hellocm_msgs/include/hellocm_msgs/hellocm_msgs/msg/detail/tire_steering__type_support.h
[21.796s] -- Installing: /home/ebrahim/formula-carmaker-fs_2025/FCM_Projects/FS_autonomous/ros/ros2_ws/install/hellocm_msgs/include/hellocm_msgs/hellocm_msgs/msg/detail/ext2_cm__type_support.h
[21.796s] -- Installing: /home/ebrahim/formula-carmaker-fs_2025/FCM_Projects/FS_autonomous/ros/ros2_ws/install/hellocm_msgs/include/hellocm_msgs/hellocm_msgs/msg/detail/cm2_ext__type_support.c
[21.796s] -- Installing: /home/ebrahim/formula-carmaker-fs_2025/FCM_Projects/FS_autonomous/ros/ros2_ws/install/hellocm_msgs/include/hellocm_msgs/hellocm_msgs/msg/detail/ext2_cm__type_support.c
[21.796s] -- Installing: /home/ebrahim/formula-carmaker-fs_2025/FCM_Projects/FS_autonomous/ros/ros2_ws/install/hellocm_msgs/include/hellocm_msgs/hellocm_msgs/msg/detail/cm2_ext__type_support.h
[21.797s] -- Installing: /home/ebrahim/formula-carmaker-fs_2025/FCM_Projects/FS_autonomous/ros/ros2_ws/install/hellocm_msgs/include/hellocm_msgs/hellocm_msgs/msg/detail/tire_forces__description.c
[21.797s] -- Installing: /home/ebrahim/formula-carmaker-fs_2025/FCM_Projects/FS_autonomous/ros/ros2_ws/install/hellocm_msgs/include/hellocm_msgs/hellocm_msgs/msg/detail/tire_forces__functions.h
[21.797s] -- Installing: /home/ebrahim/formula-carmaker-fs_2025/FCM_Projects/FS_autonomous/ros/ros2_ws/install/hellocm_msgs/include/hellocm_msgs/hellocm_msgs/msg/detail/ext2_cm__description.c
[21.797s] -- Installing: /home/ebrahim/formula-carmaker-fs_2025/FCM_Projects/FS_autonomous/ros/ros2_ws/install/hellocm_msgs/include/hellocm_msgs/hellocm_msgs/msg/detail/ext2_cm__functions.c
[21.797s] -- Installing: /home/ebrahim/formula-carmaker-fs_2025/FCM_Projects/FS_autonomous/ros/ros2_ws/install/hellocm_msgs/include/hellocm_msgs/hellocm_msgs/msg/detail/tire_forces_array__struct.h
[21.797s] -- Installing: /home/ebrahim/formula-carmaker-fs_2025/FCM_Projects/FS_autonomous/ros/ros2_ws/install/hellocm_msgs/include/hellocm_msgs/hellocm_msgs/msg/detail/tire_forces_array__type_support.h
[21.797s] -- Installing: /home/ebrahim/formula-carmaker-fs_2025/FCM_Projects/FS_autonomous/ros/ros2_ws/install/hellocm_msgs/include/hellocm_msgs/hellocm_msgs/msg/detail/tire_steering__struct.h
[21.797s] -- Installing: /home/ebrahim/formula-carmaker-fs_2025/FCM_Projects/FS_autonomous/ros/ros2_ws/install/hellocm_msgs/include/hellocm_msgs/hellocm_msgs/msg/detail/tire_forces_array__functions.h
[21.797s] -- Installing: /home/ebrahim/formula-carmaker-fs_2025/FCM_Projects/FS_autonomous/ros/ros2_ws/install/hellocm_msgs/include/hellocm_msgs/hellocm_msgs/msg/detail/tire_steering__description.c
[21.797s] -- Installing: /home/ebrahim/formula-carmaker-fs_2025/FCM_Projects/FS_autonomous/ros/ros2_ws/install/hellocm_msgs/include/hellocm_msgs/hellocm_msgs/msg/detail/cm2_ext__functions.c
[21.798s] -- Installing: /home/ebrahim/formula-carmaker-fs_2025/FCM_Projects/FS_autonomous/ros/ros2_ws/install/hellocm_msgs/include/hellocm_msgs/hellocm_msgs/msg/detail/tire_steering__functions.h
[21.798s] -- Installing: /home/ebrahim/formula-carmaker-fs_2025/FCM_Projects/FS_autonomous/ros/ros2_ws/install/hellocm_msgs/include/hellocm_msgs/hellocm_msgs/msg/detail/tire_forces__type_support.c
[21.798s] -- Installing: /home/ebrahim/formula-carmaker-fs_2025/FCM_Projects/FS_autonomous/ros/ros2_ws/install/hellocm_msgs/include/hellocm_msgs/hellocm_msgs/msg/detail/tire_forces_array__functions.c
[21.798s] -- Installing: /home/ebrahim/formula-carmaker-fs_2025/FCM_Projects/FS_autonomous/ros/ros2_ws/install/hellocm_msgs/include/hellocm_msgs/hellocm_msgs/msg/tire_forces.h
[21.798s] -- Installing: /home/ebrahim/formula-carmaker-fs_2025/FCM_Projects/FS_autonomous/ros/ros2_ws/install/hellocm_msgs/include/hellocm_msgs/hellocm_msgs/msg/tire_forces_array.h
[21.798s] -- Installing: /home/ebrahim/formula-carmaker-fs_2025/FCM_Projects/FS_autonomous/ros/ros2_ws/install/hellocm_msgs/include/hellocm_msgs/hellocm_msgs/msg/ext2_cm.h
[21.798s] -- Installing: /home/ebrahim/formula-carmaker-fs_2025/FCM_Projects/FS_autonomous/ros/ros2_ws/install/hellocm_msgs/include/hellocm_msgs/hellocm_msgs/msg/tire_steering.h
[21.798s] -- Installing: /home/ebrahim/formula-carmaker-fs_2025/FCM_Projects/FS_autonomous/ros/ros2_ws/install/hellocm_msgs/include/hellocm_msgs/hellocm_msgs/msg/rosidl_generator_c__visibility_control.h
[21.798s] -- Installing: /home/ebrahim/formula-carmaker-fs_2025/FCM_Projects/FS_autonomous/ros/ros2_ws/install/hellocm_msgs/include/hellocm_msgs/hellocm_msgs/msg/cm2_ext.h
[21.798s] -- Installing: /home/ebrahim/formula-carmaker-fs_2025/FCM_Projects/FS_autonomous/ros/ros2_ws/install/hellocm_msgs/share/hellocm_msgs/environment/library_path.sh
[21.798s] -- Installing: /home/ebrahim/formula-carmaker-fs_2025/FCM_Projects/FS_autonomous/ros/ros2_ws/install/hellocm_msgs/share/hellocm_msgs/environment/library_path.dsv
[21.799s] -- Installing: /home/ebrahim/formula-carmaker-fs_2025/FCM_Projects/FS_autonomous/ros/ros2_ws/install/hellocm_msgs/lib/libhellocm_msgs__rosidl_generator_c.so
[21.799s] -- Set non-toolchain portion of runtime path of "/home/ebrahim/formula-carmaker-fs_2025/FCM_Projects/FS_autonomous/ros/ros2_ws/install/hellocm_msgs/lib/libhellocm_msgs__rosidl_generator_c.so" to ""
[21.799s] -- Up-to-date: /home/ebrahim/formula-carmaker-fs_2025/FCM_Projects/FS_autonomous/ros/ros2_ws/install/hellocm_msgs/include/hellocm_msgs/hellocm_msgs
[21.799s] -- Up-to-date: /home/ebrahim/formula-carmaker-fs_2025/FCM_Projects/FS_autonomous/ros/ros2_ws/install/hellocm_msgs/include/hellocm_msgs/hellocm_msgs/srv
[21.799s] -- Up-to-date: /home/ebrahim/formula-carmaker-fs_2025/FCM_Projects/FS_autonomous/ros/ros2_ws/install/hellocm_msgs/include/hellocm_msgs/hellocm_msgs/srv/detail
[21.799s] -- Installing: /home/ebrahim/formula-carmaker-fs_2025/FCM_Projects/FS_autonomous/ros/ros2_ws/install/hellocm_msgs/include/hellocm_msgs/hellocm_msgs/srv/detail/init__rosidl_typesupport_fastrtps_c.h
[21.799s] -- Up-to-date: /home/ebrahim/formula-carmaker-fs_2025/FCM_Projects/FS_autonomous/ros/ros2_ws/install/hellocm_msgs/include/hellocm_msgs/hellocm_msgs/msg
[21.799s] -- Up-to-date: /home/ebrahim/formula-carmaker-fs_2025/FCM_Projects/FS_autonomous/ros/ros2_ws/install/hellocm_msgs/include/hellocm_msgs/hellocm_msgs/msg/detail
[21.799s] -- Installing: /home/ebrahim/formula-carmaker-fs_2025/FCM_Projects/FS_autonomous/ros/ros2_ws/install/hellocm_msgs/include/hellocm_msgs/hellocm_msgs/msg/detail/tire_steering__rosidl_typesupport_fastrtps_c.h
[21.799s] -- Installing: /home/ebrahim/formula-carmaker-fs_2025/FCM_Projects/FS_autonomous/ros/ros2_ws/install/hellocm_msgs/include/hellocm_msgs/hellocm_msgs/msg/detail/cm2_ext__rosidl_typesupport_fastrtps_c.h
[21.800s] -- Installing: /home/ebrahim/formula-carmaker-fs_2025/FCM_Projects/FS_autonomous/ros/ros2_ws/install/hellocm_msgs/include/hellocm_msgs/hellocm_msgs/msg/detail/ext2_cm__rosidl_typesupport_fastrtps_c.h
[21.800s] -- Installing: /home/ebrahim/formula-carmaker-fs_2025/FCM_Projects/FS_autonomous/ros/ros2_ws/install/hellocm_msgs/include/hellocm_msgs/hellocm_msgs/msg/detail/tire_forces_array__rosidl_typesupport_fastrtps_c.h
[21.800s] -- Installing: /home/ebrahim/formula-carmaker-fs_2025/FCM_Projects/FS_autonomous/ros/ros2_ws/install/hellocm_msgs/include/hellocm_msgs/hellocm_msgs/msg/detail/tire_forces__rosidl_typesupport_fastrtps_c.h
[21.800s] -- Installing: /home/ebrahim/formula-carmaker-fs_2025/FCM_Projects/FS_autonomous/ros/ros2_ws/install/hellocm_msgs/include/hellocm_msgs/hellocm_msgs/msg/rosidl_typesupport_fastrtps_c__visibility_control.h
[21.800s] -- Installing: /home/ebrahim/formula-carmaker-fs_2025/FCM_Projects/FS_autonomous/ros/ros2_ws/install/hellocm_msgs/lib/libhellocm_msgs__rosidl_typesupport_fastrtps_c.so
[21.800s] -- Set non-toolchain portion of runtime path of "/home/ebrahim/formula-carmaker-fs_2025/FCM_Projects/FS_autonomous/ros/ros2_ws/install/hellocm_msgs/lib/libhellocm_msgs__rosidl_typesupport_fastrtps_c.so" to ""
[21.800s] -- Up-to-date: /home/ebrahim/formula-carmaker-fs_2025/FCM_Projects/FS_autonomous/ros/ros2_ws/install/hellocm_msgs/include/hellocm_msgs/hellocm_msgs
[21.800s] -- Up-to-date: /home/ebrahim/formula-carmaker-fs_2025/FCM_Projects/FS_autonomous/ros/ros2_ws/install/hellocm_msgs/include/hellocm_msgs/hellocm_msgs/srv
[21.800s] -- Up-to-date: /home/ebrahim/formula-carmaker-fs_2025/FCM_Projects/FS_autonomous/ros/ros2_ws/install/hellocm_msgs/include/hellocm_msgs/hellocm_msgs/srv/detail
[21.800s] -- Installing: /home/ebrahim/formula-carmaker-fs_2025/FCM_Projects/FS_autonomous/ros/ros2_ws/install/hellocm_msgs/include/hellocm_msgs/hellocm_msgs/srv/detail/init__type_support.c
[21.801s] -- Installing: /home/ebrahim/formula-carmaker-fs_2025/FCM_Projects/FS_autonomous/ros/ros2_ws/install/hellocm_msgs/include/hellocm_msgs/hellocm_msgs/srv/detail/init__rosidl_typesupport_introspection_c.h
[21.801s] -- Up-to-date: /home/ebrahim/formula-carmaker-fs_2025/FCM_Projects/FS_autonomous/ros/ros2_ws/install/hellocm_msgs/include/hellocm_msgs/hellocm_msgs/msg
[21.801s] -- Up-to-date: /home/ebrahim/formula-carmaker-fs_2025/FCM_Projects/FS_autonomous/ros/ros2_ws/install/hellocm_msgs/include/hellocm_msgs/hellocm_msgs/msg/detail
[21.801s] -- Installing: /home/ebrahim/formula-carmaker-fs_2025/FCM_Projects/FS_autonomous/ros/ros2_ws/install/hellocm_msgs/include/hellocm_msgs/hellocm_msgs/msg/detail/cm2_ext__rosidl_typesupport_introspection_c.h
[21.801s] -- Installing: /home/ebrahim/formula-carmaker-fs_2025/FCM_Projects/FS_autonomous/ros/ros2_ws/install/hellocm_msgs/include/hellocm_msgs/hellocm_msgs/msg/detail/tire_forces__rosidl_typesupport_introspection_c.h
[21.801s] -- Installing: /home/ebrahim/formula-carmaker-fs_2025/FCM_Projects/FS_autonomous/ros/ros2_ws/install/hellocm_msgs/include/hellocm_msgs/hellocm_msgs/msg/detail/tire_forces_array__type_support.c
[21.801s] -- Installing: /home/ebrahim/formula-carmaker-fs_2025/FCM_Projects/FS_autonomous/ros/ros2_ws/install/hellocm_msgs/include/hellocm_msgs/hellocm_msgs/msg/detail/tire_steering__type_support.c
[21.801s] -- Installing: /home/ebrahim/formula-carmaker-fs_2025/FCM_Projects/FS_autonomous/ros/ros2_ws/install/hellocm_msgs/include/hellocm_msgs/hellocm_msgs/msg/detail/cm2_ext__type_support.c
[21.801s] -- Installing: /home/ebrahim/formula-carmaker-fs_2025/FCM_Projects/FS_autonomous/ros/ros2_ws/install/hellocm_msgs/include/hellocm_msgs/hellocm_msgs/msg/detail/ext2_cm__type_support.c
[21.801s] -- Installing: /home/ebrahim/formula-carmaker-fs_2025/FCM_Projects/FS_autonomous/ros/ros2_ws/install/hellocm_msgs/include/hellocm_msgs/hellocm_msgs/msg/detail/tire_forces_array__rosidl_typesupport_introspection_c.h
[21.801s] -- Installing: /home/ebrahim/formula-carmaker-fs_2025/FCM_Projects/FS_autonomous/ros/ros2_ws/install/hellocm_msgs/include/hellocm_msgs/hellocm_msgs/msg/detail/ext2_cm__rosidl_typesupport_introspection_c.h
[21.801s] -- Installing: /home/ebrahim/formula-carmaker-fs_2025/FCM_Projects/FS_autonomous/ros/ros2_ws/install/hellocm_msgs/include/hellocm_msgs/hellocm_msgs/msg/detail/tire_forces__type_support.c
[21.802s] -- Installing: /home/ebrahim/formula-carmaker-fs_2025/FCM_Projects/FS_autonomous/ros/ros2_ws/install/hellocm_msgs/include/hellocm_msgs/hellocm_msgs/msg/detail/tire_steering__rosidl_typesupport_introspection_c.h
[21.802s] -- Installing: /home/ebrahim/formula-carmaker-fs_2025/FCM_Projects/FS_autonomous/ros/ros2_ws/install/hellocm_msgs/include/hellocm_msgs/hellocm_msgs/msg/rosidl_typesupport_introspection_c__visibility_control.h
[21.802s] -- Installing: /home/ebrahim/formula-carmaker-fs_2025/FCM_Projects/FS_autonomous/ros/ros2_ws/install/hellocm_msgs/lib/libhellocm_msgs__rosidl_typesupport_introspection_c.so
[21.802s] -- Set non-toolchain portion of runtime path of "/home/ebrahim/formula-carmaker-fs_2025/FCM_Projects/FS_autonomous/ros/ros2_ws/install/hellocm_msgs/lib/libhellocm_msgs__rosidl_typesupport_introspection_c.so" to ""
[21.802s] -- Installing: /home/ebrahim/formula-carmaker-fs_2025/FCM_Projects/FS_autonomous/ros/ros2_ws/install/hellocm_msgs/lib/libhellocm_msgs__rosidl_typesupport_c.so
[21.802s] -- Set non-toolchain portion of runtime path of "/home/ebrahim/formula-carmaker-fs_2025/FCM_Projects/FS_autonomous/ros/ros2_ws/install/hellocm_msgs/lib/libhellocm_msgs__rosidl_typesupport_c.so" to ""
[21.802s] -- Up-to-date: /home/ebrahim/formula-carmaker-fs_2025/FCM_Projects/FS_autonomous/ros/ros2_ws/install/hellocm_msgs/include/hellocm_msgs/hellocm_msgs
[21.802s] -- Up-to-date: /home/ebrahim/formula-carmaker-fs_2025/FCM_Projects/FS_autonomous/ros/ros2_ws/install/hellocm_msgs/include/hellocm_msgs/hellocm_msgs/srv
[21.802s] -- Up-to-date: /home/ebrahim/formula-carmaker-fs_2025/FCM_Projects/FS_autonomous/ros/ros2_ws/install/hellocm_msgs/include/hellocm_msgs/hellocm_msgs/srv/detail
[21.802s] -- Installing: /home/ebrahim/formula-carmaker-fs_2025/FCM_Projects/FS_autonomous/ros/ros2_ws/install/hellocm_msgs/include/hellocm_msgs/hellocm_msgs/srv/detail/init__struct.hpp
[21.802s] -- Installing: /home/ebrahim/formula-carmaker-fs_2025/FCM_Projects/FS_autonomous/ros/ros2_ws/install/hellocm_msgs/include/hellocm_msgs/hellocm_msgs/srv/detail/init__builder.hpp
[21.803s] -- Installing: /home/ebrahim/formula-carmaker-fs_2025/FCM_Projects/FS_autonomous/ros/ros2_ws/install/hellocm_msgs/include/hellocm_msgs/hellocm_msgs/srv/detail/init__traits.hpp
[21.803s] -- Installing: /home/ebrahim/formula-carmaker-fs_2025/FCM_Projects/FS_autonomous/ros/ros2_ws/install/hellocm_msgs/include/hellocm_msgs/hellocm_msgs/srv/detail/init__type_support.hpp
[21.803s] -- Installing: /home/ebrahim/formula-carmaker-fs_2025/FCM_Projects/FS_autonomous/ros/ros2_ws/install/hellocm_msgs/include/hellocm_msgs/hellocm_msgs/srv/init.hpp
[21.803s] -- Up-to-date: /home/ebrahim/formula-carmaker-fs_2025/FCM_Projects/FS_autonomous/ros/ros2_ws/install/hellocm_msgs/include/hellocm_msgs/hellocm_msgs/msg
[21.803s] -- Up-to-date: /home/ebrahim/formula-carmaker-fs_2025/FCM_Projects/FS_autonomous/ros/ros2_ws/install/hellocm_msgs/include/hellocm_msgs/hellocm_msgs/msg/detail
[21.803s] -- Installing: /home/ebrahim/formula-carmaker-fs_2025/FCM_Projects/FS_autonomous/ros/ros2_ws/install/hellocm_msgs/include/hellocm_msgs/hellocm_msgs/msg/detail/tire_forces_array__struct.hpp
[21.803s] -- Installing: /home/ebrahim/formula-carmaker-fs_2025/FCM_Projects/FS_autonomous/ros/ros2_ws/install/hellocm_msgs/include/hellocm_msgs/hellocm_msgs/msg/detail/cm2_ext__struct.hpp
[21.803s] -- Installing: /home/ebrahim/formula-carmaker-fs_2025/FCM_Projects/FS_autonomous/ros/ros2_ws/install/hellocm_msgs/include/hellocm_msgs/hellocm_msgs/msg/detail/ext2_cm__type_support.hpp
[21.803s] -- Installing: /home/ebrahim/formula-carmaker-fs_2025/FCM_Projects/FS_autonomous/ros/ros2_ws/install/hellocm_msgs/include/hellocm_msgs/hellocm_msgs/msg/detail/tire_forces__type_support.hpp
[21.803s] -- Installing: /home/ebrahim/formula-carmaker-fs_2025/FCM_Projects/FS_autonomous/ros/ros2_ws/install/hellocm_msgs/include/hellocm_msgs/hellocm_msgs/msg/detail/ext2_cm__builder.hpp
[21.803s] -- Installing: /home/ebrahim/formula-carmaker-fs_2025/FCM_Projects/FS_autonomous/ros/ros2_ws/install/hellocm_msgs/include/hellocm_msgs/hellocm_msgs/msg/detail/tire_forces_array__builder.hpp
[21.804s] -- Installing: /home/ebrahim/formula-carmaker-fs_2025/FCM_Projects/FS_autonomous/ros/ros2_ws/install/hellocm_msgs/include/hellocm_msgs/hellocm_msgs/msg/detail/tire_forces_array__type_support.hpp
[21.804s] -- Installing: /home/ebrahim/formula-carmaker-fs_2025/FCM_Projects/FS_autonomous/ros/ros2_ws/install/hellocm_msgs/include/hellocm_msgs/hellocm_msgs/msg/detail/tire_steering__builder.hpp
[21.804s] -- Installing: /home/ebrahim/formula-carmaker-fs_2025/FCM_Projects/FS_autonomous/ros/ros2_ws/install/hellocm_msgs/include/hellocm_msgs/hellocm_msgs/msg/detail/tire_forces__struct.hpp
[21.804s] -- Installing: /home/ebrahim/formula-carmaker-fs_2025/FCM_Projects/FS_autonomous/ros/ros2_ws/install/hellocm_msgs/include/hellocm_msgs/hellocm_msgs/msg/detail/tire_steering__struct.hpp
[21.804s] -- Installing: /home/ebrahim/formula-carmaker-fs_2025/FCM_Projects/FS_autonomous/ros/ros2_ws/install/hellocm_msgs/include/hellocm_msgs/hellocm_msgs/msg/detail/tire_forces__traits.hpp
[21.804s] -- Installing: /home/ebrahim/formula-carmaker-fs_2025/FCM_Projects/FS_autonomous/ros/ros2_ws/install/hellocm_msgs/include/hellocm_msgs/hellocm_msgs/msg/detail/cm2_ext__builder.hpp
[21.804s] -- Installing: /home/ebrahim/formula-carmaker-fs_2025/FCM_Projects/FS_autonomous/ros/ros2_ws/install/hellocm_msgs/include/hellocm_msgs/hellocm_msgs/msg/detail/ext2_cm__struct.hpp
[21.804s] -- Installing: /home/ebrahim/formula-carmaker-fs_2025/FCM_Projects/FS_autonomous/ros/ros2_ws/install/hellocm_msgs/include/hellocm_msgs/hellocm_msgs/msg/detail/tire_steering__traits.hpp
[21.804s] -- Installing: /home/ebrahim/formula-carmaker-fs_2025/FCM_Projects/FS_autonomous/ros/ros2_ws/install/hellocm_msgs/include/hellocm_msgs/hellocm_msgs/msg/detail/tire_forces_array__traits.hpp
[21.804s] -- Installing: /home/ebrahim/formula-carmaker-fs_2025/FCM_Projects/FS_autonomous/ros/ros2_ws/install/hellocm_msgs/include/hellocm_msgs/hellocm_msgs/msg/detail/ext2_cm__traits.hpp
[21.804s] -- Installing: /home/ebrahim/formula-carmaker-fs_2025/FCM_Projects/FS_autonomous/ros/ros2_ws/install/hellocm_msgs/include/hellocm_msgs/hellocm_msgs/msg/detail/tire_forces__builder.hpp
[21.805s] -- Installing: /home/ebrahim/formula-carmaker-fs_2025/FCM_Projects/FS_autonomous/ros/ros2_ws/install/hellocm_msgs/include/hellocm_msgs/hellocm_msgs/msg/detail/cm2_ext__type_support.hpp
[21.805s] -- Installing: /home/ebrahim/formula-carmaker-fs_2025/FCM_Projects/FS_autonomous/ros/ros2_ws/install/hellocm_msgs/include/hellocm_msgs/hellocm_msgs/msg/detail/cm2_ext__traits.hpp
[21.805s] -- Installing: /home/ebrahim/formula-carmaker-fs_2025/FCM_Projects/FS_autonomous/ros/ros2_ws/install/hellocm_msgs/include/hellocm_msgs/hellocm_msgs/msg/detail/tire_steering__type_support.hpp
[21.805s] -- Installing: /home/ebrahim/formula-carmaker-fs_2025/FCM_Projects/FS_autonomous/ros/ros2_ws/install/hellocm_msgs/include/hellocm_msgs/hellocm_msgs/msg/tire_steering.hpp
[21.805s] -- Installing: /home/ebrahim/formula-carmaker-fs_2025/FCM_Projects/FS_autonomous/ros/ros2_ws/install/hellocm_msgs/include/hellocm_msgs/hellocm_msgs/msg/cm2_ext.hpp
[21.805s] -- Installing: /home/ebrahim/formula-carmaker-fs_2025/FCM_Projects/FS_autonomous/ros/ros2_ws/install/hellocm_msgs/include/hellocm_msgs/hellocm_msgs/msg/rosidl_generator_cpp__visibility_control.hpp
[21.805s] -- Installing: /home/ebrahim/formula-carmaker-fs_2025/FCM_Projects/FS_autonomous/ros/ros2_ws/install/hellocm_msgs/include/hellocm_msgs/hellocm_msgs/msg/tire_forces_array.hpp
[21.805s] -- Installing: /home/ebrahim/formula-carmaker-fs_2025/FCM_Projects/FS_autonomous/ros/ros2_ws/install/hellocm_msgs/include/hellocm_msgs/hellocm_msgs/msg/tire_forces.hpp
[21.805s] -- Installing: /home/ebrahim/formula-carmaker-fs_2025/FCM_Projects/FS_autonomous/ros/ros2_ws/install/hellocm_msgs/include/hellocm_msgs/hellocm_msgs/msg/ext2_cm.hpp
[21.806s] -- Up-to-date: /home/ebrahim/formula-carmaker-fs_2025/FCM_Projects/FS_autonomous/ros/ros2_ws/install/hellocm_msgs/include/hellocm_msgs/hellocm_msgs
[21.806s] -- Up-to-date: /home/ebrahim/formula-carmaker-fs_2025/FCM_Projects/FS_autonomous/ros/ros2_ws/install/hellocm_msgs/include/hellocm_msgs/hellocm_msgs/srv
[21.806s] -- Up-to-date: /home/ebrahim/formula-carmaker-fs_2025/FCM_Projects/FS_autonomous/ros/ros2_ws/install/hellocm_msgs/include/hellocm_msgs/hellocm_msgs/srv/detail
[21.806s] -- Installing: /home/ebrahim/formula-carmaker-fs_2025/FCM_Projects/FS_autonomous/ros/ros2_ws/install/hellocm_msgs/include/hellocm_msgs/hellocm_msgs/srv/detail/init__rosidl_typesupport_fastrtps_cpp.hpp
[21.806s] -- Installing: /home/ebrahim/formula-carmaker-fs_2025/FCM_Projects/FS_autonomous/ros/ros2_ws/install/hellocm_msgs/include/hellocm_msgs/hellocm_msgs/srv/detail/dds_fastrtps
[21.806s] -- Up-to-date: /home/ebrahim/formula-carmaker-fs_2025/FCM_Projects/FS_autonomous/ros/ros2_ws/install/hellocm_msgs/include/hellocm_msgs/hellocm_msgs/msg
[21.806s] -- Up-to-date: /home/ebrahim/formula-carmaker-fs_2025/FCM_Projects/FS_autonomous/ros/ros2_ws/install/hellocm_msgs/include/hellocm_msgs/hellocm_msgs/msg/detail
[21.806s] -- Installing: /home/ebrahim/formula-carmaker-fs_2025/FCM_Projects/FS_autonomous/ros/ros2_ws/install/hellocm_msgs/include/hellocm_msgs/hellocm_msgs/msg/detail/tire_steering__rosidl_typesupport_fastrtps_cpp.hpp
[21.806s] -- Installing: /home/ebrahim/formula-carmaker-fs_2025/FCM_Projects/FS_autonomous/ros/ros2_ws/install/hellocm_msgs/include/hellocm_msgs/hellocm_msgs/msg/detail/tire_forces_array__rosidl_typesupport_fastrtps_cpp.hpp
[21.806s] -- Installing: /home/ebrahim/formula-carmaker-fs_2025/FCM_Projects/FS_autonomous/ros/ros2_ws/install/hellocm_msgs/include/hellocm_msgs/hellocm_msgs/msg/detail/dds_fastrtps
[21.807s] -- Installing: /home/ebrahim/formula-carmaker-fs_2025/FCM_Projects/FS_autonomous/ros/ros2_ws/install/hellocm_msgs/include/hellocm_msgs/hellocm_msgs/msg/detail/tire_forces__rosidl_typesupport_fastrtps_cpp.hpp
[21.807s] -- Installing: /home/ebrahim/formula-carmaker-fs_2025/FCM_Projects/FS_autonomous/ros/ros2_ws/install/hellocm_msgs/include/hellocm_msgs/hellocm_msgs/msg/detail/cm2_ext__rosidl_typesupport_fastrtps_cpp.hpp
[21.807s] -- Installing: /home/ebrahim/formula-carmaker-fs_2025/FCM_Projects/FS_autonomous/ros/ros2_ws/install/hellocm_msgs/include/hellocm_msgs/hellocm_msgs/msg/detail/ext2_cm__rosidl_typesupport_fastrtps_cpp.hpp
[21.807s] -- Installing: /home/ebrahim/formula-carmaker-fs_2025/FCM_Projects/FS_autonomous/ros/ros2_ws/install/hellocm_msgs/include/hellocm_msgs/hellocm_msgs/msg/rosidl_typesupport_fastrtps_cpp__visibility_control.h
[21.807s] -- Installing: /home/ebrahim/formula-carmaker-fs_2025/FCM_Projects/FS_autonomous/ros/ros2_ws/install/hellocm_msgs/lib/libhellocm_msgs__rosidl_typesupport_fastrtps_cpp.so
[21.807s] -- Set non-toolchain portion of runtime path of "/home/ebrahim/formula-carmaker-fs_2025/FCM_Projects/FS_autonomous/ros/ros2_ws/install/hellocm_msgs/lib/libhellocm_msgs__rosidl_typesupport_fastrtps_cpp.so" to ""
[21.807s] -- Up-to-date: /home/ebrahim/formula-carmaker-fs_2025/FCM_Projects/FS_autonomous/ros/ros2_ws/install/hellocm_msgs/include/hellocm_msgs/hellocm_msgs
[21.807s] -- Up-to-date: /home/ebrahim/formula-carmaker-fs_2025/FCM_Projects/FS_autonomous/ros/ros2_ws/install/hellocm_msgs/include/hellocm_msgs/hellocm_msgs/srv
[21.807s] -- Up-to-date: /home/ebrahim/formula-carmaker-fs_2025/FCM_Projects/FS_autonomous/ros/ros2_ws/install/hellocm_msgs/include/hellocm_msgs/hellocm_msgs/srv/detail
[21.807s] -- Installing: /home/ebrahim/formula-carmaker-fs_2025/FCM_Projects/FS_autonomous/ros/ros2_ws/install/hellocm_msgs/include/hellocm_msgs/hellocm_msgs/srv/detail/init__type_support.cpp
[21.807s] -- Installing: /home/ebrahim/formula-carmaker-fs_2025/FCM_Projects/FS_autonomous/ros/ros2_ws/install/hellocm_msgs/include/hellocm_msgs/hellocm_msgs/srv/detail/init__rosidl_typesupport_introspection_cpp.hpp
[21.808s] -- Up-to-date: /home/ebrahim/formula-carmaker-fs_2025/FCM_Projects/FS_autonomous/ros/ros2_ws/install/hellocm_msgs/include/hellocm_msgs/hellocm_msgs/msg
[21.808s] -- Up-to-date: /home/ebrahim/formula-carmaker-fs_2025/FCM_Projects/FS_autonomous/ros/ros2_ws/install/hellocm_msgs/include/hellocm_msgs/hellocm_msgs/msg/detail
[21.808s] -- Installing: /home/ebrahim/formula-carmaker-fs_2025/FCM_Projects/FS_autonomous/ros/ros2_ws/install/hellocm_msgs/include/hellocm_msgs/hellocm_msgs/msg/detail/tire_forces__rosidl_typesupport_introspection_cpp.hpp
[21.808s] -- Installing: /home/ebrahim/formula-carmaker-fs_2025/FCM_Projects/FS_autonomous/ros/ros2_ws/install/hellocm_msgs/include/hellocm_msgs/hellocm_msgs/msg/detail/ext2_cm__type_support.cpp
[21.808s] -- Installing: /home/ebrahim/formula-carmaker-fs_2025/FCM_Projects/FS_autonomous/ros/ros2_ws/install/hellocm_msgs/include/hellocm_msgs/hellocm_msgs/msg/detail/cm2_ext__rosidl_typesupport_introspection_cpp.hpp
[21.808s] -- Installing: /home/ebrahim/formula-carmaker-fs_2025/FCM_Projects/FS_autonomous/ros/ros2_ws/install/hellocm_msgs/include/hellocm_msgs/hellocm_msgs/msg/detail/tire_steering__type_support.cpp
[21.808s] -- Installing: /home/ebrahim/formula-carmaker-fs_2025/FCM_Projects/FS_autonomous/ros/ros2_ws/install/hellocm_msgs/include/hellocm_msgs/hellocm_msgs/msg/detail/ext2_cm__rosidl_typesupport_introspection_cpp.hpp
[21.808s] -- Installing: /home/ebrahim/formula-carmaker-fs_2025/FCM_Projects/FS_autonomous/ros/ros2_ws/install/hellocm_msgs/include/hellocm_msgs/hellocm_msgs/msg/detail/tire_steering__rosidl_typesupport_introspection_cpp.hpp
[21.808s] -- Installing: /home/ebrahim/formula-carmaker-fs_2025/FCM_Projects/FS_autonomous/ros/ros2_ws/install/hellocm_msgs/include/hellocm_msgs/hellocm_msgs/msg/detail/tire_forces_array__rosidl_typesupport_introspection_cpp.hpp
[21.808s] -- Installing: /home/ebrahim/formula-carmaker-fs_2025/FCM_Projects/FS_autonomous/ros/ros2_ws/install/hellocm_msgs/include/hellocm_msgs/hellocm_msgs/msg/detail/cm2_ext__type_support.cpp
[21.808s] -- Installing: /home/ebrahim/formula-carmaker-fs_2025/FCM_Projects/FS_autonomous/ros/ros2_ws/install/hellocm_msgs/include/hellocm_msgs/hellocm_msgs/msg/detail/tire_forces__type_support.cpp
[21.809s] -- Installing: /home/ebrahim/formula-carmaker-fs_2025/FCM_Projects/FS_autonomous/ros/ros2_ws/install/hellocm_msgs/include/hellocm_msgs/hellocm_msgs/msg/detail/tire_forces_array__type_support.cpp
[21.809s] -- Installing: /home/ebrahim/formula-carmaker-fs_2025/FCM_Projects/FS_autonomous/ros/ros2_ws/install/hellocm_msgs/lib/libhellocm_msgs__rosidl_typesupport_introspection_cpp.so
[21.809s] -- Set non-toolchain portion of runtime path of "/home/ebrahim/formula-carmaker-fs_2025/FCM_Projects/FS_autonomous/ros/ros2_ws/install/hellocm_msgs/lib/libhellocm_msgs__rosidl_typesupport_introspection_cpp.so" to ""
[21.809s] -- Installing: /home/ebrahim/formula-carmaker-fs_2025/FCM_Projects/FS_autonomous/ros/ros2_ws/install/hellocm_msgs/lib/libhellocm_msgs__rosidl_typesupport_cpp.so
[21.809s] -- Set non-toolchain portion of runtime path of "/home/ebrahim/formula-carmaker-fs_2025/FCM_Projects/FS_autonomous/ros/ros2_ws/install/hellocm_msgs/lib/libhellocm_msgs__rosidl_typesupport_cpp.so" to ""
[21.809s] -- Installing: /home/ebrahim/formula-carmaker-fs_2025/FCM_Projects/FS_autonomous/ros/ros2_ws/install/hellocm_msgs/share/hellocm_msgs/environment/pythonpath.sh
[21.809s] -- Installing: /home/ebrahim/formula-carmaker-fs_2025/FCM_Projects/FS_autonomous/ros/ros2_ws/install/hellocm_msgs/share/hellocm_msgs/environment/pythonpath.dsv
[21.809s] -- Installing: /home/ebrahim/formula-carmaker-fs_2025/FCM_Projects/FS_autonomous/ros/ros2_ws/install/hellocm_msgs/lib/python3.12/site-packages/hellocm_msgs-0.1.0-py3.12.egg-info
[21.809s] -- Installing: /home/ebrahim/formula-carmaker-fs_2025/FCM_Projects/FS_autonomous/ros/ros2_ws/install/hellocm_msgs/lib/python3.12/site-packages/hellocm_msgs-0.1.0-py3.12.egg-info/SOURCES.txt
[21.809s] -- Installing: /home/ebrahim/formula-carmaker-fs_2025/FCM_Projects/FS_autonomous/ros/ros2_ws/install/hellocm_msgs/lib/python3.12/site-packages/hellocm_msgs-0.1.0-py3.12.egg-info/PKG-INFO
[21.809s] -- Installing: /home/ebrahim/formula-carmaker-fs_2025/FCM_Projects/FS_autonomous/ros/ros2_ws/install/hellocm_msgs/lib/python3.12/site-packages/hellocm_msgs-0.1.0-py3.12.egg-info/top_level.txt
[21.809s] -- Installing: /home/ebrahim/formula-carmaker-fs_2025/FCM_Projects/FS_autonomous/ros/ros2_ws/install/hellocm_msgs/lib/python3.12/site-packages/hellocm_msgs-0.1.0-py3.12.egg-info/dependency_links.txt
[21.810s] -- Installing: /home/ebrahim/formula-carmaker-fs_2025/FCM_Projects/FS_autonomous/ros/ros2_ws/install/hellocm_msgs/lib/python3.12/site-packages/hellocm_msgs
[21.810s] -- Installing: /home/ebrahim/formula-carmaker-fs_2025/FCM_Projects/FS_autonomous/ros/ros2_ws/install/hellocm_msgs/lib/python3.12/site-packages/hellocm_msgs/hellocm_msgs_s__rosidl_typesupport_c.so
[21.810s] -- Installing: /home/ebrahim/formula-carmaker-fs_2025/FCM_Projects/FS_autonomous/ros/ros2_ws/install/hellocm_msgs/lib/python3.12/site-packages/hellocm_msgs/_hellocm_msgs_s.ep.rosidl_typesupport_c.c
[21.810s] -- Installing: /home/ebrahim/formula-carmaker-fs_2025/FCM_Projects/FS_autonomous/ros/ros2_ws/install/hellocm_msgs/lib/python3.12/site-packages/hellocm_msgs/_hellocm_msgs_s.ep.rosidl_typesupport_introspection_c.c
[21.810s] -- Installing: /home/ebrahim/formula-carmaker-fs_2025/FCM_Projects/FS_autonomous/ros/ros2_ws/install/hellocm_msgs/lib/python3.12/site-packages/hellocm_msgs/hellocm_msgs_s__rosidl_typesupport_introspection_c.so
[21.810s] -- Installing: /home/ebrahim/formula-carmaker-fs_2025/FCM_Projects/FS_autonomous/ros/ros2_ws/install/hellocm_msgs/lib/python3.12/site-packages/hellocm_msgs/srv
[21.810s] -- Installing: /home/ebrahim/formula-carmaker-fs_2025/FCM_Projects/FS_autonomous/ros/ros2_ws/install/hellocm_msgs/lib/python3.12/site-packages/hellocm_msgs/srv/_init_s.c
[21.810s] -- Installing: /home/ebrahim/formula-carmaker-fs_2025/FCM_Projects/FS_autonomous/ros/ros2_ws/install/hellocm_msgs/lib/python3.12/site-packages/hellocm_msgs/srv/_init.py
[21.810s] -- Installing: /home/ebrahim/formula-carmaker-fs_2025/FCM_Projects/FS_autonomous/ros/ros2_ws/install/hellocm_msgs/lib/python3.12/site-packages/hellocm_msgs/srv/__init__.py
[21.810s] -- Installing: /home/ebrahim/formula-carmaker-fs_2025/FCM_Projects/FS_autonomous/ros/ros2_ws/install/hellocm_msgs/lib/python3.12/site-packages/hellocm_msgs/hellocm_msgs_s__rosidl_typesupport_fastrtps_c.so
[21.811s] -- Installing: /home/ebrahim/formula-carmaker-fs_2025/FCM_Projects/FS_autonomous/ros/ros2_ws/install/hellocm_msgs/lib/python3.12/site-packages/hellocm_msgs/msg
[21.811s] -- Installing: /home/ebrahim/formula-carmaker-fs_2025/FCM_Projects/FS_autonomous/ros/ros2_ws/install/hellocm_msgs/lib/python3.12/site-packages/hellocm_msgs/msg/_tire_forces_s.c
[21.811s] -- Installing: /home/ebrahim/formula-carmaker-fs_2025/FCM_Projects/FS_autonomous/ros/ros2_ws/install/hellocm_msgs/lib/python3.12/site-packages/hellocm_msgs/msg/_cm2_ext_s.c
[21.811s] -- Installing: /home/ebrahim/formula-carmaker-fs_2025/FCM_Projects/FS_autonomous/ros/ros2_ws/install/hellocm_msgs/lib/python3.12/site-packages/hellocm_msgs/msg/_tire_forces_array.py
[21.811s] -- Installing: /home/ebrahim/formula-carmaker-fs_2025/FCM_Projects/FS_autonomous/ros/ros2_ws/install/hellocm_msgs/lib/python3.12/site-packages/hellocm_msgs/msg/_ext2_cm.py
[21.811s] -- Installing: /home/ebrahim/formula-carmaker-fs_2025/FCM_Projects/FS_autonomous/ros/ros2_ws/install/hellocm_msgs/lib/python3.12/site-packages/hellocm_msgs/msg/_tire_forces_array_s.c
[21.811s] -- Installing: /home/ebrahim/formula-carmaker-fs_2025/FCM_Projects/FS_autonomous/ros/ros2_ws/install/hellocm_msgs/lib/python3.12/site-packages/hellocm_msgs/msg/_cm2_ext.py
[21.811s] -- Installing: /home/ebrahim/formula-carmaker-fs_2025/FCM_Projects/FS_autonomous/ros/ros2_ws/install/hellocm_msgs/lib/python3.12/site-packages/hellocm_msgs/msg/_tire_steering_s.c
[21.811s] -- Installing: /home/ebrahim/formula-carmaker-fs_2025/FCM_Projects/FS_autonomous/ros/ros2_ws/install/hellocm_msgs/lib/python3.12/site-packages/hellocm_msgs/msg/_tire_forces.py
[21.811s] -- Installing: /home/ebrahim/formula-carmaker-fs_2025/FCM_Projects/FS_autonomous/ros/ros2_ws/install/hellocm_msgs/lib/python3.12/site-packages/hellocm_msgs/msg/_ext2_cm_s.c
[21.811s] -- Installing: /home/ebrahim/formula-carmaker-fs_2025/FCM_Projects/FS_autonomous/ros/ros2_ws/install/hellocm_msgs/lib/python3.12/site-packages/hellocm_msgs/msg/_tire_steering.py
[21.811s] -- Installing: /home/ebrahim/formula-carmaker-fs_2025/FCM_Projects/FS_autonomous/ros/ros2_ws/install/hellocm_msgs/lib/python3.12/site-packages/hellocm_msgs/msg/__init__.py
[21.811s] -- Installing: /home/ebrahim/formula-carmaker-fs_2025/FCM_Projects/FS_autonomous/ros/ros2_ws/install/hellocm_msgs/lib/python3.12/site-packages/hellocm_msgs/__init__.py
[21.812s] -- Installing: /home/ebrahim/formula-carmaker-fs_2025/FCM_Projects/FS_autonomous/ros/ros2_ws/install/hellocm_msgs/lib/python3.12/site-packages/hellocm_msgs/_hellocm_msgs_s.ep.rosidl_typesupport_fastrtps_c.c
[21.870s] Listing '/home/ebrahim/formula-carmaker-fs_2025/FCM_Projects/FS_autonomous/ros/ros2_ws/install/hellocm_msgs/lib/python3.12/site-packages/hellocm_msgs'...
[21.870s] Compiling '/home/ebrahim/formula-carmaker-fs_2025/FCM_Projects/FS_autonomous/ros/ros2_ws/install/hellocm_msgs/lib/python3.12/site-packages/hellocm_msgs/__init__.py'...
[21.870s] Listing '/home/ebrahim/formula-carmaker-fs_2025/FCM_Projects/FS_autonomous/ros/ros2_ws/install/hellocm_msgs/lib/python3.12/site-packages/hellocm_msgs/msg'...
[21.870s] Compiling '/home/ebrahim/formula-carmaker-fs_2025/FCM_Projects/FS_autonomous/ros/ros2_ws/install/hellocm_msgs/lib/python3.12/site-packages/hellocm_msgs/msg/__init__.py'...
[21.870s] Compiling '/home/ebrahim/formula-carmaker-fs_2025/FCM_Projects/FS_autonomous/ros/ros2_ws/install/hellocm_msgs/lib/python3.12/site-packages/hellocm_msgs/msg/_cm2_ext.py'...
[21.870s] Compiling '/home/ebrahim/formula-carmaker-fs_2025/FCM_Projects/FS_autonomous/ros/ros2_ws/install/hellocm_msgs/lib/python3.12/site-packages/hellocm_msgs/msg/_ext2_cm.py'...
[21.870s] Compiling '/home/ebrahim/formula-carmaker-fs_2025/FCM_Projects/FS_autonomous/ros/ros2_ws/install/hellocm_msgs/lib/python3.12/site-packages/hellocm_msgs/msg/_tire_forces.py'...
[21.871s] Compiling '/home/ebrahim/formula-carmaker-fs_2025/FCM_Projects/FS_autonomous/ros/ros2_ws/install/hellocm_msgs/lib/python3.12/site-packages/hellocm_msgs/msg/_tire_forces_array.py'...
[21.871s] Compiling '/home/ebrahim/formula-carmaker-fs_2025/FCM_Projects/FS_autonomous/ros/ros2_ws/install/hellocm_msgs/lib/python3.12/site-packages/hellocm_msgs/msg/_tire_steering.py'...
[21.871s] Listing '/home/ebrahim/formula-carmaker-fs_2025/FCM_Projects/FS_autonomous/ros/ros2_ws/install/hellocm_msgs/lib/python3.12/site-packages/hellocm_msgs/srv'...
[21.871s] Compiling '/home/ebrahim/formula-carmaker-fs_2025/FCM_Projects/FS_autonomous/ros/ros2_ws/install/hellocm_msgs/lib/python3.12/site-packages/hellocm_msgs/srv/__init__.py'...
[21.871s] Compiling '/home/ebrahim/formula-carmaker-fs_2025/FCM_Projects/FS_autonomous/ros/ros2_ws/install/hellocm_msgs/lib/python3.12/site-packages/hellocm_msgs/srv/_init.py'...
[21.884s] -- Installing: /home/ebrahim/formula-carmaker-fs_2025/FCM_Projects/FS_autonomous/ros/ros2_ws/install/hellocm_msgs/lib/python3.12/site-packages/hellocm_msgs/hellocm_msgs_s__rosidl_typesupport_fastrtps_c.so
[21.884s] -- Set non-toolchain portion of runtime path of "/home/ebrahim/formula-carmaker-fs_2025/FCM_Projects/FS_autonomous/ros/ros2_ws/install/hellocm_msgs/lib/python3.12/site-packages/hellocm_msgs/hellocm_msgs_s__rosidl_typesupport_fastrtps_c.so" to ""
[21.884s] -- Installing: /home/ebrahim/formula-carmaker-fs_2025/FCM_Projects/FS_autonomous/ros/ros2_ws/install/hellocm_msgs/lib/python3.12/site-packages/hellocm_msgs/hellocm_msgs_s__rosidl_typesupport_introspection_c.so
[21.885s] -- Set non-toolchain portion of runtime path of "/home/ebrahim/formula-carmaker-fs_2025/FCM_Projects/FS_autonomous/ros/ros2_ws/install/hellocm_msgs/lib/python3.12/site-packages/hellocm_msgs/hellocm_msgs_s__rosidl_typesupport_introspection_c.so" to ""
[21.885s] -- Installing: /home/ebrahim/formula-carmaker-fs_2025/FCM_Projects/FS_autonomous/ros/ros2_ws/install/hellocm_msgs/lib/python3.12/site-packages/hellocm_msgs/hellocm_msgs_s__rosidl_typesupport_c.so
[21.885s] -- Set non-toolchain portion of runtime path of "/home/ebrahim/formula-carmaker-fs_2025/FCM_Projects/FS_autonomous/ros/ros2_ws/install/hellocm_msgs/lib/python3.12/site-packages/hellocm_msgs/hellocm_msgs_s__rosidl_typesupport_c.so" to ""
[21.885s] -- Installing: /home/ebrahim/formula-carmaker-fs_2025/FCM_Projects/FS_autonomous/ros/ros2_ws/install/hellocm_msgs/lib/libhellocm_msgs__rosidl_generator_py.so
[21.885s] -- Set non-toolchain portion of runtime path of "/home/ebrahim/formula-carmaker-fs_2025/FCM_Projects/FS_autonomous/ros/ros2_ws/install/hellocm_msgs/lib/libhellocm_msgs__rosidl_generator_py.so" to ""
[21.885s] -- Installing: /home/ebrahim/formula-carmaker-fs_2025/FCM_Projects/FS_autonomous/ros/ros2_ws/install/hellocm_msgs/share/hellocm_msgs/msg/CM2Ext.idl
[21.886s] -- Installing: /home/ebrahim/formula-carmaker-fs_2025/FCM_Projects/FS_autonomous/ros/ros2_ws/install/hellocm_msgs/share/hellocm_msgs/msg/Ext2CM.idl
[21.886s] -- Installing: /home/ebrahim/formula-carmaker-fs_2025/FCM_Projects/FS_autonomous/ros/ros2_ws/install/hellocm_msgs/share/hellocm_msgs/msg/TireSteering.idl
[21.886s] -- Installing: /home/ebrahim/formula-carmaker-fs_2025/FCM_Projects/FS_autonomous/ros/ros2_ws/install/hellocm_msgs/share/hellocm_msgs/msg/TireForces.idl
[21.886s] -- Installing: /home/ebrahim/formula-carmaker-fs_2025/FCM_Projects/FS_autonomous/ros/ros2_ws/install/hellocm_msgs/share/hellocm_msgs/msg/TireForcesArray.idl
[21.886s] -- Installing: /home/ebrahim/formula-carmaker-fs_2025/FCM_Projects/FS_autonomous/ros/ros2_ws/install/hellocm_msgs/share/hellocm_msgs/srv/Init.idl
[21.886s] -- Installing: /home/ebrahim/formula-carmaker-fs_2025/FCM_Projects/FS_autonomous/ros/ros2_ws/install/hellocm_msgs/share/hellocm_msgs/msg/CM2Ext.msg
[21.886s] -- Installing: /home/ebrahim/formula-carmaker-fs_2025/FCM_Projects/FS_autonomous/ros/ros2_ws/install/hellocm_msgs/share/hellocm_msgs/msg/Ext2CM.msg
[21.886s] -- Installing: /home/ebrahim/formula-carmaker-fs_2025/FCM_Projects/FS_autonomous/ros/ros2_ws/install/hellocm_msgs/share/hellocm_msgs/msg/TireSteering.msg
[21.887s] -- Installing: /home/ebrahim/formula-carmaker-fs_2025/FCM_Projects/FS_autonomous/ros/ros2_ws/install/hellocm_msgs/share/hellocm_msgs/msg/TireForces.msg
[21.887s] -- Installing: /home/ebrahim/formula-carmaker-fs_2025/FCM_Projects/FS_autonomous/ros/ros2_ws/install/hellocm_msgs/share/hellocm_msgs/msg/TireForcesArray.msg
[21.887s] -- Installing: /home/ebrahim/formula-carmaker-fs_2025/FCM_Projects/FS_autonomous/ros/ros2_ws/install/hellocm_msgs/share/hellocm_msgs/srv/Init.srv
[21.887s] -- Installing: /home/ebrahim/formula-carmaker-fs_2025/FCM_Projects/FS_autonomous/ros/ros2_ws/install/hellocm_msgs/share/ament_index/resource_index/package_run_dependencies/hellocm_msgs
[21.887s] -- Installing: /home/ebrahim/formula-carmaker-fs_2025/FCM_Projects/FS_autonomous/ros/ros2_ws/install/hellocm_msgs/share/ament_index/resource_index/parent_prefix_path/hellocm_msgs
[21.887s] -- Installing: /home/ebrahim/formula-carmaker-fs_2025/FCM_Projects/FS_autonomous/ros/ros2_ws/install/hellocm_msgs/share/hellocm_msgs/environment/ament_prefix_path.sh
[21.887s] -- Installing: /home/ebrahim/formula-carmaker-fs_2025/FCM_Projects/FS_autonomous/ros/ros2_ws/install/hellocm_msgs/share/hellocm_msgs/environment/ament_prefix_path.dsv
[21.887s] -- Installing: /home/ebrahim/formula-carmaker-fs_2025/FCM_Projects/FS_autonomous/ros/ros2_ws/install/hellocm_msgs/share/hellocm_msgs/environment/path.sh
[21.888s] -- Installing: /home/ebrahim/formula-carmaker-fs_2025/FCM_Projects/FS_autonomous/ros/ros2_ws/install/hellocm_msgs/share/hellocm_msgs/environment/path.dsv
[21.888s] -- Installing: /home/ebrahim/formula-carmaker-fs_2025/FCM_Projects/FS_autonomous/ros/ros2_ws/install/hellocm_msgs/share/hellocm_msgs/local_setup.bash
[21.888s] -- Installing: /home/ebrahim/formula-carmaker-fs_2025/FCM_Projects/FS_autonomous/ros/ros2_ws/install/hellocm_msgs/share/hellocm_msgs/local_setup.sh
[21.888s] -- Installing: /home/ebrahim/formula-carmaker-fs_2025/FCM_Projects/FS_autonomous/ros/ros2_ws/install/hellocm_msgs/share/hellocm_msgs/local_setup.zsh
[21.888s] -- Installing: /home/ebrahim/formula-carmaker-fs_2025/FCM_Projects/FS_autonomous/ros/ros2_ws/install/hellocm_msgs/share/hellocm_msgs/local_setup.dsv
[21.888s] -- Installing: /home/ebrahim/formula-carmaker-fs_2025/FCM_Projects/FS_autonomous/ros/ros2_ws/install/hellocm_msgs/share/hellocm_msgs/package.dsv
[21.889s] -- Installing: /home/ebrahim/formula-carmaker-fs_2025/FCM_Projects/FS_autonomous/ros/ros2_ws/install/hellocm_msgs/share/ament_index/resource_index/packages/hellocm_msgs
[21.889s] -- Installing: /home/ebrahim/formula-carmaker-fs_2025/FCM_Projects/FS_autonomous/ros/ros2_ws/install/hellocm_msgs/share/hellocm_msgs/cmake/export_hellocm_msgs__rosidl_generator_cExport.cmake
[21.889s] -- Installing: /home/ebrahim/formula-carmaker-fs_2025/FCM_Projects/FS_autonomous/ros/ros2_ws/install/hellocm_msgs/share/hellocm_msgs/cmake/export_hellocm_msgs__rosidl_generator_cExport-noconfig.cmake
[21.889s] -- Installing: /home/ebrahim/formula-carmaker-fs_2025/FCM_Projects/FS_autonomous/ros/ros2_ws/install/hellocm_msgs/share/hellocm_msgs/cmake/export_hellocm_msgs__rosidl_typesupport_fastrtps_cExport.cmake
[21.889s] -- Installing: /home/ebrahim/formula-carmaker-fs_2025/FCM_Projects/FS_autonomous/ros/ros2_ws/install/hellocm_msgs/share/hellocm_msgs/cmake/export_hellocm_msgs__rosidl_typesupport_fastrtps_cExport-noconfig.cmake
[21.889s] -- Installing: /home/ebrahim/formula-carmaker-fs_2025/FCM_Projects/FS_autonomous/ros/ros2_ws/install/hellocm_msgs/share/hellocm_msgs/cmake/hellocm_msgs__rosidl_typesupport_introspection_cExport.cmake
[21.889s] -- Installing: /home/ebrahim/formula-carmaker-fs_2025/FCM_Projects/FS_autonomous/ros/ros2_ws/install/hellocm_msgs/share/hellocm_msgs/cmake/hellocm_msgs__rosidl_typesupport_introspection_cExport-noconfig.cmake
[21.889s] -- Installing: /home/ebrahim/formula-carmaker-fs_2025/FCM_Projects/FS_autonomous/ros/ros2_ws/install/hellocm_msgs/share/hellocm_msgs/cmake/hellocm_msgs__rosidl_typesupport_cExport.cmake
[21.890s] -- Installing: /home/ebrahim/formula-carmaker-fs_2025/FCM_Projects/FS_autonomous/ros/ros2_ws/install/hellocm_msgs/share/hellocm_msgs/cmake/hellocm_msgs__rosidl_typesupport_cExport-noconfig.cmake
[21.890s] -- Installing: /home/ebrahim/formula-carmaker-fs_2025/FCM_Projects/FS_autonomous/ros/ros2_ws/install/hellocm_msgs/share/hellocm_msgs/cmake/export_hellocm_msgs__rosidl_generator_cppExport.cmake
[21.890s] -- Installing: /home/ebrahim/formula-carmaker-fs_2025/FCM_Projects/FS_autonomous/ros/ros2_ws/install/hellocm_msgs/share/hellocm_msgs/cmake/export_hellocm_msgs__rosidl_typesupport_fastrtps_cppExport.cmake
[21.890s] -- Installing: /home/ebrahim/formula-carmaker-fs_2025/FCM_Projects/FS_autonomous/ros/ros2_ws/install/hellocm_msgs/share/hellocm_msgs/cmake/export_hellocm_msgs__rosidl_typesupport_fastrtps_cppExport-noconfig.cmake
[21.890s] -- Installing: /home/ebrahim/formula-carmaker-fs_2025/FCM_Projects/FS_autonomous/ros/ros2_ws/install/hellocm_msgs/share/hellocm_msgs/cmake/hellocm_msgs__rosidl_typesupport_introspection_cppExport.cmake
[21.890s] -- Installing: /home/ebrahim/formula-carmaker-fs_2025/FCM_Projects/FS_autonomous/ros/ros2_ws/install/hellocm_msgs/share/hellocm_msgs/cmake/hellocm_msgs__rosidl_typesupport_introspection_cppExport-noconfig.cmake
[21.890s] -- Installing: /home/ebrahim/formula-carmaker-fs_2025/FCM_Projects/FS_autonomous/ros/ros2_ws/install/hellocm_msgs/share/hellocm_msgs/cmake/hellocm_msgs__rosidl_typesupport_cppExport.cmake
[21.890s] -- Installing: /home/ebrahim/formula-carmaker-fs_2025/FCM_Projects/FS_autonomous/ros/ros2_ws/install/hellocm_msgs/share/hellocm_msgs/cmake/hellocm_msgs__rosidl_typesupport_cppExport-noconfig.cmake
[21.891s] -- Installing: /home/ebrahim/formula-carmaker-fs_2025/FCM_Projects/FS_autonomous/ros/ros2_ws/install/hellocm_msgs/share/hellocm_msgs/cmake/export_hellocm_msgs__rosidl_generator_pyExport.cmake
[21.891s] -- Installing: /home/ebrahim/formula-carmaker-fs_2025/FCM_Projects/FS_autonomous/ros/ros2_ws/install/hellocm_msgs/share/hellocm_msgs/cmake/export_hellocm_msgs__rosidl_generator_pyExport-noconfig.cmake
[21.891s] -- Installing: /home/ebrahim/formula-carmaker-fs_2025/FCM_Projects/FS_autonomous/ros/ros2_ws/install/hellocm_msgs/share/hellocm_msgs/cmake/rosidl_cmake-extras.cmake
[21.891s] -- Installing: /home/ebrahim/formula-carmaker-fs_2025/FCM_Projects/FS_autonomous/ros/ros2_ws/install/hellocm_msgs/share/hellocm_msgs/cmake/ament_cmake_export_dependencies-extras.cmake
[21.891s] -- Installing: /home/ebrahim/formula-carmaker-fs_2025/FCM_Projects/FS_autonomous/ros/ros2_ws/install/hellocm_msgs/share/hellocm_msgs/cmake/ament_cmake_export_include_directories-extras.cmake
[21.891s] -- Installing: /home/ebrahim/formula-carmaker-fs_2025/FCM_Projects/FS_autonomous/ros/ros2_ws/install/hellocm_msgs/share/hellocm_msgs/cmake/ament_cmake_export_libraries-extras.cmake
[21.891s] -- Installing: /home/ebrahim/formula-carmaker-fs_2025/FCM_Projects/FS_autonomous/ros/ros2_ws/install/hellocm_msgs/share/hellocm_msgs/cmake/ament_cmake_export_targets-extras.cmake
[21.891s] -- Installing: /home/ebrahim/formula-carmaker-fs_2025/FCM_Projects/FS_autonomous/ros/ros2_ws/install/hellocm_msgs/share/hellocm_msgs/cmake/rosidl_cmake_export_typesupport_targets-extras.cmake
[21.891s] -- Installing: /home/ebrahim/formula-carmaker-fs_2025/FCM_Projects/FS_autonomous/ros/ros2_ws/install/hellocm_msgs/share/hellocm_msgs/cmake/rosidl_cmake_export_typesupport_libraries-extras.cmake
[21.892s] -- Installing: /home/ebrahim/formula-carmaker-fs_2025/FCM_Projects/FS_autonomous/ros/ros2_ws/install/hellocm_msgs/share/hellocm_msgs/cmake/hellocm_msgsConfig.cmake
[21.892s] -- Installing: /home/ebrahim/formula-carmaker-fs_2025/FCM_Projects/FS_autonomous/ros/ros2_ws/install/hellocm_msgs/share/hellocm_msgs/cmake/hellocm_msgsConfig-version.cmake
[21.892s] -- Installing: /home/ebrahim/formula-carmaker-fs_2025/FCM_Projects/FS_autonomous/ros/ros2_ws/install/hellocm_msgs/share/hellocm_msgs/package.xml
[21.894s] Invoked command in '/home/ebrahim/formula-carmaker-fs_2025/FCM_Projects/FS_autonomous/ros/ros2_ws/build/hellocm_msgs' returned '0': CMAKE_PREFIX_PATH=${CMAKE_PREFIX_PATH}:/opt/ros/jazzy DEBUGINFOD_URLS=https://debuginfod.ubuntu.com /usr/bin/cmake --install /home/ebrahim/formula-carmaker-fs_2025/FCM_Projects/FS_autonomous/ros/ros2_ws/build/hellocm_msgs
