[0.016s] Invoking command in '/home/ebrahim/formula-carmaker-fs_2025/FCM_Projects/FS_autonomous/ros/ros2_ws/build/vehiclecontrol_msgs': CMAKE_PREFIX_PATH=${CMAKE_PREFIX_PATH}:/opt/ros/jazzy DEBUGINFOD_URLS=https://debuginfod.ubuntu.com /usr/bin/cmake /home/ebrahim/formula-carmaker-fs_2025/FCM_Projects/FS_autonomous/ros/ros2_ws/src/vehiclecontrol_msgs -DCARMAKER_VER:STRING=14.1.1 -DCARMAKER_DIR:PATH=/opt/ipg/carmaker/linux64-14.1.1 --no-warn-unused-cli -DCMAKE_INSTALL_PREFIX=/home/ebrahim/formula-carmaker-fs_2025/FCM_Projects/FS_autonomous/ros/ros2_ws/install/vehiclecontrol_msgs
[0.032s] Not searching for unused variables given on the command line.
[0.090s] -- The C compiler identification is GNU 12.4.0
[0.194s] -- The CXX compiler identification is GNU 12.4.0
[0.213s] -- Detecting C compiler ABI info
[0.293s] -- Detecting C compiler ABI info - done
[0.302s] -- Check for working C compiler: /usr/bin/cc - skipped
[0.302s] -- Detecting C compile features
[0.303s] -- Detecting C compile features - done
[0.311s] -- Detecting CXX compiler ABI info
[0.395s] -- Detecting CXX compiler ABI info - done
[0.412s] -- Check for working CXX compiler: /usr/bin/c++ - skipped
[0.413s] -- Detecting CXX compile features
[0.413s] -- Detecting CXX compile features - done
[0.419s] -- Found ament_cmake: 2.5.4 (/opt/ros/jazzy/share/ament_cmake/cmake)
[0.712s] -- Found Python3: /usr/bin/python3 (found version "3.12.3") found components: Interpreter 
[0.842s] -- Found rosidl_default_generators: 1.6.0 (/opt/ros/jazzy/share/rosidl_default_generators/cmake)
[0.850s] -- Using all available rosidl_typesupport_c: rosidl_typesupport_fastrtps_c;rosidl_typesupport_introspection_c
[0.925s] -- Using all available rosidl_typesupport_cpp: rosidl_typesupport_fastrtps_cpp;rosidl_typesupport_introspection_cpp
[0.982s] -- Found rosidl_adapter: 4.6.6 (/opt/ros/jazzy/share/rosidl_adapter/cmake)
[0.989s] -- Found std_msgs: 5.3.6 (/opt/ros/jazzy/share/std_msgs/cmake)
[2.111s] -- Found ament_cmake_ros: 0.12.0 (/opt/ros/jazzy/share/ament_cmake_ros/cmake)
[3.007s] -- Using all available rosidl_typesupport_c: rosidl_typesupport_fastrtps_c;rosidl_typesupport_introspection_c
[4.256s] -- Using all available rosidl_typesupport_cpp: rosidl_typesupport_fastrtps_cpp;rosidl_typesupport_introspection_cpp
[4.261s] -- Found python_cmake_module: 0.11.1 (/opt/ros/jazzy/share/python_cmake_module/cmake)
[4.538s] -- Found PythonExtra: /usr/bin/python3  
[5.425s] -- Found Python3: /usr/bin/python3 (found version "3.12.3") found components: Interpreter Development NumPy Development.Module Development.Embed 
[5.527s] -- Found ament_lint_auto: 0.17.3 (/opt/ros/jazzy/share/ament_lint_auto/cmake)
[5.567s] -- Added test 'copyright' to check source files copyright and LICENSE
[5.569s] -- Added test 'lint_cmake' to check CMake code style
[5.570s] -- Added test 'xmllint' to check XML markup files
[5.573s] -- Configuring done (5.5s)
[5.617s] -- Generating done (0.0s)
[5.628s] -- Build files have been written to: /home/ebrahim/formula-carmaker-fs_2025/FCM_Projects/FS_autonomous/ros/ros2_ws/build/vehiclecontrol_msgs
[5.639s] Invoked command in '/home/ebrahim/formula-carmaker-fs_2025/FCM_Projects/FS_autonomous/ros/ros2_ws/build/vehiclecontrol_msgs' returned '0': CMAKE_PREFIX_PATH=${CMAKE_PREFIX_PATH}:/opt/ros/jazzy DEBUGINFOD_URLS=https://debuginfod.ubuntu.com /usr/bin/cmake /home/ebrahim/formula-carmaker-fs_2025/FCM_Projects/FS_autonomous/ros/ros2_ws/src/vehiclecontrol_msgs -DCARMAKER_VER:STRING=14.1.1 -DCARMAKER_DIR:PATH=/opt/ipg/carmaker/linux64-14.1.1 --no-warn-unused-cli -DCMAKE_INSTALL_PREFIX=/home/ebrahim/formula-carmaker-fs_2025/FCM_Projects/FS_autonomous/ros/ros2_ws/install/vehiclecontrol_msgs
[5.640s] Invoking command in '/home/ebrahim/formula-carmaker-fs_2025/FCM_Projects/FS_autonomous/ros/ros2_ws/build/vehiclecontrol_msgs': CMAKE_PREFIX_PATH=${CMAKE_PREFIX_PATH}:/opt/ros/jazzy DEBUGINFOD_URLS=https://debuginfod.ubuntu.com /usr/bin/cmake --build /home/ebrahim/formula-carmaker-fs_2025/FCM_Projects/FS_autonomous/ros/ros2_ws/build/vehiclecontrol_msgs -- -j12 -l12
[5.682s] [  2%] [34m[1mGenerating type hashes for ROS interfaces[0m
[5.695s] [  2%] Built target ament_cmake_python_copy_vehiclecontrol_msgs
[6.145s] running egg_info
[6.146s] creating vehiclecontrol_msgs.egg-info
[6.197s] [  2%] Built target vehiclecontrol_msgs__rosidl_generator_type_description
[6.213s] [  5%] [34m[1mGenerating C code for ROS interfaces[0m
[6.233s] [  8%] [34m[1mGenerating C++ code for ROS interfaces[0m
[6.388s] writing vehiclecontrol_msgs.egg-info/PKG-INFO
[6.388s] writing dependency_links to vehiclecontrol_msgs.egg-info/dependency_links.txt
[6.388s] writing top-level names to vehiclecontrol_msgs.egg-info/top_level.txt
[6.388s] writing manifest file 'vehiclecontrol_msgs.egg-info/SOURCES.txt'
[6.553s] reading manifest file 'vehiclecontrol_msgs.egg-info/SOURCES.txt'
[6.554s] writing manifest file 'vehiclecontrol_msgs.egg-info/SOURCES.txt'
[6.601s] [  8%] Built target ament_cmake_python_build_vehiclecontrol_msgs_egg
[6.809s] [  8%] Built target vehiclecontrol_msgs__cpp
[6.838s] [ 14%] [32mBuilding C object CMakeFiles/vehiclecontrol_msgs__rosidl_generator_c.dir/rosidl_generator_c/vehiclecontrol_msgs/msg/detail/vehicle_control__description.c.o[0m
[6.838s] [ 14%] [32mBuilding C object CMakeFiles/vehiclecontrol_msgs__rosidl_generator_c.dir/rosidl_generator_c/vehiclecontrol_msgs/msg/detail/vehicle_control__functions.c.o[0m
[6.841s] [ 17%] [32mBuilding C object CMakeFiles/vehiclecontrol_msgs__rosidl_generator_c.dir/rosidl_generator_c/vehiclecontrol_msgs/msg/detail/vehicle_control__type_support.c.o[0m
[6.937s] [ 20%] [32m[1mLinking C shared library libvehiclecontrol_msgs__rosidl_generator_c.so[0m
[7.076s] [ 20%] Built target vehiclecontrol_msgs__rosidl_generator_c
[7.112s] [ 23%] [34m[1mGenerating C++ type support for eProsima Fast-RTPS[0m
[7.112s] [ 26%] [34m[1mGenerating C introspection for ROS interfaces[0m
[7.112s] [ 29%] [34m[1mGenerating C++ type support dispatch for ROS interfaces[0m
[7.116s] [ 32%] [34m[1mGenerating C++ introspection for ROS interfaces[0m
[7.121s] [ 35%] [34m[1mGenerating C type support for eProsima Fast-RTPS[0m
[7.127s] [ 38%] [34m[1mGenerating C type support dispatch for ROS interfaces[0m
[8.090s] [ 41%] [32mBuilding CXX object CMakeFiles/vehiclecontrol_msgs__rosidl_typesupport_fastrtps_c.dir/rosidl_typesupport_fastrtps_c/vehiclecontrol_msgs/msg/detail/vehicle_control__type_support_c.cpp.o[0m
[8.128s] [ 44%] [32mBuilding CXX object CMakeFiles/vehiclecontrol_msgs__rosidl_typesupport_introspection_cpp.dir/rosidl_typesupport_introspection_cpp/vehiclecontrol_msgs/msg/detail/vehicle_control__type_support.cpp.o[0m
[8.177s] [ 47%] [32mBuilding CXX object CMakeFiles/vehiclecontrol_msgs__rosidl_typesupport_cpp.dir/rosidl_typesupport_cpp/vehiclecontrol_msgs/msg/vehicle_control__type_support.cpp.o[0m
[8.490s] [ 50%] [32mBuilding C object CMakeFiles/vehiclecontrol_msgs__rosidl_typesupport_introspection_c.dir/rosidl_typesupport_introspection_c/vehiclecontrol_msgs/msg/detail/vehicle_control__type_support.c.o[0m
[8.603s] [ 52%] [32m[1mLinking C shared library libvehiclecontrol_msgs__rosidl_typesupport_introspection_c.so[0m
[8.616s] [ 55%] [32mBuilding CXX object CMakeFiles/vehiclecontrol_msgs__rosidl_typesupport_fastrtps_cpp.dir/rosidl_typesupport_fastrtps_cpp/vehiclecontrol_msgs/msg/detail/dds_fastrtps/vehicle_control__type_support.cpp.o[0m
[8.723s] [ 55%] Built target vehiclecontrol_msgs__rosidl_typesupport_introspection_c
[8.924s] [ 58%] [32mBuilding CXX object CMakeFiles/vehiclecontrol_msgs__rosidl_typesupport_c.dir/rosidl_typesupport_c/vehiclecontrol_msgs/msg/vehicle_control__type_support.cpp.o[0m
[9.118s] [ 61%] [32m[1mLinking CXX shared library libvehiclecontrol_msgs__rosidl_typesupport_introspection_cpp.so[0m
[9.169s] [ 64%] [32m[1mLinking CXX shared library libvehiclecontrol_msgs__rosidl_typesupport_c.so[0m
[9.282s] [ 64%] Built target vehiclecontrol_msgs__rosidl_typesupport_introspection_cpp
[9.324s] [ 64%] Built target vehiclecontrol_msgs__rosidl_typesupport_c
[9.792s] [ 67%] [32m[1mLinking CXX shared library libvehiclecontrol_msgs__rosidl_typesupport_cpp.so[0m
[9.873s] [ 70%] [32m[1mLinking CXX shared library libvehiclecontrol_msgs__rosidl_typesupport_fastrtps_cpp.so[0m
[9.929s] [ 70%] Built target vehiclecontrol_msgs__rosidl_typesupport_cpp
[10.041s] [ 70%] Built target vehiclecontrol_msgs__rosidl_typesupport_fastrtps_cpp
[10.434s] [ 73%] [32m[1mLinking CXX shared library libvehiclecontrol_msgs__rosidl_typesupport_fastrtps_c.so[0m
[10.564s] [ 73%] Built target vehiclecontrol_msgs__rosidl_typesupport_fastrtps_c
[10.599s] [ 73%] Built target vehiclecontrol_msgs
[10.631s] [ 76%] [34m[1mGenerating Python code for ROS interfaces[0m
[11.443s] [ 76%] Built target vehiclecontrol_msgs__py
[11.462s] [ 79%] [32mBuilding C object CMakeFiles/vehiclecontrol_msgs__rosidl_generator_py.dir/rosidl_generator_py/vehiclecontrol_msgs/msg/_vehicle_control_s.c.o[0m
[11.619s] [ 82%] [32m[1mLinking C shared library libvehiclecontrol_msgs__rosidl_generator_py.so[0m
[11.657s] [ 82%] Built target vehiclecontrol_msgs__rosidl_generator_py
[11.677s] [ 85%] [32mBuilding C object CMakeFiles/vehiclecontrol_msgs_s__rosidl_typesupport_fastrtps_c.dir/rosidl_generator_py/vehiclecontrol_msgs/_vehiclecontrol_msgs_s.ep.rosidl_typesupport_fastrtps_c.c.o[0m
[11.678s] [ 88%] [32mBuilding C object CMakeFiles/vehiclecontrol_msgs_s__rosidl_typesupport_c.dir/rosidl_generator_py/vehiclecontrol_msgs/_vehiclecontrol_msgs_s.ep.rosidl_typesupport_c.c.o[0m
[11.681s] [ 91%] [32mBuilding C object CMakeFiles/vehiclecontrol_msgs_s__rosidl_typesupport_introspection_c.dir/rosidl_generator_py/vehiclecontrol_msgs/_vehiclecontrol_msgs_s.ep.rosidl_typesupport_introspection_c.c.o[0m
[11.794s] [ 97%] [32m[1mLinking C shared module rosidl_generator_py/vehiclecontrol_msgs/vehiclecontrol_msgs_s__rosidl_typesupport_fastrtps_c.so[0m
[11.794s] [ 97%] [32m[1mLinking C shared module rosidl_generator_py/vehiclecontrol_msgs/vehiclecontrol_msgs_s__rosidl_typesupport_c.so[0m
[11.833s] [ 97%] Built target vehiclecontrol_msgs_s__rosidl_typesupport_fastrtps_c
[11.834s] [ 97%] Built target vehiclecontrol_msgs_s__rosidl_typesupport_c
[11.858s] [100%] [32m[1mLinking C shared module rosidl_generator_py/vehiclecontrol_msgs/vehiclecontrol_msgs_s__rosidl_typesupport_introspection_c.so[0m
[11.889s] [100%] Built target vehiclecontrol_msgs_s__rosidl_typesupport_introspection_c
[11.901s] Invoked command in '/home/ebrahim/formula-carmaker-fs_2025/FCM_Projects/FS_autonomous/ros/ros2_ws/build/vehiclecontrol_msgs' returned '0': CMAKE_PREFIX_PATH=${CMAKE_PREFIX_PATH}:/opt/ros/jazzy DEBUGINFOD_URLS=https://debuginfod.ubuntu.com /usr/bin/cmake --build /home/ebrahim/formula-carmaker-fs_2025/FCM_Projects/FS_autonomous/ros/ros2_ws/build/vehiclecontrol_msgs -- -j12 -l12
[11.912s] Invoking command in '/home/ebrahim/formula-carmaker-fs_2025/FCM_Projects/FS_autonomous/ros/ros2_ws/build/vehiclecontrol_msgs': CMAKE_PREFIX_PATH=${CMAKE_PREFIX_PATH}:/opt/ros/jazzy DEBUGINFOD_URLS=https://debuginfod.ubuntu.com /usr/bin/cmake --install /home/ebrahim/formula-carmaker-fs_2025/FCM_Projects/FS_autonomous/ros/ros2_ws/build/vehiclecontrol_msgs
[11.920s] -- Install configuration: ""
[11.920s] -- Installing: /home/ebrahim/formula-carmaker-fs_2025/FCM_Projects/FS_autonomous/ros/ros2_ws/install/vehiclecontrol_msgs/share/ament_index/resource_index/rosidl_interfaces/vehiclecontrol_msgs
[11.920s] -- Installing: /home/ebrahim/formula-carmaker-fs_2025/FCM_Projects/FS_autonomous/ros/ros2_ws/install/vehiclecontrol_msgs/share/vehiclecontrol_msgs/msg/VehicleControl.json
[11.920s] -- Installing: /home/ebrahim/formula-carmaker-fs_2025/FCM_Projects/FS_autonomous/ros/ros2_ws/install/vehiclecontrol_msgs/include/vehiclecontrol_msgs/vehiclecontrol_msgs
[11.921s] -- Installing: /home/ebrahim/formula-carmaker-fs_2025/FCM_Projects/FS_autonomous/ros/ros2_ws/install/vehiclecontrol_msgs/include/vehiclecontrol_msgs/vehiclecontrol_msgs/msg
[11.921s] -- Installing: /home/ebrahim/formula-carmaker-fs_2025/FCM_Projects/FS_autonomous/ros/ros2_ws/install/vehiclecontrol_msgs/include/vehiclecontrol_msgs/vehiclecontrol_msgs/msg/detail
[11.921s] -- Installing: /home/ebrahim/formula-carmaker-fs_2025/FCM_Projects/FS_autonomous/ros/ros2_ws/install/vehiclecontrol_msgs/include/vehiclecontrol_msgs/vehiclecontrol_msgs/msg/detail/vehicle_control__functions.c
[11.921s] -- Installing: /home/ebrahim/formula-carmaker-fs_2025/FCM_Projects/FS_autonomous/ros/ros2_ws/install/vehiclecontrol_msgs/include/vehiclecontrol_msgs/vehiclecontrol_msgs/msg/detail/vehicle_control__functions.h
[11.921s] -- Installing: /home/ebrahim/formula-carmaker-fs_2025/FCM_Projects/FS_autonomous/ros/ros2_ws/install/vehiclecontrol_msgs/include/vehiclecontrol_msgs/vehiclecontrol_msgs/msg/detail/vehicle_control__type_support.h
[11.921s] -- Installing: /home/ebrahim/formula-carmaker-fs_2025/FCM_Projects/FS_autonomous/ros/ros2_ws/install/vehiclecontrol_msgs/include/vehiclecontrol_msgs/vehiclecontrol_msgs/msg/detail/vehicle_control__struct.h
[11.922s] -- Installing: /home/ebrahim/formula-carmaker-fs_2025/FCM_Projects/FS_autonomous/ros/ros2_ws/install/vehiclecontrol_msgs/include/vehiclecontrol_msgs/vehiclecontrol_msgs/msg/detail/vehicle_control__type_support.c
[11.922s] -- Installing: /home/ebrahim/formula-carmaker-fs_2025/FCM_Projects/FS_autonomous/ros/ros2_ws/install/vehiclecontrol_msgs/include/vehiclecontrol_msgs/vehiclecontrol_msgs/msg/detail/vehicle_control__description.c
[11.922s] -- Installing: /home/ebrahim/formula-carmaker-fs_2025/FCM_Projects/FS_autonomous/ros/ros2_ws/install/vehiclecontrol_msgs/include/vehiclecontrol_msgs/vehiclecontrol_msgs/msg/vehicle_control.h
[11.922s] -- Installing: /home/ebrahim/formula-carmaker-fs_2025/FCM_Projects/FS_autonomous/ros/ros2_ws/install/vehiclecontrol_msgs/include/vehiclecontrol_msgs/vehiclecontrol_msgs/msg/rosidl_generator_c__visibility_control.h
[11.922s] -- Installing: /home/ebrahim/formula-carmaker-fs_2025/FCM_Projects/FS_autonomous/ros/ros2_ws/install/vehiclecontrol_msgs/share/vehiclecontrol_msgs/environment/library_path.sh
[11.922s] -- Installing: /home/ebrahim/formula-carmaker-fs_2025/FCM_Projects/FS_autonomous/ros/ros2_ws/install/vehiclecontrol_msgs/share/vehiclecontrol_msgs/environment/library_path.dsv
[11.923s] -- Installing: /home/ebrahim/formula-carmaker-fs_2025/FCM_Projects/FS_autonomous/ros/ros2_ws/install/vehiclecontrol_msgs/lib/libvehiclecontrol_msgs__rosidl_generator_c.so
[11.923s] -- Set non-toolchain portion of runtime path of "/home/ebrahim/formula-carmaker-fs_2025/FCM_Projects/FS_autonomous/ros/ros2_ws/install/vehiclecontrol_msgs/lib/libvehiclecontrol_msgs__rosidl_generator_c.so" to ""
[11.923s] -- Up-to-date: /home/ebrahim/formula-carmaker-fs_2025/FCM_Projects/FS_autonomous/ros/ros2_ws/install/vehiclecontrol_msgs/include/vehiclecontrol_msgs/vehiclecontrol_msgs
[11.923s] -- Up-to-date: /home/ebrahim/formula-carmaker-fs_2025/FCM_Projects/FS_autonomous/ros/ros2_ws/install/vehiclecontrol_msgs/include/vehiclecontrol_msgs/vehiclecontrol_msgs/msg
[11.923s] -- Up-to-date: /home/ebrahim/formula-carmaker-fs_2025/FCM_Projects/FS_autonomous/ros/ros2_ws/install/vehiclecontrol_msgs/include/vehiclecontrol_msgs/vehiclecontrol_msgs/msg/detail
[11.923s] -- Installing: /home/ebrahim/formula-carmaker-fs_2025/FCM_Projects/FS_autonomous/ros/ros2_ws/install/vehiclecontrol_msgs/include/vehiclecontrol_msgs/vehiclecontrol_msgs/msg/detail/vehicle_control__rosidl_typesupport_fastrtps_c.h
[11.924s] -- Installing: /home/ebrahim/formula-carmaker-fs_2025/FCM_Projects/FS_autonomous/ros/ros2_ws/install/vehiclecontrol_msgs/include/vehiclecontrol_msgs/vehiclecontrol_msgs/msg/rosidl_typesupport_fastrtps_c__visibility_control.h
[11.924s] -- Installing: /home/ebrahim/formula-carmaker-fs_2025/FCM_Projects/FS_autonomous/ros/ros2_ws/install/vehiclecontrol_msgs/lib/libvehiclecontrol_msgs__rosidl_typesupport_fastrtps_c.so
[11.924s] -- Set non-toolchain portion of runtime path of "/home/ebrahim/formula-carmaker-fs_2025/FCM_Projects/FS_autonomous/ros/ros2_ws/install/vehiclecontrol_msgs/lib/libvehiclecontrol_msgs__rosidl_typesupport_fastrtps_c.so" to ""
[11.924s] -- Up-to-date: /home/ebrahim/formula-carmaker-fs_2025/FCM_Projects/FS_autonomous/ros/ros2_ws/install/vehiclecontrol_msgs/include/vehiclecontrol_msgs/vehiclecontrol_msgs
[11.924s] -- Up-to-date: /home/ebrahim/formula-carmaker-fs_2025/FCM_Projects/FS_autonomous/ros/ros2_ws/install/vehiclecontrol_msgs/include/vehiclecontrol_msgs/vehiclecontrol_msgs/msg
[11.924s] -- Up-to-date: /home/ebrahim/formula-carmaker-fs_2025/FCM_Projects/FS_autonomous/ros/ros2_ws/install/vehiclecontrol_msgs/include/vehiclecontrol_msgs/vehiclecontrol_msgs/msg/detail
[11.925s] -- Installing: /home/ebrahim/formula-carmaker-fs_2025/FCM_Projects/FS_autonomous/ros/ros2_ws/install/vehiclecontrol_msgs/include/vehiclecontrol_msgs/vehiclecontrol_msgs/msg/detail/vehicle_control__rosidl_typesupport_introspection_c.h
[11.925s] -- Installing: /home/ebrahim/formula-carmaker-fs_2025/FCM_Projects/FS_autonomous/ros/ros2_ws/install/vehiclecontrol_msgs/include/vehiclecontrol_msgs/vehiclecontrol_msgs/msg/detail/vehicle_control__type_support.c
[11.925s] -- Installing: /home/ebrahim/formula-carmaker-fs_2025/FCM_Projects/FS_autonomous/ros/ros2_ws/install/vehiclecontrol_msgs/include/vehiclecontrol_msgs/vehiclecontrol_msgs/msg/rosidl_typesupport_introspection_c__visibility_control.h
[11.925s] -- Installing: /home/ebrahim/formula-carmaker-fs_2025/FCM_Projects/FS_autonomous/ros/ros2_ws/install/vehiclecontrol_msgs/lib/libvehiclecontrol_msgs__rosidl_typesupport_introspection_c.so
[11.925s] -- Set non-toolchain portion of runtime path of "/home/ebrahim/formula-carmaker-fs_2025/FCM_Projects/FS_autonomous/ros/ros2_ws/install/vehiclecontrol_msgs/lib/libvehiclecontrol_msgs__rosidl_typesupport_introspection_c.so" to ""
[11.926s] -- Installing: /home/ebrahim/formula-carmaker-fs_2025/FCM_Projects/FS_autonomous/ros/ros2_ws/install/vehiclecontrol_msgs/lib/libvehiclecontrol_msgs__rosidl_typesupport_c.so
[11.926s] -- Set non-toolchain portion of runtime path of "/home/ebrahim/formula-carmaker-fs_2025/FCM_Projects/FS_autonomous/ros/ros2_ws/install/vehiclecontrol_msgs/lib/libvehiclecontrol_msgs__rosidl_typesupport_c.so" to ""
[11.926s] -- Up-to-date: /home/ebrahim/formula-carmaker-fs_2025/FCM_Projects/FS_autonomous/ros/ros2_ws/install/vehiclecontrol_msgs/include/vehiclecontrol_msgs/vehiclecontrol_msgs
[11.926s] -- Up-to-date: /home/ebrahim/formula-carmaker-fs_2025/FCM_Projects/FS_autonomous/ros/ros2_ws/install/vehiclecontrol_msgs/include/vehiclecontrol_msgs/vehiclecontrol_msgs/msg
[11.926s] -- Up-to-date: /home/ebrahim/formula-carmaker-fs_2025/FCM_Projects/FS_autonomous/ros/ros2_ws/install/vehiclecontrol_msgs/include/vehiclecontrol_msgs/vehiclecontrol_msgs/msg/detail
[11.926s] -- Installing: /home/ebrahim/formula-carmaker-fs_2025/FCM_Projects/FS_autonomous/ros/ros2_ws/install/vehiclecontrol_msgs/include/vehiclecontrol_msgs/vehiclecontrol_msgs/msg/detail/vehicle_control__type_support.hpp
[11.926s] -- Installing: /home/ebrahim/formula-carmaker-fs_2025/FCM_Projects/FS_autonomous/ros/ros2_ws/install/vehiclecontrol_msgs/include/vehiclecontrol_msgs/vehiclecontrol_msgs/msg/detail/vehicle_control__struct.hpp
[11.926s] -- Installing: /home/ebrahim/formula-carmaker-fs_2025/FCM_Projects/FS_autonomous/ros/ros2_ws/install/vehiclecontrol_msgs/include/vehiclecontrol_msgs/vehiclecontrol_msgs/msg/detail/vehicle_control__traits.hpp
[11.927s] -- Installing: /home/ebrahim/formula-carmaker-fs_2025/FCM_Projects/FS_autonomous/ros/ros2_ws/install/vehiclecontrol_msgs/include/vehiclecontrol_msgs/vehiclecontrol_msgs/msg/detail/vehicle_control__builder.hpp
[11.927s] -- Installing: /home/ebrahim/formula-carmaker-fs_2025/FCM_Projects/FS_autonomous/ros/ros2_ws/install/vehiclecontrol_msgs/include/vehiclecontrol_msgs/vehiclecontrol_msgs/msg/rosidl_generator_cpp__visibility_control.hpp
[11.927s] -- Installing: /home/ebrahim/formula-carmaker-fs_2025/FCM_Projects/FS_autonomous/ros/ros2_ws/install/vehiclecontrol_msgs/include/vehiclecontrol_msgs/vehiclecontrol_msgs/msg/vehicle_control.hpp
[11.927s] -- Up-to-date: /home/ebrahim/formula-carmaker-fs_2025/FCM_Projects/FS_autonomous/ros/ros2_ws/install/vehiclecontrol_msgs/include/vehiclecontrol_msgs/vehiclecontrol_msgs
[11.927s] -- Up-to-date: /home/ebrahim/formula-carmaker-fs_2025/FCM_Projects/FS_autonomous/ros/ros2_ws/install/vehiclecontrol_msgs/include/vehiclecontrol_msgs/vehiclecontrol_msgs/msg
[11.928s] -- Up-to-date: /home/ebrahim/formula-carmaker-fs_2025/FCM_Projects/FS_autonomous/ros/ros2_ws/install/vehiclecontrol_msgs/include/vehiclecontrol_msgs/vehiclecontrol_msgs/msg/detail
[11.928s] -- Installing: /home/ebrahim/formula-carmaker-fs_2025/FCM_Projects/FS_autonomous/ros/ros2_ws/install/vehiclecontrol_msgs/include/vehiclecontrol_msgs/vehiclecontrol_msgs/msg/detail/vehicle_control__rosidl_typesupport_fastrtps_cpp.hpp
[11.928s] -- Installing: /home/ebrahim/formula-carmaker-fs_2025/FCM_Projects/FS_autonomous/ros/ros2_ws/install/vehiclecontrol_msgs/include/vehiclecontrol_msgs/vehiclecontrol_msgs/msg/detail/dds_fastrtps
[11.928s] -- Installing: /home/ebrahim/formula-carmaker-fs_2025/FCM_Projects/FS_autonomous/ros/ros2_ws/install/vehiclecontrol_msgs/include/vehiclecontrol_msgs/vehiclecontrol_msgs/msg/rosidl_typesupport_fastrtps_cpp__visibility_control.h
[11.928s] -- Installing: /home/ebrahim/formula-carmaker-fs_2025/FCM_Projects/FS_autonomous/ros/ros2_ws/install/vehiclecontrol_msgs/lib/libvehiclecontrol_msgs__rosidl_typesupport_fastrtps_cpp.so
[11.928s] -- Set non-toolchain portion of runtime path of "/home/ebrahim/formula-carmaker-fs_2025/FCM_Projects/FS_autonomous/ros/ros2_ws/install/vehiclecontrol_msgs/lib/libvehiclecontrol_msgs__rosidl_typesupport_fastrtps_cpp.so" to ""
[11.928s] -- Up-to-date: /home/ebrahim/formula-carmaker-fs_2025/FCM_Projects/FS_autonomous/ros/ros2_ws/install/vehiclecontrol_msgs/include/vehiclecontrol_msgs/vehiclecontrol_msgs
[11.928s] -- Up-to-date: /home/ebrahim/formula-carmaker-fs_2025/FCM_Projects/FS_autonomous/ros/ros2_ws/install/vehiclecontrol_msgs/include/vehiclecontrol_msgs/vehiclecontrol_msgs/msg
[11.929s] -- Up-to-date: /home/ebrahim/formula-carmaker-fs_2025/FCM_Projects/FS_autonomous/ros/ros2_ws/install/vehiclecontrol_msgs/include/vehiclecontrol_msgs/vehiclecontrol_msgs/msg/detail
[11.929s] -- Installing: /home/ebrahim/formula-carmaker-fs_2025/FCM_Projects/FS_autonomous/ros/ros2_ws/install/vehiclecontrol_msgs/include/vehiclecontrol_msgs/vehiclecontrol_msgs/msg/detail/vehicle_control__type_support.cpp
[11.929s] -- Installing: /home/ebrahim/formula-carmaker-fs_2025/FCM_Projects/FS_autonomous/ros/ros2_ws/install/vehiclecontrol_msgs/include/vehiclecontrol_msgs/vehiclecontrol_msgs/msg/detail/vehicle_control__rosidl_typesupport_introspection_cpp.hpp
[11.929s] -- Installing: /home/ebrahim/formula-carmaker-fs_2025/FCM_Projects/FS_autonomous/ros/ros2_ws/install/vehiclecontrol_msgs/lib/libvehiclecontrol_msgs__rosidl_typesupport_introspection_cpp.so
[11.929s] -- Set non-toolchain portion of runtime path of "/home/ebrahim/formula-carmaker-fs_2025/FCM_Projects/FS_autonomous/ros/ros2_ws/install/vehiclecontrol_msgs/lib/libvehiclecontrol_msgs__rosidl_typesupport_introspection_cpp.so" to ""
[11.930s] -- Installing: /home/ebrahim/formula-carmaker-fs_2025/FCM_Projects/FS_autonomous/ros/ros2_ws/install/vehiclecontrol_msgs/lib/libvehiclecontrol_msgs__rosidl_typesupport_cpp.so
[11.930s] -- Set non-toolchain portion of runtime path of "/home/ebrahim/formula-carmaker-fs_2025/FCM_Projects/FS_autonomous/ros/ros2_ws/install/vehiclecontrol_msgs/lib/libvehiclecontrol_msgs__rosidl_typesupport_cpp.so" to ""
[11.930s] -- Installing: /home/ebrahim/formula-carmaker-fs_2025/FCM_Projects/FS_autonomous/ros/ros2_ws/install/vehiclecontrol_msgs/share/vehiclecontrol_msgs/environment/pythonpath.sh
[11.930s] -- Installing: /home/ebrahim/formula-carmaker-fs_2025/FCM_Projects/FS_autonomous/ros/ros2_ws/install/vehiclecontrol_msgs/share/vehiclecontrol_msgs/environment/pythonpath.dsv
[11.930s] -- Installing: /home/ebrahim/formula-carmaker-fs_2025/FCM_Projects/FS_autonomous/ros/ros2_ws/install/vehiclecontrol_msgs/lib/python3.12/site-packages/vehiclecontrol_msgs-1.0.0-py3.12.egg-info
[11.930s] -- Installing: /home/ebrahim/formula-carmaker-fs_2025/FCM_Projects/FS_autonomous/ros/ros2_ws/install/vehiclecontrol_msgs/lib/python3.12/site-packages/vehiclecontrol_msgs-1.0.0-py3.12.egg-info/SOURCES.txt
[11.930s] -- Installing: /home/ebrahim/formula-carmaker-fs_2025/FCM_Projects/FS_autonomous/ros/ros2_ws/install/vehiclecontrol_msgs/lib/python3.12/site-packages/vehiclecontrol_msgs-1.0.0-py3.12.egg-info/PKG-INFO
[11.930s] -- Installing: /home/ebrahim/formula-carmaker-fs_2025/FCM_Projects/FS_autonomous/ros/ros2_ws/install/vehiclecontrol_msgs/lib/python3.12/site-packages/vehiclecontrol_msgs-1.0.0-py3.12.egg-info/top_level.txt
[11.931s] -- Installing: /home/ebrahim/formula-carmaker-fs_2025/FCM_Projects/FS_autonomous/ros/ros2_ws/install/vehiclecontrol_msgs/lib/python3.12/site-packages/vehiclecontrol_msgs-1.0.0-py3.12.egg-info/dependency_links.txt
[11.931s] -- Installing: /home/ebrahim/formula-carmaker-fs_2025/FCM_Projects/FS_autonomous/ros/ros2_ws/install/vehiclecontrol_msgs/lib/python3.12/site-packages/vehiclecontrol_msgs
[11.931s] -- Installing: /home/ebrahim/formula-carmaker-fs_2025/FCM_Projects/FS_autonomous/ros/ros2_ws/install/vehiclecontrol_msgs/lib/python3.12/site-packages/vehiclecontrol_msgs/vehiclecontrol_msgs_s__rosidl_typesupport_c.so
[11.931s] -- Installing: /home/ebrahim/formula-carmaker-fs_2025/FCM_Projects/FS_autonomous/ros/ros2_ws/install/vehiclecontrol_msgs/lib/python3.12/site-packages/vehiclecontrol_msgs/_vehiclecontrol_msgs_s.ep.rosidl_typesupport_c.c
[11.931s] -- Installing: /home/ebrahim/formula-carmaker-fs_2025/FCM_Projects/FS_autonomous/ros/ros2_ws/install/vehiclecontrol_msgs/lib/python3.12/site-packages/vehiclecontrol_msgs/vehiclecontrol_msgs_s__rosidl_typesupport_fastrtps_c.so
[11.931s] -- Installing: /home/ebrahim/formula-carmaker-fs_2025/FCM_Projects/FS_autonomous/ros/ros2_ws/install/vehiclecontrol_msgs/lib/python3.12/site-packages/vehiclecontrol_msgs/vehiclecontrol_msgs_s__rosidl_typesupport_introspection_c.so
[11.931s] -- Installing: /home/ebrahim/formula-carmaker-fs_2025/FCM_Projects/FS_autonomous/ros/ros2_ws/install/vehiclecontrol_msgs/lib/python3.12/site-packages/vehiclecontrol_msgs/msg
[11.932s] -- Installing: /home/ebrahim/formula-carmaker-fs_2025/FCM_Projects/FS_autonomous/ros/ros2_ws/install/vehiclecontrol_msgs/lib/python3.12/site-packages/vehiclecontrol_msgs/msg/_vehicle_control_s.c
[11.932s] -- Installing: /home/ebrahim/formula-carmaker-fs_2025/FCM_Projects/FS_autonomous/ros/ros2_ws/install/vehiclecontrol_msgs/lib/python3.12/site-packages/vehiclecontrol_msgs/msg/_vehicle_control.py
[11.932s] -- Installing: /home/ebrahim/formula-carmaker-fs_2025/FCM_Projects/FS_autonomous/ros/ros2_ws/install/vehiclecontrol_msgs/lib/python3.12/site-packages/vehiclecontrol_msgs/msg/__init__.py
[11.932s] -- Installing: /home/ebrahim/formula-carmaker-fs_2025/FCM_Projects/FS_autonomous/ros/ros2_ws/install/vehiclecontrol_msgs/lib/python3.12/site-packages/vehiclecontrol_msgs/__init__.py
[11.932s] -- Installing: /home/ebrahim/formula-carmaker-fs_2025/FCM_Projects/FS_autonomous/ros/ros2_ws/install/vehiclecontrol_msgs/lib/python3.12/site-packages/vehiclecontrol_msgs/_vehiclecontrol_msgs_s.ep.rosidl_typesupport_fastrtps_c.c
[11.932s] -- Installing: /home/ebrahim/formula-carmaker-fs_2025/FCM_Projects/FS_autonomous/ros/ros2_ws/install/vehiclecontrol_msgs/lib/python3.12/site-packages/vehiclecontrol_msgs/_vehiclecontrol_msgs_s.ep.rosidl_typesupport_introspection_c.c
[11.981s] Listing '/home/ebrahim/formula-carmaker-fs_2025/FCM_Projects/FS_autonomous/ros/ros2_ws/install/vehiclecontrol_msgs/lib/python3.12/site-packages/vehiclecontrol_msgs'...
[11.981s] Compiling '/home/ebrahim/formula-carmaker-fs_2025/FCM_Projects/FS_autonomous/ros/ros2_ws/install/vehiclecontrol_msgs/lib/python3.12/site-packages/vehiclecontrol_msgs/__init__.py'...
[11.981s] Listing '/home/ebrahim/formula-carmaker-fs_2025/FCM_Projects/FS_autonomous/ros/ros2_ws/install/vehiclecontrol_msgs/lib/python3.12/site-packages/vehiclecontrol_msgs/msg'...
[11.981s] Compiling '/home/ebrahim/formula-carmaker-fs_2025/FCM_Projects/FS_autonomous/ros/ros2_ws/install/vehiclecontrol_msgs/lib/python3.12/site-packages/vehiclecontrol_msgs/msg/__init__.py'...
[11.982s] Compiling '/home/ebrahim/formula-carmaker-fs_2025/FCM_Projects/FS_autonomous/ros/ros2_ws/install/vehiclecontrol_msgs/lib/python3.12/site-packages/vehiclecontrol_msgs/msg/_vehicle_control.py'...
[11.997s] -- Installing: /home/ebrahim/formula-carmaker-fs_2025/FCM_Projects/FS_autonomous/ros/ros2_ws/install/vehiclecontrol_msgs/lib/python3.12/site-packages/vehiclecontrol_msgs/vehiclecontrol_msgs_s__rosidl_typesupport_fastrtps_c.so
[11.998s] -- Set non-toolchain portion of runtime path of "/home/ebrahim/formula-carmaker-fs_2025/FCM_Projects/FS_autonomous/ros/ros2_ws/install/vehiclecontrol_msgs/lib/python3.12/site-packages/vehiclecontrol_msgs/vehiclecontrol_msgs_s__rosidl_typesupport_fastrtps_c.so" to ""
[11.998s] -- Installing: /home/ebrahim/formula-carmaker-fs_2025/FCM_Projects/FS_autonomous/ros/ros2_ws/install/vehiclecontrol_msgs/lib/python3.12/site-packages/vehiclecontrol_msgs/vehiclecontrol_msgs_s__rosidl_typesupport_introspection_c.so
[11.998s] -- Set non-toolchain portion of runtime path of "/home/ebrahim/formula-carmaker-fs_2025/FCM_Projects/FS_autonomous/ros/ros2_ws/install/vehiclecontrol_msgs/lib/python3.12/site-packages/vehiclecontrol_msgs/vehiclecontrol_msgs_s__rosidl_typesupport_introspection_c.so" to ""
[11.999s] -- Installing: /home/ebrahim/formula-carmaker-fs_2025/FCM_Projects/FS_autonomous/ros/ros2_ws/install/vehiclecontrol_msgs/lib/python3.12/site-packages/vehiclecontrol_msgs/vehiclecontrol_msgs_s__rosidl_typesupport_c.so
[12.001s] -- Set non-toolchain portion of runtime path of "/home/ebrahim/formula-carmaker-fs_2025/FCM_Projects/FS_autonomous/ros/ros2_ws/install/vehiclecontrol_msgs/lib/python3.12/site-packages/vehiclecontrol_msgs/vehiclecontrol_msgs_s__rosidl_typesupport_c.so" to ""
[12.001s] -- Installing: /home/ebrahim/formula-carmaker-fs_2025/FCM_Projects/FS_autonomous/ros/ros2_ws/install/vehiclecontrol_msgs/lib/libvehiclecontrol_msgs__rosidl_generator_py.so
[12.002s] -- Set non-toolchain portion of runtime path of "/home/ebrahim/formula-carmaker-fs_2025/FCM_Projects/FS_autonomous/ros/ros2_ws/install/vehiclecontrol_msgs/lib/libvehiclecontrol_msgs__rosidl_generator_py.so" to ""
[12.002s] -- Installing: /home/ebrahim/formula-carmaker-fs_2025/FCM_Projects/FS_autonomous/ros/ros2_ws/install/vehiclecontrol_msgs/share/vehiclecontrol_msgs/msg/VehicleControl.idl
[12.002s] -- Installing: /home/ebrahim/formula-carmaker-fs_2025/FCM_Projects/FS_autonomous/ros/ros2_ws/install/vehiclecontrol_msgs/share/vehiclecontrol_msgs/msg/VehicleControl.msg
[12.002s] -- Installing: /home/ebrahim/formula-carmaker-fs_2025/FCM_Projects/FS_autonomous/ros/ros2_ws/install/vehiclecontrol_msgs/share/ament_index/resource_index/package_run_dependencies/vehiclecontrol_msgs
[12.002s] -- Installing: /home/ebrahim/formula-carmaker-fs_2025/FCM_Projects/FS_autonomous/ros/ros2_ws/install/vehiclecontrol_msgs/share/ament_index/resource_index/parent_prefix_path/vehiclecontrol_msgs
[12.002s] -- Installing: /home/ebrahim/formula-carmaker-fs_2025/FCM_Projects/FS_autonomous/ros/ros2_ws/install/vehiclecontrol_msgs/share/vehiclecontrol_msgs/environment/ament_prefix_path.sh
[12.002s] -- Installing: /home/ebrahim/formula-carmaker-fs_2025/FCM_Projects/FS_autonomous/ros/ros2_ws/install/vehiclecontrol_msgs/share/vehiclecontrol_msgs/environment/ament_prefix_path.dsv
[12.003s] -- Installing: /home/ebrahim/formula-carmaker-fs_2025/FCM_Projects/FS_autonomous/ros/ros2_ws/install/vehiclecontrol_msgs/share/vehiclecontrol_msgs/environment/path.sh
[12.003s] -- Installing: /home/ebrahim/formula-carmaker-fs_2025/FCM_Projects/FS_autonomous/ros/ros2_ws/install/vehiclecontrol_msgs/share/vehiclecontrol_msgs/environment/path.dsv
[12.003s] -- Installing: /home/ebrahim/formula-carmaker-fs_2025/FCM_Projects/FS_autonomous/ros/ros2_ws/install/vehiclecontrol_msgs/share/vehiclecontrol_msgs/local_setup.bash
[12.003s] -- Installing: /home/ebrahim/formula-carmaker-fs_2025/FCM_Projects/FS_autonomous/ros/ros2_ws/install/vehiclecontrol_msgs/share/vehiclecontrol_msgs/local_setup.sh
[12.003s] -- Installing: /home/ebrahim/formula-carmaker-fs_2025/FCM_Projects/FS_autonomous/ros/ros2_ws/install/vehiclecontrol_msgs/share/vehiclecontrol_msgs/local_setup.zsh
[12.003s] -- Installing: /home/ebrahim/formula-carmaker-fs_2025/FCM_Projects/FS_autonomous/ros/ros2_ws/install/vehiclecontrol_msgs/share/vehiclecontrol_msgs/local_setup.dsv
[12.003s] -- Installing: /home/ebrahim/formula-carmaker-fs_2025/FCM_Projects/FS_autonomous/ros/ros2_ws/install/vehiclecontrol_msgs/share/vehiclecontrol_msgs/package.dsv
[12.004s] -- Installing: /home/ebrahim/formula-carmaker-fs_2025/FCM_Projects/FS_autonomous/ros/ros2_ws/install/vehiclecontrol_msgs/share/ament_index/resource_index/packages/vehiclecontrol_msgs
[12.004s] -- Installing: /home/ebrahim/formula-carmaker-fs_2025/FCM_Projects/FS_autonomous/ros/ros2_ws/install/vehiclecontrol_msgs/share/vehiclecontrol_msgs/cmake/export_vehiclecontrol_msgs__rosidl_generator_cExport.cmake
[12.005s] -- Installing: /home/ebrahim/formula-carmaker-fs_2025/FCM_Projects/FS_autonomous/ros/ros2_ws/install/vehiclecontrol_msgs/share/vehiclecontrol_msgs/cmake/export_vehiclecontrol_msgs__rosidl_generator_cExport-noconfig.cmake
[12.005s] -- Installing: /home/ebrahim/formula-carmaker-fs_2025/FCM_Projects/FS_autonomous/ros/ros2_ws/install/vehiclecontrol_msgs/share/vehiclecontrol_msgs/cmake/export_vehiclecontrol_msgs__rosidl_typesupport_fastrtps_cExport.cmake
[12.006s] -- Installing: /home/ebrahim/formula-carmaker-fs_2025/FCM_Projects/FS_autonomous/ros/ros2_ws/install/vehiclecontrol_msgs/share/vehiclecontrol_msgs/cmake/export_vehiclecontrol_msgs__rosidl_typesupport_fastrtps_cExport-noconfig.cmake
[12.006s] -- Installing: /home/ebrahim/formula-carmaker-fs_2025/FCM_Projects/FS_autonomous/ros/ros2_ws/install/vehiclecontrol_msgs/share/vehiclecontrol_msgs/cmake/vehiclecontrol_msgs__rosidl_typesupport_introspection_cExport.cmake
[12.006s] -- Installing: /home/ebrahim/formula-carmaker-fs_2025/FCM_Projects/FS_autonomous/ros/ros2_ws/install/vehiclecontrol_msgs/share/vehiclecontrol_msgs/cmake/vehiclecontrol_msgs__rosidl_typesupport_introspection_cExport-noconfig.cmake
[12.006s] -- Installing: /home/ebrahim/formula-carmaker-fs_2025/FCM_Projects/FS_autonomous/ros/ros2_ws/install/vehiclecontrol_msgs/share/vehiclecontrol_msgs/cmake/vehiclecontrol_msgs__rosidl_typesupport_cExport.cmake
[12.006s] -- Installing: /home/ebrahim/formula-carmaker-fs_2025/FCM_Projects/FS_autonomous/ros/ros2_ws/install/vehiclecontrol_msgs/share/vehiclecontrol_msgs/cmake/vehiclecontrol_msgs__rosidl_typesupport_cExport-noconfig.cmake
[12.006s] -- Installing: /home/ebrahim/formula-carmaker-fs_2025/FCM_Projects/FS_autonomous/ros/ros2_ws/install/vehiclecontrol_msgs/share/vehiclecontrol_msgs/cmake/export_vehiclecontrol_msgs__rosidl_generator_cppExport.cmake
[12.007s] -- Installing: /home/ebrahim/formula-carmaker-fs_2025/FCM_Projects/FS_autonomous/ros/ros2_ws/install/vehiclecontrol_msgs/share/vehiclecontrol_msgs/cmake/export_vehiclecontrol_msgs__rosidl_typesupport_fastrtps_cppExport.cmake
[12.007s] -- Installing: /home/ebrahim/formula-carmaker-fs_2025/FCM_Projects/FS_autonomous/ros/ros2_ws/install/vehiclecontrol_msgs/share/vehiclecontrol_msgs/cmake/export_vehiclecontrol_msgs__rosidl_typesupport_fastrtps_cppExport-noconfig.cmake
[12.007s] -- Installing: /home/ebrahim/formula-carmaker-fs_2025/FCM_Projects/FS_autonomous/ros/ros2_ws/install/vehiclecontrol_msgs/share/vehiclecontrol_msgs/cmake/vehiclecontrol_msgs__rosidl_typesupport_introspection_cppExport.cmake
[12.007s] -- Installing: /home/ebrahim/formula-carmaker-fs_2025/FCM_Projects/FS_autonomous/ros/ros2_ws/install/vehiclecontrol_msgs/share/vehiclecontrol_msgs/cmake/vehiclecontrol_msgs__rosidl_typesupport_introspection_cppExport-noconfig.cmake
[12.007s] -- Installing: /home/ebrahim/formula-carmaker-fs_2025/FCM_Projects/FS_autonomous/ros/ros2_ws/install/vehiclecontrol_msgs/share/vehiclecontrol_msgs/cmake/vehiclecontrol_msgs__rosidl_typesupport_cppExport.cmake
[12.007s] -- Installing: /home/ebrahim/formula-carmaker-fs_2025/FCM_Projects/FS_autonomous/ros/ros2_ws/install/vehiclecontrol_msgs/share/vehiclecontrol_msgs/cmake/vehiclecontrol_msgs__rosidl_typesupport_cppExport-noconfig.cmake
[12.007s] -- Installing: /home/ebrahim/formula-carmaker-fs_2025/FCM_Projects/FS_autonomous/ros/ros2_ws/install/vehiclecontrol_msgs/share/vehiclecontrol_msgs/cmake/export_vehiclecontrol_msgs__rosidl_generator_pyExport.cmake
[12.007s] -- Installing: /home/ebrahim/formula-carmaker-fs_2025/FCM_Projects/FS_autonomous/ros/ros2_ws/install/vehiclecontrol_msgs/share/vehiclecontrol_msgs/cmake/export_vehiclecontrol_msgs__rosidl_generator_pyExport-noconfig.cmake
[12.008s] -- Installing: /home/ebrahim/formula-carmaker-fs_2025/FCM_Projects/FS_autonomous/ros/ros2_ws/install/vehiclecontrol_msgs/share/vehiclecontrol_msgs/cmake/rosidl_cmake-extras.cmake
[12.008s] -- Installing: /home/ebrahim/formula-carmaker-fs_2025/FCM_Projects/FS_autonomous/ros/ros2_ws/install/vehiclecontrol_msgs/share/vehiclecontrol_msgs/cmake/ament_cmake_export_dependencies-extras.cmake
[12.008s] -- Installing: /home/ebrahim/formula-carmaker-fs_2025/FCM_Projects/FS_autonomous/ros/ros2_ws/install/vehiclecontrol_msgs/share/vehiclecontrol_msgs/cmake/ament_cmake_export_include_directories-extras.cmake
[12.008s] -- Installing: /home/ebrahim/formula-carmaker-fs_2025/FCM_Projects/FS_autonomous/ros/ros2_ws/install/vehiclecontrol_msgs/share/vehiclecontrol_msgs/cmake/ament_cmake_export_libraries-extras.cmake
[12.008s] -- Installing: /home/ebrahim/formula-carmaker-fs_2025/FCM_Projects/FS_autonomous/ros/ros2_ws/install/vehiclecontrol_msgs/share/vehiclecontrol_msgs/cmake/ament_cmake_export_targets-extras.cmake
[12.008s] -- Installing: /home/ebrahim/formula-carmaker-fs_2025/FCM_Projects/FS_autonomous/ros/ros2_ws/install/vehiclecontrol_msgs/share/vehiclecontrol_msgs/cmake/rosidl_cmake_export_typesupport_targets-extras.cmake
[12.008s] -- Installing: /home/ebrahim/formula-carmaker-fs_2025/FCM_Projects/FS_autonomous/ros/ros2_ws/install/vehiclecontrol_msgs/share/vehiclecontrol_msgs/cmake/rosidl_cmake_export_typesupport_libraries-extras.cmake
[12.008s] -- Installing: /home/ebrahim/formula-carmaker-fs_2025/FCM_Projects/FS_autonomous/ros/ros2_ws/install/vehiclecontrol_msgs/share/vehiclecontrol_msgs/cmake/vehiclecontrol_msgsConfig.cmake
[12.008s] -- Installing: /home/ebrahim/formula-carmaker-fs_2025/FCM_Projects/FS_autonomous/ros/ros2_ws/install/vehiclecontrol_msgs/share/vehiclecontrol_msgs/cmake/vehiclecontrol_msgsConfig-version.cmake
[12.009s] -- Installing: /home/ebrahim/formula-carmaker-fs_2025/FCM_Projects/FS_autonomous/ros/ros2_ws/install/vehiclecontrol_msgs/share/vehiclecontrol_msgs/package.xml
[12.011s] Invoked command in '/home/ebrahim/formula-carmaker-fs_2025/FCM_Projects/FS_autonomous/ros/ros2_ws/build/vehiclecontrol_msgs' returned '0': CMAKE_PREFIX_PATH=${CMAKE_PREFIX_PATH}:/opt/ros/jazzy DEBUGINFOD_URLS=https://debuginfod.ubuntu.com /usr/bin/cmake --install /home/ebrahim/formula-carmaker-fs_2025/FCM_Projects/FS_autonomous/ros/ros2_ws/build/vehiclecontrol_msgs
