[0.016s] Invoking command in '/home/ebrahim/formula-carmaker-fs_2025/FCM_Projects/FS_autonomous/ros/ros2_ws/build/vehiclecontrol_msgs': CMAKE_PREFIX_PATH=${CMAKE_PREFIX_PATH}:/opt/ros/jazzy DEBUGINFOD_URLS=https://debuginfod.ubuntu.com /usr/bin/cmake /home/ebrahim/formula-carmaker-fs_2025/FCM_Projects/FS_autonomous/ros/ros2_ws/src/vehiclecontrol_msgs -DCARMAKER_VER:STRING=14.1.1 -DCARMAKER_DIR:PATH=/opt/ipg/carmaker/linux64-14.1.1 --no-warn-unused-cli -DCMAKE_INSTALL_PREFIX=/home/ebrahim/formula-carmaker-fs_2025/FCM_Projects/FS_autonomous/ros/ros2_ws/install/vehiclecontrol_msgs
[0.022s] Not searching for unused variables given on the command line.
[0.076s] -- The C compiler identification is GNU 12.4.0
[0.140s] -- The CXX compiler identification is GNU 12.4.0
[0.171s] -- Detecting C compiler ABI info
[0.272s] -- Detecting C compiler ABI info - done
[0.286s] -- Check for working C compiler: /usr/bin/cc - skipped
[0.287s] -- Detecting C compile features
[0.287s] -- Detecting C compile features - done
[0.303s] -- Detecting CXX compiler ABI info
[0.478s] -- Detecting CXX compiler ABI info - done
[0.494s] -- Check for working CXX compiler: /usr/bin/c++ - skipped
[0.494s] -- Detecting CXX compile features
[0.494s] -- Detecting CXX compile features - done
[0.503s] -- Found ament_cmake: 2.5.4 (/opt/ros/jazzy/share/ament_cmake/cmake)
[0.912s] -- Found Python3: /usr/bin/python3 (found version "3.12.3") found components: Interpreter 
[1.052s] -- Found rosidl_default_generators: 1.6.0 (/opt/ros/jazzy/share/rosidl_default_generators/cmake)
[1.067s] -- Using all available rosidl_typesupport_c: rosidl_typesupport_fastrtps_c;rosidl_typesupport_introspection_c
[1.197s] -- Using all available rosidl_typesupport_cpp: rosidl_typesupport_fastrtps_cpp;rosidl_typesupport_introspection_cpp
[1.275s] -- Found rosidl_adapter: 4.6.6 (/opt/ros/jazzy/share/rosidl_adapter/cmake)
[1.280s] -- Found std_msgs: 5.3.6 (/opt/ros/jazzy/share/std_msgs/cmake)
[2.547s] -- Found ament_cmake_ros: 0.12.0 (/opt/ros/jazzy/share/ament_cmake_ros/cmake)
[3.592s] -- Using all available rosidl_typesupport_c: rosidl_typesupport_fastrtps_c;rosidl_typesupport_introspection_c
[4.985s] -- Using all available rosidl_typesupport_cpp: rosidl_typesupport_fastrtps_cpp;rosidl_typesupport_introspection_cpp
[4.989s] -- Found python_cmake_module: 0.11.1 (/opt/ros/jazzy/share/python_cmake_module/cmake)
[5.316s] -- Found PythonExtra: /usr/bin/python3  
[6.321s] -- Found Python3: /usr/bin/python3 (found version "3.12.3") found components: Interpreter Development NumPy Development.Module Development.Embed 
[6.484s] -- Found ament_lint_auto: 0.17.3 (/opt/ros/jazzy/share/ament_lint_auto/cmake)
[6.522s] -- Added test 'copyright' to check source files copyright and LICENSE
[6.524s] -- Added test 'lint_cmake' to check CMake code style
[6.526s] -- Added test 'xmllint' to check XML markup files
[6.532s] -- Configuring done (6.5s)
[6.665s] -- Generating done (0.1s)
[6.680s] -- Build files have been written to: /home/ebrahim/formula-carmaker-fs_2025/FCM_Projects/FS_autonomous/ros/ros2_ws/build/vehiclecontrol_msgs
[6.691s] Invoked command in '/home/ebrahim/formula-carmaker-fs_2025/FCM_Projects/FS_autonomous/ros/ros2_ws/build/vehiclecontrol_msgs' returned '0': CMAKE_PREFIX_PATH=${CMAKE_PREFIX_PATH}:/opt/ros/jazzy DEBUGINFOD_URLS=https://debuginfod.ubuntu.com /usr/bin/cmake /home/ebrahim/formula-carmaker-fs_2025/FCM_Projects/FS_autonomous/ros/ros2_ws/src/vehiclecontrol_msgs -DCARMAKER_VER:STRING=14.1.1 -DCARMAKER_DIR:PATH=/opt/ipg/carmaker/linux64-14.1.1 --no-warn-unused-cli -DCMAKE_INSTALL_PREFIX=/home/ebrahim/formula-carmaker-fs_2025/FCM_Projects/FS_autonomous/ros/ros2_ws/install/vehiclecontrol_msgs
[6.692s] Invoking command in '/home/ebrahim/formula-carmaker-fs_2025/FCM_Projects/FS_autonomous/ros/ros2_ws/build/vehiclecontrol_msgs': CMAKE_PREFIX_PATH=${CMAKE_PREFIX_PATH}:/opt/ros/jazzy DEBUGINFOD_URLS=https://debuginfod.ubuntu.com /usr/bin/cmake --build /home/ebrahim/formula-carmaker-fs_2025/FCM_Projects/FS_autonomous/ros/ros2_ws/build/vehiclecontrol_msgs -- -j12 -l12
[6.750s] [  2%] [34m[1mGenerating type hashes for ROS interfaces[0m
[6.767s] [  2%] Built target ament_cmake_python_copy_vehiclecontrol_msgs
[7.258s] [  2%] Built target vehiclecontrol_msgs__rosidl_generator_type_description
[7.264s] running egg_info
[7.265s] creating vehiclecontrol_msgs.egg-info
[7.324s] [  5%] [34m[1mGenerating C code for ROS interfaces[0m
[7.361s] [  8%] [34m[1mGenerating C++ code for ROS interfaces[0m
[7.623s] writing vehiclecontrol_msgs.egg-info/PKG-INFO
[7.625s] writing dependency_links to vehiclecontrol_msgs.egg-info/dependency_links.txt
[7.627s] writing top-level names to vehiclecontrol_msgs.egg-info/top_level.txt
[7.631s] writing manifest file 'vehiclecontrol_msgs.egg-info/SOURCES.txt'
[7.877s] reading manifest file 'vehiclecontrol_msgs.egg-info/SOURCES.txt'
[7.879s] writing manifest file 'vehiclecontrol_msgs.egg-info/SOURCES.txt'
[7.962s] [  8%] Built target ament_cmake_python_build_vehiclecontrol_msgs_egg
[8.225s] [  8%] Built target vehiclecontrol_msgs__cpp
[8.234s] [ 17%] [32mBuilding C object CMakeFiles/vehiclecontrol_msgs__rosidl_generator_c.dir/rosidl_generator_c/vehiclecontrol_msgs/msg/detail/vehicle_control__description.c.o[0m
[8.235s] [ 17%] [32mBuilding C object CMakeFiles/vehiclecontrol_msgs__rosidl_generator_c.dir/rosidl_generator_c/vehiclecontrol_msgs/msg/detail/vehicle_control__type_support.c.o[0m
[8.235s] [ 17%] [32mBuilding C object CMakeFiles/vehiclecontrol_msgs__rosidl_generator_c.dir/rosidl_generator_c/vehiclecontrol_msgs/msg/detail/vehicle_control__functions.c.o[0m
[8.310s] [ 20%] [32m[1mLinking C shared library libvehiclecontrol_msgs__rosidl_generator_c.so[0m
[8.355s] [ 20%] Built target vehiclecontrol_msgs__rosidl_generator_c
[8.368s] [ 23%] [34m[1mGenerating C++ type support dispatch for ROS interfaces[0m
[8.369s] [ 29%] [34m[1mGenerating C type support for eProsima Fast-RTPS[0m
[8.370s] [ 29%] [34m[1mGenerating C++ introspection for ROS interfaces[0m
[8.371s] [ 32%] [34m[1mGenerating C++ type support for eProsima Fast-RTPS[0m
[8.372s] [ 35%] [34m[1mGenerating C type support dispatch for ROS interfaces[0m
[8.380s] [ 38%] [34m[1mGenerating C introspection for ROS interfaces[0m
[9.621s] [ 41%] [32mBuilding CXX object CMakeFiles/vehiclecontrol_msgs__rosidl_typesupport_c.dir/rosidl_typesupport_c/vehiclecontrol_msgs/msg/vehicle_control__type_support.cpp.o[0m
[9.846s] [ 44%] [32mBuilding CXX object CMakeFiles/vehiclecontrol_msgs__rosidl_typesupport_cpp.dir/rosidl_typesupport_cpp/vehiclecontrol_msgs/msg/vehicle_control__type_support.cpp.o[0m
[9.850s] [ 47%] [32m[1mLinking CXX shared library libvehiclecontrol_msgs__rosidl_typesupport_c.so[0m
[9.994s] [ 50%] [32mBuilding CXX object CMakeFiles/vehiclecontrol_msgs__rosidl_typesupport_fastrtps_c.dir/rosidl_typesupport_fastrtps_c/vehiclecontrol_msgs/msg/detail/vehicle_control__type_support_c.cpp.o[0m
[10.044s] [ 50%] Built target vehiclecontrol_msgs__rosidl_typesupport_c
[10.116s] [ 52%] [32mBuilding C object CMakeFiles/vehiclecontrol_msgs__rosidl_typesupport_introspection_c.dir/rosidl_typesupport_introspection_c/vehiclecontrol_msgs/msg/detail/vehicle_control__type_support.c.o[0m
[10.234s] [ 55%] [32m[1mLinking C shared library libvehiclecontrol_msgs__rosidl_typesupport_introspection_c.so[0m
[10.264s] [ 58%] [32mBuilding CXX object CMakeFiles/vehiclecontrol_msgs__rosidl_typesupport_introspection_cpp.dir/rosidl_typesupport_introspection_cpp/vehiclecontrol_msgs/msg/detail/vehicle_control__type_support.cpp.o[0m
[10.273s] [ 61%] [32mBuilding CXX object CMakeFiles/vehiclecontrol_msgs__rosidl_typesupport_fastrtps_cpp.dir/rosidl_typesupport_fastrtps_cpp/vehiclecontrol_msgs/msg/detail/dds_fastrtps/vehicle_control__type_support.cpp.o[0m
[10.352s] [ 61%] Built target vehiclecontrol_msgs__rosidl_typesupport_introspection_c
[10.709s] [ 64%] [32m[1mLinking CXX shared library libvehiclecontrol_msgs__rosidl_typesupport_cpp.so[0m
[11.105s] [ 64%] Built target vehiclecontrol_msgs__rosidl_typesupport_cpp
[12.386s] [ 67%] [32m[1mLinking CXX shared library libvehiclecontrol_msgs__rosidl_typesupport_introspection_cpp.so[0m
[12.386s] [ 70%] [32m[1mLinking CXX shared library libvehiclecontrol_msgs__rosidl_typesupport_fastrtps_c.so[0m
[12.604s] [ 70%] Built target vehiclecontrol_msgs__rosidl_typesupport_fastrtps_c
[12.765s] [ 73%] [32m[1mLinking CXX shared library libvehiclecontrol_msgs__rosidl_typesupport_fastrtps_cpp.so[0m
[12.801s] [ 73%] Built target vehiclecontrol_msgs__rosidl_typesupport_introspection_cpp
[12.923s] [ 73%] Built target vehiclecontrol_msgs__rosidl_typesupport_fastrtps_cpp
[13.063s] [ 73%] Built target vehiclecontrol_msgs
[13.129s] [ 76%] [34m[1mGenerating Python code for ROS interfaces[0m
[14.304s] [ 76%] Built target vehiclecontrol_msgs__py
[14.340s] [ 79%] [32mBuilding C object CMakeFiles/vehiclecontrol_msgs__rosidl_generator_py.dir/rosidl_generator_py/vehiclecontrol_msgs/msg/_vehicle_control_s.c.o[0m
[14.685s] [ 82%] [32m[1mLinking C shared library libvehiclecontrol_msgs__rosidl_generator_py.so[0m
[14.803s] [ 82%] Built target vehiclecontrol_msgs__rosidl_generator_py
[14.875s] [ 85%] [32mBuilding C object CMakeFiles/vehiclecontrol_msgs_s__rosidl_typesupport_c.dir/rosidl_generator_py/vehiclecontrol_msgs/_vehiclecontrol_msgs_s.ep.rosidl_typesupport_c.c.o[0m
[14.881s] [ 88%] [32mBuilding C object CMakeFiles/vehiclecontrol_msgs_s__rosidl_typesupport_introspection_c.dir/rosidl_generator_py/vehiclecontrol_msgs/_vehiclecontrol_msgs_s.ep.rosidl_typesupport_introspection_c.c.o[0m
[14.892s] [ 91%] [32mBuilding C object CMakeFiles/vehiclecontrol_msgs_s__rosidl_typesupport_fastrtps_c.dir/rosidl_generator_py/vehiclecontrol_msgs/_vehiclecontrol_msgs_s.ep.rosidl_typesupport_fastrtps_c.c.o[0m
[15.206s] [ 94%] [32m[1mLinking C shared module rosidl_generator_py/vehiclecontrol_msgs/vehiclecontrol_msgs_s__rosidl_typesupport_c.so[0m
[15.291s] [ 97%] [32m[1mLinking C shared module rosidl_generator_py/vehiclecontrol_msgs/vehiclecontrol_msgs_s__rosidl_typesupport_fastrtps_c.so[0m
[15.338s] [100%] [32m[1mLinking C shared module rosidl_generator_py/vehiclecontrol_msgs/vehiclecontrol_msgs_s__rosidl_typesupport_introspection_c.so[0m
[15.344s] [100%] Built target vehiclecontrol_msgs_s__rosidl_typesupport_c
[15.444s] [100%] Built target vehiclecontrol_msgs_s__rosidl_typesupport_fastrtps_c
[15.555s] [100%] Built target vehiclecontrol_msgs_s__rosidl_typesupport_introspection_c
[15.608s] Invoked command in '/home/ebrahim/formula-carmaker-fs_2025/FCM_Projects/FS_autonomous/ros/ros2_ws/build/vehiclecontrol_msgs' returned '0': CMAKE_PREFIX_PATH=${CMAKE_PREFIX_PATH}:/opt/ros/jazzy DEBUGINFOD_URLS=https://debuginfod.ubuntu.com /usr/bin/cmake --build /home/ebrahim/formula-carmaker-fs_2025/FCM_Projects/FS_autonomous/ros/ros2_ws/build/vehiclecontrol_msgs -- -j12 -l12
[15.623s] Invoking command in '/home/ebrahim/formula-carmaker-fs_2025/FCM_Projects/FS_autonomous/ros/ros2_ws/build/vehiclecontrol_msgs': CMAKE_PREFIX_PATH=${CMAKE_PREFIX_PATH}:/opt/ros/jazzy DEBUGINFOD_URLS=https://debuginfod.ubuntu.com /usr/bin/cmake --install /home/ebrahim/formula-carmaker-fs_2025/FCM_Projects/FS_autonomous/ros/ros2_ws/build/vehiclecontrol_msgs
[15.650s] -- Install configuration: ""
[15.656s] -- Installing: /home/ebrahim/formula-carmaker-fs_2025/FCM_Projects/FS_autonomous/ros/ros2_ws/install/vehiclecontrol_msgs/share/ament_index/resource_index/rosidl_interfaces/vehiclecontrol_msgs
[15.656s] -- Installing: /home/ebrahim/formula-carmaker-fs_2025/FCM_Projects/FS_autonomous/ros/ros2_ws/install/vehiclecontrol_msgs/share/vehiclecontrol_msgs/msg/VehicleControl.json
[15.657s] -- Installing: /home/ebrahim/formula-carmaker-fs_2025/FCM_Projects/FS_autonomous/ros/ros2_ws/install/vehiclecontrol_msgs/include/vehiclecontrol_msgs/vehiclecontrol_msgs
[15.657s] -- Installing: /home/ebrahim/formula-carmaker-fs_2025/FCM_Projects/FS_autonomous/ros/ros2_ws/install/vehiclecontrol_msgs/include/vehiclecontrol_msgs/vehiclecontrol_msgs/msg
[15.657s] -- Installing: /home/ebrahim/formula-carmaker-fs_2025/FCM_Projects/FS_autonomous/ros/ros2_ws/install/vehiclecontrol_msgs/include/vehiclecontrol_msgs/vehiclecontrol_msgs/msg/detail
[15.657s] -- Installing: /home/ebrahim/formula-carmaker-fs_2025/FCM_Projects/FS_autonomous/ros/ros2_ws/install/vehiclecontrol_msgs/include/vehiclecontrol_msgs/vehiclecontrol_msgs/msg/detail/vehicle_control__functions.c
[15.657s] -- Installing: /home/ebrahim/formula-carmaker-fs_2025/FCM_Projects/FS_autonomous/ros/ros2_ws/install/vehiclecontrol_msgs/include/vehiclecontrol_msgs/vehiclecontrol_msgs/msg/detail/vehicle_control__functions.h
[15.657s] -- Installing: /home/ebrahim/formula-carmaker-fs_2025/FCM_Projects/FS_autonomous/ros/ros2_ws/install/vehiclecontrol_msgs/include/vehiclecontrol_msgs/vehiclecontrol_msgs/msg/detail/vehicle_control__type_support.h
[15.658s] -- Installing: /home/ebrahim/formula-carmaker-fs_2025/FCM_Projects/FS_autonomous/ros/ros2_ws/install/vehiclecontrol_msgs/include/vehiclecontrol_msgs/vehiclecontrol_msgs/msg/detail/vehicle_control__struct.h
[15.658s] -- Installing: /home/ebrahim/formula-carmaker-fs_2025/FCM_Projects/FS_autonomous/ros/ros2_ws/install/vehiclecontrol_msgs/include/vehiclecontrol_msgs/vehiclecontrol_msgs/msg/detail/vehicle_control__type_support.c
[15.658s] -- Installing: /home/ebrahim/formula-carmaker-fs_2025/FCM_Projects/FS_autonomous/ros/ros2_ws/install/vehiclecontrol_msgs/include/vehiclecontrol_msgs/vehiclecontrol_msgs/msg/detail/vehicle_control__description.c
[15.658s] -- Installing: /home/ebrahim/formula-carmaker-fs_2025/FCM_Projects/FS_autonomous/ros/ros2_ws/install/vehiclecontrol_msgs/include/vehiclecontrol_msgs/vehiclecontrol_msgs/msg/vehicle_control.h
[15.658s] -- Installing: /home/ebrahim/formula-carmaker-fs_2025/FCM_Projects/FS_autonomous/ros/ros2_ws/install/vehiclecontrol_msgs/include/vehiclecontrol_msgs/vehiclecontrol_msgs/msg/rosidl_generator_c__visibility_control.h
[15.663s] -- Installing: /home/ebrahim/formula-carmaker-fs_2025/FCM_Projects/FS_autonomous/ros/ros2_ws/install/vehiclecontrol_msgs/share/vehiclecontrol_msgs/environment/library_path.sh
[15.664s] -- Installing: /home/ebrahim/formula-carmaker-fs_2025/FCM_Projects/FS_autonomous/ros/ros2_ws/install/vehiclecontrol_msgs/share/vehiclecontrol_msgs/environment/library_path.dsv
[15.664s] -- Installing: /home/ebrahim/formula-carmaker-fs_2025/FCM_Projects/FS_autonomous/ros/ros2_ws/install/vehiclecontrol_msgs/lib/libvehiclecontrol_msgs__rosidl_generator_c.so
[15.664s] -- Set non-toolchain portion of runtime path of "/home/ebrahim/formula-carmaker-fs_2025/FCM_Projects/FS_autonomous/ros/ros2_ws/install/vehiclecontrol_msgs/lib/libvehiclecontrol_msgs__rosidl_generator_c.so" to ""
[15.665s] -- Up-to-date: /home/ebrahim/formula-carmaker-fs_2025/FCM_Projects/FS_autonomous/ros/ros2_ws/install/vehiclecontrol_msgs/include/vehiclecontrol_msgs/vehiclecontrol_msgs
[15.665s] -- Up-to-date: /home/ebrahim/formula-carmaker-fs_2025/FCM_Projects/FS_autonomous/ros/ros2_ws/install/vehiclecontrol_msgs/include/vehiclecontrol_msgs/vehiclecontrol_msgs/msg
[15.665s] -- Up-to-date: /home/ebrahim/formula-carmaker-fs_2025/FCM_Projects/FS_autonomous/ros/ros2_ws/install/vehiclecontrol_msgs/include/vehiclecontrol_msgs/vehiclecontrol_msgs/msg/detail
[15.665s] -- Installing: /home/ebrahim/formula-carmaker-fs_2025/FCM_Projects/FS_autonomous/ros/ros2_ws/install/vehiclecontrol_msgs/include/vehiclecontrol_msgs/vehiclecontrol_msgs/msg/detail/vehicle_control__rosidl_typesupport_fastrtps_c.h
[15.665s] -- Installing: /home/ebrahim/formula-carmaker-fs_2025/FCM_Projects/FS_autonomous/ros/ros2_ws/install/vehiclecontrol_msgs/include/vehiclecontrol_msgs/vehiclecontrol_msgs/msg/rosidl_typesupport_fastrtps_c__visibility_control.h
[15.667s] -- Installing: /home/ebrahim/formula-carmaker-fs_2025/FCM_Projects/FS_autonomous/ros/ros2_ws/install/vehiclecontrol_msgs/lib/libvehiclecontrol_msgs__rosidl_typesupport_fastrtps_c.so
[15.667s] -- Set non-toolchain portion of runtime path of "/home/ebrahim/formula-carmaker-fs_2025/FCM_Projects/FS_autonomous/ros/ros2_ws/install/vehiclecontrol_msgs/lib/libvehiclecontrol_msgs__rosidl_typesupport_fastrtps_c.so" to ""
[15.667s] -- Up-to-date: /home/ebrahim/formula-carmaker-fs_2025/FCM_Projects/FS_autonomous/ros/ros2_ws/install/vehiclecontrol_msgs/include/vehiclecontrol_msgs/vehiclecontrol_msgs
[15.667s] -- Up-to-date: /home/ebrahim/formula-carmaker-fs_2025/FCM_Projects/FS_autonomous/ros/ros2_ws/install/vehiclecontrol_msgs/include/vehiclecontrol_msgs/vehiclecontrol_msgs/msg
[15.668s] -- Up-to-date: /home/ebrahim/formula-carmaker-fs_2025/FCM_Projects/FS_autonomous/ros/ros2_ws/install/vehiclecontrol_msgs/include/vehiclecontrol_msgs/vehiclecontrol_msgs/msg/detail
[15.669s] -- Installing: /home/ebrahim/formula-carmaker-fs_2025/FCM_Projects/FS_autonomous/ros/ros2_ws/install/vehiclecontrol_msgs/include/vehiclecontrol_msgs/vehiclecontrol_msgs/msg/detail/vehicle_control__rosidl_typesupport_introspection_c.h
[15.669s] -- Installing: /home/ebrahim/formula-carmaker-fs_2025/FCM_Projects/FS_autonomous/ros/ros2_ws/install/vehiclecontrol_msgs/include/vehiclecontrol_msgs/vehiclecontrol_msgs/msg/detail/vehicle_control__type_support.c
[15.669s] -- Installing: /home/ebrahim/formula-carmaker-fs_2025/FCM_Projects/FS_autonomous/ros/ros2_ws/install/vehiclecontrol_msgs/include/vehiclecontrol_msgs/vehiclecontrol_msgs/msg/rosidl_typesupport_introspection_c__visibility_control.h
[15.670s] -- Installing: /home/ebrahim/formula-carmaker-fs_2025/FCM_Projects/FS_autonomous/ros/ros2_ws/install/vehiclecontrol_msgs/lib/libvehiclecontrol_msgs__rosidl_typesupport_introspection_c.so
[15.670s] -- Set non-toolchain portion of runtime path of "/home/ebrahim/formula-carmaker-fs_2025/FCM_Projects/FS_autonomous/ros/ros2_ws/install/vehiclecontrol_msgs/lib/libvehiclecontrol_msgs__rosidl_typesupport_introspection_c.so" to ""
[15.671s] -- Installing: /home/ebrahim/formula-carmaker-fs_2025/FCM_Projects/FS_autonomous/ros/ros2_ws/install/vehiclecontrol_msgs/lib/libvehiclecontrol_msgs__rosidl_typesupport_c.so
[15.671s] -- Set non-toolchain portion of runtime path of "/home/ebrahim/formula-carmaker-fs_2025/FCM_Projects/FS_autonomous/ros/ros2_ws/install/vehiclecontrol_msgs/lib/libvehiclecontrol_msgs__rosidl_typesupport_c.so" to ""
[15.671s] -- Up-to-date: /home/ebrahim/formula-carmaker-fs_2025/FCM_Projects/FS_autonomous/ros/ros2_ws/install/vehiclecontrol_msgs/include/vehiclecontrol_msgs/vehiclecontrol_msgs
[15.672s] -- Up-to-date: /home/ebrahim/formula-carmaker-fs_2025/FCM_Projects/FS_autonomous/ros/ros2_ws/install/vehiclecontrol_msgs/include/vehiclecontrol_msgs/vehiclecontrol_msgs/msg
[15.672s] -- Up-to-date: /home/ebrahim/formula-carmaker-fs_2025/FCM_Projects/FS_autonomous/ros/ros2_ws/install/vehiclecontrol_msgs/include/vehiclecontrol_msgs/vehiclecontrol_msgs/msg/detail
[15.672s] -- Installing: /home/ebrahim/formula-carmaker-fs_2025/FCM_Projects/FS_autonomous/ros/ros2_ws/install/vehiclecontrol_msgs/include/vehiclecontrol_msgs/vehiclecontrol_msgs/msg/detail/vehicle_control__type_support.hpp
[15.673s] -- Installing: /home/ebrahim/formula-carmaker-fs_2025/FCM_Projects/FS_autonomous/ros/ros2_ws/install/vehiclecontrol_msgs/include/vehiclecontrol_msgs/vehiclecontrol_msgs/msg/detail/vehicle_control__struct.hpp
[15.673s] -- Installing: /home/ebrahim/formula-carmaker-fs_2025/FCM_Projects/FS_autonomous/ros/ros2_ws/install/vehiclecontrol_msgs/include/vehiclecontrol_msgs/vehiclecontrol_msgs/msg/detail/vehicle_control__traits.hpp
[15.674s] -- Installing: /home/ebrahim/formula-carmaker-fs_2025/FCM_Projects/FS_autonomous/ros/ros2_ws/install/vehiclecontrol_msgs/include/vehiclecontrol_msgs/vehiclecontrol_msgs/msg/detail/vehicle_control__builder.hpp
[15.674s] -- Installing: /home/ebrahim/formula-carmaker-fs_2025/FCM_Projects/FS_autonomous/ros/ros2_ws/install/vehiclecontrol_msgs/include/vehiclecontrol_msgs/vehiclecontrol_msgs/msg/rosidl_generator_cpp__visibility_control.hpp
[15.675s] -- Installing: /home/ebrahim/formula-carmaker-fs_2025/FCM_Projects/FS_autonomous/ros/ros2_ws/install/vehiclecontrol_msgs/include/vehiclecontrol_msgs/vehiclecontrol_msgs/msg/vehicle_control.hpp
[15.675s] -- Up-to-date: /home/ebrahim/formula-carmaker-fs_2025/FCM_Projects/FS_autonomous/ros/ros2_ws/install/vehiclecontrol_msgs/include/vehiclecontrol_msgs/vehiclecontrol_msgs
[15.676s] -- Up-to-date: /home/ebrahim/formula-carmaker-fs_2025/FCM_Projects/FS_autonomous/ros/ros2_ws/install/vehiclecontrol_msgs/include/vehiclecontrol_msgs/vehiclecontrol_msgs/msg
[15.676s] -- Up-to-date: /home/ebrahim/formula-carmaker-fs_2025/FCM_Projects/FS_autonomous/ros/ros2_ws/install/vehiclecontrol_msgs/include/vehiclecontrol_msgs/vehiclecontrol_msgs/msg/detail
[15.676s] -- Installing: /home/ebrahim/formula-carmaker-fs_2025/FCM_Projects/FS_autonomous/ros/ros2_ws/install/vehiclecontrol_msgs/include/vehiclecontrol_msgs/vehiclecontrol_msgs/msg/detail/vehicle_control__rosidl_typesupport_fastrtps_cpp.hpp
[15.676s] -- Installing: /home/ebrahim/formula-carmaker-fs_2025/FCM_Projects/FS_autonomous/ros/ros2_ws/install/vehiclecontrol_msgs/include/vehiclecontrol_msgs/vehiclecontrol_msgs/msg/detail/dds_fastrtps
[15.676s] -- Installing: /home/ebrahim/formula-carmaker-fs_2025/FCM_Projects/FS_autonomous/ros/ros2_ws/install/vehiclecontrol_msgs/include/vehiclecontrol_msgs/vehiclecontrol_msgs/msg/rosidl_typesupport_fastrtps_cpp__visibility_control.h
[15.677s] -- Installing: /home/ebrahim/formula-carmaker-fs_2025/FCM_Projects/FS_autonomous/ros/ros2_ws/install/vehiclecontrol_msgs/lib/libvehiclecontrol_msgs__rosidl_typesupport_fastrtps_cpp.so
[15.677s] -- Set non-toolchain portion of runtime path of "/home/ebrahim/formula-carmaker-fs_2025/FCM_Projects/FS_autonomous/ros/ros2_ws/install/vehiclecontrol_msgs/lib/libvehiclecontrol_msgs__rosidl_typesupport_fastrtps_cpp.so" to ""
[15.677s] -- Up-to-date: /home/ebrahim/formula-carmaker-fs_2025/FCM_Projects/FS_autonomous/ros/ros2_ws/install/vehiclecontrol_msgs/include/vehiclecontrol_msgs/vehiclecontrol_msgs
[15.677s] -- Up-to-date: /home/ebrahim/formula-carmaker-fs_2025/FCM_Projects/FS_autonomous/ros/ros2_ws/install/vehiclecontrol_msgs/include/vehiclecontrol_msgs/vehiclecontrol_msgs/msg
[15.678s] -- Up-to-date: /home/ebrahim/formula-carmaker-fs_2025/FCM_Projects/FS_autonomous/ros/ros2_ws/install/vehiclecontrol_msgs/include/vehiclecontrol_msgs/vehiclecontrol_msgs/msg/detail
[15.678s] -- Installing: /home/ebrahim/formula-carmaker-fs_2025/FCM_Projects/FS_autonomous/ros/ros2_ws/install/vehiclecontrol_msgs/include/vehiclecontrol_msgs/vehiclecontrol_msgs/msg/detail/vehicle_control__type_support.cpp
[15.678s] -- Installing: /home/ebrahim/formula-carmaker-fs_2025/FCM_Projects/FS_autonomous/ros/ros2_ws/install/vehiclecontrol_msgs/include/vehiclecontrol_msgs/vehiclecontrol_msgs/msg/detail/vehicle_control__rosidl_typesupport_introspection_cpp.hpp
[15.678s] -- Installing: /home/ebrahim/formula-carmaker-fs_2025/FCM_Projects/FS_autonomous/ros/ros2_ws/install/vehiclecontrol_msgs/lib/libvehiclecontrol_msgs__rosidl_typesupport_introspection_cpp.so
[15.678s] -- Set non-toolchain portion of runtime path of "/home/ebrahim/formula-carmaker-fs_2025/FCM_Projects/FS_autonomous/ros/ros2_ws/install/vehiclecontrol_msgs/lib/libvehiclecontrol_msgs__rosidl_typesupport_introspection_cpp.so" to ""
[15.679s] -- Installing: /home/ebrahim/formula-carmaker-fs_2025/FCM_Projects/FS_autonomous/ros/ros2_ws/install/vehiclecontrol_msgs/lib/libvehiclecontrol_msgs__rosidl_typesupport_cpp.so
[15.679s] -- Set non-toolchain portion of runtime path of "/home/ebrahim/formula-carmaker-fs_2025/FCM_Projects/FS_autonomous/ros/ros2_ws/install/vehiclecontrol_msgs/lib/libvehiclecontrol_msgs__rosidl_typesupport_cpp.so" to ""
[15.679s] -- Installing: /home/ebrahim/formula-carmaker-fs_2025/FCM_Projects/FS_autonomous/ros/ros2_ws/install/vehiclecontrol_msgs/share/vehiclecontrol_msgs/environment/pythonpath.sh
[15.680s] -- Installing: /home/ebrahim/formula-carmaker-fs_2025/FCM_Projects/FS_autonomous/ros/ros2_ws/install/vehiclecontrol_msgs/share/vehiclecontrol_msgs/environment/pythonpath.dsv
[15.680s] -- Installing: /home/ebrahim/formula-carmaker-fs_2025/FCM_Projects/FS_autonomous/ros/ros2_ws/install/vehiclecontrol_msgs/lib/python3.12/site-packages/vehiclecontrol_msgs-1.0.0-py3.12.egg-info
[15.680s] -- Installing: /home/ebrahim/formula-carmaker-fs_2025/FCM_Projects/FS_autonomous/ros/ros2_ws/install/vehiclecontrol_msgs/lib/python3.12/site-packages/vehiclecontrol_msgs-1.0.0-py3.12.egg-info/SOURCES.txt
[15.680s] -- Installing: /home/ebrahim/formula-carmaker-fs_2025/FCM_Projects/FS_autonomous/ros/ros2_ws/install/vehiclecontrol_msgs/lib/python3.12/site-packages/vehiclecontrol_msgs-1.0.0-py3.12.egg-info/PKG-INFO
[15.681s] -- Installing: /home/ebrahim/formula-carmaker-fs_2025/FCM_Projects/FS_autonomous/ros/ros2_ws/install/vehiclecontrol_msgs/lib/python3.12/site-packages/vehiclecontrol_msgs-1.0.0-py3.12.egg-info/top_level.txt
[15.681s] -- Installing: /home/ebrahim/formula-carmaker-fs_2025/FCM_Projects/FS_autonomous/ros/ros2_ws/install/vehiclecontrol_msgs/lib/python3.12/site-packages/vehiclecontrol_msgs-1.0.0-py3.12.egg-info/dependency_links.txt
[15.681s] -- Installing: /home/ebrahim/formula-carmaker-fs_2025/FCM_Projects/FS_autonomous/ros/ros2_ws/install/vehiclecontrol_msgs/lib/python3.12/site-packages/vehiclecontrol_msgs
[15.681s] -- Installing: /home/ebrahim/formula-carmaker-fs_2025/FCM_Projects/FS_autonomous/ros/ros2_ws/install/vehiclecontrol_msgs/lib/python3.12/site-packages/vehiclecontrol_msgs/vehiclecontrol_msgs_s__rosidl_typesupport_c.so
[15.681s] -- Installing: /home/ebrahim/formula-carmaker-fs_2025/FCM_Projects/FS_autonomous/ros/ros2_ws/install/vehiclecontrol_msgs/lib/python3.12/site-packages/vehiclecontrol_msgs/_vehiclecontrol_msgs_s.ep.rosidl_typesupport_c.c
[15.682s] -- Installing: /home/ebrahim/formula-carmaker-fs_2025/FCM_Projects/FS_autonomous/ros/ros2_ws/install/vehiclecontrol_msgs/lib/python3.12/site-packages/vehiclecontrol_msgs/vehiclecontrol_msgs_s__rosidl_typesupport_fastrtps_c.so
[15.682s] -- Installing: /home/ebrahim/formula-carmaker-fs_2025/FCM_Projects/FS_autonomous/ros/ros2_ws/install/vehiclecontrol_msgs/lib/python3.12/site-packages/vehiclecontrol_msgs/vehiclecontrol_msgs_s__rosidl_typesupport_introspection_c.so
[15.682s] -- Installing: /home/ebrahim/formula-carmaker-fs_2025/FCM_Projects/FS_autonomous/ros/ros2_ws/install/vehiclecontrol_msgs/lib/python3.12/site-packages/vehiclecontrol_msgs/msg
[15.682s] -- Installing: /home/ebrahim/formula-carmaker-fs_2025/FCM_Projects/FS_autonomous/ros/ros2_ws/install/vehiclecontrol_msgs/lib/python3.12/site-packages/vehiclecontrol_msgs/msg/_vehicle_control_s.c
[15.682s] -- Installing: /home/ebrahim/formula-carmaker-fs_2025/FCM_Projects/FS_autonomous/ros/ros2_ws/install/vehiclecontrol_msgs/lib/python3.12/site-packages/vehiclecontrol_msgs/msg/_vehicle_control.py
[15.682s] -- Installing: /home/ebrahim/formula-carmaker-fs_2025/FCM_Projects/FS_autonomous/ros/ros2_ws/install/vehiclecontrol_msgs/lib/python3.12/site-packages/vehiclecontrol_msgs/msg/__init__.py
[15.683s] -- Installing: /home/ebrahim/formula-carmaker-fs_2025/FCM_Projects/FS_autonomous/ros/ros2_ws/install/vehiclecontrol_msgs/lib/python3.12/site-packages/vehiclecontrol_msgs/__init__.py
[15.683s] -- Installing: /home/ebrahim/formula-carmaker-fs_2025/FCM_Projects/FS_autonomous/ros/ros2_ws/install/vehiclecontrol_msgs/lib/python3.12/site-packages/vehiclecontrol_msgs/_vehiclecontrol_msgs_s.ep.rosidl_typesupport_fastrtps_c.c
[15.683s] -- Installing: /home/ebrahim/formula-carmaker-fs_2025/FCM_Projects/FS_autonomous/ros/ros2_ws/install/vehiclecontrol_msgs/lib/python3.12/site-packages/vehiclecontrol_msgs/_vehiclecontrol_msgs_s.ep.rosidl_typesupport_introspection_c.c
[15.850s] Listing '/home/ebrahim/formula-carmaker-fs_2025/FCM_Projects/FS_autonomous/ros/ros2_ws/install/vehiclecontrol_msgs/lib/python3.12/site-packages/vehiclecontrol_msgs'...
[15.851s] Compiling '/home/ebrahim/formula-carmaker-fs_2025/FCM_Projects/FS_autonomous/ros/ros2_ws/install/vehiclecontrol_msgs/lib/python3.12/site-packages/vehiclecontrol_msgs/__init__.py'...
[15.852s] Listing '/home/ebrahim/formula-carmaker-fs_2025/FCM_Projects/FS_autonomous/ros/ros2_ws/install/vehiclecontrol_msgs/lib/python3.12/site-packages/vehiclecontrol_msgs/msg'...
[15.855s] Compiling '/home/ebrahim/formula-carmaker-fs_2025/FCM_Projects/FS_autonomous/ros/ros2_ws/install/vehiclecontrol_msgs/lib/python3.12/site-packages/vehiclecontrol_msgs/msg/__init__.py'...
[15.857s] Compiling '/home/ebrahim/formula-carmaker-fs_2025/FCM_Projects/FS_autonomous/ros/ros2_ws/install/vehiclecontrol_msgs/lib/python3.12/site-packages/vehiclecontrol_msgs/msg/_vehicle_control.py'...
[15.877s] -- Installing: /home/ebrahim/formula-carmaker-fs_2025/FCM_Projects/FS_autonomous/ros/ros2_ws/install/vehiclecontrol_msgs/lib/python3.12/site-packages/vehiclecontrol_msgs/vehiclecontrol_msgs_s__rosidl_typesupport_fastrtps_c.so
[15.878s] -- Set non-toolchain portion of runtime path of "/home/ebrahim/formula-carmaker-fs_2025/FCM_Projects/FS_autonomous/ros/ros2_ws/install/vehiclecontrol_msgs/lib/python3.12/site-packages/vehiclecontrol_msgs/vehiclecontrol_msgs_s__rosidl_typesupport_fastrtps_c.so" to ""
[15.879s] -- Installing: /home/ebrahim/formula-carmaker-fs_2025/FCM_Projects/FS_autonomous/ros/ros2_ws/install/vehiclecontrol_msgs/lib/python3.12/site-packages/vehiclecontrol_msgs/vehiclecontrol_msgs_s__rosidl_typesupport_introspection_c.so
[15.884s] -- Set non-toolchain portion of runtime path of "/home/ebrahim/formula-carmaker-fs_2025/FCM_Projects/FS_autonomous/ros/ros2_ws/install/vehiclecontrol_msgs/lib/python3.12/site-packages/vehiclecontrol_msgs/vehiclecontrol_msgs_s__rosidl_typesupport_introspection_c.so" to ""
[15.885s] -- Installing: /home/ebrahim/formula-carmaker-fs_2025/FCM_Projects/FS_autonomous/ros/ros2_ws/install/vehiclecontrol_msgs/lib/python3.12/site-packages/vehiclecontrol_msgs/vehiclecontrol_msgs_s__rosidl_typesupport_c.so
[15.886s] -- Set non-toolchain portion of runtime path of "/home/ebrahim/formula-carmaker-fs_2025/FCM_Projects/FS_autonomous/ros/ros2_ws/install/vehiclecontrol_msgs/lib/python3.12/site-packages/vehiclecontrol_msgs/vehiclecontrol_msgs_s__rosidl_typesupport_c.so" to ""
[15.887s] -- Installing: /home/ebrahim/formula-carmaker-fs_2025/FCM_Projects/FS_autonomous/ros/ros2_ws/install/vehiclecontrol_msgs/lib/libvehiclecontrol_msgs__rosidl_generator_py.so
[15.891s] -- Set non-toolchain portion of runtime path of "/home/ebrahim/formula-carmaker-fs_2025/FCM_Projects/FS_autonomous/ros/ros2_ws/install/vehiclecontrol_msgs/lib/libvehiclecontrol_msgs__rosidl_generator_py.so" to ""
[15.892s] -- Installing: /home/ebrahim/formula-carmaker-fs_2025/FCM_Projects/FS_autonomous/ros/ros2_ws/install/vehiclecontrol_msgs/share/vehiclecontrol_msgs/msg/VehicleControl.idl
[15.894s] -- Installing: /home/ebrahim/formula-carmaker-fs_2025/FCM_Projects/FS_autonomous/ros/ros2_ws/install/vehiclecontrol_msgs/share/vehiclecontrol_msgs/msg/VehicleControl.msg
[15.897s] -- Installing: /home/ebrahim/formula-carmaker-fs_2025/FCM_Projects/FS_autonomous/ros/ros2_ws/install/vehiclecontrol_msgs/share/ament_index/resource_index/package_run_dependencies/vehiclecontrol_msgs
[15.900s] -- Installing: /home/ebrahim/formula-carmaker-fs_2025/FCM_Projects/FS_autonomous/ros/ros2_ws/install/vehiclecontrol_msgs/share/ament_index/resource_index/parent_prefix_path/vehiclecontrol_msgs
[15.901s] -- Installing: /home/ebrahim/formula-carmaker-fs_2025/FCM_Projects/FS_autonomous/ros/ros2_ws/install/vehiclecontrol_msgs/share/vehiclecontrol_msgs/environment/ament_prefix_path.sh
[15.910s] -- Installing: /home/ebrahim/formula-carmaker-fs_2025/FCM_Projects/FS_autonomous/ros/ros2_ws/install/vehiclecontrol_msgs/share/vehiclecontrol_msgs/environment/ament_prefix_path.dsv
[15.913s] -- Installing: /home/ebrahim/formula-carmaker-fs_2025/FCM_Projects/FS_autonomous/ros/ros2_ws/install/vehiclecontrol_msgs/share/vehiclecontrol_msgs/environment/path.sh
[15.919s] -- Installing: /home/ebrahim/formula-carmaker-fs_2025/FCM_Projects/FS_autonomous/ros/ros2_ws/install/vehiclecontrol_msgs/share/vehiclecontrol_msgs/environment/path.dsv
[15.920s] -- Installing: /home/ebrahim/formula-carmaker-fs_2025/FCM_Projects/FS_autonomous/ros/ros2_ws/install/vehiclecontrol_msgs/share/vehiclecontrol_msgs/local_setup.bash
[15.922s] -- Installing: /home/ebrahim/formula-carmaker-fs_2025/FCM_Projects/FS_autonomous/ros/ros2_ws/install/vehiclecontrol_msgs/share/vehiclecontrol_msgs/local_setup.sh
[15.924s] -- Installing: /home/ebrahim/formula-carmaker-fs_2025/FCM_Projects/FS_autonomous/ros/ros2_ws/install/vehiclecontrol_msgs/share/vehiclecontrol_msgs/local_setup.zsh
[15.929s] -- Installing: /home/ebrahim/formula-carmaker-fs_2025/FCM_Projects/FS_autonomous/ros/ros2_ws/install/vehiclecontrol_msgs/share/vehiclecontrol_msgs/local_setup.dsv
[15.930s] -- Installing: /home/ebrahim/formula-carmaker-fs_2025/FCM_Projects/FS_autonomous/ros/ros2_ws/install/vehiclecontrol_msgs/share/vehiclecontrol_msgs/package.dsv
[15.932s] -- Installing: /home/ebrahim/formula-carmaker-fs_2025/FCM_Projects/FS_autonomous/ros/ros2_ws/install/vehiclecontrol_msgs/share/ament_index/resource_index/packages/vehiclecontrol_msgs
[15.934s] -- Installing: /home/ebrahim/formula-carmaker-fs_2025/FCM_Projects/FS_autonomous/ros/ros2_ws/install/vehiclecontrol_msgs/share/vehiclecontrol_msgs/cmake/export_vehiclecontrol_msgs__rosidl_generator_cExport.cmake
[15.967s] -- Installing: /home/ebrahim/formula-carmaker-fs_2025/FCM_Projects/FS_autonomous/ros/ros2_ws/install/vehiclecontrol_msgs/share/vehiclecontrol_msgs/cmake/export_vehiclecontrol_msgs__rosidl_generator_cExport-noconfig.cmake
[15.969s] -- Installing: /home/ebrahim/formula-carmaker-fs_2025/FCM_Projects/FS_autonomous/ros/ros2_ws/install/vehiclecontrol_msgs/share/vehiclecontrol_msgs/cmake/export_vehiclecontrol_msgs__rosidl_typesupport_fastrtps_cExport.cmake
[15.975s] -- Installing: /home/ebrahim/formula-carmaker-fs_2025/FCM_Projects/FS_autonomous/ros/ros2_ws/install/vehiclecontrol_msgs/share/vehiclecontrol_msgs/cmake/export_vehiclecontrol_msgs__rosidl_typesupport_fastrtps_cExport-noconfig.cmake
[15.977s] -- Installing: /home/ebrahim/formula-carmaker-fs_2025/FCM_Projects/FS_autonomous/ros/ros2_ws/install/vehiclecontrol_msgs/share/vehiclecontrol_msgs/cmake/vehiclecontrol_msgs__rosidl_typesupport_introspection_cExport.cmake
[15.978s] -- Installing: /home/ebrahim/formula-carmaker-fs_2025/FCM_Projects/FS_autonomous/ros/ros2_ws/install/vehiclecontrol_msgs/share/vehiclecontrol_msgs/cmake/vehiclecontrol_msgs__rosidl_typesupport_introspection_cExport-noconfig.cmake
[15.985s] -- Installing: /home/ebrahim/formula-carmaker-fs_2025/FCM_Projects/FS_autonomous/ros/ros2_ws/install/vehiclecontrol_msgs/share/vehiclecontrol_msgs/cmake/vehiclecontrol_msgs__rosidl_typesupport_cExport.cmake
[15.987s] -- Installing: /home/ebrahim/formula-carmaker-fs_2025/FCM_Projects/FS_autonomous/ros/ros2_ws/install/vehiclecontrol_msgs/share/vehiclecontrol_msgs/cmake/vehiclecontrol_msgs__rosidl_typesupport_cExport-noconfig.cmake
[15.989s] -- Installing: /home/ebrahim/formula-carmaker-fs_2025/FCM_Projects/FS_autonomous/ros/ros2_ws/install/vehiclecontrol_msgs/share/vehiclecontrol_msgs/cmake/export_vehiclecontrol_msgs__rosidl_generator_cppExport.cmake
[15.990s] -- Installing: /home/ebrahim/formula-carmaker-fs_2025/FCM_Projects/FS_autonomous/ros/ros2_ws/install/vehiclecontrol_msgs/share/vehiclecontrol_msgs/cmake/export_vehiclecontrol_msgs__rosidl_typesupport_fastrtps_cppExport.cmake
[15.991s] -- Installing: /home/ebrahim/formula-carmaker-fs_2025/FCM_Projects/FS_autonomous/ros/ros2_ws/install/vehiclecontrol_msgs/share/vehiclecontrol_msgs/cmake/export_vehiclecontrol_msgs__rosidl_typesupport_fastrtps_cppExport-noconfig.cmake
[15.998s] -- Installing: /home/ebrahim/formula-carmaker-fs_2025/FCM_Projects/FS_autonomous/ros/ros2_ws/install/vehiclecontrol_msgs/share/vehiclecontrol_msgs/cmake/vehiclecontrol_msgs__rosidl_typesupport_introspection_cppExport.cmake
[15.999s] -- Installing: /home/ebrahim/formula-carmaker-fs_2025/FCM_Projects/FS_autonomous/ros/ros2_ws/install/vehiclecontrol_msgs/share/vehiclecontrol_msgs/cmake/vehiclecontrol_msgs__rosidl_typesupport_introspection_cppExport-noconfig.cmake
[16.001s] -- Installing: /home/ebrahim/formula-carmaker-fs_2025/FCM_Projects/FS_autonomous/ros/ros2_ws/install/vehiclecontrol_msgs/share/vehiclecontrol_msgs/cmake/vehiclecontrol_msgs__rosidl_typesupport_cppExport.cmake
[16.006s] -- Installing: /home/ebrahim/formula-carmaker-fs_2025/FCM_Projects/FS_autonomous/ros/ros2_ws/install/vehiclecontrol_msgs/share/vehiclecontrol_msgs/cmake/vehiclecontrol_msgs__rosidl_typesupport_cppExport-noconfig.cmake
[16.009s] -- Installing: /home/ebrahim/formula-carmaker-fs_2025/FCM_Projects/FS_autonomous/ros/ros2_ws/install/vehiclecontrol_msgs/share/vehiclecontrol_msgs/cmake/export_vehiclecontrol_msgs__rosidl_generator_pyExport.cmake
[16.011s] -- Installing: /home/ebrahim/formula-carmaker-fs_2025/FCM_Projects/FS_autonomous/ros/ros2_ws/install/vehiclecontrol_msgs/share/vehiclecontrol_msgs/cmake/export_vehiclecontrol_msgs__rosidl_generator_pyExport-noconfig.cmake
[16.016s] -- Installing: /home/ebrahim/formula-carmaker-fs_2025/FCM_Projects/FS_autonomous/ros/ros2_ws/install/vehiclecontrol_msgs/share/vehiclecontrol_msgs/cmake/rosidl_cmake-extras.cmake
[16.018s] -- Installing: /home/ebrahim/formula-carmaker-fs_2025/FCM_Projects/FS_autonomous/ros/ros2_ws/install/vehiclecontrol_msgs/share/vehiclecontrol_msgs/cmake/ament_cmake_export_dependencies-extras.cmake
[16.019s] -- Installing: /home/ebrahim/formula-carmaker-fs_2025/FCM_Projects/FS_autonomous/ros/ros2_ws/install/vehiclecontrol_msgs/share/vehiclecontrol_msgs/cmake/ament_cmake_export_include_directories-extras.cmake
[16.021s] -- Installing: /home/ebrahim/formula-carmaker-fs_2025/FCM_Projects/FS_autonomous/ros/ros2_ws/install/vehiclecontrol_msgs/share/vehiclecontrol_msgs/cmake/ament_cmake_export_libraries-extras.cmake
[16.022s] -- Installing: /home/ebrahim/formula-carmaker-fs_2025/FCM_Projects/FS_autonomous/ros/ros2_ws/install/vehiclecontrol_msgs/share/vehiclecontrol_msgs/cmake/ament_cmake_export_targets-extras.cmake
[16.024s] -- Installing: /home/ebrahim/formula-carmaker-fs_2025/FCM_Projects/FS_autonomous/ros/ros2_ws/install/vehiclecontrol_msgs/share/vehiclecontrol_msgs/cmake/rosidl_cmake_export_typesupport_targets-extras.cmake
[16.025s] -- Installing: /home/ebrahim/formula-carmaker-fs_2025/FCM_Projects/FS_autonomous/ros/ros2_ws/install/vehiclecontrol_msgs/share/vehiclecontrol_msgs/cmake/rosidl_cmake_export_typesupport_libraries-extras.cmake
[16.027s] -- Installing: /home/ebrahim/formula-carmaker-fs_2025/FCM_Projects/FS_autonomous/ros/ros2_ws/install/vehiclecontrol_msgs/share/vehiclecontrol_msgs/cmake/vehiclecontrol_msgsConfig.cmake
[16.030s] -- Installing: /home/ebrahim/formula-carmaker-fs_2025/FCM_Projects/FS_autonomous/ros/ros2_ws/install/vehiclecontrol_msgs/share/vehiclecontrol_msgs/cmake/vehiclecontrol_msgsConfig-version.cmake
[16.032s] -- Installing: /home/ebrahim/formula-carmaker-fs_2025/FCM_Projects/FS_autonomous/ros/ros2_ws/install/vehiclecontrol_msgs/share/vehiclecontrol_msgs/package.xml
[16.033s] Invoked command in '/home/ebrahim/formula-carmaker-fs_2025/FCM_Projects/FS_autonomous/ros/ros2_ws/build/vehiclecontrol_msgs' returned '0': CMAKE_PREFIX_PATH=${CMAKE_PREFIX_PATH}:/opt/ros/jazzy DEBUGINFOD_URLS=https://debuginfod.ubuntu.com /usr/bin/cmake --install /home/ebrahim/formula-carmaker-fs_2025/FCM_Projects/FS_autonomous/ros/ros2_ws/build/vehiclecontrol_msgs
