[0.023s] Invoking command in '/home/ebrahim/formula-carmaker-fs_2025/FCM_Projects/FS_autonomous/ros/ros2_ws/build/camera_msgs': CMAKE_PREFIX_PATH=${CMAKE_PREFIX_PATH}:/opt/ros/jazzy DEBUGINFOD_URLS=https://debuginfod.ubuntu.com /usr/bin/cmake /home/ebrahim/formula-carmaker-fs_2025/FCM_Projects/FS_autonomous/ros/ros2_ws/src/camera_msgs -DCARMAKER_VER:STRING=14.1.1 -DCARMAKER_DIR:PATH=/opt/ipg/carmaker/linux64-14.1.1 --no-warn-unused-cli -DCMAKE_INSTALL_PREFIX=/home/ebrahim/formula-carmaker-fs_2025/FCM_Projects/FS_autonomous/ros/ros2_ws/install/camera_msgs
[0.034s] Not searching for unused variables given on the command line.
[0.087s] -- The C compiler identification is GNU 12.4.0
[0.148s] -- The CXX compiler identification is GNU 12.4.0
[0.165s] -- Detecting C compiler ABI info
[0.254s] -- Detecting C compiler ABI info - done
[0.272s] -- Check for working C compiler: /usr/bin/cc - skipped
[0.272s] -- Detecting C compile features
[0.273s] -- Detecting C compile features - done
[0.283s] -- Detecting CXX compiler ABI info
[0.377s] -- Detecting CXX compiler ABI info - done
[0.386s] -- Check for working CXX compiler: /usr/bin/c++ - skipped
[0.387s] -- Detecting CXX compile features
[0.387s] -- Detecting CXX compile features - done
[0.391s] -- Found ament_cmake: 2.5.4 (/opt/ros/jazzy/share/ament_cmake/cmake)
[0.737s] -- Found Python3: /usr/bin/python3 (found version "3.12.3") found components: Interpreter 
[0.870s] -- Found rosidl_default_generators: 1.6.0 (/opt/ros/jazzy/share/rosidl_default_generators/cmake)
[0.878s] -- Using all available rosidl_typesupport_c: rosidl_typesupport_fastrtps_c;rosidl_typesupport_introspection_c
[0.968s] -- Using all available rosidl_typesupport_cpp: rosidl_typesupport_fastrtps_cpp;rosidl_typesupport_introspection_cpp
[1.034s] -- Found rosidl_adapter: 4.6.6 (/opt/ros/jazzy/share/rosidl_adapter/cmake)
[1.039s] -- Found rclcpp: 28.1.13 (/opt/ros/jazzy/share/rclcpp/cmake)
[1.171s] -- Found rmw_implementation_cmake: 7.3.2 (/opt/ros/jazzy/share/rmw_implementation_cmake/cmake)
[1.178s] -- Found rmw_zenoh_cpp: 0.2.9 (/opt/ros/jazzy/share/rmw_zenoh_cpp/cmake)
[1.179s] -- Using RMW implementation 'rmw_zenoh_cpp' as default
[1.283s] -- Found std_msgs: 5.3.6 (/opt/ros/jazzy/share/std_msgs/cmake)
[2.558s] -- Found ament_cmake_ros: 0.12.0 (/opt/ros/jazzy/share/ament_cmake_ros/cmake)
[3.673s] -- Using all available rosidl_typesupport_c: rosidl_typesupport_fastrtps_c;rosidl_typesupport_introspection_c
[5.180s] -- Using all available rosidl_typesupport_cpp: rosidl_typesupport_fastrtps_cpp;rosidl_typesupport_introspection_cpp
[5.187s] -- Found python_cmake_module: 0.11.1 (/opt/ros/jazzy/share/python_cmake_module/cmake)
[5.505s] -- Found PythonExtra: /usr/bin/python3  
[6.710s] -- Found Python3: /usr/bin/python3 (found version "3.12.3") found components: Interpreter Development NumPy Development.Module Development.Embed 
[6.848s] -- Found ament_lint_auto: 0.17.3 (/opt/ros/jazzy/share/ament_lint_auto/cmake)
[6.861s] -- Configuring done (6.8s)
[6.940s] -- Generating done (0.1s)
[6.976s] -- Build files have been written to: /home/ebrahim/formula-carmaker-fs_2025/FCM_Projects/FS_autonomous/ros/ros2_ws/build/camera_msgs
[6.994s] Invoked command in '/home/ebrahim/formula-carmaker-fs_2025/FCM_Projects/FS_autonomous/ros/ros2_ws/build/camera_msgs' returned '0': CMAKE_PREFIX_PATH=${CMAKE_PREFIX_PATH}:/opt/ros/jazzy DEBUGINFOD_URLS=https://debuginfod.ubuntu.com /usr/bin/cmake /home/ebrahim/formula-carmaker-fs_2025/FCM_Projects/FS_autonomous/ros/ros2_ws/src/camera_msgs -DCARMAKER_VER:STRING=14.1.1 -DCARMAKER_DIR:PATH=/opt/ipg/carmaker/linux64-14.1.1 --no-warn-unused-cli -DCMAKE_INSTALL_PREFIX=/home/ebrahim/formula-carmaker-fs_2025/FCM_Projects/FS_autonomous/ros/ros2_ws/install/camera_msgs
[6.996s] Invoking command in '/home/ebrahim/formula-carmaker-fs_2025/FCM_Projects/FS_autonomous/ros/ros2_ws/build/camera_msgs': CMAKE_PREFIX_PATH=${CMAKE_PREFIX_PATH}:/opt/ros/jazzy DEBUGINFOD_URLS=https://debuginfod.ubuntu.com /usr/bin/cmake --build /home/ebrahim/formula-carmaker-fs_2025/FCM_Projects/FS_autonomous/ros/ros2_ws/build/camera_msgs -- -j12 -l12
[7.071s] [  2%] [34m[1mGenerating type hashes for ROS interfaces[0m
[7.097s] [  2%] Built target ament_cmake_python_copy_camera_msgs
[7.651s] running egg_info
[7.654s] creating camera_msgs.egg-info
[7.688s] [  2%] Built target camera_msgs__rosidl_generator_type_description
[7.705s] [  4%] [34m[1mGenerating C code for ROS interfaces[0m
[7.710s] [  6%] [34m[1mGenerating C++ code for ROS interfaces[0m
[7.909s] writing camera_msgs.egg-info/PKG-INFO
[7.910s] writing dependency_links to camera_msgs.egg-info/dependency_links.txt
[7.911s] writing top-level names to camera_msgs.egg-info/top_level.txt
[7.912s] writing manifest file 'camera_msgs.egg-info/SOURCES.txt'
[8.177s] reading manifest file 'camera_msgs.egg-info/SOURCES.txt'
[8.178s] writing manifest file 'camera_msgs.egg-info/SOURCES.txt'
[8.243s] [  6%] Built target ament_cmake_python_build_camera_msgs_egg
[8.651s] [  6%] Built target camera_msgs__cpp
[8.862s] [  9%] [32mBuilding C object CMakeFiles/camera_msgs__rosidl_generator_c.dir/rosidl_generator_c/camera_msgs/msg/detail/camera_detection__description.c.o[0m
[8.865s] [ 11%] [32mBuilding C object CMakeFiles/camera_msgs__rosidl_generator_c.dir/rosidl_generator_c/camera_msgs/msg/detail/camera_detection__functions.c.o[0m
[8.866s] [ 13%] [32mBuilding C object CMakeFiles/camera_msgs__rosidl_generator_c.dir/rosidl_generator_c/camera_msgs/msg/detail/camera_detection__type_support.c.o[0m
[8.866s] [ 15%] [32mBuilding C object CMakeFiles/camera_msgs__rosidl_generator_c.dir/rosidl_generator_c/camera_msgs/msg/detail/camera_detection_array__description.c.o[0m
[8.868s] [ 18%] [32mBuilding C object CMakeFiles/camera_msgs__rosidl_generator_c.dir/rosidl_generator_c/camera_msgs/msg/detail/camera_detection_array__type_support.c.o[0m
[8.871s] [ 20%] [32mBuilding C object CMakeFiles/camera_msgs__rosidl_generator_c.dir/rosidl_generator_c/camera_msgs/msg/detail/camera_detection_array__functions.c.o[0m
[9.099s] [ 22%] [32m[1mLinking C shared library libcamera_msgs__rosidl_generator_c.so[0m
[9.411s] [ 22%] Built target camera_msgs__rosidl_generator_c
[9.436s] [ 25%] [34m[1mGenerating C type support for eProsima Fast-RTPS[0m
[9.445s] [ 27%] [34m[1mGenerating C++ type support dispatch for ROS interfaces[0m
[9.446s] [ 29%] [34m[1mGenerating C++ introspection for ROS interfaces[0m
[9.456s] [ 31%] [34m[1mGenerating C introspection for ROS interfaces[0m
[9.466s] [ 34%] [34m[1mGenerating C type support dispatch for ROS interfaces[0m
[9.468s] [ 36%] [34m[1mGenerating C++ type support for eProsima Fast-RTPS[0m
[10.442s] [ 38%] [32mBuilding CXX object CMakeFiles/camera_msgs__rosidl_typesupport_c.dir/rosidl_typesupport_c/camera_msgs/msg/camera_detection__type_support.cpp.o[0m
[10.442s] [ 40%] [32mBuilding CXX object CMakeFiles/camera_msgs__rosidl_typesupport_c.dir/rosidl_typesupport_c/camera_msgs/msg/camera_detection_array__type_support.cpp.o[0m
[10.558s] [ 43%] [32m[1mLinking CXX shared library libcamera_msgs__rosidl_typesupport_c.so[0m
[10.565s] [ 47%] [32mBuilding CXX object CMakeFiles/camera_msgs__rosidl_typesupport_fastrtps_cpp.dir/rosidl_typesupport_fastrtps_cpp/camera_msgs/msg/detail/dds_fastrtps/camera_detection__type_support.cpp.o[0m
[10.569s] [ 45%] [32mBuilding CXX object CMakeFiles/camera_msgs__rosidl_typesupport_fastrtps_cpp.dir/rosidl_typesupport_fastrtps_cpp/camera_msgs/msg/detail/dds_fastrtps/camera_detection_array__type_support.cpp.o[0m
[10.660s] [ 50%] [32mBuilding CXX object CMakeFiles/camera_msgs__rosidl_typesupport_cpp.dir/rosidl_typesupport_cpp/camera_msgs/msg/camera_detection__type_support.cpp.o[0m
[10.660s] [ 52%] [32mBuilding CXX object CMakeFiles/camera_msgs__rosidl_typesupport_cpp.dir/rosidl_typesupport_cpp/camera_msgs/msg/camera_detection_array__type_support.cpp.o[0m
[10.671s] [ 54%] [32mBuilding CXX object CMakeFiles/camera_msgs__rosidl_typesupport_introspection_cpp.dir/rosidl_typesupport_introspection_cpp/camera_msgs/msg/detail/camera_detection__type_support.cpp.o[0m
[10.673s] [ 56%] [32mBuilding CXX object CMakeFiles/camera_msgs__rosidl_typesupport_introspection_cpp.dir/rosidl_typesupport_introspection_cpp/camera_msgs/msg/detail/camera_detection_array__type_support.cpp.o[0m
[10.713s] [ 56%] Built target camera_msgs__rosidl_typesupport_c
[10.726s] [ 59%] [32mBuilding CXX object CMakeFiles/camera_msgs__rosidl_typesupport_fastrtps_c.dir/rosidl_typesupport_fastrtps_c/camera_msgs/msg/detail/camera_detection__type_support_c.cpp.o[0m
[10.730s] [ 61%] [32mBuilding CXX object CMakeFiles/camera_msgs__rosidl_typesupport_fastrtps_c.dir/rosidl_typesupport_fastrtps_c/camera_msgs/msg/detail/camera_detection_array__type_support_c.cpp.o[0m
[10.856s] [ 63%] [32mBuilding C object CMakeFiles/camera_msgs__rosidl_typesupport_introspection_c.dir/rosidl_typesupport_introspection_c/camera_msgs/msg/detail/camera_detection__type_support.c.o[0m
[10.868s] [ 65%] [32mBuilding C object CMakeFiles/camera_msgs__rosidl_typesupport_introspection_c.dir/rosidl_typesupport_introspection_c/camera_msgs/msg/detail/camera_detection_array__type_support.c.o[0m
[11.046s] [ 68%] [32m[1mLinking C shared library libcamera_msgs__rosidl_typesupport_introspection_c.so[0m
[11.166s] [ 68%] Built target camera_msgs__rosidl_typesupport_introspection_c
[11.797s] [ 70%] [32m[1mLinking CXX shared library libcamera_msgs__rosidl_typesupport_cpp.so[0m
[11.841s] [ 72%] [32m[1mLinking CXX shared library libcamera_msgs__rosidl_typesupport_introspection_cpp.so[0m
[11.924s] [ 72%] Built target camera_msgs__rosidl_typesupport_cpp
[12.034s] [ 72%] Built target camera_msgs__rosidl_typesupport_introspection_cpp
[12.108s] [ 75%] [32m[1mLinking CXX shared library libcamera_msgs__rosidl_typesupport_fastrtps_cpp.so[0m
[12.324s] [ 75%] Built target camera_msgs__rosidl_typesupport_fastrtps_cpp
[12.344s] [ 77%] [32m[1mLinking CXX shared library libcamera_msgs__rosidl_typesupport_fastrtps_c.so[0m
[12.459s] [ 77%] Built target camera_msgs__rosidl_typesupport_fastrtps_c
[12.494s] [ 77%] Built target camera_msgs
[12.538s] [ 79%] [34m[1mGenerating Python code for ROS interfaces[0m
[13.994s] [ 79%] Built target camera_msgs__py
[14.045s] [ 81%] [32mBuilding C object CMakeFiles/camera_msgs__rosidl_generator_py.dir/rosidl_generator_py/camera_msgs/msg/_camera_detection_s.c.o[0m
[14.058s] [ 84%] [32mBuilding C object CMakeFiles/camera_msgs__rosidl_generator_py.dir/rosidl_generator_py/camera_msgs/msg/_camera_detection_array_s.c.o[0m
[14.593s] [ 86%] [32m[1mLinking C shared library libcamera_msgs__rosidl_generator_py.so[0m
[14.733s] [ 86%] Built target camera_msgs__rosidl_generator_py
[14.786s] [ 88%] [32mBuilding C object CMakeFiles/camera_msgs_s__rosidl_typesupport_c.dir/rosidl_generator_py/camera_msgs/_camera_msgs_s.ep.rosidl_typesupport_c.c.o[0m
[14.799s] [ 90%] [32mBuilding C object CMakeFiles/camera_msgs_s__rosidl_typesupport_fastrtps_c.dir/rosidl_generator_py/camera_msgs/_camera_msgs_s.ep.rosidl_typesupport_fastrtps_c.c.o[0m
[14.801s] [ 93%] [32mBuilding C object CMakeFiles/camera_msgs_s__rosidl_typesupport_introspection_c.dir/rosidl_generator_py/camera_msgs/_camera_msgs_s.ep.rosidl_typesupport_introspection_c.c.o[0m
[15.213s] [ 95%] [32m[1mLinking C shared module rosidl_generator_py/camera_msgs/camera_msgs_s__rosidl_typesupport_introspection_c.so[0m
[15.271s] [ 97%] [32m[1mLinking C shared module rosidl_generator_py/camera_msgs/camera_msgs_s__rosidl_typesupport_fastrtps_c.so[0m
[15.283s] [100%] [32m[1mLinking C shared module rosidl_generator_py/camera_msgs/camera_msgs_s__rosidl_typesupport_c.so[0m
[15.307s] [100%] Built target camera_msgs_s__rosidl_typesupport_introspection_c
[15.367s] [100%] Built target camera_msgs_s__rosidl_typesupport_fastrtps_c
[15.389s] [100%] Built target camera_msgs_s__rosidl_typesupport_c
[15.425s] Invoked command in '/home/ebrahim/formula-carmaker-fs_2025/FCM_Projects/FS_autonomous/ros/ros2_ws/build/camera_msgs' returned '0': CMAKE_PREFIX_PATH=${CMAKE_PREFIX_PATH}:/opt/ros/jazzy DEBUGINFOD_URLS=https://debuginfod.ubuntu.com /usr/bin/cmake --build /home/ebrahim/formula-carmaker-fs_2025/FCM_Projects/FS_autonomous/ros/ros2_ws/build/camera_msgs -- -j12 -l12
[15.428s] Invoking command in '/home/ebrahim/formula-carmaker-fs_2025/FCM_Projects/FS_autonomous/ros/ros2_ws/build/camera_msgs': CMAKE_PREFIX_PATH=${CMAKE_PREFIX_PATH}:/opt/ros/jazzy DEBUGINFOD_URLS=https://debuginfod.ubuntu.com /usr/bin/cmake --install /home/ebrahim/formula-carmaker-fs_2025/FCM_Projects/FS_autonomous/ros/ros2_ws/build/camera_msgs
[15.454s] -- Install configuration: ""
[15.454s] -- Installing: /home/ebrahim/formula-carmaker-fs_2025/FCM_Projects/FS_autonomous/ros/ros2_ws/install/camera_msgs/share/ament_index/resource_index/rosidl_interfaces/camera_msgs
[15.454s] -- Installing: /home/ebrahim/formula-carmaker-fs_2025/FCM_Projects/FS_autonomous/ros/ros2_ws/install/camera_msgs/share/camera_msgs/msg/CameraDetection.json
[15.458s] -- Installing: /home/ebrahim/formula-carmaker-fs_2025/FCM_Projects/FS_autonomous/ros/ros2_ws/install/camera_msgs/share/camera_msgs/msg/CameraDetectionArray.json
[15.459s] -- Installing: /home/ebrahim/formula-carmaker-fs_2025/FCM_Projects/FS_autonomous/ros/ros2_ws/install/camera_msgs/include/camera_msgs/camera_msgs
[15.459s] -- Installing: /home/ebrahim/formula-carmaker-fs_2025/FCM_Projects/FS_autonomous/ros/ros2_ws/install/camera_msgs/include/camera_msgs/camera_msgs/msg
[15.459s] -- Installing: /home/ebrahim/formula-carmaker-fs_2025/FCM_Projects/FS_autonomous/ros/ros2_ws/install/camera_msgs/include/camera_msgs/camera_msgs/msg/detail
[15.460s] -- Installing: /home/ebrahim/formula-carmaker-fs_2025/FCM_Projects/FS_autonomous/ros/ros2_ws/install/camera_msgs/include/camera_msgs/camera_msgs/msg/detail/camera_detection_array__functions.c
[15.460s] -- Installing: /home/ebrahim/formula-carmaker-fs_2025/FCM_Projects/FS_autonomous/ros/ros2_ws/install/camera_msgs/include/camera_msgs/camera_msgs/msg/detail/camera_detection__struct.h
[15.460s] -- Installing: /home/ebrahim/formula-carmaker-fs_2025/FCM_Projects/FS_autonomous/ros/ros2_ws/install/camera_msgs/include/camera_msgs/camera_msgs/msg/detail/camera_detection__functions.c
[15.460s] -- Installing: /home/ebrahim/formula-carmaker-fs_2025/FCM_Projects/FS_autonomous/ros/ros2_ws/install/camera_msgs/include/camera_msgs/camera_msgs/msg/detail/camera_detection__functions.h
[15.460s] -- Installing: /home/ebrahim/formula-carmaker-fs_2025/FCM_Projects/FS_autonomous/ros/ros2_ws/install/camera_msgs/include/camera_msgs/camera_msgs/msg/detail/camera_detection_array__functions.h
[15.461s] -- Installing: /home/ebrahim/formula-carmaker-fs_2025/FCM_Projects/FS_autonomous/ros/ros2_ws/install/camera_msgs/include/camera_msgs/camera_msgs/msg/detail/camera_detection__description.c
[15.461s] -- Installing: /home/ebrahim/formula-carmaker-fs_2025/FCM_Projects/FS_autonomous/ros/ros2_ws/install/camera_msgs/include/camera_msgs/camera_msgs/msg/detail/camera_detection_array__description.c
[15.461s] -- Installing: /home/ebrahim/formula-carmaker-fs_2025/FCM_Projects/FS_autonomous/ros/ros2_ws/install/camera_msgs/include/camera_msgs/camera_msgs/msg/detail/camera_detection__type_support.h
[15.461s] -- Installing: /home/ebrahim/formula-carmaker-fs_2025/FCM_Projects/FS_autonomous/ros/ros2_ws/install/camera_msgs/include/camera_msgs/camera_msgs/msg/detail/camera_detection_array__type_support.h
[15.464s] -- Installing: /home/ebrahim/formula-carmaker-fs_2025/FCM_Projects/FS_autonomous/ros/ros2_ws/install/camera_msgs/include/camera_msgs/camera_msgs/msg/detail/camera_detection__type_support.c
[15.464s] -- Installing: /home/ebrahim/formula-carmaker-fs_2025/FCM_Projects/FS_autonomous/ros/ros2_ws/install/camera_msgs/include/camera_msgs/camera_msgs/msg/detail/camera_detection_array__type_support.c
[15.464s] -- Installing: /home/ebrahim/formula-carmaker-fs_2025/FCM_Projects/FS_autonomous/ros/ros2_ws/install/camera_msgs/include/camera_msgs/camera_msgs/msg/detail/camera_detection_array__struct.h
[15.464s] -- Installing: /home/ebrahim/formula-carmaker-fs_2025/FCM_Projects/FS_autonomous/ros/ros2_ws/install/camera_msgs/include/camera_msgs/camera_msgs/msg/camera_detection.h
[15.464s] -- Installing: /home/ebrahim/formula-carmaker-fs_2025/FCM_Projects/FS_autonomous/ros/ros2_ws/install/camera_msgs/include/camera_msgs/camera_msgs/msg/rosidl_generator_c__visibility_control.h
[15.464s] -- Installing: /home/ebrahim/formula-carmaker-fs_2025/FCM_Projects/FS_autonomous/ros/ros2_ws/install/camera_msgs/include/camera_msgs/camera_msgs/msg/camera_detection_array.h
[15.465s] -- Installing: /home/ebrahim/formula-carmaker-fs_2025/FCM_Projects/FS_autonomous/ros/ros2_ws/install/camera_msgs/share/camera_msgs/environment/library_path.sh
[15.466s] -- Installing: /home/ebrahim/formula-carmaker-fs_2025/FCM_Projects/FS_autonomous/ros/ros2_ws/install/camera_msgs/share/camera_msgs/environment/library_path.dsv
[15.466s] -- Installing: /home/ebrahim/formula-carmaker-fs_2025/FCM_Projects/FS_autonomous/ros/ros2_ws/install/camera_msgs/lib/libcamera_msgs__rosidl_generator_c.so
[15.466s] -- Set non-toolchain portion of runtime path of "/home/ebrahim/formula-carmaker-fs_2025/FCM_Projects/FS_autonomous/ros/ros2_ws/install/camera_msgs/lib/libcamera_msgs__rosidl_generator_c.so" to ""
[15.467s] -- Up-to-date: /home/ebrahim/formula-carmaker-fs_2025/FCM_Projects/FS_autonomous/ros/ros2_ws/install/camera_msgs/include/camera_msgs/camera_msgs
[15.467s] -- Up-to-date: /home/ebrahim/formula-carmaker-fs_2025/FCM_Projects/FS_autonomous/ros/ros2_ws/install/camera_msgs/include/camera_msgs/camera_msgs/msg
[15.467s] -- Up-to-date: /home/ebrahim/formula-carmaker-fs_2025/FCM_Projects/FS_autonomous/ros/ros2_ws/install/camera_msgs/include/camera_msgs/camera_msgs/msg/detail
[15.467s] -- Installing: /home/ebrahim/formula-carmaker-fs_2025/FCM_Projects/FS_autonomous/ros/ros2_ws/install/camera_msgs/include/camera_msgs/camera_msgs/msg/detail/camera_detection_array__rosidl_typesupport_fastrtps_c.h
[15.469s] -- Installing: /home/ebrahim/formula-carmaker-fs_2025/FCM_Projects/FS_autonomous/ros/ros2_ws/install/camera_msgs/include/camera_msgs/camera_msgs/msg/detail/camera_detection__rosidl_typesupport_fastrtps_c.h
[15.469s] -- Installing: /home/ebrahim/formula-carmaker-fs_2025/FCM_Projects/FS_autonomous/ros/ros2_ws/install/camera_msgs/include/camera_msgs/camera_msgs/msg/rosidl_typesupport_fastrtps_c__visibility_control.h
[15.469s] -- Installing: /home/ebrahim/formula-carmaker-fs_2025/FCM_Projects/FS_autonomous/ros/ros2_ws/install/camera_msgs/lib/libcamera_msgs__rosidl_typesupport_fastrtps_c.so
[15.471s] -- Set non-toolchain portion of runtime path of "/home/ebrahim/formula-carmaker-fs_2025/FCM_Projects/FS_autonomous/ros/ros2_ws/install/camera_msgs/lib/libcamera_msgs__rosidl_typesupport_fastrtps_c.so" to ""
[15.472s] -- Up-to-date: /home/ebrahim/formula-carmaker-fs_2025/FCM_Projects/FS_autonomous/ros/ros2_ws/install/camera_msgs/include/camera_msgs/camera_msgs
[15.472s] -- Up-to-date: /home/ebrahim/formula-carmaker-fs_2025/FCM_Projects/FS_autonomous/ros/ros2_ws/install/camera_msgs/include/camera_msgs/camera_msgs/msg
[15.472s] -- Up-to-date: /home/ebrahim/formula-carmaker-fs_2025/FCM_Projects/FS_autonomous/ros/ros2_ws/install/camera_msgs/include/camera_msgs/camera_msgs/msg/detail
[15.472s] -- Installing: /home/ebrahim/formula-carmaker-fs_2025/FCM_Projects/FS_autonomous/ros/ros2_ws/install/camera_msgs/include/camera_msgs/camera_msgs/msg/detail/camera_detection_array__rosidl_typesupport_introspection_c.h
[15.472s] -- Installing: /home/ebrahim/formula-carmaker-fs_2025/FCM_Projects/FS_autonomous/ros/ros2_ws/install/camera_msgs/include/camera_msgs/camera_msgs/msg/detail/camera_detection__rosidl_typesupport_introspection_c.h
[15.475s] -- Installing: /home/ebrahim/formula-carmaker-fs_2025/FCM_Projects/FS_autonomous/ros/ros2_ws/install/camera_msgs/include/camera_msgs/camera_msgs/msg/detail/camera_detection__type_support.c
[15.476s] -- Installing: /home/ebrahim/formula-carmaker-fs_2025/FCM_Projects/FS_autonomous/ros/ros2_ws/install/camera_msgs/include/camera_msgs/camera_msgs/msg/detail/camera_detection_array__type_support.c
[15.476s] -- Installing: /home/ebrahim/formula-carmaker-fs_2025/FCM_Projects/FS_autonomous/ros/ros2_ws/install/camera_msgs/include/camera_msgs/camera_msgs/msg/rosidl_typesupport_introspection_c__visibility_control.h
[15.476s] -- Installing: /home/ebrahim/formula-carmaker-fs_2025/FCM_Projects/FS_autonomous/ros/ros2_ws/install/camera_msgs/lib/libcamera_msgs__rosidl_typesupport_introspection_c.so
[15.476s] -- Set non-toolchain portion of runtime path of "/home/ebrahim/formula-carmaker-fs_2025/FCM_Projects/FS_autonomous/ros/ros2_ws/install/camera_msgs/lib/libcamera_msgs__rosidl_typesupport_introspection_c.so" to ""
[15.477s] -- Installing: /home/ebrahim/formula-carmaker-fs_2025/FCM_Projects/FS_autonomous/ros/ros2_ws/install/camera_msgs/lib/libcamera_msgs__rosidl_typesupport_c.so
[15.477s] -- Set non-toolchain portion of runtime path of "/home/ebrahim/formula-carmaker-fs_2025/FCM_Projects/FS_autonomous/ros/ros2_ws/install/camera_msgs/lib/libcamera_msgs__rosidl_typesupport_c.so" to ""
[15.477s] -- Up-to-date: /home/ebrahim/formula-carmaker-fs_2025/FCM_Projects/FS_autonomous/ros/ros2_ws/install/camera_msgs/include/camera_msgs/camera_msgs
[15.477s] -- Up-to-date: /home/ebrahim/formula-carmaker-fs_2025/FCM_Projects/FS_autonomous/ros/ros2_ws/install/camera_msgs/include/camera_msgs/camera_msgs/msg
[15.477s] -- Up-to-date: /home/ebrahim/formula-carmaker-fs_2025/FCM_Projects/FS_autonomous/ros/ros2_ws/install/camera_msgs/include/camera_msgs/camera_msgs/msg/detail
[15.478s] -- Installing: /home/ebrahim/formula-carmaker-fs_2025/FCM_Projects/FS_autonomous/ros/ros2_ws/install/camera_msgs/include/camera_msgs/camera_msgs/msg/detail/camera_detection__builder.hpp
[15.478s] -- Installing: /home/ebrahim/formula-carmaker-fs_2025/FCM_Projects/FS_autonomous/ros/ros2_ws/install/camera_msgs/include/camera_msgs/camera_msgs/msg/detail/camera_detection__struct.hpp
[15.478s] -- Installing: /home/ebrahim/formula-carmaker-fs_2025/FCM_Projects/FS_autonomous/ros/ros2_ws/install/camera_msgs/include/camera_msgs/camera_msgs/msg/detail/camera_detection__traits.hpp
[15.478s] -- Installing: /home/ebrahim/formula-carmaker-fs_2025/FCM_Projects/FS_autonomous/ros/ros2_ws/install/camera_msgs/include/camera_msgs/camera_msgs/msg/detail/camera_detection_array__struct.hpp
[15.482s] -- Installing: /home/ebrahim/formula-carmaker-fs_2025/FCM_Projects/FS_autonomous/ros/ros2_ws/install/camera_msgs/include/camera_msgs/camera_msgs/msg/detail/camera_detection__type_support.hpp
[15.482s] -- Installing: /home/ebrahim/formula-carmaker-fs_2025/FCM_Projects/FS_autonomous/ros/ros2_ws/install/camera_msgs/include/camera_msgs/camera_msgs/msg/detail/camera_detection_array__type_support.hpp
[15.482s] -- Installing: /home/ebrahim/formula-carmaker-fs_2025/FCM_Projects/FS_autonomous/ros/ros2_ws/install/camera_msgs/include/camera_msgs/camera_msgs/msg/detail/camera_detection_array__traits.hpp
[15.482s] -- Installing: /home/ebrahim/formula-carmaker-fs_2025/FCM_Projects/FS_autonomous/ros/ros2_ws/install/camera_msgs/include/camera_msgs/camera_msgs/msg/detail/camera_detection_array__builder.hpp
[15.482s] -- Installing: /home/ebrahim/formula-carmaker-fs_2025/FCM_Projects/FS_autonomous/ros/ros2_ws/install/camera_msgs/include/camera_msgs/camera_msgs/msg/rosidl_generator_cpp__visibility_control.hpp
[15.482s] -- Installing: /home/ebrahim/formula-carmaker-fs_2025/FCM_Projects/FS_autonomous/ros/ros2_ws/install/camera_msgs/include/camera_msgs/camera_msgs/msg/camera_detection.hpp
[15.483s] -- Installing: /home/ebrahim/formula-carmaker-fs_2025/FCM_Projects/FS_autonomous/ros/ros2_ws/install/camera_msgs/include/camera_msgs/camera_msgs/msg/camera_detection_array.hpp
[15.483s] -- Up-to-date: /home/ebrahim/formula-carmaker-fs_2025/FCM_Projects/FS_autonomous/ros/ros2_ws/install/camera_msgs/include/camera_msgs/camera_msgs
[15.483s] -- Up-to-date: /home/ebrahim/formula-carmaker-fs_2025/FCM_Projects/FS_autonomous/ros/ros2_ws/install/camera_msgs/include/camera_msgs/camera_msgs/msg
[15.484s] -- Up-to-date: /home/ebrahim/formula-carmaker-fs_2025/FCM_Projects/FS_autonomous/ros/ros2_ws/install/camera_msgs/include/camera_msgs/camera_msgs/msg/detail
[15.484s] -- Installing: /home/ebrahim/formula-carmaker-fs_2025/FCM_Projects/FS_autonomous/ros/ros2_ws/install/camera_msgs/include/camera_msgs/camera_msgs/msg/detail/camera_detection__rosidl_typesupport_fastrtps_cpp.hpp
[15.484s] -- Installing: /home/ebrahim/formula-carmaker-fs_2025/FCM_Projects/FS_autonomous/ros/ros2_ws/install/camera_msgs/include/camera_msgs/camera_msgs/msg/detail/dds_fastrtps
[15.484s] -- Installing: /home/ebrahim/formula-carmaker-fs_2025/FCM_Projects/FS_autonomous/ros/ros2_ws/install/camera_msgs/include/camera_msgs/camera_msgs/msg/detail/camera_detection_array__rosidl_typesupport_fastrtps_cpp.hpp
[15.485s] -- Installing: /home/ebrahim/formula-carmaker-fs_2025/FCM_Projects/FS_autonomous/ros/ros2_ws/install/camera_msgs/include/camera_msgs/camera_msgs/msg/rosidl_typesupport_fastrtps_cpp__visibility_control.h
[15.485s] -- Installing: /home/ebrahim/formula-carmaker-fs_2025/FCM_Projects/FS_autonomous/ros/ros2_ws/install/camera_msgs/lib/libcamera_msgs__rosidl_typesupport_fastrtps_cpp.so
[15.485s] -- Set non-toolchain portion of runtime path of "/home/ebrahim/formula-carmaker-fs_2025/FCM_Projects/FS_autonomous/ros/ros2_ws/install/camera_msgs/lib/libcamera_msgs__rosidl_typesupport_fastrtps_cpp.so" to ""
[15.485s] -- Up-to-date: /home/ebrahim/formula-carmaker-fs_2025/FCM_Projects/FS_autonomous/ros/ros2_ws/install/camera_msgs/include/camera_msgs/camera_msgs
[15.485s] -- Up-to-date: /home/ebrahim/formula-carmaker-fs_2025/FCM_Projects/FS_autonomous/ros/ros2_ws/install/camera_msgs/include/camera_msgs/camera_msgs/msg
[15.485s] -- Up-to-date: /home/ebrahim/formula-carmaker-fs_2025/FCM_Projects/FS_autonomous/ros/ros2_ws/install/camera_msgs/include/camera_msgs/camera_msgs/msg/detail
[15.486s] -- Installing: /home/ebrahim/formula-carmaker-fs_2025/FCM_Projects/FS_autonomous/ros/ros2_ws/install/camera_msgs/include/camera_msgs/camera_msgs/msg/detail/camera_detection__type_support.cpp
[15.486s] -- Installing: /home/ebrahim/formula-carmaker-fs_2025/FCM_Projects/FS_autonomous/ros/ros2_ws/install/camera_msgs/include/camera_msgs/camera_msgs/msg/detail/camera_detection__rosidl_typesupport_introspection_cpp.hpp
[15.486s] -- Installing: /home/ebrahim/formula-carmaker-fs_2025/FCM_Projects/FS_autonomous/ros/ros2_ws/install/camera_msgs/include/camera_msgs/camera_msgs/msg/detail/camera_detection_array__rosidl_typesupport_introspection_cpp.hpp
[15.486s] -- Installing: /home/ebrahim/formula-carmaker-fs_2025/FCM_Projects/FS_autonomous/ros/ros2_ws/install/camera_msgs/include/camera_msgs/camera_msgs/msg/detail/camera_detection_array__type_support.cpp
[15.490s] -- Installing: /home/ebrahim/formula-carmaker-fs_2025/FCM_Projects/FS_autonomous/ros/ros2_ws/install/camera_msgs/lib/libcamera_msgs__rosidl_typesupport_introspection_cpp.so
[15.490s] -- Set non-toolchain portion of runtime path of "/home/ebrahim/formula-carmaker-fs_2025/FCM_Projects/FS_autonomous/ros/ros2_ws/install/camera_msgs/lib/libcamera_msgs__rosidl_typesupport_introspection_cpp.so" to ""
[15.490s] -- Installing: /home/ebrahim/formula-carmaker-fs_2025/FCM_Projects/FS_autonomous/ros/ros2_ws/install/camera_msgs/lib/libcamera_msgs__rosidl_typesupport_cpp.so
[15.490s] -- Set non-toolchain portion of runtime path of "/home/ebrahim/formula-carmaker-fs_2025/FCM_Projects/FS_autonomous/ros/ros2_ws/install/camera_msgs/lib/libcamera_msgs__rosidl_typesupport_cpp.so" to ""
[15.490s] -- Installing: /home/ebrahim/formula-carmaker-fs_2025/FCM_Projects/FS_autonomous/ros/ros2_ws/install/camera_msgs/share/camera_msgs/environment/pythonpath.sh
[15.491s] -- Installing: /home/ebrahim/formula-carmaker-fs_2025/FCM_Projects/FS_autonomous/ros/ros2_ws/install/camera_msgs/share/camera_msgs/environment/pythonpath.dsv
[15.491s] -- Installing: /home/ebrahim/formula-carmaker-fs_2025/FCM_Projects/FS_autonomous/ros/ros2_ws/install/camera_msgs/lib/python3.12/site-packages/camera_msgs-1.0.0-py3.12.egg-info
[15.492s] -- Installing: /home/ebrahim/formula-carmaker-fs_2025/FCM_Projects/FS_autonomous/ros/ros2_ws/install/camera_msgs/lib/python3.12/site-packages/camera_msgs-1.0.0-py3.12.egg-info/SOURCES.txt
[15.494s] -- Installing: /home/ebrahim/formula-carmaker-fs_2025/FCM_Projects/FS_autonomous/ros/ros2_ws/install/camera_msgs/lib/python3.12/site-packages/camera_msgs-1.0.0-py3.12.egg-info/PKG-INFO
[15.495s] -- Installing: /home/ebrahim/formula-carmaker-fs_2025/FCM_Projects/FS_autonomous/ros/ros2_ws/install/camera_msgs/lib/python3.12/site-packages/camera_msgs-1.0.0-py3.12.egg-info/top_level.txt
[15.495s] -- Installing: /home/ebrahim/formula-carmaker-fs_2025/FCM_Projects/FS_autonomous/ros/ros2_ws/install/camera_msgs/lib/python3.12/site-packages/camera_msgs-1.0.0-py3.12.egg-info/dependency_links.txt
[15.495s] -- Installing: /home/ebrahim/formula-carmaker-fs_2025/FCM_Projects/FS_autonomous/ros/ros2_ws/install/camera_msgs/lib/python3.12/site-packages/camera_msgs
[15.495s] -- Installing: /home/ebrahim/formula-carmaker-fs_2025/FCM_Projects/FS_autonomous/ros/ros2_ws/install/camera_msgs/lib/python3.12/site-packages/camera_msgs/camera_msgs_s__rosidl_typesupport_c.so
[15.495s] -- Installing: /home/ebrahim/formula-carmaker-fs_2025/FCM_Projects/FS_autonomous/ros/ros2_ws/install/camera_msgs/lib/python3.12/site-packages/camera_msgs/camera_msgs_s__rosidl_typesupport_fastrtps_c.so
[15.496s] -- Installing: /home/ebrahim/formula-carmaker-fs_2025/FCM_Projects/FS_autonomous/ros/ros2_ws/install/camera_msgs/lib/python3.12/site-packages/camera_msgs/_camera_msgs_s.ep.rosidl_typesupport_fastrtps_c.c
[15.496s] -- Installing: /home/ebrahim/formula-carmaker-fs_2025/FCM_Projects/FS_autonomous/ros/ros2_ws/install/camera_msgs/lib/python3.12/site-packages/camera_msgs/_camera_msgs_s.ep.rosidl_typesupport_c.c
[15.496s] -- Installing: /home/ebrahim/formula-carmaker-fs_2025/FCM_Projects/FS_autonomous/ros/ros2_ws/install/camera_msgs/lib/python3.12/site-packages/camera_msgs/camera_msgs_s__rosidl_typesupport_introspection_c.so
[15.497s] -- Installing: /home/ebrahim/formula-carmaker-fs_2025/FCM_Projects/FS_autonomous/ros/ros2_ws/install/camera_msgs/lib/python3.12/site-packages/camera_msgs/_camera_msgs_s.ep.rosidl_typesupport_introspection_c.c
[15.497s] -- Installing: /home/ebrahim/formula-carmaker-fs_2025/FCM_Projects/FS_autonomous/ros/ros2_ws/install/camera_msgs/lib/python3.12/site-packages/camera_msgs/msg
[15.497s] -- Installing: /home/ebrahim/formula-carmaker-fs_2025/FCM_Projects/FS_autonomous/ros/ros2_ws/install/camera_msgs/lib/python3.12/site-packages/camera_msgs/msg/_camera_detection_array_s.c
[15.497s] -- Installing: /home/ebrahim/formula-carmaker-fs_2025/FCM_Projects/FS_autonomous/ros/ros2_ws/install/camera_msgs/lib/python3.12/site-packages/camera_msgs/msg/_camera_detection.py
[15.497s] -- Installing: /home/ebrahim/formula-carmaker-fs_2025/FCM_Projects/FS_autonomous/ros/ros2_ws/install/camera_msgs/lib/python3.12/site-packages/camera_msgs/msg/_camera_detection_s.c
[15.497s] -- Installing: /home/ebrahim/formula-carmaker-fs_2025/FCM_Projects/FS_autonomous/ros/ros2_ws/install/camera_msgs/lib/python3.12/site-packages/camera_msgs/msg/_camera_detection_array.py
[15.498s] -- Installing: /home/ebrahim/formula-carmaker-fs_2025/FCM_Projects/FS_autonomous/ros/ros2_ws/install/camera_msgs/lib/python3.12/site-packages/camera_msgs/msg/__init__.py
[15.498s] -- Installing: /home/ebrahim/formula-carmaker-fs_2025/FCM_Projects/FS_autonomous/ros/ros2_ws/install/camera_msgs/lib/python3.12/site-packages/camera_msgs/__init__.py
[15.618s] Listing '/home/ebrahim/formula-carmaker-fs_2025/FCM_Projects/FS_autonomous/ros/ros2_ws/install/camera_msgs/lib/python3.12/site-packages/camera_msgs'...
[15.619s] Compiling '/home/ebrahim/formula-carmaker-fs_2025/FCM_Projects/FS_autonomous/ros/ros2_ws/install/camera_msgs/lib/python3.12/site-packages/camera_msgs/__init__.py'...
[15.620s] Listing '/home/ebrahim/formula-carmaker-fs_2025/FCM_Projects/FS_autonomous/ros/ros2_ws/install/camera_msgs/lib/python3.12/site-packages/camera_msgs/msg'...
[15.621s] Compiling '/home/ebrahim/formula-carmaker-fs_2025/FCM_Projects/FS_autonomous/ros/ros2_ws/install/camera_msgs/lib/python3.12/site-packages/camera_msgs/msg/__init__.py'...
[15.622s] Compiling '/home/ebrahim/formula-carmaker-fs_2025/FCM_Projects/FS_autonomous/ros/ros2_ws/install/camera_msgs/lib/python3.12/site-packages/camera_msgs/msg/_camera_detection.py'...
[15.623s] Compiling '/home/ebrahim/formula-carmaker-fs_2025/FCM_Projects/FS_autonomous/ros/ros2_ws/install/camera_msgs/lib/python3.12/site-packages/camera_msgs/msg/_camera_detection_array.py'...
[15.635s] -- Installing: /home/ebrahim/formula-carmaker-fs_2025/FCM_Projects/FS_autonomous/ros/ros2_ws/install/camera_msgs/lib/python3.12/site-packages/camera_msgs/camera_msgs_s__rosidl_typesupport_fastrtps_c.so
[15.636s] -- Set non-toolchain portion of runtime path of "/home/ebrahim/formula-carmaker-fs_2025/FCM_Projects/FS_autonomous/ros/ros2_ws/install/camera_msgs/lib/python3.12/site-packages/camera_msgs/camera_msgs_s__rosidl_typesupport_fastrtps_c.so" to ""
[15.637s] -- Installing: /home/ebrahim/formula-carmaker-fs_2025/FCM_Projects/FS_autonomous/ros/ros2_ws/install/camera_msgs/lib/python3.12/site-packages/camera_msgs/camera_msgs_s__rosidl_typesupport_introspection_c.so
[15.638s] -- Set non-toolchain portion of runtime path of "/home/ebrahim/formula-carmaker-fs_2025/FCM_Projects/FS_autonomous/ros/ros2_ws/install/camera_msgs/lib/python3.12/site-packages/camera_msgs/camera_msgs_s__rosidl_typesupport_introspection_c.so" to ""
[15.638s] -- Installing: /home/ebrahim/formula-carmaker-fs_2025/FCM_Projects/FS_autonomous/ros/ros2_ws/install/camera_msgs/lib/python3.12/site-packages/camera_msgs/camera_msgs_s__rosidl_typesupport_c.so
[15.639s] -- Set non-toolchain portion of runtime path of "/home/ebrahim/formula-carmaker-fs_2025/FCM_Projects/FS_autonomous/ros/ros2_ws/install/camera_msgs/lib/python3.12/site-packages/camera_msgs/camera_msgs_s__rosidl_typesupport_c.so" to ""
[15.640s] -- Installing: /home/ebrahim/formula-carmaker-fs_2025/FCM_Projects/FS_autonomous/ros/ros2_ws/install/camera_msgs/lib/libcamera_msgs__rosidl_generator_py.so
[15.640s] -- Set non-toolchain portion of runtime path of "/home/ebrahim/formula-carmaker-fs_2025/FCM_Projects/FS_autonomous/ros/ros2_ws/install/camera_msgs/lib/libcamera_msgs__rosidl_generator_py.so" to ""
[15.641s] -- Installing: /home/ebrahim/formula-carmaker-fs_2025/FCM_Projects/FS_autonomous/ros/ros2_ws/install/camera_msgs/share/camera_msgs/msg/CameraDetection.idl
[15.641s] -- Installing: /home/ebrahim/formula-carmaker-fs_2025/FCM_Projects/FS_autonomous/ros/ros2_ws/install/camera_msgs/share/camera_msgs/msg/CameraDetectionArray.idl
[15.642s] -- Installing: /home/ebrahim/formula-carmaker-fs_2025/FCM_Projects/FS_autonomous/ros/ros2_ws/install/camera_msgs/share/camera_msgs/msg/CameraDetection.msg
[15.642s] -- Installing: /home/ebrahim/formula-carmaker-fs_2025/FCM_Projects/FS_autonomous/ros/ros2_ws/install/camera_msgs/share/camera_msgs/msg/CameraDetectionArray.msg
[15.643s] -- Installing: /home/ebrahim/formula-carmaker-fs_2025/FCM_Projects/FS_autonomous/ros/ros2_ws/install/camera_msgs/share/ament_index/resource_index/package_run_dependencies/camera_msgs
[15.644s] -- Installing: /home/ebrahim/formula-carmaker-fs_2025/FCM_Projects/FS_autonomous/ros/ros2_ws/install/camera_msgs/share/ament_index/resource_index/parent_prefix_path/camera_msgs
[15.644s] -- Installing: /home/ebrahim/formula-carmaker-fs_2025/FCM_Projects/FS_autonomous/ros/ros2_ws/install/camera_msgs/share/camera_msgs/environment/ament_prefix_path.sh
[15.645s] -- Installing: /home/ebrahim/formula-carmaker-fs_2025/FCM_Projects/FS_autonomous/ros/ros2_ws/install/camera_msgs/share/camera_msgs/environment/ament_prefix_path.dsv
[15.645s] -- Installing: /home/ebrahim/formula-carmaker-fs_2025/FCM_Projects/FS_autonomous/ros/ros2_ws/install/camera_msgs/share/camera_msgs/environment/path.sh
[15.646s] -- Installing: /home/ebrahim/formula-carmaker-fs_2025/FCM_Projects/FS_autonomous/ros/ros2_ws/install/camera_msgs/share/camera_msgs/environment/path.dsv
[15.689s] -- Installing: /home/ebrahim/formula-carmaker-fs_2025/FCM_Projects/FS_autonomous/ros/ros2_ws/install/camera_msgs/share/camera_msgs/local_setup.bash
[15.690s] -- Installing: /home/ebrahim/formula-carmaker-fs_2025/FCM_Projects/FS_autonomous/ros/ros2_ws/install/camera_msgs/share/camera_msgs/local_setup.sh
[15.691s] -- Installing: /home/ebrahim/formula-carmaker-fs_2025/FCM_Projects/FS_autonomous/ros/ros2_ws/install/camera_msgs/share/camera_msgs/local_setup.zsh
[15.694s] -- Installing: /home/ebrahim/formula-carmaker-fs_2025/FCM_Projects/FS_autonomous/ros/ros2_ws/install/camera_msgs/share/camera_msgs/local_setup.dsv
[15.695s] -- Installing: /home/ebrahim/formula-carmaker-fs_2025/FCM_Projects/FS_autonomous/ros/ros2_ws/install/camera_msgs/share/camera_msgs/package.dsv
[15.696s] -- Installing: /home/ebrahim/formula-carmaker-fs_2025/FCM_Projects/FS_autonomous/ros/ros2_ws/install/camera_msgs/share/ament_index/resource_index/packages/camera_msgs
[15.697s] -- Installing: /home/ebrahim/formula-carmaker-fs_2025/FCM_Projects/FS_autonomous/ros/ros2_ws/install/camera_msgs/share/camera_msgs/cmake/export_camera_msgs__rosidl_generator_cExport.cmake
[15.698s] -- Installing: /home/ebrahim/formula-carmaker-fs_2025/FCM_Projects/FS_autonomous/ros/ros2_ws/install/camera_msgs/share/camera_msgs/cmake/export_camera_msgs__rosidl_generator_cExport-noconfig.cmake
[15.699s] -- Installing: /home/ebrahim/formula-carmaker-fs_2025/FCM_Projects/FS_autonomous/ros/ros2_ws/install/camera_msgs/share/camera_msgs/cmake/export_camera_msgs__rosidl_typesupport_fastrtps_cExport.cmake
[15.700s] -- Installing: /home/ebrahim/formula-carmaker-fs_2025/FCM_Projects/FS_autonomous/ros/ros2_ws/install/camera_msgs/share/camera_msgs/cmake/export_camera_msgs__rosidl_typesupport_fastrtps_cExport-noconfig.cmake
[15.701s] -- Installing: /home/ebrahim/formula-carmaker-fs_2025/FCM_Projects/FS_autonomous/ros/ros2_ws/install/camera_msgs/share/camera_msgs/cmake/camera_msgs__rosidl_typesupport_introspection_cExport.cmake
[15.702s] -- Installing: /home/ebrahim/formula-carmaker-fs_2025/FCM_Projects/FS_autonomous/ros/ros2_ws/install/camera_msgs/share/camera_msgs/cmake/camera_msgs__rosidl_typesupport_introspection_cExport-noconfig.cmake
[15.706s] -- Installing: /home/ebrahim/formula-carmaker-fs_2025/FCM_Projects/FS_autonomous/ros/ros2_ws/install/camera_msgs/share/camera_msgs/cmake/camera_msgs__rosidl_typesupport_cExport.cmake
[15.707s] -- Installing: /home/ebrahim/formula-carmaker-fs_2025/FCM_Projects/FS_autonomous/ros/ros2_ws/install/camera_msgs/share/camera_msgs/cmake/camera_msgs__rosidl_typesupport_cExport-noconfig.cmake
[15.709s] -- Installing: /home/ebrahim/formula-carmaker-fs_2025/FCM_Projects/FS_autonomous/ros/ros2_ws/install/camera_msgs/share/camera_msgs/cmake/export_camera_msgs__rosidl_generator_cppExport.cmake
[15.710s] -- Installing: /home/ebrahim/formula-carmaker-fs_2025/FCM_Projects/FS_autonomous/ros/ros2_ws/install/camera_msgs/share/camera_msgs/cmake/export_camera_msgs__rosidl_typesupport_fastrtps_cppExport.cmake
[15.711s] -- Installing: /home/ebrahim/formula-carmaker-fs_2025/FCM_Projects/FS_autonomous/ros/ros2_ws/install/camera_msgs/share/camera_msgs/cmake/export_camera_msgs__rosidl_typesupport_fastrtps_cppExport-noconfig.cmake
[15.712s] -- Installing: /home/ebrahim/formula-carmaker-fs_2025/FCM_Projects/FS_autonomous/ros/ros2_ws/install/camera_msgs/share/camera_msgs/cmake/camera_msgs__rosidl_typesupport_introspection_cppExport.cmake
[15.715s] -- Installing: /home/ebrahim/formula-carmaker-fs_2025/FCM_Projects/FS_autonomous/ros/ros2_ws/install/camera_msgs/share/camera_msgs/cmake/camera_msgs__rosidl_typesupport_introspection_cppExport-noconfig.cmake
[15.716s] -- Installing: /home/ebrahim/formula-carmaker-fs_2025/FCM_Projects/FS_autonomous/ros/ros2_ws/install/camera_msgs/share/camera_msgs/cmake/camera_msgs__rosidl_typesupport_cppExport.cmake
[15.724s] -- Installing: /home/ebrahim/formula-carmaker-fs_2025/FCM_Projects/FS_autonomous/ros/ros2_ws/install/camera_msgs/share/camera_msgs/cmake/camera_msgs__rosidl_typesupport_cppExport-noconfig.cmake
[15.725s] -- Installing: /home/ebrahim/formula-carmaker-fs_2025/FCM_Projects/FS_autonomous/ros/ros2_ws/install/camera_msgs/share/camera_msgs/cmake/export_camera_msgs__rosidl_generator_pyExport.cmake
[15.726s] -- Installing: /home/ebrahim/formula-carmaker-fs_2025/FCM_Projects/FS_autonomous/ros/ros2_ws/install/camera_msgs/share/camera_msgs/cmake/export_camera_msgs__rosidl_generator_pyExport-noconfig.cmake
[15.727s] -- Installing: /home/ebrahim/formula-carmaker-fs_2025/FCM_Projects/FS_autonomous/ros/ros2_ws/install/camera_msgs/share/camera_msgs/cmake/rosidl_cmake-extras.cmake
[15.728s] -- Installing: /home/ebrahim/formula-carmaker-fs_2025/FCM_Projects/FS_autonomous/ros/ros2_ws/install/camera_msgs/share/camera_msgs/cmake/ament_cmake_export_dependencies-extras.cmake
[15.730s] -- Installing: /home/ebrahim/formula-carmaker-fs_2025/FCM_Projects/FS_autonomous/ros/ros2_ws/install/camera_msgs/share/camera_msgs/cmake/ament_cmake_export_include_directories-extras.cmake
[15.732s] -- Installing: /home/ebrahim/formula-carmaker-fs_2025/FCM_Projects/FS_autonomous/ros/ros2_ws/install/camera_msgs/share/camera_msgs/cmake/ament_cmake_export_libraries-extras.cmake
[15.734s] -- Installing: /home/ebrahim/formula-carmaker-fs_2025/FCM_Projects/FS_autonomous/ros/ros2_ws/install/camera_msgs/share/camera_msgs/cmake/ament_cmake_export_targets-extras.cmake
[15.735s] -- Installing: /home/ebrahim/formula-carmaker-fs_2025/FCM_Projects/FS_autonomous/ros/ros2_ws/install/camera_msgs/share/camera_msgs/cmake/rosidl_cmake_export_typesupport_targets-extras.cmake
[15.736s] -- Installing: /home/ebrahim/formula-carmaker-fs_2025/FCM_Projects/FS_autonomous/ros/ros2_ws/install/camera_msgs/share/camera_msgs/cmake/rosidl_cmake_export_typesupport_libraries-extras.cmake
[15.738s] -- Installing: /home/ebrahim/formula-carmaker-fs_2025/FCM_Projects/FS_autonomous/ros/ros2_ws/install/camera_msgs/share/camera_msgs/cmake/camera_msgsConfig.cmake
[15.739s] -- Installing: /home/ebrahim/formula-carmaker-fs_2025/FCM_Projects/FS_autonomous/ros/ros2_ws/install/camera_msgs/share/camera_msgs/cmake/camera_msgsConfig-version.cmake
[15.741s] -- Installing: /home/ebrahim/formula-carmaker-fs_2025/FCM_Projects/FS_autonomous/ros/ros2_ws/install/camera_msgs/share/camera_msgs/package.xml
[15.742s] Invoked command in '/home/ebrahim/formula-carmaker-fs_2025/FCM_Projects/FS_autonomous/ros/ros2_ws/build/camera_msgs' returned '0': CMAKE_PREFIX_PATH=${CMAKE_PREFIX_PATH}:/opt/ros/jazzy DEBUGINFOD_URLS=https://debuginfod.ubuntu.com /usr/bin/cmake --install /home/ebrahim/formula-carmaker-fs_2025/FCM_Projects/FS_autonomous/ros/ros2_ws/build/camera_msgs
