[100%] Built target ackermann_to_vehiclecontrol_node
-- Install configuration: ""
-- Up-to-date: /home/ebrahim/formula-carmaker-fs_2025/FCM_Projects/FS_autonomous/ros/ros2_ws/install/ackermann_to_vehiclecontrol/lib/ackermann_to_vehiclecontrol/ackermann_to_vehiclecontrol_node
-- Up-to-date: /home/ebrahim/formula-carmaker-fs_2025/FCM_Projects/FS_autonomous/ros/ros2_ws/install/ackermann_to_vehiclecontrol/share/ackermann_to_vehiclecontrol/config
-- Installing: /home/ebrahim/formula-carmaker-fs_2025/FCM_Projects/FS_autonomous/ros/ros2_ws/install/ackermann_to_vehiclecontrol/share/ackermann_to_vehiclecontrol/config/params.yaml
-- Up-to-date: /home/ebrahim/formula-carmaker-fs_2025/FCM_Projects/FS_autonomous/ros/ros2_ws/install/ackermann_to_vehiclecontrol/share/ackermann_to_vehiclecontrol/launch
-- Installing: /home/ebrahim/formula-carmaker-fs_2025/FCM_Projects/FS_autonomous/ros/ros2_ws/install/ackermann_to_vehiclecontrol/share/ackermann_to_vehiclecontrol/launch/ackermann_to_vehiclecontrol.launch.py
-- Up-to-date: /home/ebrahim/formula-carmaker-fs_2025/FCM_Projects/FS_autonomous/ros/ros2_ws/install/ackermann_to_vehiclecontrol/share/ament_index/resource_index/package_run_dependencies/ackermann_to_vehiclecontrol
-- Up-to-date: /home/ebrahim/formula-carmaker-fs_2025/FCM_Projects/FS_autonomous/ros/ros2_ws/install/ackermann_to_vehiclecontrol/share/ament_index/resource_index/parent_prefix_path/ackermann_to_vehiclecontrol
-- Up-to-date: /home/ebrahim/formula-carmaker-fs_2025/FCM_Projects/FS_autonomous/ros/ros2_ws/install/ackermann_to_vehiclecontrol/share/ackermann_to_vehiclecontrol/environment/ament_prefix_path.sh
-- Up-to-date: /home/ebrahim/formula-carmaker-fs_2025/FCM_Projects/FS_autonomous/ros/ros2_ws/install/ackermann_to_vehiclecontrol/share/ackermann_to_vehiclecontrol/environment/ament_prefix_path.dsv
-- Up-to-date: /home/ebrahim/formula-carmaker-fs_2025/FCM_Projects/FS_autonomous/ros/ros2_ws/install/ackermann_to_vehiclecontrol/share/ackermann_to_vehiclecontrol/environment/path.sh
-- Up-to-date: /home/ebrahim/formula-carmaker-fs_2025/FCM_Projects/FS_autonomous/ros/ros2_ws/install/ackermann_to_vehiclecontrol/share/ackermann_to_vehiclecontrol/environment/path.dsv
-- Up-to-date: /home/ebrahim/formula-carmaker-fs_2025/FCM_Projects/FS_autonomous/ros/ros2_ws/install/ackermann_to_vehiclecontrol/share/ackermann_to_vehiclecontrol/local_setup.bash
-- Up-to-date: /home/ebrahim/formula-carmaker-fs_2025/FCM_Projects/FS_autonomous/ros/ros2_ws/install/ackermann_to_vehiclecontrol/share/ackermann_to_vehiclecontrol/local_setup.sh
-- Up-to-date: /home/ebrahim/formula-carmaker-fs_2025/FCM_Projects/FS_autonomous/ros/ros2_ws/install/ackermann_to_vehiclecontrol/share/ackermann_to_vehiclecontrol/local_setup.zsh
-- Up-to-date: /home/ebrahim/formula-carmaker-fs_2025/FCM_Projects/FS_autonomous/ros/ros2_ws/install/ackermann_to_vehiclecontrol/share/ackermann_to_vehiclecontrol/local_setup.dsv
-- Installing: /home/ebrahim/formula-carmaker-fs_2025/FCM_Projects/FS_autonomous/ros/ros2_ws/install/ackermann_to_vehiclecontrol/share/ackermann_to_vehiclecontrol/package.dsv
-- Up-to-date: /home/ebrahim/formula-carmaker-fs_2025/FCM_Projects/FS_autonomous/ros/ros2_ws/install/ackermann_to_vehiclecontrol/share/ament_index/resource_index/packages/ackermann_to_vehiclecontrol
-- Up-to-date: /home/ebrahim/formula-carmaker-fs_2025/FCM_Projects/FS_autonomous/ros/ros2_ws/install/ackermann_to_vehiclecontrol/share/ackermann_to_vehiclecontrol/cmake/ackermann_to_vehiclecontrolConfig.cmake
-- Up-to-date: /home/ebrahim/formula-carmaker-fs_2025/FCM_Projects/FS_autonomous/ros/ros2_ws/install/ackermann_to_vehiclecontrol/share/ackermann_to_vehiclecontrol/cmake/ackermann_to_vehiclecontrolConfig-version.cmake
-- Up-to-date: /home/ebrahim/formula-carmaker-fs_2025/FCM_Projects/FS_autonomous/ros/ros2_ws/install/ackermann_to_vehiclecontrol/share/ackermann_to_vehiclecontrol/package.xml
