[0.021s] Invoking command in '/home/ebrahim/formula-carmaker-fs_2025/FCM_Projects/FS_autonomous/ros/ros2_ws/build/camera_msgs': CMAKE_PREFIX_PATH=${CMAKE_PREFIX_PATH}:/opt/ros/jazzy DEBUGINFOD_URLS=https://debuginfod.ubuntu.com /usr/bin/cmake /home/ebrahim/formula-carmaker-fs_2025/FCM_Projects/FS_autonomous/ros/ros2_ws/src/camera_msgs -DCARMAKER_VER:STRING=14.1.1 -DCARMAKER_DIR:PATH=/opt/ipg/carmaker/linux64-14.1.1 --no-warn-unused-cli -DCMAKE_INSTALL_PREFIX=/home/ebrahim/formula-carmaker-fs_2025/FCM_Projects/FS_autonomous/ros/ros2_ws/install/camera_msgs
[0.031s] Not searching for unused variables given on the command line.
[0.078s] -- The C compiler identification is GNU 12.4.0
[0.142s] -- The CXX compiler identification is GNU 12.4.0
[0.158s] -- Detecting C compiler ABI info
[0.240s] -- Detecting C compiler ABI info - done
[0.250s] -- Check for working C compiler: /usr/bin/cc - skipped
[0.250s] -- Detecting C compile features
[0.251s] -- Detecting C compile features - done
[0.259s] -- Detecting CXX compiler ABI info
[0.370s] -- Detecting CXX compiler ABI info - done
[0.389s] -- Check for working CXX compiler: /usr/bin/c++ - skipped
[0.389s] -- Detecting CXX compile features
[0.390s] -- Detecting CXX compile features - done
[0.396s] -- Found ament_cmake: 2.5.4 (/opt/ros/jazzy/share/ament_cmake/cmake)
[0.818s] -- Found Python3: /usr/bin/python3 (found version "3.12.3") found components: Interpreter 
[0.985s] -- Found rosidl_default_generators: 1.6.0 (/opt/ros/jazzy/share/rosidl_default_generators/cmake)
[0.994s] -- Using all available rosidl_typesupport_c: rosidl_typesupport_fastrtps_c;rosidl_typesupport_introspection_c
[1.072s] -- Using all available rosidl_typesupport_cpp: rosidl_typesupport_fastrtps_cpp;rosidl_typesupport_introspection_cpp
[1.154s] -- Found rosidl_adapter: 4.6.6 (/opt/ros/jazzy/share/rosidl_adapter/cmake)
[1.161s] -- Found rclcpp: 28.1.13 (/opt/ros/jazzy/share/rclcpp/cmake)
[1.275s] -- Found rmw_implementation_cmake: 7.3.2 (/opt/ros/jazzy/share/rmw_implementation_cmake/cmake)
[1.280s] -- Found rmw_zenoh_cpp: 0.2.9 (/opt/ros/jazzy/share/rmw_zenoh_cpp/cmake)
[1.282s] -- Using RMW implementation 'rmw_zenoh_cpp' as default
[1.395s] -- Found std_msgs: 5.3.6 (/opt/ros/jazzy/share/std_msgs/cmake)
[2.696s] -- Found ament_cmake_ros: 0.12.0 (/opt/ros/jazzy/share/ament_cmake_ros/cmake)
[3.859s] -- Using all available rosidl_typesupport_c: rosidl_typesupport_fastrtps_c;rosidl_typesupport_introspection_c
[5.884s] -- Using all available rosidl_typesupport_cpp: rosidl_typesupport_fastrtps_cpp;rosidl_typesupport_introspection_cpp
[5.891s] -- Found python_cmake_module: 0.11.1 (/opt/ros/jazzy/share/python_cmake_module/cmake)
[6.290s] -- Found PythonExtra: /usr/bin/python3  
[7.538s] -- Found Python3: /usr/bin/python3 (found version "3.12.3") found components: Interpreter Development NumPy Development.Module Development.Embed 
[7.654s] -- Found ament_lint_auto: 0.17.3 (/opt/ros/jazzy/share/ament_lint_auto/cmake)
[7.666s] -- Configuring done (7.6s)
[7.738s] -- Generating done (0.1s)
[7.771s] -- Build files have been written to: /home/ebrahim/formula-carmaker-fs_2025/FCM_Projects/FS_autonomous/ros/ros2_ws/build/camera_msgs
[7.792s] Invoked command in '/home/ebrahim/formula-carmaker-fs_2025/FCM_Projects/FS_autonomous/ros/ros2_ws/build/camera_msgs' returned '0': CMAKE_PREFIX_PATH=${CMAKE_PREFIX_PATH}:/opt/ros/jazzy DEBUGINFOD_URLS=https://debuginfod.ubuntu.com /usr/bin/cmake /home/ebrahim/formula-carmaker-fs_2025/FCM_Projects/FS_autonomous/ros/ros2_ws/src/camera_msgs -DCARMAKER_VER:STRING=14.1.1 -DCARMAKER_DIR:PATH=/opt/ipg/carmaker/linux64-14.1.1 --no-warn-unused-cli -DCMAKE_INSTALL_PREFIX=/home/ebrahim/formula-carmaker-fs_2025/FCM_Projects/FS_autonomous/ros/ros2_ws/install/camera_msgs
[7.796s] Invoking command in '/home/ebrahim/formula-carmaker-fs_2025/FCM_Projects/FS_autonomous/ros/ros2_ws/build/camera_msgs': CMAKE_PREFIX_PATH=${CMAKE_PREFIX_PATH}:/opt/ros/jazzy DEBUGINFOD_URLS=https://debuginfod.ubuntu.com /usr/bin/cmake --build /home/ebrahim/formula-carmaker-fs_2025/FCM_Projects/FS_autonomous/ros/ros2_ws/build/camera_msgs -- -j12 -l12
[7.959s] [  2%] [34m[1mGenerating type hashes for ROS interfaces[0m
[7.969s] [  2%] Built target ament_cmake_python_copy_camera_msgs
[8.664s] running egg_info
[8.664s] creating camera_msgs.egg-info
[8.959s] writing camera_msgs.egg-info/PKG-INFO
[8.960s] writing dependency_links to camera_msgs.egg-info/dependency_links.txt
[8.960s] writing top-level names to camera_msgs.egg-info/top_level.txt
[8.960s] writing manifest file 'camera_msgs.egg-info/SOURCES.txt'
[9.058s] [  2%] Built target camera_msgs__rosidl_generator_type_description
[9.094s] [  4%] [34m[1mGenerating C code for ROS interfaces[0m
[9.164s] [  6%] [34m[1mGenerating C++ code for ROS interfaces[0m
[9.559s] reading manifest file 'camera_msgs.egg-info/SOURCES.txt'
[9.560s] writing manifest file 'camera_msgs.egg-info/SOURCES.txt'
[9.609s] [  6%] Built target ament_cmake_python_build_camera_msgs_egg
[10.043s] [  9%] [32mBuilding C object CMakeFiles/camera_msgs__rosidl_generator_c.dir/rosidl_generator_c/camera_msgs/msg/detail/camera_detection__type_support.c.o[0m
[10.044s] [ 13%] [32mBuilding C object CMakeFiles/camera_msgs__rosidl_generator_c.dir/rosidl_generator_c/camera_msgs/msg/detail/camera_detection__functions.c.o[0m
[10.044s] [ 15%] [32mBuilding C object CMakeFiles/camera_msgs__rosidl_generator_c.dir/rosidl_generator_c/camera_msgs/msg/detail/camera_detection_array__functions.c.o[0m
[10.045s] [ 15%] [32mBuilding C object CMakeFiles/camera_msgs__rosidl_generator_c.dir/rosidl_generator_c/camera_msgs/msg/detail/camera_detection__description.c.o[0m
[10.054s] [ 18%] [32mBuilding C object CMakeFiles/camera_msgs__rosidl_generator_c.dir/rosidl_generator_c/camera_msgs/msg/detail/camera_detection_array__type_support.c.o[0m
[10.073s] [ 20%] [32mBuilding C object CMakeFiles/camera_msgs__rosidl_generator_c.dir/rosidl_generator_c/camera_msgs/msg/detail/camera_detection_array__description.c.o[0m
[10.274s] [ 22%] [32m[1mLinking C shared library libcamera_msgs__rosidl_generator_c.so[0m
[10.518s] [ 22%] Built target camera_msgs__rosidl_generator_c
[10.560s] [ 25%] [34m[1mGenerating C type support dispatch for ROS interfaces[0m
[10.648s] [ 27%] [34m[1mGenerating C type support for eProsima Fast-RTPS[0m
[10.870s] [ 29%] [34m[1mGenerating C introspection for ROS interfaces[0m
[11.228s] [ 29%] Built target camera_msgs__cpp
[11.260s] [ 31%] [34m[1mGenerating C++ type support for eProsima Fast-RTPS[0m
[11.263s] [ 34%] [34m[1mGenerating C++ introspection for ROS interfaces[0m
[11.273s] [ 36%] [34m[1mGenerating C++ type support dispatch for ROS interfaces[0m
[11.628s] [ 38%] [32mBuilding CXX object CMakeFiles/camera_msgs__rosidl_typesupport_c.dir/rosidl_typesupport_c/camera_msgs/msg/camera_detection__type_support.cpp.o[0m
[11.631s] [ 40%] [32mBuilding CXX object CMakeFiles/camera_msgs__rosidl_typesupport_c.dir/rosidl_typesupport_c/camera_msgs/msg/camera_detection_array__type_support.cpp.o[0m
[11.859s] [ 43%] [32m[1mLinking CXX shared library libcamera_msgs__rosidl_typesupport_c.so[0m
[11.990s] [ 43%] Built target camera_msgs__rosidl_typesupport_c
[12.457s] [ 45%] [32mBuilding CXX object CMakeFiles/camera_msgs__rosidl_typesupport_cpp.dir/rosidl_typesupport_cpp/camera_msgs/msg/camera_detection__type_support.cpp.o[0m
[12.457s] [ 47%] [32mBuilding CXX object CMakeFiles/camera_msgs__rosidl_typesupport_cpp.dir/rosidl_typesupport_cpp/camera_msgs/msg/camera_detection_array__type_support.cpp.o[0m
[12.457s] [ 50%] [32mBuilding CXX object CMakeFiles/camera_msgs__rosidl_typesupport_fastrtps_c.dir/rosidl_typesupport_fastrtps_c/camera_msgs/msg/detail/camera_detection_array__type_support_c.cpp.o[0m
[12.457s] [ 52%] [32mBuilding CXX object CMakeFiles/camera_msgs__rosidl_typesupport_fastrtps_c.dir/rosidl_typesupport_fastrtps_c/camera_msgs/msg/detail/camera_detection__type_support_c.cpp.o[0m
[12.638s] [ 54%] [32mBuilding CXX object CMakeFiles/camera_msgs__rosidl_typesupport_introspection_cpp.dir/rosidl_typesupport_introspection_cpp/camera_msgs/msg/detail/camera_detection__type_support.cpp.o[0m
[12.647s] [ 56%] [32mBuilding CXX object CMakeFiles/camera_msgs__rosidl_typesupport_introspection_cpp.dir/rosidl_typesupport_introspection_cpp/camera_msgs/msg/detail/camera_detection_array__type_support.cpp.o[0m
[13.611s] [ 59%] [32mBuilding C object CMakeFiles/camera_msgs__rosidl_typesupport_introspection_c.dir/rosidl_typesupport_introspection_c/camera_msgs/msg/detail/camera_detection__type_support.c.o[0m
[13.784s] [ 61%] [32mBuilding C object CMakeFiles/camera_msgs__rosidl_typesupport_introspection_c.dir/rosidl_typesupport_introspection_c/camera_msgs/msg/detail/camera_detection_array__type_support.c.o[0m
[13.803s] [ 63%] [32mBuilding CXX object CMakeFiles/camera_msgs__rosidl_typesupport_fastrtps_cpp.dir/rosidl_typesupport_fastrtps_cpp/camera_msgs/msg/detail/dds_fastrtps/camera_detection__type_support.cpp.o[0m
[13.813s] [ 65%] [32mBuilding CXX object CMakeFiles/camera_msgs__rosidl_typesupport_fastrtps_cpp.dir/rosidl_typesupport_fastrtps_cpp/camera_msgs/msg/detail/dds_fastrtps/camera_detection_array__type_support.cpp.o[0m
[13.976s] [ 68%] [32m[1mLinking C shared library libcamera_msgs__rosidl_typesupport_introspection_c.so[0m
[14.075s] [ 68%] Built target camera_msgs__rosidl_typesupport_introspection_c
[14.296s] [ 70%] [32m[1mLinking CXX shared library libcamera_msgs__rosidl_typesupport_cpp.so[0m
[14.545s] [ 70%] Built target camera_msgs__rosidl_typesupport_cpp
[14.602s] [ 72%] [32m[1mLinking CXX shared library libcamera_msgs__rosidl_typesupport_introspection_cpp.so[0m
[14.735s] [ 75%] [32m[1mLinking CXX shared library libcamera_msgs__rosidl_typesupport_fastrtps_c.so[0m
[14.840s] [ 75%] Built target camera_msgs__rosidl_typesupport_fastrtps_c
[14.863s] [ 75%] Built target camera_msgs__rosidl_typesupport_introspection_cpp
[15.543s] [ 77%] [32m[1mLinking CXX shared library libcamera_msgs__rosidl_typesupport_fastrtps_cpp.so[0m
[15.687s] [ 77%] Built target camera_msgs__rosidl_typesupport_fastrtps_cpp
[15.722s] [ 77%] Built target camera_msgs
[15.762s] [ 79%] [34m[1mGenerating Python code for ROS interfaces[0m
[17.130s] [ 79%] Built target camera_msgs__py
[17.172s] [ 81%] [32mBuilding C object CMakeFiles/camera_msgs__rosidl_generator_py.dir/rosidl_generator_py/camera_msgs/msg/_camera_detection_s.c.o[0m
[17.190s] [ 84%] [32mBuilding C object CMakeFiles/camera_msgs__rosidl_generator_py.dir/rosidl_generator_py/camera_msgs/msg/_camera_detection_array_s.c.o[0m
[17.978s] [ 86%] [32m[1mLinking C shared library libcamera_msgs__rosidl_generator_py.so[0m
[18.167s] [ 86%] Built target camera_msgs__rosidl_generator_py
[18.237s] [ 88%] [32mBuilding C object CMakeFiles/camera_msgs_s__rosidl_typesupport_introspection_c.dir/rosidl_generator_py/camera_msgs/_camera_msgs_s.ep.rosidl_typesupport_introspection_c.c.o[0m
[18.241s] [ 90%] [32mBuilding C object CMakeFiles/camera_msgs_s__rosidl_typesupport_c.dir/rosidl_generator_py/camera_msgs/_camera_msgs_s.ep.rosidl_typesupport_c.c.o[0m
[18.247s] [ 93%] [32mBuilding C object CMakeFiles/camera_msgs_s__rosidl_typesupport_fastrtps_c.dir/rosidl_generator_py/camera_msgs/_camera_msgs_s.ep.rosidl_typesupport_fastrtps_c.c.o[0m
[18.535s] [ 95%] [32m[1mLinking C shared module rosidl_generator_py/camera_msgs/camera_msgs_s__rosidl_typesupport_introspection_c.so[0m
[18.603s] [ 97%] [32m[1mLinking C shared module rosidl_generator_py/camera_msgs/camera_msgs_s__rosidl_typesupport_c.so[0m
[18.621s] [ 97%] Built target camera_msgs_s__rosidl_typesupport_introspection_c
[18.670s] [100%] [32m[1mLinking C shared module rosidl_generator_py/camera_msgs/camera_msgs_s__rosidl_typesupport_fastrtps_c.so[0m
[18.730s] [100%] Built target camera_msgs_s__rosidl_typesupport_fastrtps_c
[18.745s] [100%] Built target camera_msgs_s__rosidl_typesupport_c
[18.782s] Invoked command in '/home/ebrahim/formula-carmaker-fs_2025/FCM_Projects/FS_autonomous/ros/ros2_ws/build/camera_msgs' returned '0': CMAKE_PREFIX_PATH=${CMAKE_PREFIX_PATH}:/opt/ros/jazzy DEBUGINFOD_URLS=https://debuginfod.ubuntu.com /usr/bin/cmake --build /home/ebrahim/formula-carmaker-fs_2025/FCM_Projects/FS_autonomous/ros/ros2_ws/build/camera_msgs -- -j12 -l12
[18.790s] Invoking command in '/home/ebrahim/formula-carmaker-fs_2025/FCM_Projects/FS_autonomous/ros/ros2_ws/build/camera_msgs': CMAKE_PREFIX_PATH=${CMAKE_PREFIX_PATH}:/opt/ros/jazzy DEBUGINFOD_URLS=https://debuginfod.ubuntu.com /usr/bin/cmake --install /home/ebrahim/formula-carmaker-fs_2025/FCM_Projects/FS_autonomous/ros/ros2_ws/build/camera_msgs
[18.814s] -- Install configuration: ""
[18.814s] -- Installing: /home/ebrahim/formula-carmaker-fs_2025/FCM_Projects/FS_autonomous/ros/ros2_ws/install/camera_msgs/share/ament_index/resource_index/rosidl_interfaces/camera_msgs
[18.825s] -- Installing: /home/ebrahim/formula-carmaker-fs_2025/FCM_Projects/FS_autonomous/ros/ros2_ws/install/camera_msgs/share/camera_msgs/msg/CameraDetection.json
[18.825s] -- Installing: /home/ebrahim/formula-carmaker-fs_2025/FCM_Projects/FS_autonomous/ros/ros2_ws/install/camera_msgs/share/camera_msgs/msg/CameraDetectionArray.json
[18.825s] -- Installing: /home/ebrahim/formula-carmaker-fs_2025/FCM_Projects/FS_autonomous/ros/ros2_ws/install/camera_msgs/include/camera_msgs/camera_msgs
[18.825s] -- Installing: /home/ebrahim/formula-carmaker-fs_2025/FCM_Projects/FS_autonomous/ros/ros2_ws/install/camera_msgs/include/camera_msgs/camera_msgs/msg
[18.826s] -- Installing: /home/ebrahim/formula-carmaker-fs_2025/FCM_Projects/FS_autonomous/ros/ros2_ws/install/camera_msgs/include/camera_msgs/camera_msgs/msg/detail
[18.826s] -- Installing: /home/ebrahim/formula-carmaker-fs_2025/FCM_Projects/FS_autonomous/ros/ros2_ws/install/camera_msgs/include/camera_msgs/camera_msgs/msg/detail/camera_detection_array__functions.c
[18.831s] -- Installing: /home/ebrahim/formula-carmaker-fs_2025/FCM_Projects/FS_autonomous/ros/ros2_ws/install/camera_msgs/include/camera_msgs/camera_msgs/msg/detail/camera_detection__struct.h
[18.837s] -- Installing: /home/ebrahim/formula-carmaker-fs_2025/FCM_Projects/FS_autonomous/ros/ros2_ws/install/camera_msgs/include/camera_msgs/camera_msgs/msg/detail/camera_detection__functions.c
[18.847s] -- Installing: /home/ebrahim/formula-carmaker-fs_2025/FCM_Projects/FS_autonomous/ros/ros2_ws/install/camera_msgs/include/camera_msgs/camera_msgs/msg/detail/camera_detection__functions.h
[18.847s] -- Installing: /home/ebrahim/formula-carmaker-fs_2025/FCM_Projects/FS_autonomous/ros/ros2_ws/install/camera_msgs/include/camera_msgs/camera_msgs/msg/detail/camera_detection_array__functions.h
[18.847s] -- Installing: /home/ebrahim/formula-carmaker-fs_2025/FCM_Projects/FS_autonomous/ros/ros2_ws/install/camera_msgs/include/camera_msgs/camera_msgs/msg/detail/camera_detection__description.c
[18.847s] -- Installing: /home/ebrahim/formula-carmaker-fs_2025/FCM_Projects/FS_autonomous/ros/ros2_ws/install/camera_msgs/include/camera_msgs/camera_msgs/msg/detail/camera_detection_array__description.c
[18.848s] -- Installing: /home/ebrahim/formula-carmaker-fs_2025/FCM_Projects/FS_autonomous/ros/ros2_ws/install/camera_msgs/include/camera_msgs/camera_msgs/msg/detail/camera_detection__type_support.h
[18.851s] -- Installing: /home/ebrahim/formula-carmaker-fs_2025/FCM_Projects/FS_autonomous/ros/ros2_ws/install/camera_msgs/include/camera_msgs/camera_msgs/msg/detail/camera_detection_array__type_support.h
[18.855s] -- Installing: /home/ebrahim/formula-carmaker-fs_2025/FCM_Projects/FS_autonomous/ros/ros2_ws/install/camera_msgs/include/camera_msgs/camera_msgs/msg/detail/camera_detection__type_support.c
[18.862s] -- Installing: /home/ebrahim/formula-carmaker-fs_2025/FCM_Projects/FS_autonomous/ros/ros2_ws/install/camera_msgs/include/camera_msgs/camera_msgs/msg/detail/camera_detection_array__type_support.c
[18.862s] -- Installing: /home/ebrahim/formula-carmaker-fs_2025/FCM_Projects/FS_autonomous/ros/ros2_ws/install/camera_msgs/include/camera_msgs/camera_msgs/msg/detail/camera_detection_array__struct.h
[18.862s] -- Installing: /home/ebrahim/formula-carmaker-fs_2025/FCM_Projects/FS_autonomous/ros/ros2_ws/install/camera_msgs/include/camera_msgs/camera_msgs/msg/camera_detection.h
[18.867s] -- Installing: /home/ebrahim/formula-carmaker-fs_2025/FCM_Projects/FS_autonomous/ros/ros2_ws/install/camera_msgs/include/camera_msgs/camera_msgs/msg/rosidl_generator_c__visibility_control.h
[18.867s] -- Installing: /home/ebrahim/formula-carmaker-fs_2025/FCM_Projects/FS_autonomous/ros/ros2_ws/install/camera_msgs/include/camera_msgs/camera_msgs/msg/camera_detection_array.h
[18.883s] -- Installing: /home/ebrahim/formula-carmaker-fs_2025/FCM_Projects/FS_autonomous/ros/ros2_ws/install/camera_msgs/share/camera_msgs/environment/library_path.sh
[18.883s] -- Installing: /home/ebrahim/formula-carmaker-fs_2025/FCM_Projects/FS_autonomous/ros/ros2_ws/install/camera_msgs/share/camera_msgs/environment/library_path.dsv
[18.883s] -- Installing: /home/ebrahim/formula-carmaker-fs_2025/FCM_Projects/FS_autonomous/ros/ros2_ws/install/camera_msgs/lib/libcamera_msgs__rosidl_generator_c.so
[18.884s] -- Set non-toolchain portion of runtime path of "/home/ebrahim/formula-carmaker-fs_2025/FCM_Projects/FS_autonomous/ros/ros2_ws/install/camera_msgs/lib/libcamera_msgs__rosidl_generator_c.so" to ""
[18.884s] -- Up-to-date: /home/ebrahim/formula-carmaker-fs_2025/FCM_Projects/FS_autonomous/ros/ros2_ws/install/camera_msgs/include/camera_msgs/camera_msgs
[18.884s] -- Up-to-date: /home/ebrahim/formula-carmaker-fs_2025/FCM_Projects/FS_autonomous/ros/ros2_ws/install/camera_msgs/include/camera_msgs/camera_msgs/msg
[18.884s] -- Up-to-date: /home/ebrahim/formula-carmaker-fs_2025/FCM_Projects/FS_autonomous/ros/ros2_ws/install/camera_msgs/include/camera_msgs/camera_msgs/msg/detail
[18.884s] -- Installing: /home/ebrahim/formula-carmaker-fs_2025/FCM_Projects/FS_autonomous/ros/ros2_ws/install/camera_msgs/include/camera_msgs/camera_msgs/msg/detail/camera_detection_array__rosidl_typesupport_fastrtps_c.h
[18.887s] -- Installing: /home/ebrahim/formula-carmaker-fs_2025/FCM_Projects/FS_autonomous/ros/ros2_ws/install/camera_msgs/include/camera_msgs/camera_msgs/msg/detail/camera_detection__rosidl_typesupport_fastrtps_c.h
[18.890s] -- Installing: /home/ebrahim/formula-carmaker-fs_2025/FCM_Projects/FS_autonomous/ros/ros2_ws/install/camera_msgs/include/camera_msgs/camera_msgs/msg/rosidl_typesupport_fastrtps_c__visibility_control.h
[18.892s] -- Installing: /home/ebrahim/formula-carmaker-fs_2025/FCM_Projects/FS_autonomous/ros/ros2_ws/install/camera_msgs/lib/libcamera_msgs__rosidl_typesupport_fastrtps_c.so
[18.897s] -- Set non-toolchain portion of runtime path of "/home/ebrahim/formula-carmaker-fs_2025/FCM_Projects/FS_autonomous/ros/ros2_ws/install/camera_msgs/lib/libcamera_msgs__rosidl_typesupport_fastrtps_c.so" to ""
[18.897s] -- Up-to-date: /home/ebrahim/formula-carmaker-fs_2025/FCM_Projects/FS_autonomous/ros/ros2_ws/install/camera_msgs/include/camera_msgs/camera_msgs
[18.897s] -- Up-to-date: /home/ebrahim/formula-carmaker-fs_2025/FCM_Projects/FS_autonomous/ros/ros2_ws/install/camera_msgs/include/camera_msgs/camera_msgs/msg
[18.898s] -- Up-to-date: /home/ebrahim/formula-carmaker-fs_2025/FCM_Projects/FS_autonomous/ros/ros2_ws/install/camera_msgs/include/camera_msgs/camera_msgs/msg/detail
[18.899s] -- Installing: /home/ebrahim/formula-carmaker-fs_2025/FCM_Projects/FS_autonomous/ros/ros2_ws/install/camera_msgs/include/camera_msgs/camera_msgs/msg/detail/camera_detection_array__rosidl_typesupport_introspection_c.h
[18.901s] -- Installing: /home/ebrahim/formula-carmaker-fs_2025/FCM_Projects/FS_autonomous/ros/ros2_ws/install/camera_msgs/include/camera_msgs/camera_msgs/msg/detail/camera_detection__rosidl_typesupport_introspection_c.h
[18.904s] -- Installing: /home/ebrahim/formula-carmaker-fs_2025/FCM_Projects/FS_autonomous/ros/ros2_ws/install/camera_msgs/include/camera_msgs/camera_msgs/msg/detail/camera_detection__type_support.c
[18.909s] -- Installing: /home/ebrahim/formula-carmaker-fs_2025/FCM_Projects/FS_autonomous/ros/ros2_ws/install/camera_msgs/include/camera_msgs/camera_msgs/msg/detail/camera_detection_array__type_support.c
[18.909s] -- Installing: /home/ebrahim/formula-carmaker-fs_2025/FCM_Projects/FS_autonomous/ros/ros2_ws/install/camera_msgs/include/camera_msgs/camera_msgs/msg/rosidl_typesupport_introspection_c__visibility_control.h
[18.912s] -- Installing: /home/ebrahim/formula-carmaker-fs_2025/FCM_Projects/FS_autonomous/ros/ros2_ws/install/camera_msgs/lib/libcamera_msgs__rosidl_typesupport_introspection_c.so
[18.916s] -- Set non-toolchain portion of runtime path of "/home/ebrahim/formula-carmaker-fs_2025/FCM_Projects/FS_autonomous/ros/ros2_ws/install/camera_msgs/lib/libcamera_msgs__rosidl_typesupport_introspection_c.so" to ""
[18.916s] -- Installing: /home/ebrahim/formula-carmaker-fs_2025/FCM_Projects/FS_autonomous/ros/ros2_ws/install/camera_msgs/lib/libcamera_msgs__rosidl_typesupport_c.so
[18.920s] -- Set non-toolchain portion of runtime path of "/home/ebrahim/formula-carmaker-fs_2025/FCM_Projects/FS_autonomous/ros/ros2_ws/install/camera_msgs/lib/libcamera_msgs__rosidl_typesupport_c.so" to ""
[18.920s] -- Up-to-date: /home/ebrahim/formula-carmaker-fs_2025/FCM_Projects/FS_autonomous/ros/ros2_ws/install/camera_msgs/include/camera_msgs/camera_msgs
[18.920s] -- Up-to-date: /home/ebrahim/formula-carmaker-fs_2025/FCM_Projects/FS_autonomous/ros/ros2_ws/install/camera_msgs/include/camera_msgs/camera_msgs/msg
[18.922s] -- Up-to-date: /home/ebrahim/formula-carmaker-fs_2025/FCM_Projects/FS_autonomous/ros/ros2_ws/install/camera_msgs/include/camera_msgs/camera_msgs/msg/detail
[18.922s] -- Installing: /home/ebrahim/formula-carmaker-fs_2025/FCM_Projects/FS_autonomous/ros/ros2_ws/install/camera_msgs/include/camera_msgs/camera_msgs/msg/detail/camera_detection__builder.hpp
[18.925s] -- Installing: /home/ebrahim/formula-carmaker-fs_2025/FCM_Projects/FS_autonomous/ros/ros2_ws/install/camera_msgs/include/camera_msgs/camera_msgs/msg/detail/camera_detection__struct.hpp
[18.927s] -- Installing: /home/ebrahim/formula-carmaker-fs_2025/FCM_Projects/FS_autonomous/ros/ros2_ws/install/camera_msgs/include/camera_msgs/camera_msgs/msg/detail/camera_detection__traits.hpp
[18.930s] -- Installing: /home/ebrahim/formula-carmaker-fs_2025/FCM_Projects/FS_autonomous/ros/ros2_ws/install/camera_msgs/include/camera_msgs/camera_msgs/msg/detail/camera_detection_array__struct.hpp
[18.932s] -- Installing: /home/ebrahim/formula-carmaker-fs_2025/FCM_Projects/FS_autonomous/ros/ros2_ws/install/camera_msgs/include/camera_msgs/camera_msgs/msg/detail/camera_detection__type_support.hpp
[18.935s] -- Installing: /home/ebrahim/formula-carmaker-fs_2025/FCM_Projects/FS_autonomous/ros/ros2_ws/install/camera_msgs/include/camera_msgs/camera_msgs/msg/detail/camera_detection_array__type_support.hpp
[18.936s] -- Installing: /home/ebrahim/formula-carmaker-fs_2025/FCM_Projects/FS_autonomous/ros/ros2_ws/install/camera_msgs/include/camera_msgs/camera_msgs/msg/detail/camera_detection_array__traits.hpp
[18.938s] -- Installing: /home/ebrahim/formula-carmaker-fs_2025/FCM_Projects/FS_autonomous/ros/ros2_ws/install/camera_msgs/include/camera_msgs/camera_msgs/msg/detail/camera_detection_array__builder.hpp
[18.941s] -- Installing: /home/ebrahim/formula-carmaker-fs_2025/FCM_Projects/FS_autonomous/ros/ros2_ws/install/camera_msgs/include/camera_msgs/camera_msgs/msg/rosidl_generator_cpp__visibility_control.hpp
[18.943s] -- Installing: /home/ebrahim/formula-carmaker-fs_2025/FCM_Projects/FS_autonomous/ros/ros2_ws/install/camera_msgs/include/camera_msgs/camera_msgs/msg/camera_detection.hpp
[18.945s] -- Installing: /home/ebrahim/formula-carmaker-fs_2025/FCM_Projects/FS_autonomous/ros/ros2_ws/install/camera_msgs/include/camera_msgs/camera_msgs/msg/camera_detection_array.hpp
[18.947s] -- Up-to-date: /home/ebrahim/formula-carmaker-fs_2025/FCM_Projects/FS_autonomous/ros/ros2_ws/install/camera_msgs/include/camera_msgs/camera_msgs
[18.948s] -- Up-to-date: /home/ebrahim/formula-carmaker-fs_2025/FCM_Projects/FS_autonomous/ros/ros2_ws/install/camera_msgs/include/camera_msgs/camera_msgs/msg
[18.949s] -- Up-to-date: /home/ebrahim/formula-carmaker-fs_2025/FCM_Projects/FS_autonomous/ros/ros2_ws/install/camera_msgs/include/camera_msgs/camera_msgs/msg/detail
[18.950s] -- Installing: /home/ebrahim/formula-carmaker-fs_2025/FCM_Projects/FS_autonomous/ros/ros2_ws/install/camera_msgs/include/camera_msgs/camera_msgs/msg/detail/camera_detection__rosidl_typesupport_fastrtps_cpp.hpp
[18.952s] -- Installing: /home/ebrahim/formula-carmaker-fs_2025/FCM_Projects/FS_autonomous/ros/ros2_ws/install/camera_msgs/include/camera_msgs/camera_msgs/msg/detail/dds_fastrtps
[18.953s] -- Installing: /home/ebrahim/formula-carmaker-fs_2025/FCM_Projects/FS_autonomous/ros/ros2_ws/install/camera_msgs/include/camera_msgs/camera_msgs/msg/detail/camera_detection_array__rosidl_typesupport_fastrtps_cpp.hpp
[18.956s] -- Installing: /home/ebrahim/formula-carmaker-fs_2025/FCM_Projects/FS_autonomous/ros/ros2_ws/install/camera_msgs/include/camera_msgs/camera_msgs/msg/rosidl_typesupport_fastrtps_cpp__visibility_control.h
[18.956s] -- Installing: /home/ebrahim/formula-carmaker-fs_2025/FCM_Projects/FS_autonomous/ros/ros2_ws/install/camera_msgs/lib/libcamera_msgs__rosidl_typesupport_fastrtps_cpp.so
[18.959s] -- Set non-toolchain portion of runtime path of "/home/ebrahim/formula-carmaker-fs_2025/FCM_Projects/FS_autonomous/ros/ros2_ws/install/camera_msgs/lib/libcamera_msgs__rosidl_typesupport_fastrtps_cpp.so" to ""
[18.959s] -- Up-to-date: /home/ebrahim/formula-carmaker-fs_2025/FCM_Projects/FS_autonomous/ros/ros2_ws/install/camera_msgs/include/camera_msgs/camera_msgs
[18.959s] -- Up-to-date: /home/ebrahim/formula-carmaker-fs_2025/FCM_Projects/FS_autonomous/ros/ros2_ws/install/camera_msgs/include/camera_msgs/camera_msgs/msg
[18.959s] -- Up-to-date: /home/ebrahim/formula-carmaker-fs_2025/FCM_Projects/FS_autonomous/ros/ros2_ws/install/camera_msgs/include/camera_msgs/camera_msgs/msg/detail
[18.960s] -- Installing: /home/ebrahim/formula-carmaker-fs_2025/FCM_Projects/FS_autonomous/ros/ros2_ws/install/camera_msgs/include/camera_msgs/camera_msgs/msg/detail/camera_detection__type_support.cpp
[18.960s] -- Installing: /home/ebrahim/formula-carmaker-fs_2025/FCM_Projects/FS_autonomous/ros/ros2_ws/install/camera_msgs/include/camera_msgs/camera_msgs/msg/detail/camera_detection__rosidl_typesupport_introspection_cpp.hpp
[18.960s] -- Installing: /home/ebrahim/formula-carmaker-fs_2025/FCM_Projects/FS_autonomous/ros/ros2_ws/install/camera_msgs/include/camera_msgs/camera_msgs/msg/detail/camera_detection_array__rosidl_typesupport_introspection_cpp.hpp
[18.960s] -- Installing: /home/ebrahim/formula-carmaker-fs_2025/FCM_Projects/FS_autonomous/ros/ros2_ws/install/camera_msgs/include/camera_msgs/camera_msgs/msg/detail/camera_detection_array__type_support.cpp
[18.960s] -- Installing: /home/ebrahim/formula-carmaker-fs_2025/FCM_Projects/FS_autonomous/ros/ros2_ws/install/camera_msgs/lib/libcamera_msgs__rosidl_typesupport_introspection_cpp.so
[18.961s] -- Set non-toolchain portion of runtime path of "/home/ebrahim/formula-carmaker-fs_2025/FCM_Projects/FS_autonomous/ros/ros2_ws/install/camera_msgs/lib/libcamera_msgs__rosidl_typesupport_introspection_cpp.so" to ""
[18.961s] -- Installing: /home/ebrahim/formula-carmaker-fs_2025/FCM_Projects/FS_autonomous/ros/ros2_ws/install/camera_msgs/lib/libcamera_msgs__rosidl_typesupport_cpp.so
[18.965s] -- Set non-toolchain portion of runtime path of "/home/ebrahim/formula-carmaker-fs_2025/FCM_Projects/FS_autonomous/ros/ros2_ws/install/camera_msgs/lib/libcamera_msgs__rosidl_typesupport_cpp.so" to ""
[18.965s] -- Installing: /home/ebrahim/formula-carmaker-fs_2025/FCM_Projects/FS_autonomous/ros/ros2_ws/install/camera_msgs/share/camera_msgs/environment/pythonpath.sh
[18.965s] -- Installing: /home/ebrahim/formula-carmaker-fs_2025/FCM_Projects/FS_autonomous/ros/ros2_ws/install/camera_msgs/share/camera_msgs/environment/pythonpath.dsv
[18.965s] -- Installing: /home/ebrahim/formula-carmaker-fs_2025/FCM_Projects/FS_autonomous/ros/ros2_ws/install/camera_msgs/lib/python3.12/site-packages/camera_msgs-1.0.0-py3.12.egg-info
[18.966s] -- Installing: /home/ebrahim/formula-carmaker-fs_2025/FCM_Projects/FS_autonomous/ros/ros2_ws/install/camera_msgs/lib/python3.12/site-packages/camera_msgs-1.0.0-py3.12.egg-info/SOURCES.txt
[18.966s] -- Installing: /home/ebrahim/formula-carmaker-fs_2025/FCM_Projects/FS_autonomous/ros/ros2_ws/install/camera_msgs/lib/python3.12/site-packages/camera_msgs-1.0.0-py3.12.egg-info/PKG-INFO
[18.966s] -- Installing: /home/ebrahim/formula-carmaker-fs_2025/FCM_Projects/FS_autonomous/ros/ros2_ws/install/camera_msgs/lib/python3.12/site-packages/camera_msgs-1.0.0-py3.12.egg-info/top_level.txt
[18.966s] -- Installing: /home/ebrahim/formula-carmaker-fs_2025/FCM_Projects/FS_autonomous/ros/ros2_ws/install/camera_msgs/lib/python3.12/site-packages/camera_msgs-1.0.0-py3.12.egg-info/dependency_links.txt
[18.966s] -- Installing: /home/ebrahim/formula-carmaker-fs_2025/FCM_Projects/FS_autonomous/ros/ros2_ws/install/camera_msgs/lib/python3.12/site-packages/camera_msgs
[18.966s] -- Installing: /home/ebrahim/formula-carmaker-fs_2025/FCM_Projects/FS_autonomous/ros/ros2_ws/install/camera_msgs/lib/python3.12/site-packages/camera_msgs/camera_msgs_s__rosidl_typesupport_c.so
[18.967s] -- Installing: /home/ebrahim/formula-carmaker-fs_2025/FCM_Projects/FS_autonomous/ros/ros2_ws/install/camera_msgs/lib/python3.12/site-packages/camera_msgs/camera_msgs_s__rosidl_typesupport_fastrtps_c.so
[18.967s] -- Installing: /home/ebrahim/formula-carmaker-fs_2025/FCM_Projects/FS_autonomous/ros/ros2_ws/install/camera_msgs/lib/python3.12/site-packages/camera_msgs/_camera_msgs_s.ep.rosidl_typesupport_fastrtps_c.c
[18.967s] -- Installing: /home/ebrahim/formula-carmaker-fs_2025/FCM_Projects/FS_autonomous/ros/ros2_ws/install/camera_msgs/lib/python3.12/site-packages/camera_msgs/_camera_msgs_s.ep.rosidl_typesupport_c.c
[18.967s] -- Installing: /home/ebrahim/formula-carmaker-fs_2025/FCM_Projects/FS_autonomous/ros/ros2_ws/install/camera_msgs/lib/python3.12/site-packages/camera_msgs/camera_msgs_s__rosidl_typesupport_introspection_c.so
[18.967s] -- Installing: /home/ebrahim/formula-carmaker-fs_2025/FCM_Projects/FS_autonomous/ros/ros2_ws/install/camera_msgs/lib/python3.12/site-packages/camera_msgs/_camera_msgs_s.ep.rosidl_typesupport_introspection_c.c
[18.967s] -- Installing: /home/ebrahim/formula-carmaker-fs_2025/FCM_Projects/FS_autonomous/ros/ros2_ws/install/camera_msgs/lib/python3.12/site-packages/camera_msgs/msg
[18.968s] -- Installing: /home/ebrahim/formula-carmaker-fs_2025/FCM_Projects/FS_autonomous/ros/ros2_ws/install/camera_msgs/lib/python3.12/site-packages/camera_msgs/msg/_camera_detection_array_s.c
[18.968s] -- Installing: /home/ebrahim/formula-carmaker-fs_2025/FCM_Projects/FS_autonomous/ros/ros2_ws/install/camera_msgs/lib/python3.12/site-packages/camera_msgs/msg/_camera_detection.py
[18.968s] -- Installing: /home/ebrahim/formula-carmaker-fs_2025/FCM_Projects/FS_autonomous/ros/ros2_ws/install/camera_msgs/lib/python3.12/site-packages/camera_msgs/msg/_camera_detection_s.c
[18.968s] -- Installing: /home/ebrahim/formula-carmaker-fs_2025/FCM_Projects/FS_autonomous/ros/ros2_ws/install/camera_msgs/lib/python3.12/site-packages/camera_msgs/msg/_camera_detection_array.py
[18.968s] -- Installing: /home/ebrahim/formula-carmaker-fs_2025/FCM_Projects/FS_autonomous/ros/ros2_ws/install/camera_msgs/lib/python3.12/site-packages/camera_msgs/msg/__init__.py
[18.968s] -- Installing: /home/ebrahim/formula-carmaker-fs_2025/FCM_Projects/FS_autonomous/ros/ros2_ws/install/camera_msgs/lib/python3.12/site-packages/camera_msgs/__init__.py
[19.099s] Listing '/home/ebrahim/formula-carmaker-fs_2025/FCM_Projects/FS_autonomous/ros/ros2_ws/install/camera_msgs/lib/python3.12/site-packages/camera_msgs'...
[19.100s] Compiling '/home/ebrahim/formula-carmaker-fs_2025/FCM_Projects/FS_autonomous/ros/ros2_ws/install/camera_msgs/lib/python3.12/site-packages/camera_msgs/__init__.py'...
[19.101s] Listing '/home/ebrahim/formula-carmaker-fs_2025/FCM_Projects/FS_autonomous/ros/ros2_ws/install/camera_msgs/lib/python3.12/site-packages/camera_msgs/msg'...
[19.102s] Compiling '/home/ebrahim/formula-carmaker-fs_2025/FCM_Projects/FS_autonomous/ros/ros2_ws/install/camera_msgs/lib/python3.12/site-packages/camera_msgs/msg/__init__.py'...
[19.103s] Compiling '/home/ebrahim/formula-carmaker-fs_2025/FCM_Projects/FS_autonomous/ros/ros2_ws/install/camera_msgs/lib/python3.12/site-packages/camera_msgs/msg/_camera_detection.py'...
[19.103s] Compiling '/home/ebrahim/formula-carmaker-fs_2025/FCM_Projects/FS_autonomous/ros/ros2_ws/install/camera_msgs/lib/python3.12/site-packages/camera_msgs/msg/_camera_detection_array.py'...
[19.128s] -- Installing: /home/ebrahim/formula-carmaker-fs_2025/FCM_Projects/FS_autonomous/ros/ros2_ws/install/camera_msgs/lib/python3.12/site-packages/camera_msgs/camera_msgs_s__rosidl_typesupport_fastrtps_c.so
[19.130s] -- Set non-toolchain portion of runtime path of "/home/ebrahim/formula-carmaker-fs_2025/FCM_Projects/FS_autonomous/ros/ros2_ws/install/camera_msgs/lib/python3.12/site-packages/camera_msgs/camera_msgs_s__rosidl_typesupport_fastrtps_c.so" to ""
[19.131s] -- Installing: /home/ebrahim/formula-carmaker-fs_2025/FCM_Projects/FS_autonomous/ros/ros2_ws/install/camera_msgs/lib/python3.12/site-packages/camera_msgs/camera_msgs_s__rosidl_typesupport_introspection_c.so
[19.132s] -- Set non-toolchain portion of runtime path of "/home/ebrahim/formula-carmaker-fs_2025/FCM_Projects/FS_autonomous/ros/ros2_ws/install/camera_msgs/lib/python3.12/site-packages/camera_msgs/camera_msgs_s__rosidl_typesupport_introspection_c.so" to ""
[19.134s] -- Installing: /home/ebrahim/formula-carmaker-fs_2025/FCM_Projects/FS_autonomous/ros/ros2_ws/install/camera_msgs/lib/python3.12/site-packages/camera_msgs/camera_msgs_s__rosidl_typesupport_c.so
[19.135s] -- Set non-toolchain portion of runtime path of "/home/ebrahim/formula-carmaker-fs_2025/FCM_Projects/FS_autonomous/ros/ros2_ws/install/camera_msgs/lib/python3.12/site-packages/camera_msgs/camera_msgs_s__rosidl_typesupport_c.so" to ""
[19.136s] -- Installing: /home/ebrahim/formula-carmaker-fs_2025/FCM_Projects/FS_autonomous/ros/ros2_ws/install/camera_msgs/lib/libcamera_msgs__rosidl_generator_py.so
[19.140s] -- Set non-toolchain portion of runtime path of "/home/ebrahim/formula-carmaker-fs_2025/FCM_Projects/FS_autonomous/ros/ros2_ws/install/camera_msgs/lib/libcamera_msgs__rosidl_generator_py.so" to ""
[19.142s] -- Installing: /home/ebrahim/formula-carmaker-fs_2025/FCM_Projects/FS_autonomous/ros/ros2_ws/install/camera_msgs/share/camera_msgs/msg/CameraDetection.idl
[19.143s] -- Installing: /home/ebrahim/formula-carmaker-fs_2025/FCM_Projects/FS_autonomous/ros/ros2_ws/install/camera_msgs/share/camera_msgs/msg/CameraDetectionArray.idl
[19.146s] -- Installing: /home/ebrahim/formula-carmaker-fs_2025/FCM_Projects/FS_autonomous/ros/ros2_ws/install/camera_msgs/share/camera_msgs/msg/CameraDetection.msg
[19.149s] -- Installing: /home/ebrahim/formula-carmaker-fs_2025/FCM_Projects/FS_autonomous/ros/ros2_ws/install/camera_msgs/share/camera_msgs/msg/CameraDetectionArray.msg
[19.152s] -- Installing: /home/ebrahim/formula-carmaker-fs_2025/FCM_Projects/FS_autonomous/ros/ros2_ws/install/camera_msgs/share/ament_index/resource_index/package_run_dependencies/camera_msgs
[19.154s] -- Installing: /home/ebrahim/formula-carmaker-fs_2025/FCM_Projects/FS_autonomous/ros/ros2_ws/install/camera_msgs/share/ament_index/resource_index/parent_prefix_path/camera_msgs
[19.158s] -- Installing: /home/ebrahim/formula-carmaker-fs_2025/FCM_Projects/FS_autonomous/ros/ros2_ws/install/camera_msgs/share/camera_msgs/environment/ament_prefix_path.sh
[19.160s] -- Installing: /home/ebrahim/formula-carmaker-fs_2025/FCM_Projects/FS_autonomous/ros/ros2_ws/install/camera_msgs/share/camera_msgs/environment/ament_prefix_path.dsv
[19.162s] -- Installing: /home/ebrahim/formula-carmaker-fs_2025/FCM_Projects/FS_autonomous/ros/ros2_ws/install/camera_msgs/share/camera_msgs/environment/path.sh
[19.164s] -- Installing: /home/ebrahim/formula-carmaker-fs_2025/FCM_Projects/FS_autonomous/ros/ros2_ws/install/camera_msgs/share/camera_msgs/environment/path.dsv
[19.166s] -- Installing: /home/ebrahim/formula-carmaker-fs_2025/FCM_Projects/FS_autonomous/ros/ros2_ws/install/camera_msgs/share/camera_msgs/local_setup.bash
[19.168s] -- Installing: /home/ebrahim/formula-carmaker-fs_2025/FCM_Projects/FS_autonomous/ros/ros2_ws/install/camera_msgs/share/camera_msgs/local_setup.sh
[19.170s] -- Installing: /home/ebrahim/formula-carmaker-fs_2025/FCM_Projects/FS_autonomous/ros/ros2_ws/install/camera_msgs/share/camera_msgs/local_setup.zsh
[19.173s] -- Installing: /home/ebrahim/formula-carmaker-fs_2025/FCM_Projects/FS_autonomous/ros/ros2_ws/install/camera_msgs/share/camera_msgs/local_setup.dsv
[19.175s] -- Installing: /home/ebrahim/formula-carmaker-fs_2025/FCM_Projects/FS_autonomous/ros/ros2_ws/install/camera_msgs/share/camera_msgs/package.dsv
[19.178s] -- Installing: /home/ebrahim/formula-carmaker-fs_2025/FCM_Projects/FS_autonomous/ros/ros2_ws/install/camera_msgs/share/ament_index/resource_index/packages/camera_msgs
[19.180s] -- Installing: /home/ebrahim/formula-carmaker-fs_2025/FCM_Projects/FS_autonomous/ros/ros2_ws/install/camera_msgs/share/camera_msgs/cmake/export_camera_msgs__rosidl_generator_cExport.cmake
[19.184s] -- Installing: /home/ebrahim/formula-carmaker-fs_2025/FCM_Projects/FS_autonomous/ros/ros2_ws/install/camera_msgs/share/camera_msgs/cmake/export_camera_msgs__rosidl_generator_cExport-noconfig.cmake
[19.187s] -- Installing: /home/ebrahim/formula-carmaker-fs_2025/FCM_Projects/FS_autonomous/ros/ros2_ws/install/camera_msgs/share/camera_msgs/cmake/export_camera_msgs__rosidl_typesupport_fastrtps_cExport.cmake
[19.190s] -- Installing: /home/ebrahim/formula-carmaker-fs_2025/FCM_Projects/FS_autonomous/ros/ros2_ws/install/camera_msgs/share/camera_msgs/cmake/export_camera_msgs__rosidl_typesupport_fastrtps_cExport-noconfig.cmake
[19.193s] -- Installing: /home/ebrahim/formula-carmaker-fs_2025/FCM_Projects/FS_autonomous/ros/ros2_ws/install/camera_msgs/share/camera_msgs/cmake/camera_msgs__rosidl_typesupport_introspection_cExport.cmake
[19.196s] -- Installing: /home/ebrahim/formula-carmaker-fs_2025/FCM_Projects/FS_autonomous/ros/ros2_ws/install/camera_msgs/share/camera_msgs/cmake/camera_msgs__rosidl_typesupport_introspection_cExport-noconfig.cmake
[19.199s] -- Installing: /home/ebrahim/formula-carmaker-fs_2025/FCM_Projects/FS_autonomous/ros/ros2_ws/install/camera_msgs/share/camera_msgs/cmake/camera_msgs__rosidl_typesupport_cExport.cmake
[19.201s] -- Installing: /home/ebrahim/formula-carmaker-fs_2025/FCM_Projects/FS_autonomous/ros/ros2_ws/install/camera_msgs/share/camera_msgs/cmake/camera_msgs__rosidl_typesupport_cExport-noconfig.cmake
[19.205s] -- Installing: /home/ebrahim/formula-carmaker-fs_2025/FCM_Projects/FS_autonomous/ros/ros2_ws/install/camera_msgs/share/camera_msgs/cmake/export_camera_msgs__rosidl_generator_cppExport.cmake
[19.209s] -- Installing: /home/ebrahim/formula-carmaker-fs_2025/FCM_Projects/FS_autonomous/ros/ros2_ws/install/camera_msgs/share/camera_msgs/cmake/export_camera_msgs__rosidl_typesupport_fastrtps_cppExport.cmake
[19.213s] -- Installing: /home/ebrahim/formula-carmaker-fs_2025/FCM_Projects/FS_autonomous/ros/ros2_ws/install/camera_msgs/share/camera_msgs/cmake/export_camera_msgs__rosidl_typesupport_fastrtps_cppExport-noconfig.cmake
[19.216s] -- Installing: /home/ebrahim/formula-carmaker-fs_2025/FCM_Projects/FS_autonomous/ros/ros2_ws/install/camera_msgs/share/camera_msgs/cmake/camera_msgs__rosidl_typesupport_introspection_cppExport.cmake
[19.219s] -- Installing: /home/ebrahim/formula-carmaker-fs_2025/FCM_Projects/FS_autonomous/ros/ros2_ws/install/camera_msgs/share/camera_msgs/cmake/camera_msgs__rosidl_typesupport_introspection_cppExport-noconfig.cmake
[19.221s] -- Installing: /home/ebrahim/formula-carmaker-fs_2025/FCM_Projects/FS_autonomous/ros/ros2_ws/install/camera_msgs/share/camera_msgs/cmake/camera_msgs__rosidl_typesupport_cppExport.cmake
[19.223s] -- Installing: /home/ebrahim/formula-carmaker-fs_2025/FCM_Projects/FS_autonomous/ros/ros2_ws/install/camera_msgs/share/camera_msgs/cmake/camera_msgs__rosidl_typesupport_cppExport-noconfig.cmake
[19.225s] -- Installing: /home/ebrahim/formula-carmaker-fs_2025/FCM_Projects/FS_autonomous/ros/ros2_ws/install/camera_msgs/share/camera_msgs/cmake/export_camera_msgs__rosidl_generator_pyExport.cmake
[19.227s] -- Installing: /home/ebrahim/formula-carmaker-fs_2025/FCM_Projects/FS_autonomous/ros/ros2_ws/install/camera_msgs/share/camera_msgs/cmake/export_camera_msgs__rosidl_generator_pyExport-noconfig.cmake
[19.229s] -- Installing: /home/ebrahim/formula-carmaker-fs_2025/FCM_Projects/FS_autonomous/ros/ros2_ws/install/camera_msgs/share/camera_msgs/cmake/rosidl_cmake-extras.cmake
[19.231s] -- Installing: /home/ebrahim/formula-carmaker-fs_2025/FCM_Projects/FS_autonomous/ros/ros2_ws/install/camera_msgs/share/camera_msgs/cmake/ament_cmake_export_dependencies-extras.cmake
[19.233s] -- Installing: /home/ebrahim/formula-carmaker-fs_2025/FCM_Projects/FS_autonomous/ros/ros2_ws/install/camera_msgs/share/camera_msgs/cmake/ament_cmake_export_include_directories-extras.cmake
[19.233s] -- Installing: /home/ebrahim/formula-carmaker-fs_2025/FCM_Projects/FS_autonomous/ros/ros2_ws/install/camera_msgs/share/camera_msgs/cmake/ament_cmake_export_libraries-extras.cmake
[19.234s] -- Installing: /home/ebrahim/formula-carmaker-fs_2025/FCM_Projects/FS_autonomous/ros/ros2_ws/install/camera_msgs/share/camera_msgs/cmake/ament_cmake_export_targets-extras.cmake
[19.234s] -- Installing: /home/ebrahim/formula-carmaker-fs_2025/FCM_Projects/FS_autonomous/ros/ros2_ws/install/camera_msgs/share/camera_msgs/cmake/rosidl_cmake_export_typesupport_targets-extras.cmake
[19.235s] -- Installing: /home/ebrahim/formula-carmaker-fs_2025/FCM_Projects/FS_autonomous/ros/ros2_ws/install/camera_msgs/share/camera_msgs/cmake/rosidl_cmake_export_typesupport_libraries-extras.cmake
[19.236s] -- Installing: /home/ebrahim/formula-carmaker-fs_2025/FCM_Projects/FS_autonomous/ros/ros2_ws/install/camera_msgs/share/camera_msgs/cmake/camera_msgsConfig.cmake
[19.236s] -- Installing: /home/ebrahim/formula-carmaker-fs_2025/FCM_Projects/FS_autonomous/ros/ros2_ws/install/camera_msgs/share/camera_msgs/cmake/camera_msgsConfig-version.cmake
[19.236s] -- Installing: /home/ebrahim/formula-carmaker-fs_2025/FCM_Projects/FS_autonomous/ros/ros2_ws/install/camera_msgs/share/camera_msgs/package.xml
[19.238s] Invoked command in '/home/ebrahim/formula-carmaker-fs_2025/FCM_Projects/FS_autonomous/ros/ros2_ws/build/camera_msgs' returned '0': CMAKE_PREFIX_PATH=${CMAKE_PREFIX_PATH}:/opt/ros/jazzy DEBUGINFOD_URLS=https://debuginfod.ubuntu.com /usr/bin/cmake --install /home/ebrahim/formula-carmaker-fs_2025/FCM_Projects/FS_autonomous/ros/ros2_ws/build/camera_msgs
