[0.022s] Invoking command in '/home/ebrahim/formula-carmaker-fs_2025/FCM_Projects/FS_autonomous/ros/ros2_ws/build/hellocm_msgs': CMAKE_PREFIX_PATH=${CMAKE_PREFIX_PATH}:/opt/ros/jazzy DEBUGINFOD_URLS=https://debuginfod.ubuntu.com /usr/bin/cmake /home/ebrahim/formula-carmaker-fs_2025/FCM_Projects/FS_autonomous/ros/ros2_ws/src/hellocm_msgs -DCARMAKER_VER:STRING=14.1.1 -DCARMAKER_DIR:PATH=/opt/ipg/carmaker/linux64-14.1.1 --no-warn-unused-cli -DCMAKE_INSTALL_PREFIX=/home/ebrahim/formula-carmaker-fs_2025/FCM_Projects/FS_autonomous/ros/ros2_ws/install/hellocm_msgs
[0.030s] Not searching for unused variables given on the command line.
[0.092s] -- The C compiler identification is GNU 12.4.0
[0.162s] -- The CXX compiler identification is GNU 12.4.0
[0.189s] -- Detecting C compiler ABI info
[0.287s] -- Detecting C compiler ABI info - done
[0.306s] -- Check for working C compiler: /usr/bin/cc - skipped
[0.307s] -- Detecting C compile features
[0.308s] -- Detecting C compile features - done
[0.320s] -- Detecting CXX compiler ABI info
[0.486s] -- Detecting CXX compiler ABI info - done
[0.501s] -- Check for working CXX compiler: /usr/bin/c++ - skipped
[0.502s] -- Detecting CXX compile features
[0.502s] -- Detecting CXX compile features - done
[0.520s] -- Found ament_cmake: 2.5.4 (/opt/ros/jazzy/share/ament_cmake/cmake)
[0.915s] -- Found Python3: /usr/bin/python3 (found version "3.12.3") found components: Interpreter 
[1.049s] -- Found rosidl_default_generators: 1.6.0 (/opt/ros/jazzy/share/rosidl_default_generators/cmake)
[1.059s] -- Using all available rosidl_typesupport_c: rosidl_typesupport_fastrtps_c;rosidl_typesupport_introspection_c
[1.133s] -- Using all available rosidl_typesupport_cpp: rosidl_typesupport_fastrtps_cpp;rosidl_typesupport_introspection_cpp
[1.227s] -- Found rosidl_adapter: 4.6.6 (/opt/ros/jazzy/share/rosidl_adapter/cmake)
[1.238s] -- Found std_msgs: 5.3.6 (/opt/ros/jazzy/share/std_msgs/cmake)
[2.565s] -- Found ament_cmake_ros: 0.12.0 (/opt/ros/jazzy/share/ament_cmake_ros/cmake)
[3.653s] -- Using all available rosidl_typesupport_c: rosidl_typesupport_fastrtps_c;rosidl_typesupport_introspection_c
[5.003s] -- Using all available rosidl_typesupport_cpp: rosidl_typesupport_fastrtps_cpp;rosidl_typesupport_introspection_cpp
[5.007s] -- Found python_cmake_module: 0.11.1 (/opt/ros/jazzy/share/python_cmake_module/cmake)
[5.371s] -- Found PythonExtra: /usr/bin/python3  
[6.482s] -- Found Python3: /usr/bin/python3 (found version "3.12.3") found components: Interpreter Development NumPy Development.Module Development.Embed 
[6.620s] -- Found ament_lint_auto: 0.17.3 (/opt/ros/jazzy/share/ament_lint_auto/cmake)
[6.709s] -- Added test 'copyright' to check source files copyright and LICENSE
[6.712s] -- Added test 'lint_cmake' to check CMake code style
[6.715s] -- Added test 'xmllint' to check XML markup files
[6.719s] -- Configuring done (6.7s)
[6.793s] -- Generating done (0.1s)
[6.816s] -- Build files have been written to: /home/ebrahim/formula-carmaker-fs_2025/FCM_Projects/FS_autonomous/ros/ros2_ws/build/hellocm_msgs
[6.828s] Invoked command in '/home/ebrahim/formula-carmaker-fs_2025/FCM_Projects/FS_autonomous/ros/ros2_ws/build/hellocm_msgs' returned '0': CMAKE_PREFIX_PATH=${CMAKE_PREFIX_PATH}:/opt/ros/jazzy DEBUGINFOD_URLS=https://debuginfod.ubuntu.com /usr/bin/cmake /home/ebrahim/formula-carmaker-fs_2025/FCM_Projects/FS_autonomous/ros/ros2_ws/src/hellocm_msgs -DCARMAKER_VER:STRING=14.1.1 -DCARMAKER_DIR:PATH=/opt/ipg/carmaker/linux64-14.1.1 --no-warn-unused-cli -DCMAKE_INSTALL_PREFIX=/home/ebrahim/formula-carmaker-fs_2025/FCM_Projects/FS_autonomous/ros/ros2_ws/install/hellocm_msgs
[6.830s] Invoking command in '/home/ebrahim/formula-carmaker-fs_2025/FCM_Projects/FS_autonomous/ros/ros2_ws/build/hellocm_msgs': CMAKE_PREFIX_PATH=${CMAKE_PREFIX_PATH}:/opt/ros/jazzy DEBUGINFOD_URLS=https://debuginfod.ubuntu.com /usr/bin/cmake --build /home/ebrahim/formula-carmaker-fs_2025/FCM_Projects/FS_autonomous/ros/ros2_ws/build/hellocm_msgs -- -j12 -l12
[6.904s] [  1%] [34m[1mGenerating type hashes for ROS interfaces[0m
[6.919s] [  1%] Built target ament_cmake_python_copy_hellocm_msgs
[7.398s] running egg_info
[7.400s] creating hellocm_msgs.egg-info
[7.677s] writing hellocm_msgs.egg-info/PKG-INFO
[7.678s] writing dependency_links to hellocm_msgs.egg-info/dependency_links.txt
[7.680s] writing top-level names to hellocm_msgs.egg-info/top_level.txt
[7.681s] writing manifest file 'hellocm_msgs.egg-info/SOURCES.txt'
[7.887s] reading manifest file 'hellocm_msgs.egg-info/SOURCES.txt'
[7.889s] writing manifest file 'hellocm_msgs.egg-info/SOURCES.txt'
[7.953s] [  1%] Built target ament_cmake_python_build_hellocm_msgs_egg
[8.560s] [  1%] Built target hellocm_msgs__rosidl_generator_type_description
[8.614s] [  2%] [34m[1mGenerating C code for ROS interfaces[0m
[8.709s] [  3%] [34m[1mGenerating C++ code for ROS interfaces[0m
[12.309s] [  3%] Built target hellocm_msgs__cpp
[12.809s] [  4%] [32mBuilding C object CMakeFiles/hellocm_msgs__rosidl_generator_c.dir/rosidl_generator_c/hellocm_msgs/msg/detail/cm2_ext__type_support.c.o[0m
[12.818s] [  5%] [32mBuilding C object CMakeFiles/hellocm_msgs__rosidl_generator_c.dir/rosidl_generator_c/hellocm_msgs/msg/detail/ext2_cm__type_support.c.o[0m
[12.835s] [  7%] [32mBuilding C object CMakeFiles/hellocm_msgs__rosidl_generator_c.dir/rosidl_generator_c/hellocm_msgs/msg/detail/ext2_cm__description.c.o[0m
[12.835s] [  8%] [32mBuilding C object CMakeFiles/hellocm_msgs__rosidl_generator_c.dir/rosidl_generator_c/hellocm_msgs/msg/detail/cm2_ext__description.c.o[0m
[12.846s] [  9%] [32mBuilding C object CMakeFiles/hellocm_msgs__rosidl_generator_c.dir/rosidl_generator_c/hellocm_msgs/msg/detail/ext2_cm__functions.c.o[0m
[12.849s] [ 10%] [32mBuilding C object CMakeFiles/hellocm_msgs__rosidl_generator_c.dir/rosidl_generator_c/hellocm_msgs/msg/detail/cm2_ext__functions.c.o[0m
[12.853s] [ 11%] [32mBuilding C object CMakeFiles/hellocm_msgs__rosidl_generator_c.dir/rosidl_generator_c/hellocm_msgs/msg/detail/tire_steering__functions.c.o[0m
[12.875s] [ 13%] [32mBuilding C object CMakeFiles/hellocm_msgs__rosidl_generator_c.dir/rosidl_generator_c/hellocm_msgs/msg/detail/tire_steering__type_support.c.o[0m
[12.899s] [ 15%] [32mBuilding C object CMakeFiles/hellocm_msgs__rosidl_generator_c.dir/rosidl_generator_c/hellocm_msgs/msg/detail/tire_forces__functions.c.o[0m
[12.905s] [ 15%] [32mBuilding C object CMakeFiles/hellocm_msgs__rosidl_generator_c.dir/rosidl_generator_c/hellocm_msgs/msg/detail/tire_forces__description.c.o[0m
[12.906s] [ 16%] [32mBuilding C object CMakeFiles/hellocm_msgs__rosidl_generator_c.dir/rosidl_generator_c/hellocm_msgs/msg/detail/tire_forces__type_support.c.o[0m
[12.987s] [ 17%] [32mBuilding C object CMakeFiles/hellocm_msgs__rosidl_generator_c.dir/rosidl_generator_c/hellocm_msgs/msg/detail/tire_forces_array__description.c.o[0m
[13.027s] [ 19%] [32mBuilding C object CMakeFiles/hellocm_msgs__rosidl_generator_c.dir/rosidl_generator_c/hellocm_msgs/msg/detail/tire_steering__description.c.o[0m
[13.040s] [ 20%] [32mBuilding C object CMakeFiles/hellocm_msgs__rosidl_generator_c.dir/rosidl_generator_c/hellocm_msgs/srv/detail/init__description.c.o[0m
[13.041s] [ 22%] [32mBuilding C object CMakeFiles/hellocm_msgs__rosidl_generator_c.dir/rosidl_generator_c/hellocm_msgs/srv/detail/init__type_support.c.o[0m
[13.046s] [ 21%] [32mBuilding C object CMakeFiles/hellocm_msgs__rosidl_generator_c.dir/rosidl_generator_c/hellocm_msgs/msg/detail/tire_forces_array__type_support.c.o[0m
[13.047s] [ 23%] [32mBuilding C object CMakeFiles/hellocm_msgs__rosidl_generator_c.dir/rosidl_generator_c/hellocm_msgs/msg/detail/tire_forces_array__functions.c.o[0m
[13.052s] [ 25%] [32mBuilding C object CMakeFiles/hellocm_msgs__rosidl_generator_c.dir/rosidl_generator_c/hellocm_msgs/srv/detail/init__functions.c.o[0m
[13.258s] [ 26%] [32m[1mLinking C shared library libhellocm_msgs__rosidl_generator_c.so[0m
[13.365s] [ 26%] Built target hellocm_msgs__rosidl_generator_c
[13.407s] [ 28%] [34m[1mGenerating C++ type support dispatch for ROS interfaces[0m
[13.410s] [ 28%] [34m[1mGenerating C type support for eProsima Fast-RTPS[0m
[13.416s] [ 29%] [34m[1mGenerating C introspection for ROS interfaces[0m
[13.418s] [ 30%] [34m[1mGenerating C++ type support for eProsima Fast-RTPS[0m
[13.425s] [ 32%] [34m[1mGenerating C type support dispatch for ROS interfaces[0m
[13.429s] [ 33%] [34m[1mGenerating C++ introspection for ROS interfaces[0m
[15.602s] [ 34%] [32mBuilding CXX object CMakeFiles/hellocm_msgs__rosidl_typesupport_c.dir/rosidl_typesupport_c/hellocm_msgs/msg/cm2_ext__type_support.cpp.o[0m
[15.612s] [ 36%] [32mBuilding CXX object CMakeFiles/hellocm_msgs__rosidl_typesupport_c.dir/rosidl_typesupport_c/hellocm_msgs/msg/tire_forces__type_support.cpp.o[0m
[15.614s] [ 38%] [32mBuilding CXX object CMakeFiles/hellocm_msgs__rosidl_typesupport_c.dir/rosidl_typesupport_c/hellocm_msgs/msg/ext2_cm__type_support.cpp.o[0m
[15.616s] [ 38%] [32mBuilding CXX object CMakeFiles/hellocm_msgs__rosidl_typesupport_c.dir/rosidl_typesupport_c/hellocm_msgs/srv/init__type_support.cpp.o[0m
[15.620s] [ 39%] [32mBuilding CXX object CMakeFiles/hellocm_msgs__rosidl_typesupport_c.dir/rosidl_typesupport_c/hellocm_msgs/msg/tire_forces_array__type_support.cpp.o[0m
[15.622s] [ 40%] [32mBuilding CXX object CMakeFiles/hellocm_msgs__rosidl_typesupport_c.dir/rosidl_typesupport_c/hellocm_msgs/msg/tire_steering__type_support.cpp.o[0m
[15.623s] [ 41%] [32mBuilding CXX object CMakeFiles/hellocm_msgs__rosidl_typesupport_introspection_cpp.dir/rosidl_typesupport_introspection_cpp/hellocm_msgs/msg/detail/cm2_ext__type_support.cpp.o[0m
[15.627s] [ 42%] [32mBuilding CXX object CMakeFiles/hellocm_msgs__rosidl_typesupport_introspection_cpp.dir/rosidl_typesupport_introspection_cpp/hellocm_msgs/msg/detail/ext2_cm__type_support.cpp.o[0m
[15.629s] [ 44%] [32mBuilding CXX object CMakeFiles/hellocm_msgs__rosidl_typesupport_cpp.dir/rosidl_typesupport_cpp/hellocm_msgs/msg/cm2_ext__type_support.cpp.o[0m
[15.702s] [ 45%] [32mBuilding CXX object CMakeFiles/hellocm_msgs__rosidl_typesupport_cpp.dir/rosidl_typesupport_cpp/hellocm_msgs/msg/tire_steering__type_support.cpp.o[0m
[15.708s] [ 46%] [32mBuilding CXX object CMakeFiles/hellocm_msgs__rosidl_typesupport_cpp.dir/rosidl_typesupport_cpp/hellocm_msgs/msg/ext2_cm__type_support.cpp.o[0m
[15.725s] [ 47%] [32mBuilding CXX object CMakeFiles/hellocm_msgs__rosidl_typesupport_introspection_cpp.dir/rosidl_typesupport_introspection_cpp/hellocm_msgs/msg/detail/tire_steering__type_support.cpp.o[0m
[15.784s] [ 48%] [32mBuilding CXX object CMakeFiles/hellocm_msgs__rosidl_typesupport_cpp.dir/rosidl_typesupport_cpp/hellocm_msgs/msg/tire_forces__type_support.cpp.o[0m
[15.833s] [ 50%] [32m[1mLinking CXX shared library libhellocm_msgs__rosidl_typesupport_c.so[0m
[15.850s] [ 51%] [32mBuilding CXX object CMakeFiles/hellocm_msgs__rosidl_typesupport_introspection_cpp.dir/rosidl_typesupport_introspection_cpp/hellocm_msgs/msg/detail/tire_forces__type_support.cpp.o[0m
[16.060s] [ 51%] Built target hellocm_msgs__rosidl_typesupport_c
[16.123s] [ 52%] [32mBuilding CXX object CMakeFiles/hellocm_msgs__rosidl_typesupport_introspection_cpp.dir/rosidl_typesupport_introspection_cpp/hellocm_msgs/msg/detail/tire_forces_array__type_support.cpp.o[0m
[16.187s] [ 53%] [32mBuilding C object CMakeFiles/hellocm_msgs__rosidl_typesupport_introspection_c.dir/rosidl_typesupport_introspection_c/hellocm_msgs/msg/detail/cm2_ext__type_support.c.o[0m
[16.320s] [ 55%] [32mBuilding CXX object CMakeFiles/hellocm_msgs__rosidl_typesupport_fastrtps_cpp.dir/rosidl_typesupport_fastrtps_cpp/hellocm_msgs/msg/detail/dds_fastrtps/cm2_ext__type_support.cpp.o[0m
[16.323s] [ 55%] [32mBuilding C object CMakeFiles/hellocm_msgs__rosidl_typesupport_introspection_c.dir/rosidl_typesupport_introspection_c/hellocm_msgs/msg/detail/ext2_cm__type_support.c.o[0m
[16.406s] [ 57%] [32mBuilding C object CMakeFiles/hellocm_msgs__rosidl_typesupport_introspection_c.dir/rosidl_typesupport_introspection_c/hellocm_msgs/msg/detail/tire_steering__type_support.c.o[0m
[16.487s] [ 58%] [32mBuilding CXX object CMakeFiles/hellocm_msgs__rosidl_typesupport_fastrtps_c.dir/rosidl_typesupport_fastrtps_c/hellocm_msgs/msg/detail/cm2_ext__type_support_c.cpp.o[0m
[16.498s] [ 59%] [32mBuilding C object CMakeFiles/hellocm_msgs__rosidl_typesupport_introspection_c.dir/rosidl_typesupport_introspection_c/hellocm_msgs/msg/detail/tire_forces__type_support.c.o[0m
[16.536s] [ 60%] [32mBuilding CXX object CMakeFiles/hellocm_msgs__rosidl_typesupport_fastrtps_c.dir/rosidl_typesupport_fastrtps_c/hellocm_msgs/msg/detail/ext2_cm__type_support_c.cpp.o[0m
[16.683s] [ 61%] [32mBuilding C object CMakeFiles/hellocm_msgs__rosidl_typesupport_introspection_c.dir/rosidl_typesupport_introspection_c/hellocm_msgs/msg/detail/tire_forces_array__type_support.c.o[0m
[16.691s] [ 63%] [32mBuilding C object CMakeFiles/hellocm_msgs__rosidl_typesupport_introspection_c.dir/rosidl_typesupport_introspection_c/hellocm_msgs/srv/detail/init__type_support.c.o[0m
[16.771s] [ 64%] [32mBuilding CXX object CMakeFiles/hellocm_msgs__rosidl_typesupport_fastrtps_cpp.dir/rosidl_typesupport_fastrtps_cpp/hellocm_msgs/msg/detail/dds_fastrtps/ext2_cm__type_support.cpp.o[0m
[16.830s] [ 65%] [32mBuilding CXX object CMakeFiles/hellocm_msgs__rosidl_typesupport_introspection_cpp.dir/rosidl_typesupport_introspection_cpp/hellocm_msgs/srv/detail/init__type_support.cpp.o[0m
[16.849s] [ 66%] [32mBuilding CXX object CMakeFiles/hellocm_msgs__rosidl_typesupport_fastrtps_c.dir/rosidl_typesupport_fastrtps_c/hellocm_msgs/msg/detail/tire_steering__type_support_c.cpp.o[0m
[16.877s] [ 67%] [32mBuilding CXX object CMakeFiles/hellocm_msgs__rosidl_typesupport_cpp.dir/rosidl_typesupport_cpp/hellocm_msgs/msg/tire_forces_array__type_support.cpp.o[0m
[16.914s] [ 69%] [32mBuilding CXX object CMakeFiles/hellocm_msgs__rosidl_typesupport_cpp.dir/rosidl_typesupport_cpp/hellocm_msgs/srv/init__type_support.cpp.o[0m
[16.952s] [ 70%] [32m[1mLinking C shared library libhellocm_msgs__rosidl_typesupport_introspection_c.so[0m
[17.056s] [ 71%] [32mBuilding CXX object CMakeFiles/hellocm_msgs__rosidl_typesupport_fastrtps_cpp.dir/rosidl_typesupport_fastrtps_cpp/hellocm_msgs/msg/detail/dds_fastrtps/tire_steering__type_support.cpp.o[0m
[17.056s] [ 72%] [32mBuilding CXX object CMakeFiles/hellocm_msgs__rosidl_typesupport_fastrtps_c.dir/rosidl_typesupport_fastrtps_c/hellocm_msgs/msg/detail/tire_forces__type_support_c.cpp.o[0m
[17.056s] [ 73%] [32mBuilding CXX object CMakeFiles/hellocm_msgs__rosidl_typesupport_fastrtps_cpp.dir/rosidl_typesupport_fastrtps_cpp/hellocm_msgs/msg/detail/dds_fastrtps/tire_forces__type_support.cpp.o[0m
[17.062s] [ 73%] Built target hellocm_msgs__rosidl_typesupport_introspection_c
[17.098s] [ 75%] [32mBuilding CXX object CMakeFiles/hellocm_msgs__rosidl_typesupport_fastrtps_c.dir/rosidl_typesupport_fastrtps_c/hellocm_msgs/msg/detail/tire_forces_array__type_support_c.cpp.o[0m
[17.729s] [ 76%] [32mBuilding CXX object CMakeFiles/hellocm_msgs__rosidl_typesupport_fastrtps_cpp.dir/rosidl_typesupport_fastrtps_cpp/hellocm_msgs/msg/detail/dds_fastrtps/tire_forces_array__type_support.cpp.o[0m
[17.824s] [ 77%] [32mBuilding CXX object CMakeFiles/hellocm_msgs__rosidl_typesupport_fastrtps_c.dir/rosidl_typesupport_fastrtps_c/hellocm_msgs/srv/detail/init__type_support_c.cpp.o[0m
[17.846s] [ 78%] [32mBuilding CXX object CMakeFiles/hellocm_msgs__rosidl_typesupport_fastrtps_cpp.dir/rosidl_typesupport_fastrtps_cpp/hellocm_msgs/srv/detail/dds_fastrtps/init__type_support.cpp.o[0m
[18.080s] [ 79%] [32m[1mLinking CXX shared library libhellocm_msgs__rosidl_typesupport_introspection_cpp.so[0m
[18.090s] [ 80%] [32m[1mLinking CXX shared library libhellocm_msgs__rosidl_typesupport_cpp.so[0m
[18.260s] [ 80%] Built target hellocm_msgs__rosidl_typesupport_introspection_cpp
[18.287s] [ 80%] Built target hellocm_msgs__rosidl_typesupport_cpp
[18.753s] [ 82%] [32m[1mLinking CXX shared library libhellocm_msgs__rosidl_typesupport_fastrtps_c.so[0m
[18.831s] [ 82%] Built target hellocm_msgs__rosidl_typesupport_fastrtps_c
[18.940s] [ 83%] [32m[1mLinking CXX shared library libhellocm_msgs__rosidl_typesupport_fastrtps_cpp.so[0m
[19.007s] [ 83%] Built target hellocm_msgs__rosidl_typesupport_fastrtps_cpp
[19.027s] [ 83%] Built target hellocm_msgs
[19.046s] [ 84%] [34m[1mGenerating Python code for ROS interfaces[0m
[20.730s] [ 84%] Built target hellocm_msgs__py
[20.752s] [ 85%] [32mBuilding C object CMakeFiles/hellocm_msgs__rosidl_generator_py.dir/rosidl_generator_py/hellocm_msgs/msg/_cm2_ext_s.c.o[0m
[20.754s] [ 89%] [32mBuilding C object CMakeFiles/hellocm_msgs__rosidl_generator_py.dir/rosidl_generator_py/hellocm_msgs/msg/_tire_steering_s.c.o[0m
[20.754s] [ 89%] [32mBuilding C object CMakeFiles/hellocm_msgs__rosidl_generator_py.dir/rosidl_generator_py/hellocm_msgs/msg/_ext2_cm_s.c.o[0m
[20.754s] [ 89%] [32mBuilding C object CMakeFiles/hellocm_msgs__rosidl_generator_py.dir/rosidl_generator_py/hellocm_msgs/msg/_tire_forces_s.c.o[0m
[20.754s] [ 90%] [32mBuilding C object CMakeFiles/hellocm_msgs__rosidl_generator_py.dir/rosidl_generator_py/hellocm_msgs/msg/_tire_forces_array_s.c.o[0m
[20.755s] [ 91%] [32mBuilding C object CMakeFiles/hellocm_msgs__rosidl_generator_py.dir/rosidl_generator_py/hellocm_msgs/srv/_init_s.c.o[0m
[21.022s] [ 92%] [32m[1mLinking C shared library libhellocm_msgs__rosidl_generator_py.so[0m
[21.063s] [ 92%] Built target hellocm_msgs__rosidl_generator_py
[21.083s] [ 96%] [32mBuilding C object CMakeFiles/hellocm_msgs_s__rosidl_typesupport_fastrtps_c.dir/rosidl_generator_py/hellocm_msgs/_hellocm_msgs_s.ep.rosidl_typesupport_fastrtps_c.c.o[0m
[21.083s] [ 96%] [32mBuilding C object CMakeFiles/hellocm_msgs_s__rosidl_typesupport_c.dir/rosidl_generator_py/hellocm_msgs/_hellocm_msgs_s.ep.rosidl_typesupport_c.c.o[0m
[21.083s] [ 96%] [32mBuilding C object CMakeFiles/hellocm_msgs_s__rosidl_typesupport_introspection_c.dir/rosidl_generator_py/hellocm_msgs/_hellocm_msgs_s.ep.rosidl_typesupport_introspection_c.c.o[0m
[21.244s] [ 97%] [32m[1mLinking C shared module rosidl_generator_py/hellocm_msgs/hellocm_msgs_s__rosidl_typesupport_introspection_c.so[0m
[21.247s] [100%] [32m[1mLinking C shared module rosidl_generator_py/hellocm_msgs/hellocm_msgs_s__rosidl_typesupport_c.so[0m
[21.247s] [100%] [32m[1mLinking C shared module rosidl_generator_py/hellocm_msgs/hellocm_msgs_s__rosidl_typesupport_fastrtps_c.so[0m
[21.280s] [100%] Built target hellocm_msgs_s__rosidl_typesupport_introspection_c
[21.282s] [100%] Built target hellocm_msgs_s__rosidl_typesupport_c
[21.283s] [100%] Built target hellocm_msgs_s__rosidl_typesupport_fastrtps_c
[21.301s] Invoked command in '/home/ebrahim/formula-carmaker-fs_2025/FCM_Projects/FS_autonomous/ros/ros2_ws/build/hellocm_msgs' returned '0': CMAKE_PREFIX_PATH=${CMAKE_PREFIX_PATH}:/opt/ros/jazzy DEBUGINFOD_URLS=https://debuginfod.ubuntu.com /usr/bin/cmake --build /home/ebrahim/formula-carmaker-fs_2025/FCM_Projects/FS_autonomous/ros/ros2_ws/build/hellocm_msgs -- -j12 -l12
[21.302s] Invoking command in '/home/ebrahim/formula-carmaker-fs_2025/FCM_Projects/FS_autonomous/ros/ros2_ws/build/hellocm_msgs': CMAKE_PREFIX_PATH=${CMAKE_PREFIX_PATH}:/opt/ros/jazzy DEBUGINFOD_URLS=https://debuginfod.ubuntu.com /usr/bin/cmake --install /home/ebrahim/formula-carmaker-fs_2025/FCM_Projects/FS_autonomous/ros/ros2_ws/build/hellocm_msgs
[21.312s] -- Install configuration: ""
[21.312s] -- Installing: /home/ebrahim/formula-carmaker-fs_2025/FCM_Projects/FS_autonomous/ros/ros2_ws/install/hellocm_msgs/share/ament_index/resource_index/rosidl_interfaces/hellocm_msgs
[21.312s] -- Installing: /home/ebrahim/formula-carmaker-fs_2025/FCM_Projects/FS_autonomous/ros/ros2_ws/install/hellocm_msgs/share/hellocm_msgs/msg/CM2Ext.json
[21.312s] -- Installing: /home/ebrahim/formula-carmaker-fs_2025/FCM_Projects/FS_autonomous/ros/ros2_ws/install/hellocm_msgs/share/hellocm_msgs/msg/Ext2CM.json
[21.313s] -- Installing: /home/ebrahim/formula-carmaker-fs_2025/FCM_Projects/FS_autonomous/ros/ros2_ws/install/hellocm_msgs/share/hellocm_msgs/msg/TireSteering.json
[21.313s] -- Installing: /home/ebrahim/formula-carmaker-fs_2025/FCM_Projects/FS_autonomous/ros/ros2_ws/install/hellocm_msgs/share/hellocm_msgs/msg/TireForces.json
[21.313s] -- Installing: /home/ebrahim/formula-carmaker-fs_2025/FCM_Projects/FS_autonomous/ros/ros2_ws/install/hellocm_msgs/share/hellocm_msgs/msg/TireForcesArray.json
[21.313s] -- Installing: /home/ebrahim/formula-carmaker-fs_2025/FCM_Projects/FS_autonomous/ros/ros2_ws/install/hellocm_msgs/share/hellocm_msgs/srv/Init.json
[21.313s] -- Installing: /home/ebrahim/formula-carmaker-fs_2025/FCM_Projects/FS_autonomous/ros/ros2_ws/install/hellocm_msgs/include/hellocm_msgs/hellocm_msgs
[21.313s] -- Installing: /home/ebrahim/formula-carmaker-fs_2025/FCM_Projects/FS_autonomous/ros/ros2_ws/install/hellocm_msgs/include/hellocm_msgs/hellocm_msgs/srv
[21.314s] -- Installing: /home/ebrahim/formula-carmaker-fs_2025/FCM_Projects/FS_autonomous/ros/ros2_ws/install/hellocm_msgs/include/hellocm_msgs/hellocm_msgs/srv/detail
[21.314s] -- Installing: /home/ebrahim/formula-carmaker-fs_2025/FCM_Projects/FS_autonomous/ros/ros2_ws/install/hellocm_msgs/include/hellocm_msgs/hellocm_msgs/srv/detail/init__struct.h
[21.314s] -- Installing: /home/ebrahim/formula-carmaker-fs_2025/FCM_Projects/FS_autonomous/ros/ros2_ws/install/hellocm_msgs/include/hellocm_msgs/hellocm_msgs/srv/detail/init__description.c
[21.314s] -- Installing: /home/ebrahim/formula-carmaker-fs_2025/FCM_Projects/FS_autonomous/ros/ros2_ws/install/hellocm_msgs/include/hellocm_msgs/hellocm_msgs/srv/detail/init__type_support.c
[21.314s] -- Installing: /home/ebrahim/formula-carmaker-fs_2025/FCM_Projects/FS_autonomous/ros/ros2_ws/install/hellocm_msgs/include/hellocm_msgs/hellocm_msgs/srv/detail/init__functions.c
[21.315s] -- Installing: /home/ebrahim/formula-carmaker-fs_2025/FCM_Projects/FS_autonomous/ros/ros2_ws/install/hellocm_msgs/include/hellocm_msgs/hellocm_msgs/srv/detail/init__type_support.h
[21.315s] -- Installing: /home/ebrahim/formula-carmaker-fs_2025/FCM_Projects/FS_autonomous/ros/ros2_ws/install/hellocm_msgs/include/hellocm_msgs/hellocm_msgs/srv/detail/init__functions.h
[21.315s] -- Installing: /home/ebrahim/formula-carmaker-fs_2025/FCM_Projects/FS_autonomous/ros/ros2_ws/install/hellocm_msgs/include/hellocm_msgs/hellocm_msgs/srv/init.h
[21.315s] -- Installing: /home/ebrahim/formula-carmaker-fs_2025/FCM_Projects/FS_autonomous/ros/ros2_ws/install/hellocm_msgs/include/hellocm_msgs/hellocm_msgs/msg
[21.315s] -- Installing: /home/ebrahim/formula-carmaker-fs_2025/FCM_Projects/FS_autonomous/ros/ros2_ws/install/hellocm_msgs/include/hellocm_msgs/hellocm_msgs/msg/detail
[21.316s] -- Installing: /home/ebrahim/formula-carmaker-fs_2025/FCM_Projects/FS_autonomous/ros/ros2_ws/install/hellocm_msgs/include/hellocm_msgs/hellocm_msgs/msg/detail/cm2_ext__description.c
[21.316s] -- Installing: /home/ebrahim/formula-carmaker-fs_2025/FCM_Projects/FS_autonomous/ros/ros2_ws/install/hellocm_msgs/include/hellocm_msgs/hellocm_msgs/msg/detail/tire_forces_array__type_support.c
[21.316s] -- Installing: /home/ebrahim/formula-carmaker-fs_2025/FCM_Projects/FS_autonomous/ros/ros2_ws/install/hellocm_msgs/include/hellocm_msgs/hellocm_msgs/msg/detail/tire_forces__functions.c
[21.316s] -- Installing: /home/ebrahim/formula-carmaker-fs_2025/FCM_Projects/FS_autonomous/ros/ros2_ws/install/hellocm_msgs/include/hellocm_msgs/hellocm_msgs/msg/detail/tire_forces__struct.h
[21.316s] -- Installing: /home/ebrahim/formula-carmaker-fs_2025/FCM_Projects/FS_autonomous/ros/ros2_ws/install/hellocm_msgs/include/hellocm_msgs/hellocm_msgs/msg/detail/tire_forces__type_support.h
[21.316s] -- Installing: /home/ebrahim/formula-carmaker-fs_2025/FCM_Projects/FS_autonomous/ros/ros2_ws/install/hellocm_msgs/include/hellocm_msgs/hellocm_msgs/msg/detail/tire_forces_array__description.c
[21.317s] -- Installing: /home/ebrahim/formula-carmaker-fs_2025/FCM_Projects/FS_autonomous/ros/ros2_ws/install/hellocm_msgs/include/hellocm_msgs/hellocm_msgs/msg/detail/ext2_cm__struct.h
[21.317s] -- Installing: /home/ebrahim/formula-carmaker-fs_2025/FCM_Projects/FS_autonomous/ros/ros2_ws/install/hellocm_msgs/include/hellocm_msgs/hellocm_msgs/msg/detail/ext2_cm__functions.h
[21.317s] -- Installing: /home/ebrahim/formula-carmaker-fs_2025/FCM_Projects/FS_autonomous/ros/ros2_ws/install/hellocm_msgs/include/hellocm_msgs/hellocm_msgs/msg/detail/cm2_ext__functions.h
[21.317s] -- Installing: /home/ebrahim/formula-carmaker-fs_2025/FCM_Projects/FS_autonomous/ros/ros2_ws/install/hellocm_msgs/include/hellocm_msgs/hellocm_msgs/msg/detail/tire_steering__functions.c
[21.317s] -- Installing: /home/ebrahim/formula-carmaker-fs_2025/FCM_Projects/FS_autonomous/ros/ros2_ws/install/hellocm_msgs/include/hellocm_msgs/hellocm_msgs/msg/detail/tire_steering__type_support.c
[21.317s] -- Installing: /home/ebrahim/formula-carmaker-fs_2025/FCM_Projects/FS_autonomous/ros/ros2_ws/install/hellocm_msgs/include/hellocm_msgs/hellocm_msgs/msg/detail/cm2_ext__struct.h
[21.317s] -- Installing: /home/ebrahim/formula-carmaker-fs_2025/FCM_Projects/FS_autonomous/ros/ros2_ws/install/hellocm_msgs/include/hellocm_msgs/hellocm_msgs/msg/detail/tire_steering__type_support.h
[21.317s] -- Installing: /home/ebrahim/formula-carmaker-fs_2025/FCM_Projects/FS_autonomous/ros/ros2_ws/install/hellocm_msgs/include/hellocm_msgs/hellocm_msgs/msg/detail/ext2_cm__type_support.h
[21.317s] -- Installing: /home/ebrahim/formula-carmaker-fs_2025/FCM_Projects/FS_autonomous/ros/ros2_ws/install/hellocm_msgs/include/hellocm_msgs/hellocm_msgs/msg/detail/cm2_ext__type_support.c
[21.317s] -- Installing: /home/ebrahim/formula-carmaker-fs_2025/FCM_Projects/FS_autonomous/ros/ros2_ws/install/hellocm_msgs/include/hellocm_msgs/hellocm_msgs/msg/detail/ext2_cm__type_support.c
[21.318s] -- Installing: /home/ebrahim/formula-carmaker-fs_2025/FCM_Projects/FS_autonomous/ros/ros2_ws/install/hellocm_msgs/include/hellocm_msgs/hellocm_msgs/msg/detail/cm2_ext__type_support.h
[21.318s] -- Installing: /home/ebrahim/formula-carmaker-fs_2025/FCM_Projects/FS_autonomous/ros/ros2_ws/install/hellocm_msgs/include/hellocm_msgs/hellocm_msgs/msg/detail/tire_forces__description.c
[21.318s] -- Installing: /home/ebrahim/formula-carmaker-fs_2025/FCM_Projects/FS_autonomous/ros/ros2_ws/install/hellocm_msgs/include/hellocm_msgs/hellocm_msgs/msg/detail/tire_forces__functions.h
[21.318s] -- Installing: /home/ebrahim/formula-carmaker-fs_2025/FCM_Projects/FS_autonomous/ros/ros2_ws/install/hellocm_msgs/include/hellocm_msgs/hellocm_msgs/msg/detail/ext2_cm__description.c
[21.318s] -- Installing: /home/ebrahim/formula-carmaker-fs_2025/FCM_Projects/FS_autonomous/ros/ros2_ws/install/hellocm_msgs/include/hellocm_msgs/hellocm_msgs/msg/detail/ext2_cm__functions.c
[21.318s] -- Installing: /home/ebrahim/formula-carmaker-fs_2025/FCM_Projects/FS_autonomous/ros/ros2_ws/install/hellocm_msgs/include/hellocm_msgs/hellocm_msgs/msg/detail/tire_forces_array__struct.h
[21.319s] -- Installing: /home/ebrahim/formula-carmaker-fs_2025/FCM_Projects/FS_autonomous/ros/ros2_ws/install/hellocm_msgs/include/hellocm_msgs/hellocm_msgs/msg/detail/tire_forces_array__type_support.h
[21.319s] -- Installing: /home/ebrahim/formula-carmaker-fs_2025/FCM_Projects/FS_autonomous/ros/ros2_ws/install/hellocm_msgs/include/hellocm_msgs/hellocm_msgs/msg/detail/tire_steering__struct.h
[21.319s] -- Installing: /home/ebrahim/formula-carmaker-fs_2025/FCM_Projects/FS_autonomous/ros/ros2_ws/install/hellocm_msgs/include/hellocm_msgs/hellocm_msgs/msg/detail/tire_forces_array__functions.h
[21.319s] -- Installing: /home/ebrahim/formula-carmaker-fs_2025/FCM_Projects/FS_autonomous/ros/ros2_ws/install/hellocm_msgs/include/hellocm_msgs/hellocm_msgs/msg/detail/tire_steering__description.c
[21.319s] -- Installing: /home/ebrahim/formula-carmaker-fs_2025/FCM_Projects/FS_autonomous/ros/ros2_ws/install/hellocm_msgs/include/hellocm_msgs/hellocm_msgs/msg/detail/cm2_ext__functions.c
[21.319s] -- Installing: /home/ebrahim/formula-carmaker-fs_2025/FCM_Projects/FS_autonomous/ros/ros2_ws/install/hellocm_msgs/include/hellocm_msgs/hellocm_msgs/msg/detail/tire_steering__functions.h
[21.319s] -- Installing: /home/ebrahim/formula-carmaker-fs_2025/FCM_Projects/FS_autonomous/ros/ros2_ws/install/hellocm_msgs/include/hellocm_msgs/hellocm_msgs/msg/detail/tire_forces__type_support.c
[21.320s] -- Installing: /home/ebrahim/formula-carmaker-fs_2025/FCM_Projects/FS_autonomous/ros/ros2_ws/install/hellocm_msgs/include/hellocm_msgs/hellocm_msgs/msg/detail/tire_forces_array__functions.c
[21.320s] -- Installing: /home/ebrahim/formula-carmaker-fs_2025/FCM_Projects/FS_autonomous/ros/ros2_ws/install/hellocm_msgs/include/hellocm_msgs/hellocm_msgs/msg/tire_forces.h
[21.320s] -- Installing: /home/ebrahim/formula-carmaker-fs_2025/FCM_Projects/FS_autonomous/ros/ros2_ws/install/hellocm_msgs/include/hellocm_msgs/hellocm_msgs/msg/tire_forces_array.h
[21.320s] -- Installing: /home/ebrahim/formula-carmaker-fs_2025/FCM_Projects/FS_autonomous/ros/ros2_ws/install/hellocm_msgs/include/hellocm_msgs/hellocm_msgs/msg/ext2_cm.h
[21.320s] -- Installing: /home/ebrahim/formula-carmaker-fs_2025/FCM_Projects/FS_autonomous/ros/ros2_ws/install/hellocm_msgs/include/hellocm_msgs/hellocm_msgs/msg/tire_steering.h
[21.320s] -- Installing: /home/ebrahim/formula-carmaker-fs_2025/FCM_Projects/FS_autonomous/ros/ros2_ws/install/hellocm_msgs/include/hellocm_msgs/hellocm_msgs/msg/rosidl_generator_c__visibility_control.h
[21.320s] -- Installing: /home/ebrahim/formula-carmaker-fs_2025/FCM_Projects/FS_autonomous/ros/ros2_ws/install/hellocm_msgs/include/hellocm_msgs/hellocm_msgs/msg/cm2_ext.h
[21.321s] -- Installing: /home/ebrahim/formula-carmaker-fs_2025/FCM_Projects/FS_autonomous/ros/ros2_ws/install/hellocm_msgs/share/hellocm_msgs/environment/library_path.sh
[21.321s] -- Installing: /home/ebrahim/formula-carmaker-fs_2025/FCM_Projects/FS_autonomous/ros/ros2_ws/install/hellocm_msgs/share/hellocm_msgs/environment/library_path.dsv
[21.321s] -- Installing: /home/ebrahim/formula-carmaker-fs_2025/FCM_Projects/FS_autonomous/ros/ros2_ws/install/hellocm_msgs/lib/libhellocm_msgs__rosidl_generator_c.so
[21.321s] -- Set non-toolchain portion of runtime path of "/home/ebrahim/formula-carmaker-fs_2025/FCM_Projects/FS_autonomous/ros/ros2_ws/install/hellocm_msgs/lib/libhellocm_msgs__rosidl_generator_c.so" to ""
[21.321s] -- Up-to-date: /home/ebrahim/formula-carmaker-fs_2025/FCM_Projects/FS_autonomous/ros/ros2_ws/install/hellocm_msgs/include/hellocm_msgs/hellocm_msgs
[21.321s] -- Up-to-date: /home/ebrahim/formula-carmaker-fs_2025/FCM_Projects/FS_autonomous/ros/ros2_ws/install/hellocm_msgs/include/hellocm_msgs/hellocm_msgs/srv
[21.322s] -- Up-to-date: /home/ebrahim/formula-carmaker-fs_2025/FCM_Projects/FS_autonomous/ros/ros2_ws/install/hellocm_msgs/include/hellocm_msgs/hellocm_msgs/srv/detail
[21.322s] -- Installing: /home/ebrahim/formula-carmaker-fs_2025/FCM_Projects/FS_autonomous/ros/ros2_ws/install/hellocm_msgs/include/hellocm_msgs/hellocm_msgs/srv/detail/init__rosidl_typesupport_fastrtps_c.h
[21.322s] -- Up-to-date: /home/ebrahim/formula-carmaker-fs_2025/FCM_Projects/FS_autonomous/ros/ros2_ws/install/hellocm_msgs/include/hellocm_msgs/hellocm_msgs/msg
[21.322s] -- Up-to-date: /home/ebrahim/formula-carmaker-fs_2025/FCM_Projects/FS_autonomous/ros/ros2_ws/install/hellocm_msgs/include/hellocm_msgs/hellocm_msgs/msg/detail
[21.322s] -- Installing: /home/ebrahim/formula-carmaker-fs_2025/FCM_Projects/FS_autonomous/ros/ros2_ws/install/hellocm_msgs/include/hellocm_msgs/hellocm_msgs/msg/detail/tire_steering__rosidl_typesupport_fastrtps_c.h
[21.323s] -- Installing: /home/ebrahim/formula-carmaker-fs_2025/FCM_Projects/FS_autonomous/ros/ros2_ws/install/hellocm_msgs/include/hellocm_msgs/hellocm_msgs/msg/detail/cm2_ext__rosidl_typesupport_fastrtps_c.h
[21.323s] -- Installing: /home/ebrahim/formula-carmaker-fs_2025/FCM_Projects/FS_autonomous/ros/ros2_ws/install/hellocm_msgs/include/hellocm_msgs/hellocm_msgs/msg/detail/ext2_cm__rosidl_typesupport_fastrtps_c.h
[21.323s] -- Installing: /home/ebrahim/formula-carmaker-fs_2025/FCM_Projects/FS_autonomous/ros/ros2_ws/install/hellocm_msgs/include/hellocm_msgs/hellocm_msgs/msg/detail/tire_forces_array__rosidl_typesupport_fastrtps_c.h
[21.323s] -- Installing: /home/ebrahim/formula-carmaker-fs_2025/FCM_Projects/FS_autonomous/ros/ros2_ws/install/hellocm_msgs/include/hellocm_msgs/hellocm_msgs/msg/detail/tire_forces__rosidl_typesupport_fastrtps_c.h
[21.323s] -- Installing: /home/ebrahim/formula-carmaker-fs_2025/FCM_Projects/FS_autonomous/ros/ros2_ws/install/hellocm_msgs/include/hellocm_msgs/hellocm_msgs/msg/rosidl_typesupport_fastrtps_c__visibility_control.h
[21.324s] -- Installing: /home/ebrahim/formula-carmaker-fs_2025/FCM_Projects/FS_autonomous/ros/ros2_ws/install/hellocm_msgs/lib/libhellocm_msgs__rosidl_typesupport_fastrtps_c.so
[21.324s] -- Set non-toolchain portion of runtime path of "/home/ebrahim/formula-carmaker-fs_2025/FCM_Projects/FS_autonomous/ros/ros2_ws/install/hellocm_msgs/lib/libhellocm_msgs__rosidl_typesupport_fastrtps_c.so" to ""
[21.324s] -- Up-to-date: /home/ebrahim/formula-carmaker-fs_2025/FCM_Projects/FS_autonomous/ros/ros2_ws/install/hellocm_msgs/include/hellocm_msgs/hellocm_msgs
[21.324s] -- Up-to-date: /home/ebrahim/formula-carmaker-fs_2025/FCM_Projects/FS_autonomous/ros/ros2_ws/install/hellocm_msgs/include/hellocm_msgs/hellocm_msgs/srv
[21.324s] -- Up-to-date: /home/ebrahim/formula-carmaker-fs_2025/FCM_Projects/FS_autonomous/ros/ros2_ws/install/hellocm_msgs/include/hellocm_msgs/hellocm_msgs/srv/detail
[21.324s] -- Installing: /home/ebrahim/formula-carmaker-fs_2025/FCM_Projects/FS_autonomous/ros/ros2_ws/install/hellocm_msgs/include/hellocm_msgs/hellocm_msgs/srv/detail/init__type_support.c
[21.325s] -- Installing: /home/ebrahim/formula-carmaker-fs_2025/FCM_Projects/FS_autonomous/ros/ros2_ws/install/hellocm_msgs/include/hellocm_msgs/hellocm_msgs/srv/detail/init__rosidl_typesupport_introspection_c.h
[21.325s] -- Up-to-date: /home/ebrahim/formula-carmaker-fs_2025/FCM_Projects/FS_autonomous/ros/ros2_ws/install/hellocm_msgs/include/hellocm_msgs/hellocm_msgs/msg
[21.325s] -- Up-to-date: /home/ebrahim/formula-carmaker-fs_2025/FCM_Projects/FS_autonomous/ros/ros2_ws/install/hellocm_msgs/include/hellocm_msgs/hellocm_msgs/msg/detail
[21.325s] -- Installing: /home/ebrahim/formula-carmaker-fs_2025/FCM_Projects/FS_autonomous/ros/ros2_ws/install/hellocm_msgs/include/hellocm_msgs/hellocm_msgs/msg/detail/cm2_ext__rosidl_typesupport_introspection_c.h
[21.325s] -- Installing: /home/ebrahim/formula-carmaker-fs_2025/FCM_Projects/FS_autonomous/ros/ros2_ws/install/hellocm_msgs/include/hellocm_msgs/hellocm_msgs/msg/detail/tire_forces__rosidl_typesupport_introspection_c.h
[21.326s] -- Installing: /home/ebrahim/formula-carmaker-fs_2025/FCM_Projects/FS_autonomous/ros/ros2_ws/install/hellocm_msgs/include/hellocm_msgs/hellocm_msgs/msg/detail/tire_forces_array__type_support.c
[21.326s] -- Installing: /home/ebrahim/formula-carmaker-fs_2025/FCM_Projects/FS_autonomous/ros/ros2_ws/install/hellocm_msgs/include/hellocm_msgs/hellocm_msgs/msg/detail/tire_steering__type_support.c
[21.326s] -- Installing: /home/ebrahim/formula-carmaker-fs_2025/FCM_Projects/FS_autonomous/ros/ros2_ws/install/hellocm_msgs/include/hellocm_msgs/hellocm_msgs/msg/detail/cm2_ext__type_support.c
[21.326s] -- Installing: /home/ebrahim/formula-carmaker-fs_2025/FCM_Projects/FS_autonomous/ros/ros2_ws/install/hellocm_msgs/include/hellocm_msgs/hellocm_msgs/msg/detail/ext2_cm__type_support.c
[21.326s] -- Installing: /home/ebrahim/formula-carmaker-fs_2025/FCM_Projects/FS_autonomous/ros/ros2_ws/install/hellocm_msgs/include/hellocm_msgs/hellocm_msgs/msg/detail/tire_forces_array__rosidl_typesupport_introspection_c.h
[21.326s] -- Installing: /home/ebrahim/formula-carmaker-fs_2025/FCM_Projects/FS_autonomous/ros/ros2_ws/install/hellocm_msgs/include/hellocm_msgs/hellocm_msgs/msg/detail/ext2_cm__rosidl_typesupport_introspection_c.h
[21.327s] -- Installing: /home/ebrahim/formula-carmaker-fs_2025/FCM_Projects/FS_autonomous/ros/ros2_ws/install/hellocm_msgs/include/hellocm_msgs/hellocm_msgs/msg/detail/tire_forces__type_support.c
[21.327s] -- Installing: /home/ebrahim/formula-carmaker-fs_2025/FCM_Projects/FS_autonomous/ros/ros2_ws/install/hellocm_msgs/include/hellocm_msgs/hellocm_msgs/msg/detail/tire_steering__rosidl_typesupport_introspection_c.h
[21.327s] -- Installing: /home/ebrahim/formula-carmaker-fs_2025/FCM_Projects/FS_autonomous/ros/ros2_ws/install/hellocm_msgs/include/hellocm_msgs/hellocm_msgs/msg/rosidl_typesupport_introspection_c__visibility_control.h
[21.327s] -- Installing: /home/ebrahim/formula-carmaker-fs_2025/FCM_Projects/FS_autonomous/ros/ros2_ws/install/hellocm_msgs/lib/libhellocm_msgs__rosidl_typesupport_introspection_c.so
[21.327s] -- Set non-toolchain portion of runtime path of "/home/ebrahim/formula-carmaker-fs_2025/FCM_Projects/FS_autonomous/ros/ros2_ws/install/hellocm_msgs/lib/libhellocm_msgs__rosidl_typesupport_introspection_c.so" to ""
[21.328s] -- Installing: /home/ebrahim/formula-carmaker-fs_2025/FCM_Projects/FS_autonomous/ros/ros2_ws/install/hellocm_msgs/lib/libhellocm_msgs__rosidl_typesupport_c.so
[21.328s] -- Set non-toolchain portion of runtime path of "/home/ebrahim/formula-carmaker-fs_2025/FCM_Projects/FS_autonomous/ros/ros2_ws/install/hellocm_msgs/lib/libhellocm_msgs__rosidl_typesupport_c.so" to ""
[21.328s] -- Up-to-date: /home/ebrahim/formula-carmaker-fs_2025/FCM_Projects/FS_autonomous/ros/ros2_ws/install/hellocm_msgs/include/hellocm_msgs/hellocm_msgs
[21.328s] -- Up-to-date: /home/ebrahim/formula-carmaker-fs_2025/FCM_Projects/FS_autonomous/ros/ros2_ws/install/hellocm_msgs/include/hellocm_msgs/hellocm_msgs/srv
[21.328s] -- Up-to-date: /home/ebrahim/formula-carmaker-fs_2025/FCM_Projects/FS_autonomous/ros/ros2_ws/install/hellocm_msgs/include/hellocm_msgs/hellocm_msgs/srv/detail
[21.328s] -- Installing: /home/ebrahim/formula-carmaker-fs_2025/FCM_Projects/FS_autonomous/ros/ros2_ws/install/hellocm_msgs/include/hellocm_msgs/hellocm_msgs/srv/detail/init__struct.hpp
[21.329s] -- Installing: /home/ebrahim/formula-carmaker-fs_2025/FCM_Projects/FS_autonomous/ros/ros2_ws/install/hellocm_msgs/include/hellocm_msgs/hellocm_msgs/srv/detail/init__builder.hpp
[21.329s] -- Installing: /home/ebrahim/formula-carmaker-fs_2025/FCM_Projects/FS_autonomous/ros/ros2_ws/install/hellocm_msgs/include/hellocm_msgs/hellocm_msgs/srv/detail/init__traits.hpp
[21.329s] -- Installing: /home/ebrahim/formula-carmaker-fs_2025/FCM_Projects/FS_autonomous/ros/ros2_ws/install/hellocm_msgs/include/hellocm_msgs/hellocm_msgs/srv/detail/init__type_support.hpp
[21.329s] -- Installing: /home/ebrahim/formula-carmaker-fs_2025/FCM_Projects/FS_autonomous/ros/ros2_ws/install/hellocm_msgs/include/hellocm_msgs/hellocm_msgs/srv/init.hpp
[21.329s] -- Up-to-date: /home/ebrahim/formula-carmaker-fs_2025/FCM_Projects/FS_autonomous/ros/ros2_ws/install/hellocm_msgs/include/hellocm_msgs/hellocm_msgs/msg
[21.330s] -- Up-to-date: /home/ebrahim/formula-carmaker-fs_2025/FCM_Projects/FS_autonomous/ros/ros2_ws/install/hellocm_msgs/include/hellocm_msgs/hellocm_msgs/msg/detail
[21.330s] -- Installing: /home/ebrahim/formula-carmaker-fs_2025/FCM_Projects/FS_autonomous/ros/ros2_ws/install/hellocm_msgs/include/hellocm_msgs/hellocm_msgs/msg/detail/tire_forces_array__struct.hpp
[21.330s] -- Installing: /home/ebrahim/formula-carmaker-fs_2025/FCM_Projects/FS_autonomous/ros/ros2_ws/install/hellocm_msgs/include/hellocm_msgs/hellocm_msgs/msg/detail/cm2_ext__struct.hpp
[21.330s] -- Installing: /home/ebrahim/formula-carmaker-fs_2025/FCM_Projects/FS_autonomous/ros/ros2_ws/install/hellocm_msgs/include/hellocm_msgs/hellocm_msgs/msg/detail/ext2_cm__type_support.hpp
[21.330s] -- Installing: /home/ebrahim/formula-carmaker-fs_2025/FCM_Projects/FS_autonomous/ros/ros2_ws/install/hellocm_msgs/include/hellocm_msgs/hellocm_msgs/msg/detail/tire_forces__type_support.hpp
[21.330s] -- Installing: /home/ebrahim/formula-carmaker-fs_2025/FCM_Projects/FS_autonomous/ros/ros2_ws/install/hellocm_msgs/include/hellocm_msgs/hellocm_msgs/msg/detail/ext2_cm__builder.hpp
[21.331s] -- Installing: /home/ebrahim/formula-carmaker-fs_2025/FCM_Projects/FS_autonomous/ros/ros2_ws/install/hellocm_msgs/include/hellocm_msgs/hellocm_msgs/msg/detail/tire_forces_array__builder.hpp
[21.331s] -- Installing: /home/ebrahim/formula-carmaker-fs_2025/FCM_Projects/FS_autonomous/ros/ros2_ws/install/hellocm_msgs/include/hellocm_msgs/hellocm_msgs/msg/detail/tire_forces_array__type_support.hpp
[21.331s] -- Installing: /home/ebrahim/formula-carmaker-fs_2025/FCM_Projects/FS_autonomous/ros/ros2_ws/install/hellocm_msgs/include/hellocm_msgs/hellocm_msgs/msg/detail/tire_steering__builder.hpp
[21.331s] -- Installing: /home/ebrahim/formula-carmaker-fs_2025/FCM_Projects/FS_autonomous/ros/ros2_ws/install/hellocm_msgs/include/hellocm_msgs/hellocm_msgs/msg/detail/tire_forces__struct.hpp
[21.331s] -- Installing: /home/ebrahim/formula-carmaker-fs_2025/FCM_Projects/FS_autonomous/ros/ros2_ws/install/hellocm_msgs/include/hellocm_msgs/hellocm_msgs/msg/detail/tire_steering__struct.hpp
[21.332s] -- Installing: /home/ebrahim/formula-carmaker-fs_2025/FCM_Projects/FS_autonomous/ros/ros2_ws/install/hellocm_msgs/include/hellocm_msgs/hellocm_msgs/msg/detail/tire_forces__traits.hpp
[21.332s] -- Installing: /home/ebrahim/formula-carmaker-fs_2025/FCM_Projects/FS_autonomous/ros/ros2_ws/install/hellocm_msgs/include/hellocm_msgs/hellocm_msgs/msg/detail/cm2_ext__builder.hpp
[21.332s] -- Installing: /home/ebrahim/formula-carmaker-fs_2025/FCM_Projects/FS_autonomous/ros/ros2_ws/install/hellocm_msgs/include/hellocm_msgs/hellocm_msgs/msg/detail/ext2_cm__struct.hpp
[21.332s] -- Installing: /home/ebrahim/formula-carmaker-fs_2025/FCM_Projects/FS_autonomous/ros/ros2_ws/install/hellocm_msgs/include/hellocm_msgs/hellocm_msgs/msg/detail/tire_steering__traits.hpp
[21.332s] -- Installing: /home/ebrahim/formula-carmaker-fs_2025/FCM_Projects/FS_autonomous/ros/ros2_ws/install/hellocm_msgs/include/hellocm_msgs/hellocm_msgs/msg/detail/tire_forces_array__traits.hpp
[21.332s] -- Installing: /home/ebrahim/formula-carmaker-fs_2025/FCM_Projects/FS_autonomous/ros/ros2_ws/install/hellocm_msgs/include/hellocm_msgs/hellocm_msgs/msg/detail/ext2_cm__traits.hpp
[21.333s] -- Installing: /home/ebrahim/formula-carmaker-fs_2025/FCM_Projects/FS_autonomous/ros/ros2_ws/install/hellocm_msgs/include/hellocm_msgs/hellocm_msgs/msg/detail/tire_forces__builder.hpp
[21.333s] -- Installing: /home/ebrahim/formula-carmaker-fs_2025/FCM_Projects/FS_autonomous/ros/ros2_ws/install/hellocm_msgs/include/hellocm_msgs/hellocm_msgs/msg/detail/cm2_ext__type_support.hpp
[21.333s] -- Installing: /home/ebrahim/formula-carmaker-fs_2025/FCM_Projects/FS_autonomous/ros/ros2_ws/install/hellocm_msgs/include/hellocm_msgs/hellocm_msgs/msg/detail/cm2_ext__traits.hpp
[21.333s] -- Installing: /home/ebrahim/formula-carmaker-fs_2025/FCM_Projects/FS_autonomous/ros/ros2_ws/install/hellocm_msgs/include/hellocm_msgs/hellocm_msgs/msg/detail/tire_steering__type_support.hpp
[21.333s] -- Installing: /home/ebrahim/formula-carmaker-fs_2025/FCM_Projects/FS_autonomous/ros/ros2_ws/install/hellocm_msgs/include/hellocm_msgs/hellocm_msgs/msg/tire_steering.hpp
[21.334s] -- Installing: /home/ebrahim/formula-carmaker-fs_2025/FCM_Projects/FS_autonomous/ros/ros2_ws/install/hellocm_msgs/include/hellocm_msgs/hellocm_msgs/msg/cm2_ext.hpp
[21.334s] -- Installing: /home/ebrahim/formula-carmaker-fs_2025/FCM_Projects/FS_autonomous/ros/ros2_ws/install/hellocm_msgs/include/hellocm_msgs/hellocm_msgs/msg/rosidl_generator_cpp__visibility_control.hpp
[21.334s] -- Installing: /home/ebrahim/formula-carmaker-fs_2025/FCM_Projects/FS_autonomous/ros/ros2_ws/install/hellocm_msgs/include/hellocm_msgs/hellocm_msgs/msg/tire_forces_array.hpp
[21.334s] -- Installing: /home/ebrahim/formula-carmaker-fs_2025/FCM_Projects/FS_autonomous/ros/ros2_ws/install/hellocm_msgs/include/hellocm_msgs/hellocm_msgs/msg/tire_forces.hpp
[21.334s] -- Installing: /home/ebrahim/formula-carmaker-fs_2025/FCM_Projects/FS_autonomous/ros/ros2_ws/install/hellocm_msgs/include/hellocm_msgs/hellocm_msgs/msg/ext2_cm.hpp
[21.335s] -- Up-to-date: /home/ebrahim/formula-carmaker-fs_2025/FCM_Projects/FS_autonomous/ros/ros2_ws/install/hellocm_msgs/include/hellocm_msgs/hellocm_msgs
[21.335s] -- Up-to-date: /home/ebrahim/formula-carmaker-fs_2025/FCM_Projects/FS_autonomous/ros/ros2_ws/install/hellocm_msgs/include/hellocm_msgs/hellocm_msgs/srv
[21.335s] -- Up-to-date: /home/ebrahim/formula-carmaker-fs_2025/FCM_Projects/FS_autonomous/ros/ros2_ws/install/hellocm_msgs/include/hellocm_msgs/hellocm_msgs/srv/detail
[21.335s] -- Installing: /home/ebrahim/formula-carmaker-fs_2025/FCM_Projects/FS_autonomous/ros/ros2_ws/install/hellocm_msgs/include/hellocm_msgs/hellocm_msgs/srv/detail/init__rosidl_typesupport_fastrtps_cpp.hpp
[21.335s] -- Installing: /home/ebrahim/formula-carmaker-fs_2025/FCM_Projects/FS_autonomous/ros/ros2_ws/install/hellocm_msgs/include/hellocm_msgs/hellocm_msgs/srv/detail/dds_fastrtps
[21.335s] -- Up-to-date: /home/ebrahim/formula-carmaker-fs_2025/FCM_Projects/FS_autonomous/ros/ros2_ws/install/hellocm_msgs/include/hellocm_msgs/hellocm_msgs/msg
[21.336s] -- Up-to-date: /home/ebrahim/formula-carmaker-fs_2025/FCM_Projects/FS_autonomous/ros/ros2_ws/install/hellocm_msgs/include/hellocm_msgs/hellocm_msgs/msg/detail
[21.336s] -- Installing: /home/ebrahim/formula-carmaker-fs_2025/FCM_Projects/FS_autonomous/ros/ros2_ws/install/hellocm_msgs/include/hellocm_msgs/hellocm_msgs/msg/detail/tire_steering__rosidl_typesupport_fastrtps_cpp.hpp
[21.336s] -- Installing: /home/ebrahim/formula-carmaker-fs_2025/FCM_Projects/FS_autonomous/ros/ros2_ws/install/hellocm_msgs/include/hellocm_msgs/hellocm_msgs/msg/detail/tire_forces_array__rosidl_typesupport_fastrtps_cpp.hpp
[21.336s] -- Installing: /home/ebrahim/formula-carmaker-fs_2025/FCM_Projects/FS_autonomous/ros/ros2_ws/install/hellocm_msgs/include/hellocm_msgs/hellocm_msgs/msg/detail/dds_fastrtps
[21.336s] -- Installing: /home/ebrahim/formula-carmaker-fs_2025/FCM_Projects/FS_autonomous/ros/ros2_ws/install/hellocm_msgs/include/hellocm_msgs/hellocm_msgs/msg/detail/tire_forces__rosidl_typesupport_fastrtps_cpp.hpp
[21.336s] -- Installing: /home/ebrahim/formula-carmaker-fs_2025/FCM_Projects/FS_autonomous/ros/ros2_ws/install/hellocm_msgs/include/hellocm_msgs/hellocm_msgs/msg/detail/cm2_ext__rosidl_typesupport_fastrtps_cpp.hpp
[21.337s] -- Installing: /home/ebrahim/formula-carmaker-fs_2025/FCM_Projects/FS_autonomous/ros/ros2_ws/install/hellocm_msgs/include/hellocm_msgs/hellocm_msgs/msg/detail/ext2_cm__rosidl_typesupport_fastrtps_cpp.hpp
[21.337s] -- Installing: /home/ebrahim/formula-carmaker-fs_2025/FCM_Projects/FS_autonomous/ros/ros2_ws/install/hellocm_msgs/include/hellocm_msgs/hellocm_msgs/msg/rosidl_typesupport_fastrtps_cpp__visibility_control.h
[21.337s] -- Installing: /home/ebrahim/formula-carmaker-fs_2025/FCM_Projects/FS_autonomous/ros/ros2_ws/install/hellocm_msgs/lib/libhellocm_msgs__rosidl_typesupport_fastrtps_cpp.so
[21.337s] -- Set non-toolchain portion of runtime path of "/home/ebrahim/formula-carmaker-fs_2025/FCM_Projects/FS_autonomous/ros/ros2_ws/install/hellocm_msgs/lib/libhellocm_msgs__rosidl_typesupport_fastrtps_cpp.so" to ""
[21.337s] -- Up-to-date: /home/ebrahim/formula-carmaker-fs_2025/FCM_Projects/FS_autonomous/ros/ros2_ws/install/hellocm_msgs/include/hellocm_msgs/hellocm_msgs
[21.338s] -- Up-to-date: /home/ebrahim/formula-carmaker-fs_2025/FCM_Projects/FS_autonomous/ros/ros2_ws/install/hellocm_msgs/include/hellocm_msgs/hellocm_msgs/srv
[21.338s] -- Up-to-date: /home/ebrahim/formula-carmaker-fs_2025/FCM_Projects/FS_autonomous/ros/ros2_ws/install/hellocm_msgs/include/hellocm_msgs/hellocm_msgs/srv/detail
[21.338s] -- Installing: /home/ebrahim/formula-carmaker-fs_2025/FCM_Projects/FS_autonomous/ros/ros2_ws/install/hellocm_msgs/include/hellocm_msgs/hellocm_msgs/srv/detail/init__type_support.cpp
[21.338s] -- Installing: /home/ebrahim/formula-carmaker-fs_2025/FCM_Projects/FS_autonomous/ros/ros2_ws/install/hellocm_msgs/include/hellocm_msgs/hellocm_msgs/srv/detail/init__rosidl_typesupport_introspection_cpp.hpp
[21.338s] -- Up-to-date: /home/ebrahim/formula-carmaker-fs_2025/FCM_Projects/FS_autonomous/ros/ros2_ws/install/hellocm_msgs/include/hellocm_msgs/hellocm_msgs/msg
[21.338s] -- Up-to-date: /home/ebrahim/formula-carmaker-fs_2025/FCM_Projects/FS_autonomous/ros/ros2_ws/install/hellocm_msgs/include/hellocm_msgs/hellocm_msgs/msg/detail
[21.339s] -- Installing: /home/ebrahim/formula-carmaker-fs_2025/FCM_Projects/FS_autonomous/ros/ros2_ws/install/hellocm_msgs/include/hellocm_msgs/hellocm_msgs/msg/detail/tire_forces__rosidl_typesupport_introspection_cpp.hpp
[21.339s] -- Installing: /home/ebrahim/formula-carmaker-fs_2025/FCM_Projects/FS_autonomous/ros/ros2_ws/install/hellocm_msgs/include/hellocm_msgs/hellocm_msgs/msg/detail/ext2_cm__type_support.cpp
[21.339s] -- Installing: /home/ebrahim/formula-carmaker-fs_2025/FCM_Projects/FS_autonomous/ros/ros2_ws/install/hellocm_msgs/include/hellocm_msgs/hellocm_msgs/msg/detail/cm2_ext__rosidl_typesupport_introspection_cpp.hpp
[21.339s] -- Installing: /home/ebrahim/formula-carmaker-fs_2025/FCM_Projects/FS_autonomous/ros/ros2_ws/install/hellocm_msgs/include/hellocm_msgs/hellocm_msgs/msg/detail/tire_steering__type_support.cpp
[21.339s] -- Installing: /home/ebrahim/formula-carmaker-fs_2025/FCM_Projects/FS_autonomous/ros/ros2_ws/install/hellocm_msgs/include/hellocm_msgs/hellocm_msgs/msg/detail/ext2_cm__rosidl_typesupport_introspection_cpp.hpp
[21.340s] -- Installing: /home/ebrahim/formula-carmaker-fs_2025/FCM_Projects/FS_autonomous/ros/ros2_ws/install/hellocm_msgs/include/hellocm_msgs/hellocm_msgs/msg/detail/tire_steering__rosidl_typesupport_introspection_cpp.hpp
[21.340s] -- Installing: /home/ebrahim/formula-carmaker-fs_2025/FCM_Projects/FS_autonomous/ros/ros2_ws/install/hellocm_msgs/include/hellocm_msgs/hellocm_msgs/msg/detail/tire_forces_array__rosidl_typesupport_introspection_cpp.hpp
[21.340s] -- Installing: /home/ebrahim/formula-carmaker-fs_2025/FCM_Projects/FS_autonomous/ros/ros2_ws/install/hellocm_msgs/include/hellocm_msgs/hellocm_msgs/msg/detail/cm2_ext__type_support.cpp
[21.340s] -- Installing: /home/ebrahim/formula-carmaker-fs_2025/FCM_Projects/FS_autonomous/ros/ros2_ws/install/hellocm_msgs/include/hellocm_msgs/hellocm_msgs/msg/detail/tire_forces__type_support.cpp
[21.340s] -- Installing: /home/ebrahim/formula-carmaker-fs_2025/FCM_Projects/FS_autonomous/ros/ros2_ws/install/hellocm_msgs/include/hellocm_msgs/hellocm_msgs/msg/detail/tire_forces_array__type_support.cpp
[21.341s] -- Installing: /home/ebrahim/formula-carmaker-fs_2025/FCM_Projects/FS_autonomous/ros/ros2_ws/install/hellocm_msgs/lib/libhellocm_msgs__rosidl_typesupport_introspection_cpp.so
[21.341s] -- Set non-toolchain portion of runtime path of "/home/ebrahim/formula-carmaker-fs_2025/FCM_Projects/FS_autonomous/ros/ros2_ws/install/hellocm_msgs/lib/libhellocm_msgs__rosidl_typesupport_introspection_cpp.so" to ""
[21.341s] -- Installing: /home/ebrahim/formula-carmaker-fs_2025/FCM_Projects/FS_autonomous/ros/ros2_ws/install/hellocm_msgs/lib/libhellocm_msgs__rosidl_typesupport_cpp.so
[21.341s] -- Set non-toolchain portion of runtime path of "/home/ebrahim/formula-carmaker-fs_2025/FCM_Projects/FS_autonomous/ros/ros2_ws/install/hellocm_msgs/lib/libhellocm_msgs__rosidl_typesupport_cpp.so" to ""
[21.341s] -- Installing: /home/ebrahim/formula-carmaker-fs_2025/FCM_Projects/FS_autonomous/ros/ros2_ws/install/hellocm_msgs/share/hellocm_msgs/environment/pythonpath.sh
[21.342s] -- Installing: /home/ebrahim/formula-carmaker-fs_2025/FCM_Projects/FS_autonomous/ros/ros2_ws/install/hellocm_msgs/share/hellocm_msgs/environment/pythonpath.dsv
[21.342s] -- Installing: /home/ebrahim/formula-carmaker-fs_2025/FCM_Projects/FS_autonomous/ros/ros2_ws/install/hellocm_msgs/lib/python3.12/site-packages/hellocm_msgs-0.1.0-py3.12.egg-info
[21.342s] -- Installing: /home/ebrahim/formula-carmaker-fs_2025/FCM_Projects/FS_autonomous/ros/ros2_ws/install/hellocm_msgs/lib/python3.12/site-packages/hellocm_msgs-0.1.0-py3.12.egg-info/SOURCES.txt
[21.342s] -- Installing: /home/ebrahim/formula-carmaker-fs_2025/FCM_Projects/FS_autonomous/ros/ros2_ws/install/hellocm_msgs/lib/python3.12/site-packages/hellocm_msgs-0.1.0-py3.12.egg-info/PKG-INFO
[21.342s] -- Installing: /home/ebrahim/formula-carmaker-fs_2025/FCM_Projects/FS_autonomous/ros/ros2_ws/install/hellocm_msgs/lib/python3.12/site-packages/hellocm_msgs-0.1.0-py3.12.egg-info/top_level.txt
[21.342s] -- Installing: /home/ebrahim/formula-carmaker-fs_2025/FCM_Projects/FS_autonomous/ros/ros2_ws/install/hellocm_msgs/lib/python3.12/site-packages/hellocm_msgs-0.1.0-py3.12.egg-info/dependency_links.txt
[21.342s] -- Installing: /home/ebrahim/formula-carmaker-fs_2025/FCM_Projects/FS_autonomous/ros/ros2_ws/install/hellocm_msgs/lib/python3.12/site-packages/hellocm_msgs
[21.342s] -- Installing: /home/ebrahim/formula-carmaker-fs_2025/FCM_Projects/FS_autonomous/ros/ros2_ws/install/hellocm_msgs/lib/python3.12/site-packages/hellocm_msgs/hellocm_msgs_s__rosidl_typesupport_c.so
[21.342s] -- Installing: /home/ebrahim/formula-carmaker-fs_2025/FCM_Projects/FS_autonomous/ros/ros2_ws/install/hellocm_msgs/lib/python3.12/site-packages/hellocm_msgs/_hellocm_msgs_s.ep.rosidl_typesupport_c.c
[21.343s] -- Installing: /home/ebrahim/formula-carmaker-fs_2025/FCM_Projects/FS_autonomous/ros/ros2_ws/install/hellocm_msgs/lib/python3.12/site-packages/hellocm_msgs/_hellocm_msgs_s.ep.rosidl_typesupport_introspection_c.c
[21.343s] -- Installing: /home/ebrahim/formula-carmaker-fs_2025/FCM_Projects/FS_autonomous/ros/ros2_ws/install/hellocm_msgs/lib/python3.12/site-packages/hellocm_msgs/hellocm_msgs_s__rosidl_typesupport_introspection_c.so
[21.343s] -- Installing: /home/ebrahim/formula-carmaker-fs_2025/FCM_Projects/FS_autonomous/ros/ros2_ws/install/hellocm_msgs/lib/python3.12/site-packages/hellocm_msgs/srv
[21.343s] -- Installing: /home/ebrahim/formula-carmaker-fs_2025/FCM_Projects/FS_autonomous/ros/ros2_ws/install/hellocm_msgs/lib/python3.12/site-packages/hellocm_msgs/srv/_init_s.c
[21.343s] -- Installing: /home/ebrahim/formula-carmaker-fs_2025/FCM_Projects/FS_autonomous/ros/ros2_ws/install/hellocm_msgs/lib/python3.12/site-packages/hellocm_msgs/srv/_init.py
[21.343s] -- Installing: /home/ebrahim/formula-carmaker-fs_2025/FCM_Projects/FS_autonomous/ros/ros2_ws/install/hellocm_msgs/lib/python3.12/site-packages/hellocm_msgs/srv/__init__.py
[21.343s] -- Installing: /home/ebrahim/formula-carmaker-fs_2025/FCM_Projects/FS_autonomous/ros/ros2_ws/install/hellocm_msgs/lib/python3.12/site-packages/hellocm_msgs/hellocm_msgs_s__rosidl_typesupport_fastrtps_c.so
[21.343s] -- Installing: /home/ebrahim/formula-carmaker-fs_2025/FCM_Projects/FS_autonomous/ros/ros2_ws/install/hellocm_msgs/lib/python3.12/site-packages/hellocm_msgs/msg
[21.343s] -- Installing: /home/ebrahim/formula-carmaker-fs_2025/FCM_Projects/FS_autonomous/ros/ros2_ws/install/hellocm_msgs/lib/python3.12/site-packages/hellocm_msgs/msg/_tire_forces_s.c
[21.344s] -- Installing: /home/ebrahim/formula-carmaker-fs_2025/FCM_Projects/FS_autonomous/ros/ros2_ws/install/hellocm_msgs/lib/python3.12/site-packages/hellocm_msgs/msg/_cm2_ext_s.c
[21.344s] -- Installing: /home/ebrahim/formula-carmaker-fs_2025/FCM_Projects/FS_autonomous/ros/ros2_ws/install/hellocm_msgs/lib/python3.12/site-packages/hellocm_msgs/msg/_tire_forces_array.py
[21.344s] -- Installing: /home/ebrahim/formula-carmaker-fs_2025/FCM_Projects/FS_autonomous/ros/ros2_ws/install/hellocm_msgs/lib/python3.12/site-packages/hellocm_msgs/msg/_ext2_cm.py
[21.344s] -- Installing: /home/ebrahim/formula-carmaker-fs_2025/FCM_Projects/FS_autonomous/ros/ros2_ws/install/hellocm_msgs/lib/python3.12/site-packages/hellocm_msgs/msg/_tire_forces_array_s.c
[21.344s] -- Installing: /home/ebrahim/formula-carmaker-fs_2025/FCM_Projects/FS_autonomous/ros/ros2_ws/install/hellocm_msgs/lib/python3.12/site-packages/hellocm_msgs/msg/_cm2_ext.py
[21.344s] -- Installing: /home/ebrahim/formula-carmaker-fs_2025/FCM_Projects/FS_autonomous/ros/ros2_ws/install/hellocm_msgs/lib/python3.12/site-packages/hellocm_msgs/msg/_tire_steering_s.c
[21.344s] -- Installing: /home/ebrahim/formula-carmaker-fs_2025/FCM_Projects/FS_autonomous/ros/ros2_ws/install/hellocm_msgs/lib/python3.12/site-packages/hellocm_msgs/msg/_tire_forces.py
[21.344s] -- Installing: /home/ebrahim/formula-carmaker-fs_2025/FCM_Projects/FS_autonomous/ros/ros2_ws/install/hellocm_msgs/lib/python3.12/site-packages/hellocm_msgs/msg/_ext2_cm_s.c
[21.344s] -- Installing: /home/ebrahim/formula-carmaker-fs_2025/FCM_Projects/FS_autonomous/ros/ros2_ws/install/hellocm_msgs/lib/python3.12/site-packages/hellocm_msgs/msg/_tire_steering.py
[21.344s] -- Installing: /home/ebrahim/formula-carmaker-fs_2025/FCM_Projects/FS_autonomous/ros/ros2_ws/install/hellocm_msgs/lib/python3.12/site-packages/hellocm_msgs/msg/__init__.py
[21.344s] -- Installing: /home/ebrahim/formula-carmaker-fs_2025/FCM_Projects/FS_autonomous/ros/ros2_ws/install/hellocm_msgs/lib/python3.12/site-packages/hellocm_msgs/__init__.py
[21.345s] -- Installing: /home/ebrahim/formula-carmaker-fs_2025/FCM_Projects/FS_autonomous/ros/ros2_ws/install/hellocm_msgs/lib/python3.12/site-packages/hellocm_msgs/_hellocm_msgs_s.ep.rosidl_typesupport_fastrtps_c.c
[21.408s] Listing '/home/ebrahim/formula-carmaker-fs_2025/FCM_Projects/FS_autonomous/ros/ros2_ws/install/hellocm_msgs/lib/python3.12/site-packages/hellocm_msgs'...
[21.408s] Compiling '/home/ebrahim/formula-carmaker-fs_2025/FCM_Projects/FS_autonomous/ros/ros2_ws/install/hellocm_msgs/lib/python3.12/site-packages/hellocm_msgs/__init__.py'...
[21.409s] Listing '/home/ebrahim/formula-carmaker-fs_2025/FCM_Projects/FS_autonomous/ros/ros2_ws/install/hellocm_msgs/lib/python3.12/site-packages/hellocm_msgs/msg'...
[21.409s] Compiling '/home/ebrahim/formula-carmaker-fs_2025/FCM_Projects/FS_autonomous/ros/ros2_ws/install/hellocm_msgs/lib/python3.12/site-packages/hellocm_msgs/msg/__init__.py'...
[21.409s] Compiling '/home/ebrahim/formula-carmaker-fs_2025/FCM_Projects/FS_autonomous/ros/ros2_ws/install/hellocm_msgs/lib/python3.12/site-packages/hellocm_msgs/msg/_cm2_ext.py'...
[21.409s] Compiling '/home/ebrahim/formula-carmaker-fs_2025/FCM_Projects/FS_autonomous/ros/ros2_ws/install/hellocm_msgs/lib/python3.12/site-packages/hellocm_msgs/msg/_ext2_cm.py'...
[21.409s] Compiling '/home/ebrahim/formula-carmaker-fs_2025/FCM_Projects/FS_autonomous/ros/ros2_ws/install/hellocm_msgs/lib/python3.12/site-packages/hellocm_msgs/msg/_tire_forces.py'...
[21.409s] Compiling '/home/ebrahim/formula-carmaker-fs_2025/FCM_Projects/FS_autonomous/ros/ros2_ws/install/hellocm_msgs/lib/python3.12/site-packages/hellocm_msgs/msg/_tire_forces_array.py'...
[21.409s] Compiling '/home/ebrahim/formula-carmaker-fs_2025/FCM_Projects/FS_autonomous/ros/ros2_ws/install/hellocm_msgs/lib/python3.12/site-packages/hellocm_msgs/msg/_tire_steering.py'...
[21.409s] Listing '/home/ebrahim/formula-carmaker-fs_2025/FCM_Projects/FS_autonomous/ros/ros2_ws/install/hellocm_msgs/lib/python3.12/site-packages/hellocm_msgs/srv'...
[21.409s] Compiling '/home/ebrahim/formula-carmaker-fs_2025/FCM_Projects/FS_autonomous/ros/ros2_ws/install/hellocm_msgs/lib/python3.12/site-packages/hellocm_msgs/srv/__init__.py'...
[21.409s] Compiling '/home/ebrahim/formula-carmaker-fs_2025/FCM_Projects/FS_autonomous/ros/ros2_ws/install/hellocm_msgs/lib/python3.12/site-packages/hellocm_msgs/srv/_init.py'...
[21.422s] -- Installing: /home/ebrahim/formula-carmaker-fs_2025/FCM_Projects/FS_autonomous/ros/ros2_ws/install/hellocm_msgs/lib/python3.12/site-packages/hellocm_msgs/hellocm_msgs_s__rosidl_typesupport_fastrtps_c.so
[21.422s] -- Set non-toolchain portion of runtime path of "/home/ebrahim/formula-carmaker-fs_2025/FCM_Projects/FS_autonomous/ros/ros2_ws/install/hellocm_msgs/lib/python3.12/site-packages/hellocm_msgs/hellocm_msgs_s__rosidl_typesupport_fastrtps_c.so" to ""
[21.422s] -- Installing: /home/ebrahim/formula-carmaker-fs_2025/FCM_Projects/FS_autonomous/ros/ros2_ws/install/hellocm_msgs/lib/python3.12/site-packages/hellocm_msgs/hellocm_msgs_s__rosidl_typesupport_introspection_c.so
[21.422s] -- Set non-toolchain portion of runtime path of "/home/ebrahim/formula-carmaker-fs_2025/FCM_Projects/FS_autonomous/ros/ros2_ws/install/hellocm_msgs/lib/python3.12/site-packages/hellocm_msgs/hellocm_msgs_s__rosidl_typesupport_introspection_c.so" to ""
[21.422s] -- Installing: /home/ebrahim/formula-carmaker-fs_2025/FCM_Projects/FS_autonomous/ros/ros2_ws/install/hellocm_msgs/lib/python3.12/site-packages/hellocm_msgs/hellocm_msgs_s__rosidl_typesupport_c.so
[21.423s] -- Set non-toolchain portion of runtime path of "/home/ebrahim/formula-carmaker-fs_2025/FCM_Projects/FS_autonomous/ros/ros2_ws/install/hellocm_msgs/lib/python3.12/site-packages/hellocm_msgs/hellocm_msgs_s__rosidl_typesupport_c.so" to ""
[21.423s] -- Installing: /home/ebrahim/formula-carmaker-fs_2025/FCM_Projects/FS_autonomous/ros/ros2_ws/install/hellocm_msgs/lib/libhellocm_msgs__rosidl_generator_py.so
[21.423s] -- Set non-toolchain portion of runtime path of "/home/ebrahim/formula-carmaker-fs_2025/FCM_Projects/FS_autonomous/ros/ros2_ws/install/hellocm_msgs/lib/libhellocm_msgs__rosidl_generator_py.so" to ""
[21.424s] -- Installing: /home/ebrahim/formula-carmaker-fs_2025/FCM_Projects/FS_autonomous/ros/ros2_ws/install/hellocm_msgs/share/hellocm_msgs/msg/CM2Ext.idl
[21.424s] -- Installing: /home/ebrahim/formula-carmaker-fs_2025/FCM_Projects/FS_autonomous/ros/ros2_ws/install/hellocm_msgs/share/hellocm_msgs/msg/Ext2CM.idl
[21.424s] -- Installing: /home/ebrahim/formula-carmaker-fs_2025/FCM_Projects/FS_autonomous/ros/ros2_ws/install/hellocm_msgs/share/hellocm_msgs/msg/TireSteering.idl
[21.424s] -- Installing: /home/ebrahim/formula-carmaker-fs_2025/FCM_Projects/FS_autonomous/ros/ros2_ws/install/hellocm_msgs/share/hellocm_msgs/msg/TireForces.idl
[21.424s] -- Installing: /home/ebrahim/formula-carmaker-fs_2025/FCM_Projects/FS_autonomous/ros/ros2_ws/install/hellocm_msgs/share/hellocm_msgs/msg/TireForcesArray.idl
[21.424s] -- Installing: /home/ebrahim/formula-carmaker-fs_2025/FCM_Projects/FS_autonomous/ros/ros2_ws/install/hellocm_msgs/share/hellocm_msgs/srv/Init.idl
[21.425s] -- Installing: /home/ebrahim/formula-carmaker-fs_2025/FCM_Projects/FS_autonomous/ros/ros2_ws/install/hellocm_msgs/share/hellocm_msgs/msg/CM2Ext.msg
[21.425s] -- Installing: /home/ebrahim/formula-carmaker-fs_2025/FCM_Projects/FS_autonomous/ros/ros2_ws/install/hellocm_msgs/share/hellocm_msgs/msg/Ext2CM.msg
[21.425s] -- Installing: /home/ebrahim/formula-carmaker-fs_2025/FCM_Projects/FS_autonomous/ros/ros2_ws/install/hellocm_msgs/share/hellocm_msgs/msg/TireSteering.msg
[21.425s] -- Installing: /home/ebrahim/formula-carmaker-fs_2025/FCM_Projects/FS_autonomous/ros/ros2_ws/install/hellocm_msgs/share/hellocm_msgs/msg/TireForces.msg
[21.425s] -- Installing: /home/ebrahim/formula-carmaker-fs_2025/FCM_Projects/FS_autonomous/ros/ros2_ws/install/hellocm_msgs/share/hellocm_msgs/msg/TireForcesArray.msg
[21.425s] -- Installing: /home/ebrahim/formula-carmaker-fs_2025/FCM_Projects/FS_autonomous/ros/ros2_ws/install/hellocm_msgs/share/hellocm_msgs/srv/Init.srv
[21.426s] -- Installing: /home/ebrahim/formula-carmaker-fs_2025/FCM_Projects/FS_autonomous/ros/ros2_ws/install/hellocm_msgs/share/ament_index/resource_index/package_run_dependencies/hellocm_msgs
[21.426s] -- Installing: /home/ebrahim/formula-carmaker-fs_2025/FCM_Projects/FS_autonomous/ros/ros2_ws/install/hellocm_msgs/share/ament_index/resource_index/parent_prefix_path/hellocm_msgs
[21.426s] -- Installing: /home/ebrahim/formula-carmaker-fs_2025/FCM_Projects/FS_autonomous/ros/ros2_ws/install/hellocm_msgs/share/hellocm_msgs/environment/ament_prefix_path.sh
[21.426s] -- Installing: /home/ebrahim/formula-carmaker-fs_2025/FCM_Projects/FS_autonomous/ros/ros2_ws/install/hellocm_msgs/share/hellocm_msgs/environment/ament_prefix_path.dsv
[21.426s] -- Installing: /home/ebrahim/formula-carmaker-fs_2025/FCM_Projects/FS_autonomous/ros/ros2_ws/install/hellocm_msgs/share/hellocm_msgs/environment/path.sh
[21.426s] -- Installing: /home/ebrahim/formula-carmaker-fs_2025/FCM_Projects/FS_autonomous/ros/ros2_ws/install/hellocm_msgs/share/hellocm_msgs/environment/path.dsv
[21.427s] -- Installing: /home/ebrahim/formula-carmaker-fs_2025/FCM_Projects/FS_autonomous/ros/ros2_ws/install/hellocm_msgs/share/hellocm_msgs/local_setup.bash
[21.427s] -- Installing: /home/ebrahim/formula-carmaker-fs_2025/FCM_Projects/FS_autonomous/ros/ros2_ws/install/hellocm_msgs/share/hellocm_msgs/local_setup.sh
[21.427s] -- Installing: /home/ebrahim/formula-carmaker-fs_2025/FCM_Projects/FS_autonomous/ros/ros2_ws/install/hellocm_msgs/share/hellocm_msgs/local_setup.zsh
[21.427s] -- Installing: /home/ebrahim/formula-carmaker-fs_2025/FCM_Projects/FS_autonomous/ros/ros2_ws/install/hellocm_msgs/share/hellocm_msgs/local_setup.dsv
[21.428s] -- Installing: /home/ebrahim/formula-carmaker-fs_2025/FCM_Projects/FS_autonomous/ros/ros2_ws/install/hellocm_msgs/share/hellocm_msgs/package.dsv
[21.428s] -- Installing: /home/ebrahim/formula-carmaker-fs_2025/FCM_Projects/FS_autonomous/ros/ros2_ws/install/hellocm_msgs/share/ament_index/resource_index/packages/hellocm_msgs
[21.428s] -- Installing: /home/ebrahim/formula-carmaker-fs_2025/FCM_Projects/FS_autonomous/ros/ros2_ws/install/hellocm_msgs/share/hellocm_msgs/cmake/export_hellocm_msgs__rosidl_generator_cExport.cmake
[21.428s] -- Installing: /home/ebrahim/formula-carmaker-fs_2025/FCM_Projects/FS_autonomous/ros/ros2_ws/install/hellocm_msgs/share/hellocm_msgs/cmake/export_hellocm_msgs__rosidl_generator_cExport-noconfig.cmake
[21.428s] -- Installing: /home/ebrahim/formula-carmaker-fs_2025/FCM_Projects/FS_autonomous/ros/ros2_ws/install/hellocm_msgs/share/hellocm_msgs/cmake/export_hellocm_msgs__rosidl_typesupport_fastrtps_cExport.cmake
[21.429s] -- Installing: /home/ebrahim/formula-carmaker-fs_2025/FCM_Projects/FS_autonomous/ros/ros2_ws/install/hellocm_msgs/share/hellocm_msgs/cmake/export_hellocm_msgs__rosidl_typesupport_fastrtps_cExport-noconfig.cmake
[21.429s] -- Installing: /home/ebrahim/formula-carmaker-fs_2025/FCM_Projects/FS_autonomous/ros/ros2_ws/install/hellocm_msgs/share/hellocm_msgs/cmake/hellocm_msgs__rosidl_typesupport_introspection_cExport.cmake
[21.429s] -- Installing: /home/ebrahim/formula-carmaker-fs_2025/FCM_Projects/FS_autonomous/ros/ros2_ws/install/hellocm_msgs/share/hellocm_msgs/cmake/hellocm_msgs__rosidl_typesupport_introspection_cExport-noconfig.cmake
[21.429s] -- Installing: /home/ebrahim/formula-carmaker-fs_2025/FCM_Projects/FS_autonomous/ros/ros2_ws/install/hellocm_msgs/share/hellocm_msgs/cmake/hellocm_msgs__rosidl_typesupport_cExport.cmake
[21.429s] -- Installing: /home/ebrahim/formula-carmaker-fs_2025/FCM_Projects/FS_autonomous/ros/ros2_ws/install/hellocm_msgs/share/hellocm_msgs/cmake/hellocm_msgs__rosidl_typesupport_cExport-noconfig.cmake
[21.429s] -- Installing: /home/ebrahim/formula-carmaker-fs_2025/FCM_Projects/FS_autonomous/ros/ros2_ws/install/hellocm_msgs/share/hellocm_msgs/cmake/export_hellocm_msgs__rosidl_generator_cppExport.cmake
[21.430s] -- Installing: /home/ebrahim/formula-carmaker-fs_2025/FCM_Projects/FS_autonomous/ros/ros2_ws/install/hellocm_msgs/share/hellocm_msgs/cmake/export_hellocm_msgs__rosidl_typesupport_fastrtps_cppExport.cmake
[21.430s] -- Installing: /home/ebrahim/formula-carmaker-fs_2025/FCM_Projects/FS_autonomous/ros/ros2_ws/install/hellocm_msgs/share/hellocm_msgs/cmake/export_hellocm_msgs__rosidl_typesupport_fastrtps_cppExport-noconfig.cmake
[21.430s] -- Installing: /home/ebrahim/formula-carmaker-fs_2025/FCM_Projects/FS_autonomous/ros/ros2_ws/install/hellocm_msgs/share/hellocm_msgs/cmake/hellocm_msgs__rosidl_typesupport_introspection_cppExport.cmake
[21.430s] -- Installing: /home/ebrahim/formula-carmaker-fs_2025/FCM_Projects/FS_autonomous/ros/ros2_ws/install/hellocm_msgs/share/hellocm_msgs/cmake/hellocm_msgs__rosidl_typesupport_introspection_cppExport-noconfig.cmake
[21.430s] -- Installing: /home/ebrahim/formula-carmaker-fs_2025/FCM_Projects/FS_autonomous/ros/ros2_ws/install/hellocm_msgs/share/hellocm_msgs/cmake/hellocm_msgs__rosidl_typesupport_cppExport.cmake
[21.431s] -- Installing: /home/ebrahim/formula-carmaker-fs_2025/FCM_Projects/FS_autonomous/ros/ros2_ws/install/hellocm_msgs/share/hellocm_msgs/cmake/hellocm_msgs__rosidl_typesupport_cppExport-noconfig.cmake
[21.431s] -- Installing: /home/ebrahim/formula-carmaker-fs_2025/FCM_Projects/FS_autonomous/ros/ros2_ws/install/hellocm_msgs/share/hellocm_msgs/cmake/export_hellocm_msgs__rosidl_generator_pyExport.cmake
[21.431s] -- Installing: /home/ebrahim/formula-carmaker-fs_2025/FCM_Projects/FS_autonomous/ros/ros2_ws/install/hellocm_msgs/share/hellocm_msgs/cmake/export_hellocm_msgs__rosidl_generator_pyExport-noconfig.cmake
[21.431s] -- Installing: /home/ebrahim/formula-carmaker-fs_2025/FCM_Projects/FS_autonomous/ros/ros2_ws/install/hellocm_msgs/share/hellocm_msgs/cmake/rosidl_cmake-extras.cmake
[21.431s] -- Installing: /home/ebrahim/formula-carmaker-fs_2025/FCM_Projects/FS_autonomous/ros/ros2_ws/install/hellocm_msgs/share/hellocm_msgs/cmake/ament_cmake_export_dependencies-extras.cmake
[21.431s] -- Installing: /home/ebrahim/formula-carmaker-fs_2025/FCM_Projects/FS_autonomous/ros/ros2_ws/install/hellocm_msgs/share/hellocm_msgs/cmake/ament_cmake_export_include_directories-extras.cmake
[21.432s] -- Installing: /home/ebrahim/formula-carmaker-fs_2025/FCM_Projects/FS_autonomous/ros/ros2_ws/install/hellocm_msgs/share/hellocm_msgs/cmake/ament_cmake_export_libraries-extras.cmake
[21.432s] -- Installing: /home/ebrahim/formula-carmaker-fs_2025/FCM_Projects/FS_autonomous/ros/ros2_ws/install/hellocm_msgs/share/hellocm_msgs/cmake/ament_cmake_export_targets-extras.cmake
[21.432s] -- Installing: /home/ebrahim/formula-carmaker-fs_2025/FCM_Projects/FS_autonomous/ros/ros2_ws/install/hellocm_msgs/share/hellocm_msgs/cmake/rosidl_cmake_export_typesupport_targets-extras.cmake
[21.432s] -- Installing: /home/ebrahim/formula-carmaker-fs_2025/FCM_Projects/FS_autonomous/ros/ros2_ws/install/hellocm_msgs/share/hellocm_msgs/cmake/rosidl_cmake_export_typesupport_libraries-extras.cmake
[21.432s] -- Installing: /home/ebrahim/formula-carmaker-fs_2025/FCM_Projects/FS_autonomous/ros/ros2_ws/install/hellocm_msgs/share/hellocm_msgs/cmake/hellocm_msgsConfig.cmake
[21.432s] -- Installing: /home/ebrahim/formula-carmaker-fs_2025/FCM_Projects/FS_autonomous/ros/ros2_ws/install/hellocm_msgs/share/hellocm_msgs/cmake/hellocm_msgsConfig-version.cmake
[21.433s] -- Installing: /home/ebrahim/formula-carmaker-fs_2025/FCM_Projects/FS_autonomous/ros/ros2_ws/install/hellocm_msgs/share/hellocm_msgs/package.xml
[21.435s] Invoked command in '/home/ebrahim/formula-carmaker-fs_2025/FCM_Projects/FS_autonomous/ros/ros2_ws/build/hellocm_msgs' returned '0': CMAKE_PREFIX_PATH=${CMAKE_PREFIX_PATH}:/opt/ros/jazzy DEBUGINFOD_URLS=https://debuginfod.ubuntu.com /usr/bin/cmake --install /home/ebrahim/formula-carmaker-fs_2025/FCM_Projects/FS_autonomous/ros/ros2_ws/build/hellocm_msgs
