[0.017s] Invoking command in '/home/ebrahim/formula-carmaker-fs_2025/FCM_Projects/FS_autonomous/ros/ros2_ws/build/camera_msgs': CMAKE_PREFIX_PATH=${CMAKE_PREFIX_PATH}:/opt/ros/jazzy DEBUGINFOD_URLS=https://debuginfod.ubuntu.com /usr/bin/cmake /home/ebrahim/formula-carmaker-fs_2025/FCM_Projects/FS_autonomous/ros/ros2_ws/src/camera_msgs -DCARMAKER_VER:STRING=14.1.1 -DCARMAKER_DIR:PATH=/opt/ipg/carmaker/linux64-14.1.1 --no-warn-unused-cli -DCMAKE_INSTALL_PREFIX=/home/ebrahim/formula-carmaker-fs_2025/FCM_Projects/FS_autonomous/ros/ros2_ws/install/camera_msgs
[0.024s] Not searching for unused variables given on the command line.
[0.087s] -- The C compiler identification is GNU 12.4.0
[0.188s] -- The CXX compiler identification is GNU 12.4.0
[0.207s] -- Detecting C compiler ABI info
[0.295s] -- Detecting C compiler ABI info - done
[0.306s] -- Check for working C compiler: /usr/bin/cc - skipped
[0.306s] -- Detecting C compile features
[0.307s] -- Detecting C compile features - done
[0.317s] -- Detecting CXX compiler ABI info
[0.415s] -- Detecting CXX compiler ABI info - done
[0.432s] -- Check for working CXX compiler: /usr/bin/c++ - skipped
[0.432s] -- Detecting CXX compile features
[0.433s] -- Detecting CXX compile features - done
[0.442s] -- Found ament_cmake: 2.5.4 (/opt/ros/jazzy/share/ament_cmake/cmake)
[0.807s] -- Found Python3: /usr/bin/python3 (found version "3.12.3") found components: Interpreter 
[0.956s] -- Found rosidl_default_generators: 1.6.0 (/opt/ros/jazzy/share/rosidl_default_generators/cmake)
[0.968s] -- Using all available rosidl_typesupport_c: rosidl_typesupport_fastrtps_c;rosidl_typesupport_introspection_c
[1.055s] -- Using all available rosidl_typesupport_cpp: rosidl_typesupport_fastrtps_cpp;rosidl_typesupport_introspection_cpp
[1.140s] -- Found rosidl_adapter: 4.6.6 (/opt/ros/jazzy/share/rosidl_adapter/cmake)
[1.147s] -- Found rclcpp: 28.1.13 (/opt/ros/jazzy/share/rclcpp/cmake)
[1.256s] -- Found rmw_implementation_cmake: 7.3.2 (/opt/ros/jazzy/share/rmw_implementation_cmake/cmake)
[1.261s] -- Found rmw_zenoh_cpp: 0.2.9 (/opt/ros/jazzy/share/rmw_zenoh_cpp/cmake)
[1.262s] -- Using RMW implementation 'rmw_zenoh_cpp' as default
[1.363s] -- Found std_msgs: 5.3.6 (/opt/ros/jazzy/share/std_msgs/cmake)
[2.568s] -- Found ament_cmake_ros: 0.12.0 (/opt/ros/jazzy/share/ament_cmake_ros/cmake)
[3.635s] -- Using all available rosidl_typesupport_c: rosidl_typesupport_fastrtps_c;rosidl_typesupport_introspection_c
[5.071s] -- Using all available rosidl_typesupport_cpp: rosidl_typesupport_fastrtps_cpp;rosidl_typesupport_introspection_cpp
[5.076s] -- Found python_cmake_module: 0.11.1 (/opt/ros/jazzy/share/python_cmake_module/cmake)
[5.432s] -- Found PythonExtra: /usr/bin/python3  
[6.506s] -- Found Python3: /usr/bin/python3 (found version "3.12.3") found components: Interpreter Development NumPy Development.Module Development.Embed 
[6.606s] -- Found ament_lint_auto: 0.17.3 (/opt/ros/jazzy/share/ament_lint_auto/cmake)
[6.617s] -- Configuring done (6.6s)
[6.670s] -- Generating done (0.0s)
[6.685s] -- Build files have been written to: /home/ebrahim/formula-carmaker-fs_2025/FCM_Projects/FS_autonomous/ros/ros2_ws/build/camera_msgs
[6.698s] Invoked command in '/home/ebrahim/formula-carmaker-fs_2025/FCM_Projects/FS_autonomous/ros/ros2_ws/build/camera_msgs' returned '0': CMAKE_PREFIX_PATH=${CMAKE_PREFIX_PATH}:/opt/ros/jazzy DEBUGINFOD_URLS=https://debuginfod.ubuntu.com /usr/bin/cmake /home/ebrahim/formula-carmaker-fs_2025/FCM_Projects/FS_autonomous/ros/ros2_ws/src/camera_msgs -DCARMAKER_VER:STRING=14.1.1 -DCARMAKER_DIR:PATH=/opt/ipg/carmaker/linux64-14.1.1 --no-warn-unused-cli -DCMAKE_INSTALL_PREFIX=/home/ebrahim/formula-carmaker-fs_2025/FCM_Projects/FS_autonomous/ros/ros2_ws/install/camera_msgs
[6.700s] Invoking command in '/home/ebrahim/formula-carmaker-fs_2025/FCM_Projects/FS_autonomous/ros/ros2_ws/build/camera_msgs': CMAKE_PREFIX_PATH=${CMAKE_PREFIX_PATH}:/opt/ros/jazzy DEBUGINFOD_URLS=https://debuginfod.ubuntu.com /usr/bin/cmake --build /home/ebrahim/formula-carmaker-fs_2025/FCM_Projects/FS_autonomous/ros/ros2_ws/build/camera_msgs -- -j12 -l12
[6.759s] [  2%] [34m[1mGenerating type hashes for ROS interfaces[0m
[6.779s] [  2%] Built target ament_cmake_python_copy_camera_msgs
[7.305s] running egg_info
[7.307s] creating camera_msgs.egg-info
[7.336s] [  2%] Built target camera_msgs__rosidl_generator_type_description
[7.358s] [  4%] [34m[1mGenerating C code for ROS interfaces[0m
[7.371s] [  6%] [34m[1mGenerating C++ code for ROS interfaces[0m
[7.592s] writing camera_msgs.egg-info/PKG-INFO
[7.593s] writing dependency_links to camera_msgs.egg-info/dependency_links.txt
[7.594s] writing top-level names to camera_msgs.egg-info/top_level.txt
[7.595s] writing manifest file 'camera_msgs.egg-info/SOURCES.txt'
[7.772s] reading manifest file 'camera_msgs.egg-info/SOURCES.txt'
[7.774s] writing manifest file 'camera_msgs.egg-info/SOURCES.txt'
[7.856s] [  6%] Built target ament_cmake_python_build_camera_msgs_egg
[8.365s] [  6%] Built target camera_msgs__cpp
[8.814s] [  9%] [32mBuilding C object CMakeFiles/camera_msgs__rosidl_generator_c.dir/rosidl_generator_c/camera_msgs/msg/detail/camera_detection__functions.c.o[0m
[8.825s] [ 11%] [32mBuilding C object CMakeFiles/camera_msgs__rosidl_generator_c.dir/rosidl_generator_c/camera_msgs/msg/detail/camera_detection_array__type_support.c.o[0m
[8.834s] [ 13%] [32mBuilding C object CMakeFiles/camera_msgs__rosidl_generator_c.dir/rosidl_generator_c/camera_msgs/msg/detail/camera_detection__description.c.o[0m
[8.835s] [ 15%] [32mBuilding C object CMakeFiles/camera_msgs__rosidl_generator_c.dir/rosidl_generator_c/camera_msgs/msg/detail/camera_detection_array__functions.c.o[0m
[8.838s] [ 18%] [32mBuilding C object CMakeFiles/camera_msgs__rosidl_generator_c.dir/rosidl_generator_c/camera_msgs/msg/detail/camera_detection_array__description.c.o[0m
[8.847s] [ 20%] [32mBuilding C object CMakeFiles/camera_msgs__rosidl_generator_c.dir/rosidl_generator_c/camera_msgs/msg/detail/camera_detection__type_support.c.o[0m
[9.177s] [ 22%] [32m[1mLinking C shared library libcamera_msgs__rosidl_generator_c.so[0m
[9.384s] [ 22%] Built target camera_msgs__rosidl_generator_c
[9.418s] [ 25%] [34m[1mGenerating C type support for eProsima Fast-RTPS[0m
[9.424s] [ 27%] [34m[1mGenerating C++ type support dispatch for ROS interfaces[0m
[9.471s] [ 29%] [34m[1mGenerating C type support dispatch for ROS interfaces[0m
[9.558s] [ 31%] [34m[1mGenerating C introspection for ROS interfaces[0m
[9.558s] [ 34%] [34m[1mGenerating C++ introspection for ROS interfaces[0m
[9.629s] [ 36%] [34m[1mGenerating C++ type support for eProsima Fast-RTPS[0m
[10.851s] [ 38%] [32mBuilding CXX object CMakeFiles/camera_msgs__rosidl_typesupport_cpp.dir/rosidl_typesupport_cpp/camera_msgs/msg/camera_detection__type_support.cpp.o[0m
[10.974s] [ 40%] [32mBuilding CXX object CMakeFiles/camera_msgs__rosidl_typesupport_cpp.dir/rosidl_typesupport_cpp/camera_msgs/msg/camera_detection_array__type_support.cpp.o[0m
[11.175s] [ 43%] [32mBuilding CXX object CMakeFiles/camera_msgs__rosidl_typesupport_introspection_cpp.dir/rosidl_typesupport_introspection_cpp/camera_msgs/msg/detail/camera_detection__type_support.cpp.o[0m
[11.406s] [ 45%] [32mBuilding CXX object CMakeFiles/camera_msgs__rosidl_typesupport_introspection_cpp.dir/rosidl_typesupport_introspection_cpp/camera_msgs/msg/detail/camera_detection_array__type_support.cpp.o[0m
[12.396s] [ 47%] [32mBuilding CXX object CMakeFiles/camera_msgs__rosidl_typesupport_fastrtps_cpp.dir/rosidl_typesupport_fastrtps_cpp/camera_msgs/msg/detail/dds_fastrtps/camera_detection__type_support.cpp.o[0m
[12.396s] [ 50%] [32mBuilding CXX object CMakeFiles/camera_msgs__rosidl_typesupport_fastrtps_cpp.dir/rosidl_typesupport_fastrtps_cpp/camera_msgs/msg/detail/dds_fastrtps/camera_detection_array__type_support.cpp.o[0m
[12.430s] [ 52%] [32mBuilding CXX object CMakeFiles/camera_msgs__rosidl_typesupport_c.dir/rosidl_typesupport_c/camera_msgs/msg/camera_detection_array__type_support.cpp.o[0m
[12.433s] [ 54%] [32mBuilding CXX object CMakeFiles/camera_msgs__rosidl_typesupport_c.dir/rosidl_typesupport_c/camera_msgs/msg/camera_detection__type_support.cpp.o[0m
[12.678s] [ 56%] [32m[1mLinking CXX shared library libcamera_msgs__rosidl_typesupport_c.so[0m
[12.763s] [ 59%] [32mBuilding CXX object CMakeFiles/camera_msgs__rosidl_typesupport_fastrtps_c.dir/rosidl_typesupport_fastrtps_c/camera_msgs/msg/detail/camera_detection_array__type_support_c.cpp.o[0m
[12.780s] [ 61%] [32mBuilding CXX object CMakeFiles/camera_msgs__rosidl_typesupport_fastrtps_c.dir/rosidl_typesupport_fastrtps_c/camera_msgs/msg/detail/camera_detection__type_support_c.cpp.o[0m
[12.800s] [ 61%] Built target camera_msgs__rosidl_typesupport_c
[12.890s] [ 63%] [32mBuilding C object CMakeFiles/camera_msgs__rosidl_typesupport_introspection_c.dir/rosidl_typesupport_introspection_c/camera_msgs/msg/detail/camera_detection__type_support.c.o[0m
[12.901s] [ 65%] [32mBuilding C object CMakeFiles/camera_msgs__rosidl_typesupport_introspection_c.dir/rosidl_typesupport_introspection_c/camera_msgs/msg/detail/camera_detection_array__type_support.c.o[0m
[13.070s] [ 68%] [32m[1mLinking CXX shared library libcamera_msgs__rosidl_typesupport_cpp.so[0m
[13.098s] [ 70%] [32m[1mLinking C shared library libcamera_msgs__rosidl_typesupport_introspection_c.so[0m
[13.261s] [ 70%] Built target camera_msgs__rosidl_typesupport_introspection_c
[13.311s] [ 70%] Built target camera_msgs__rosidl_typesupport_cpp
[13.886s] [ 72%] [32m[1mLinking CXX shared library libcamera_msgs__rosidl_typesupport_introspection_cpp.so[0m
[14.171s] [ 72%] Built target camera_msgs__rosidl_typesupport_introspection_cpp
[14.462s] [ 75%] [32m[1mLinking CXX shared library libcamera_msgs__rosidl_typesupport_fastrtps_c.so[0m
[14.489s] [ 77%] [32m[1mLinking CXX shared library libcamera_msgs__rosidl_typesupport_fastrtps_cpp.so[0m
[14.544s] [ 77%] Built target camera_msgs__rosidl_typesupport_fastrtps_c
[14.632s] [ 77%] Built target camera_msgs__rosidl_typesupport_fastrtps_cpp
[14.670s] [ 77%] Built target camera_msgs
[14.711s] [ 79%] [34m[1mGenerating Python code for ROS interfaces[0m
[16.732s] [ 79%] Built target camera_msgs__py
[16.810s] [ 81%] [32mBuilding C object CMakeFiles/camera_msgs__rosidl_generator_py.dir/rosidl_generator_py/camera_msgs/msg/_camera_detection_array_s.c.o[0m
[16.822s] [ 84%] [32mBuilding C object CMakeFiles/camera_msgs__rosidl_generator_py.dir/rosidl_generator_py/camera_msgs/msg/_camera_detection_s.c.o[0m
[17.702s] [ 86%] [32m[1mLinking C shared library libcamera_msgs__rosidl_generator_py.so[0m
[17.790s] [ 86%] Built target camera_msgs__rosidl_generator_py
[17.923s] [ 88%] [32mBuilding C object CMakeFiles/camera_msgs_s__rosidl_typesupport_c.dir/rosidl_generator_py/camera_msgs/_camera_msgs_s.ep.rosidl_typesupport_c.c.o[0m
[17.934s] [ 90%] [32mBuilding C object CMakeFiles/camera_msgs_s__rosidl_typesupport_fastrtps_c.dir/rosidl_generator_py/camera_msgs/_camera_msgs_s.ep.rosidl_typesupport_fastrtps_c.c.o[0m
[17.937s] [ 93%] [32mBuilding C object CMakeFiles/camera_msgs_s__rosidl_typesupport_introspection_c.dir/rosidl_generator_py/camera_msgs/_camera_msgs_s.ep.rosidl_typesupport_introspection_c.c.o[0m
[18.351s] [ 95%] [32m[1mLinking C shared module rosidl_generator_py/camera_msgs/camera_msgs_s__rosidl_typesupport_c.so[0m
[18.422s] [ 97%] [32m[1mLinking C shared module rosidl_generator_py/camera_msgs/camera_msgs_s__rosidl_typesupport_fastrtps_c.so[0m
[18.494s] [ 97%] Built target camera_msgs_s__rosidl_typesupport_c
[18.530s] [100%] [32m[1mLinking C shared module rosidl_generator_py/camera_msgs/camera_msgs_s__rosidl_typesupport_introspection_c.so[0m
[18.604s] [100%] Built target camera_msgs_s__rosidl_typesupport_introspection_c
[18.639s] [100%] Built target camera_msgs_s__rosidl_typesupport_fastrtps_c
[18.672s] Invoked command in '/home/ebrahim/formula-carmaker-fs_2025/FCM_Projects/FS_autonomous/ros/ros2_ws/build/camera_msgs' returned '0': CMAKE_PREFIX_PATH=${CMAKE_PREFIX_PATH}:/opt/ros/jazzy DEBUGINFOD_URLS=https://debuginfod.ubuntu.com /usr/bin/cmake --build /home/ebrahim/formula-carmaker-fs_2025/FCM_Projects/FS_autonomous/ros/ros2_ws/build/camera_msgs -- -j12 -l12
[18.678s] Invoking command in '/home/ebrahim/formula-carmaker-fs_2025/FCM_Projects/FS_autonomous/ros/ros2_ws/build/camera_msgs': CMAKE_PREFIX_PATH=${CMAKE_PREFIX_PATH}:/opt/ros/jazzy DEBUGINFOD_URLS=https://debuginfod.ubuntu.com /usr/bin/cmake --install /home/ebrahim/formula-carmaker-fs_2025/FCM_Projects/FS_autonomous/ros/ros2_ws/build/camera_msgs
[18.699s] -- Install configuration: ""
[18.701s] -- Installing: /home/ebrahim/formula-carmaker-fs_2025/FCM_Projects/FS_autonomous/ros/ros2_ws/install/camera_msgs/share/ament_index/resource_index/rosidl_interfaces/camera_msgs
[18.702s] -- Installing: /home/ebrahim/formula-carmaker-fs_2025/FCM_Projects/FS_autonomous/ros/ros2_ws/install/camera_msgs/share/camera_msgs/msg/CameraDetection.json
[18.703s] -- Installing: /home/ebrahim/formula-carmaker-fs_2025/FCM_Projects/FS_autonomous/ros/ros2_ws/install/camera_msgs/share/camera_msgs/msg/CameraDetectionArray.json
[18.703s] -- Installing: /home/ebrahim/formula-carmaker-fs_2025/FCM_Projects/FS_autonomous/ros/ros2_ws/install/camera_msgs/include/camera_msgs/camera_msgs
[18.703s] -- Installing: /home/ebrahim/formula-carmaker-fs_2025/FCM_Projects/FS_autonomous/ros/ros2_ws/install/camera_msgs/include/camera_msgs/camera_msgs/msg
[18.705s] -- Installing: /home/ebrahim/formula-carmaker-fs_2025/FCM_Projects/FS_autonomous/ros/ros2_ws/install/camera_msgs/include/camera_msgs/camera_msgs/msg/detail
[18.706s] -- Installing: /home/ebrahim/formula-carmaker-fs_2025/FCM_Projects/FS_autonomous/ros/ros2_ws/install/camera_msgs/include/camera_msgs/camera_msgs/msg/detail/camera_detection_array__functions.c
[18.706s] -- Installing: /home/ebrahim/formula-carmaker-fs_2025/FCM_Projects/FS_autonomous/ros/ros2_ws/install/camera_msgs/include/camera_msgs/camera_msgs/msg/detail/camera_detection__struct.h
[18.707s] -- Installing: /home/ebrahim/formula-carmaker-fs_2025/FCM_Projects/FS_autonomous/ros/ros2_ws/install/camera_msgs/include/camera_msgs/camera_msgs/msg/detail/camera_detection__functions.c
[18.707s] -- Installing: /home/ebrahim/formula-carmaker-fs_2025/FCM_Projects/FS_autonomous/ros/ros2_ws/install/camera_msgs/include/camera_msgs/camera_msgs/msg/detail/camera_detection__functions.h
[18.708s] -- Installing: /home/ebrahim/formula-carmaker-fs_2025/FCM_Projects/FS_autonomous/ros/ros2_ws/install/camera_msgs/include/camera_msgs/camera_msgs/msg/detail/camera_detection_array__functions.h
[18.708s] -- Installing: /home/ebrahim/formula-carmaker-fs_2025/FCM_Projects/FS_autonomous/ros/ros2_ws/install/camera_msgs/include/camera_msgs/camera_msgs/msg/detail/camera_detection__description.c
[18.711s] -- Installing: /home/ebrahim/formula-carmaker-fs_2025/FCM_Projects/FS_autonomous/ros/ros2_ws/install/camera_msgs/include/camera_msgs/camera_msgs/msg/detail/camera_detection_array__description.c
[18.711s] -- Installing: /home/ebrahim/formula-carmaker-fs_2025/FCM_Projects/FS_autonomous/ros/ros2_ws/install/camera_msgs/include/camera_msgs/camera_msgs/msg/detail/camera_detection__type_support.h
[18.711s] -- Installing: /home/ebrahim/formula-carmaker-fs_2025/FCM_Projects/FS_autonomous/ros/ros2_ws/install/camera_msgs/include/camera_msgs/camera_msgs/msg/detail/camera_detection_array__type_support.h
[18.711s] -- Installing: /home/ebrahim/formula-carmaker-fs_2025/FCM_Projects/FS_autonomous/ros/ros2_ws/install/camera_msgs/include/camera_msgs/camera_msgs/msg/detail/camera_detection__type_support.c
[18.712s] -- Installing: /home/ebrahim/formula-carmaker-fs_2025/FCM_Projects/FS_autonomous/ros/ros2_ws/install/camera_msgs/include/camera_msgs/camera_msgs/msg/detail/camera_detection_array__type_support.c
[18.712s] -- Installing: /home/ebrahim/formula-carmaker-fs_2025/FCM_Projects/FS_autonomous/ros/ros2_ws/install/camera_msgs/include/camera_msgs/camera_msgs/msg/detail/camera_detection_array__struct.h
[18.712s] -- Installing: /home/ebrahim/formula-carmaker-fs_2025/FCM_Projects/FS_autonomous/ros/ros2_ws/install/camera_msgs/include/camera_msgs/camera_msgs/msg/camera_detection.h
[18.712s] -- Installing: /home/ebrahim/formula-carmaker-fs_2025/FCM_Projects/FS_autonomous/ros/ros2_ws/install/camera_msgs/include/camera_msgs/camera_msgs/msg/rosidl_generator_c__visibility_control.h
[18.712s] -- Installing: /home/ebrahim/formula-carmaker-fs_2025/FCM_Projects/FS_autonomous/ros/ros2_ws/install/camera_msgs/include/camera_msgs/camera_msgs/msg/camera_detection_array.h
[18.712s] -- Installing: /home/ebrahim/formula-carmaker-fs_2025/FCM_Projects/FS_autonomous/ros/ros2_ws/install/camera_msgs/share/camera_msgs/environment/library_path.sh
[18.713s] -- Installing: /home/ebrahim/formula-carmaker-fs_2025/FCM_Projects/FS_autonomous/ros/ros2_ws/install/camera_msgs/share/camera_msgs/environment/library_path.dsv
[18.713s] -- Installing: /home/ebrahim/formula-carmaker-fs_2025/FCM_Projects/FS_autonomous/ros/ros2_ws/install/camera_msgs/lib/libcamera_msgs__rosidl_generator_c.so
[18.713s] -- Set non-toolchain portion of runtime path of "/home/ebrahim/formula-carmaker-fs_2025/FCM_Projects/FS_autonomous/ros/ros2_ws/install/camera_msgs/lib/libcamera_msgs__rosidl_generator_c.so" to ""
[18.713s] -- Up-to-date: /home/ebrahim/formula-carmaker-fs_2025/FCM_Projects/FS_autonomous/ros/ros2_ws/install/camera_msgs/include/camera_msgs/camera_msgs
[18.713s] -- Up-to-date: /home/ebrahim/formula-carmaker-fs_2025/FCM_Projects/FS_autonomous/ros/ros2_ws/install/camera_msgs/include/camera_msgs/camera_msgs/msg
[18.714s] -- Up-to-date: /home/ebrahim/formula-carmaker-fs_2025/FCM_Projects/FS_autonomous/ros/ros2_ws/install/camera_msgs/include/camera_msgs/camera_msgs/msg/detail
[18.714s] -- Installing: /home/ebrahim/formula-carmaker-fs_2025/FCM_Projects/FS_autonomous/ros/ros2_ws/install/camera_msgs/include/camera_msgs/camera_msgs/msg/detail/camera_detection_array__rosidl_typesupport_fastrtps_c.h
[18.714s] -- Installing: /home/ebrahim/formula-carmaker-fs_2025/FCM_Projects/FS_autonomous/ros/ros2_ws/install/camera_msgs/include/camera_msgs/camera_msgs/msg/detail/camera_detection__rosidl_typesupport_fastrtps_c.h
[18.714s] -- Installing: /home/ebrahim/formula-carmaker-fs_2025/FCM_Projects/FS_autonomous/ros/ros2_ws/install/camera_msgs/include/camera_msgs/camera_msgs/msg/rosidl_typesupport_fastrtps_c__visibility_control.h
[18.714s] -- Installing: /home/ebrahim/formula-carmaker-fs_2025/FCM_Projects/FS_autonomous/ros/ros2_ws/install/camera_msgs/lib/libcamera_msgs__rosidl_typesupport_fastrtps_c.so
[18.715s] -- Set non-toolchain portion of runtime path of "/home/ebrahim/formula-carmaker-fs_2025/FCM_Projects/FS_autonomous/ros/ros2_ws/install/camera_msgs/lib/libcamera_msgs__rosidl_typesupport_fastrtps_c.so" to ""
[18.715s] -- Up-to-date: /home/ebrahim/formula-carmaker-fs_2025/FCM_Projects/FS_autonomous/ros/ros2_ws/install/camera_msgs/include/camera_msgs/camera_msgs
[18.715s] -- Up-to-date: /home/ebrahim/formula-carmaker-fs_2025/FCM_Projects/FS_autonomous/ros/ros2_ws/install/camera_msgs/include/camera_msgs/camera_msgs/msg
[18.715s] -- Up-to-date: /home/ebrahim/formula-carmaker-fs_2025/FCM_Projects/FS_autonomous/ros/ros2_ws/install/camera_msgs/include/camera_msgs/camera_msgs/msg/detail
[18.715s] -- Installing: /home/ebrahim/formula-carmaker-fs_2025/FCM_Projects/FS_autonomous/ros/ros2_ws/install/camera_msgs/include/camera_msgs/camera_msgs/msg/detail/camera_detection_array__rosidl_typesupport_introspection_c.h
[18.716s] -- Installing: /home/ebrahim/formula-carmaker-fs_2025/FCM_Projects/FS_autonomous/ros/ros2_ws/install/camera_msgs/include/camera_msgs/camera_msgs/msg/detail/camera_detection__rosidl_typesupport_introspection_c.h
[18.716s] -- Installing: /home/ebrahim/formula-carmaker-fs_2025/FCM_Projects/FS_autonomous/ros/ros2_ws/install/camera_msgs/include/camera_msgs/camera_msgs/msg/detail/camera_detection__type_support.c
[18.716s] -- Installing: /home/ebrahim/formula-carmaker-fs_2025/FCM_Projects/FS_autonomous/ros/ros2_ws/install/camera_msgs/include/camera_msgs/camera_msgs/msg/detail/camera_detection_array__type_support.c
[18.716s] -- Installing: /home/ebrahim/formula-carmaker-fs_2025/FCM_Projects/FS_autonomous/ros/ros2_ws/install/camera_msgs/include/camera_msgs/camera_msgs/msg/rosidl_typesupport_introspection_c__visibility_control.h
[18.716s] -- Installing: /home/ebrahim/formula-carmaker-fs_2025/FCM_Projects/FS_autonomous/ros/ros2_ws/install/camera_msgs/lib/libcamera_msgs__rosidl_typesupport_introspection_c.so
[18.717s] -- Set non-toolchain portion of runtime path of "/home/ebrahim/formula-carmaker-fs_2025/FCM_Projects/FS_autonomous/ros/ros2_ws/install/camera_msgs/lib/libcamera_msgs__rosidl_typesupport_introspection_c.so" to ""
[18.717s] -- Installing: /home/ebrahim/formula-carmaker-fs_2025/FCM_Projects/FS_autonomous/ros/ros2_ws/install/camera_msgs/lib/libcamera_msgs__rosidl_typesupport_c.so
[18.718s] -- Set non-toolchain portion of runtime path of "/home/ebrahim/formula-carmaker-fs_2025/FCM_Projects/FS_autonomous/ros/ros2_ws/install/camera_msgs/lib/libcamera_msgs__rosidl_typesupport_c.so" to ""
[18.718s] -- Up-to-date: /home/ebrahim/formula-carmaker-fs_2025/FCM_Projects/FS_autonomous/ros/ros2_ws/install/camera_msgs/include/camera_msgs/camera_msgs
[18.718s] -- Up-to-date: /home/ebrahim/formula-carmaker-fs_2025/FCM_Projects/FS_autonomous/ros/ros2_ws/install/camera_msgs/include/camera_msgs/camera_msgs/msg
[18.718s] -- Up-to-date: /home/ebrahim/formula-carmaker-fs_2025/FCM_Projects/FS_autonomous/ros/ros2_ws/install/camera_msgs/include/camera_msgs/camera_msgs/msg/detail
[18.718s] -- Installing: /home/ebrahim/formula-carmaker-fs_2025/FCM_Projects/FS_autonomous/ros/ros2_ws/install/camera_msgs/include/camera_msgs/camera_msgs/msg/detail/camera_detection__builder.hpp
[18.718s] -- Installing: /home/ebrahim/formula-carmaker-fs_2025/FCM_Projects/FS_autonomous/ros/ros2_ws/install/camera_msgs/include/camera_msgs/camera_msgs/msg/detail/camera_detection__struct.hpp
[18.718s] -- Installing: /home/ebrahim/formula-carmaker-fs_2025/FCM_Projects/FS_autonomous/ros/ros2_ws/install/camera_msgs/include/camera_msgs/camera_msgs/msg/detail/camera_detection__traits.hpp
[18.719s] -- Installing: /home/ebrahim/formula-carmaker-fs_2025/FCM_Projects/FS_autonomous/ros/ros2_ws/install/camera_msgs/include/camera_msgs/camera_msgs/msg/detail/camera_detection_array__struct.hpp
[18.719s] -- Installing: /home/ebrahim/formula-carmaker-fs_2025/FCM_Projects/FS_autonomous/ros/ros2_ws/install/camera_msgs/include/camera_msgs/camera_msgs/msg/detail/camera_detection__type_support.hpp
[18.719s] -- Installing: /home/ebrahim/formula-carmaker-fs_2025/FCM_Projects/FS_autonomous/ros/ros2_ws/install/camera_msgs/include/camera_msgs/camera_msgs/msg/detail/camera_detection_array__type_support.hpp
[18.719s] -- Installing: /home/ebrahim/formula-carmaker-fs_2025/FCM_Projects/FS_autonomous/ros/ros2_ws/install/camera_msgs/include/camera_msgs/camera_msgs/msg/detail/camera_detection_array__traits.hpp
[18.719s] -- Installing: /home/ebrahim/formula-carmaker-fs_2025/FCM_Projects/FS_autonomous/ros/ros2_ws/install/camera_msgs/include/camera_msgs/camera_msgs/msg/detail/camera_detection_array__builder.hpp
[18.719s] -- Installing: /home/ebrahim/formula-carmaker-fs_2025/FCM_Projects/FS_autonomous/ros/ros2_ws/install/camera_msgs/include/camera_msgs/camera_msgs/msg/rosidl_generator_cpp__visibility_control.hpp
[18.719s] -- Installing: /home/ebrahim/formula-carmaker-fs_2025/FCM_Projects/FS_autonomous/ros/ros2_ws/install/camera_msgs/include/camera_msgs/camera_msgs/msg/camera_detection.hpp
[18.720s] -- Installing: /home/ebrahim/formula-carmaker-fs_2025/FCM_Projects/FS_autonomous/ros/ros2_ws/install/camera_msgs/include/camera_msgs/camera_msgs/msg/camera_detection_array.hpp
[18.720s] -- Up-to-date: /home/ebrahim/formula-carmaker-fs_2025/FCM_Projects/FS_autonomous/ros/ros2_ws/install/camera_msgs/include/camera_msgs/camera_msgs
[18.720s] -- Up-to-date: /home/ebrahim/formula-carmaker-fs_2025/FCM_Projects/FS_autonomous/ros/ros2_ws/install/camera_msgs/include/camera_msgs/camera_msgs/msg
[18.720s] -- Up-to-date: /home/ebrahim/formula-carmaker-fs_2025/FCM_Projects/FS_autonomous/ros/ros2_ws/install/camera_msgs/include/camera_msgs/camera_msgs/msg/detail
[18.720s] -- Installing: /home/ebrahim/formula-carmaker-fs_2025/FCM_Projects/FS_autonomous/ros/ros2_ws/install/camera_msgs/include/camera_msgs/camera_msgs/msg/detail/camera_detection__rosidl_typesupport_fastrtps_cpp.hpp
[18.720s] -- Installing: /home/ebrahim/formula-carmaker-fs_2025/FCM_Projects/FS_autonomous/ros/ros2_ws/install/camera_msgs/include/camera_msgs/camera_msgs/msg/detail/dds_fastrtps
[18.721s] -- Installing: /home/ebrahim/formula-carmaker-fs_2025/FCM_Projects/FS_autonomous/ros/ros2_ws/install/camera_msgs/include/camera_msgs/camera_msgs/msg/detail/camera_detection_array__rosidl_typesupport_fastrtps_cpp.hpp
[18.723s] -- Installing: /home/ebrahim/formula-carmaker-fs_2025/FCM_Projects/FS_autonomous/ros/ros2_ws/install/camera_msgs/include/camera_msgs/camera_msgs/msg/rosidl_typesupport_fastrtps_cpp__visibility_control.h
[18.723s] -- Installing: /home/ebrahim/formula-carmaker-fs_2025/FCM_Projects/FS_autonomous/ros/ros2_ws/install/camera_msgs/lib/libcamera_msgs__rosidl_typesupport_fastrtps_cpp.so
[18.723s] -- Set non-toolchain portion of runtime path of "/home/ebrahim/formula-carmaker-fs_2025/FCM_Projects/FS_autonomous/ros/ros2_ws/install/camera_msgs/lib/libcamera_msgs__rosidl_typesupport_fastrtps_cpp.so" to ""
[18.723s] -- Up-to-date: /home/ebrahim/formula-carmaker-fs_2025/FCM_Projects/FS_autonomous/ros/ros2_ws/install/camera_msgs/include/camera_msgs/camera_msgs
[18.723s] -- Up-to-date: /home/ebrahim/formula-carmaker-fs_2025/FCM_Projects/FS_autonomous/ros/ros2_ws/install/camera_msgs/include/camera_msgs/camera_msgs/msg
[18.724s] -- Up-to-date: /home/ebrahim/formula-carmaker-fs_2025/FCM_Projects/FS_autonomous/ros/ros2_ws/install/camera_msgs/include/camera_msgs/camera_msgs/msg/detail
[18.724s] -- Installing: /home/ebrahim/formula-carmaker-fs_2025/FCM_Projects/FS_autonomous/ros/ros2_ws/install/camera_msgs/include/camera_msgs/camera_msgs/msg/detail/camera_detection__type_support.cpp
[18.724s] -- Installing: /home/ebrahim/formula-carmaker-fs_2025/FCM_Projects/FS_autonomous/ros/ros2_ws/install/camera_msgs/include/camera_msgs/camera_msgs/msg/detail/camera_detection__rosidl_typesupport_introspection_cpp.hpp
[18.724s] -- Installing: /home/ebrahim/formula-carmaker-fs_2025/FCM_Projects/FS_autonomous/ros/ros2_ws/install/camera_msgs/include/camera_msgs/camera_msgs/msg/detail/camera_detection_array__rosidl_typesupport_introspection_cpp.hpp
[18.724s] -- Installing: /home/ebrahim/formula-carmaker-fs_2025/FCM_Projects/FS_autonomous/ros/ros2_ws/install/camera_msgs/include/camera_msgs/camera_msgs/msg/detail/camera_detection_array__type_support.cpp
[18.724s] -- Installing: /home/ebrahim/formula-carmaker-fs_2025/FCM_Projects/FS_autonomous/ros/ros2_ws/install/camera_msgs/lib/libcamera_msgs__rosidl_typesupport_introspection_cpp.so
[18.725s] -- Set non-toolchain portion of runtime path of "/home/ebrahim/formula-carmaker-fs_2025/FCM_Projects/FS_autonomous/ros/ros2_ws/install/camera_msgs/lib/libcamera_msgs__rosidl_typesupport_introspection_cpp.so" to ""
[18.725s] -- Installing: /home/ebrahim/formula-carmaker-fs_2025/FCM_Projects/FS_autonomous/ros/ros2_ws/install/camera_msgs/lib/libcamera_msgs__rosidl_typesupport_cpp.so
[18.725s] -- Set non-toolchain portion of runtime path of "/home/ebrahim/formula-carmaker-fs_2025/FCM_Projects/FS_autonomous/ros/ros2_ws/install/camera_msgs/lib/libcamera_msgs__rosidl_typesupport_cpp.so" to ""
[18.725s] -- Installing: /home/ebrahim/formula-carmaker-fs_2025/FCM_Projects/FS_autonomous/ros/ros2_ws/install/camera_msgs/share/camera_msgs/environment/pythonpath.sh
[18.725s] -- Installing: /home/ebrahim/formula-carmaker-fs_2025/FCM_Projects/FS_autonomous/ros/ros2_ws/install/camera_msgs/share/camera_msgs/environment/pythonpath.dsv
[18.725s] -- Installing: /home/ebrahim/formula-carmaker-fs_2025/FCM_Projects/FS_autonomous/ros/ros2_ws/install/camera_msgs/lib/python3.12/site-packages/camera_msgs-1.0.0-py3.12.egg-info
[18.725s] -- Installing: /home/ebrahim/formula-carmaker-fs_2025/FCM_Projects/FS_autonomous/ros/ros2_ws/install/camera_msgs/lib/python3.12/site-packages/camera_msgs-1.0.0-py3.12.egg-info/SOURCES.txt
[18.726s] -- Installing: /home/ebrahim/formula-carmaker-fs_2025/FCM_Projects/FS_autonomous/ros/ros2_ws/install/camera_msgs/lib/python3.12/site-packages/camera_msgs-1.0.0-py3.12.egg-info/PKG-INFO
[18.726s] -- Installing: /home/ebrahim/formula-carmaker-fs_2025/FCM_Projects/FS_autonomous/ros/ros2_ws/install/camera_msgs/lib/python3.12/site-packages/camera_msgs-1.0.0-py3.12.egg-info/top_level.txt
[18.726s] -- Installing: /home/ebrahim/formula-carmaker-fs_2025/FCM_Projects/FS_autonomous/ros/ros2_ws/install/camera_msgs/lib/python3.12/site-packages/camera_msgs-1.0.0-py3.12.egg-info/dependency_links.txt
[18.726s] -- Installing: /home/ebrahim/formula-carmaker-fs_2025/FCM_Projects/FS_autonomous/ros/ros2_ws/install/camera_msgs/lib/python3.12/site-packages/camera_msgs
[18.726s] -- Installing: /home/ebrahim/formula-carmaker-fs_2025/FCM_Projects/FS_autonomous/ros/ros2_ws/install/camera_msgs/lib/python3.12/site-packages/camera_msgs/camera_msgs_s__rosidl_typesupport_c.so
[18.726s] -- Installing: /home/ebrahim/formula-carmaker-fs_2025/FCM_Projects/FS_autonomous/ros/ros2_ws/install/camera_msgs/lib/python3.12/site-packages/camera_msgs/camera_msgs_s__rosidl_typesupport_fastrtps_c.so
[18.727s] -- Installing: /home/ebrahim/formula-carmaker-fs_2025/FCM_Projects/FS_autonomous/ros/ros2_ws/install/camera_msgs/lib/python3.12/site-packages/camera_msgs/_camera_msgs_s.ep.rosidl_typesupport_fastrtps_c.c
[18.727s] -- Installing: /home/ebrahim/formula-carmaker-fs_2025/FCM_Projects/FS_autonomous/ros/ros2_ws/install/camera_msgs/lib/python3.12/site-packages/camera_msgs/_camera_msgs_s.ep.rosidl_typesupport_c.c
[18.727s] -- Installing: /home/ebrahim/formula-carmaker-fs_2025/FCM_Projects/FS_autonomous/ros/ros2_ws/install/camera_msgs/lib/python3.12/site-packages/camera_msgs/camera_msgs_s__rosidl_typesupport_introspection_c.so
[18.727s] -- Installing: /home/ebrahim/formula-carmaker-fs_2025/FCM_Projects/FS_autonomous/ros/ros2_ws/install/camera_msgs/lib/python3.12/site-packages/camera_msgs/_camera_msgs_s.ep.rosidl_typesupport_introspection_c.c
[18.727s] -- Installing: /home/ebrahim/formula-carmaker-fs_2025/FCM_Projects/FS_autonomous/ros/ros2_ws/install/camera_msgs/lib/python3.12/site-packages/camera_msgs/msg
[18.727s] -- Installing: /home/ebrahim/formula-carmaker-fs_2025/FCM_Projects/FS_autonomous/ros/ros2_ws/install/camera_msgs/lib/python3.12/site-packages/camera_msgs/msg/_camera_detection_array_s.c
[18.727s] -- Installing: /home/ebrahim/formula-carmaker-fs_2025/FCM_Projects/FS_autonomous/ros/ros2_ws/install/camera_msgs/lib/python3.12/site-packages/camera_msgs/msg/_camera_detection.py
[18.728s] -- Installing: /home/ebrahim/formula-carmaker-fs_2025/FCM_Projects/FS_autonomous/ros/ros2_ws/install/camera_msgs/lib/python3.12/site-packages/camera_msgs/msg/_camera_detection_s.c
[18.728s] -- Installing: /home/ebrahim/formula-carmaker-fs_2025/FCM_Projects/FS_autonomous/ros/ros2_ws/install/camera_msgs/lib/python3.12/site-packages/camera_msgs/msg/_camera_detection_array.py
[18.728s] -- Installing: /home/ebrahim/formula-carmaker-fs_2025/FCM_Projects/FS_autonomous/ros/ros2_ws/install/camera_msgs/lib/python3.12/site-packages/camera_msgs/msg/__init__.py
[18.728s] -- Installing: /home/ebrahim/formula-carmaker-fs_2025/FCM_Projects/FS_autonomous/ros/ros2_ws/install/camera_msgs/lib/python3.12/site-packages/camera_msgs/__init__.py
[18.875s] Listing '/home/ebrahim/formula-carmaker-fs_2025/FCM_Projects/FS_autonomous/ros/ros2_ws/install/camera_msgs/lib/python3.12/site-packages/camera_msgs'...
[18.875s] Compiling '/home/ebrahim/formula-carmaker-fs_2025/FCM_Projects/FS_autonomous/ros/ros2_ws/install/camera_msgs/lib/python3.12/site-packages/camera_msgs/__init__.py'...
[18.876s] Listing '/home/ebrahim/formula-carmaker-fs_2025/FCM_Projects/FS_autonomous/ros/ros2_ws/install/camera_msgs/lib/python3.12/site-packages/camera_msgs/msg'...
[18.876s] Compiling '/home/ebrahim/formula-carmaker-fs_2025/FCM_Projects/FS_autonomous/ros/ros2_ws/install/camera_msgs/lib/python3.12/site-packages/camera_msgs/msg/__init__.py'...
[18.876s] Compiling '/home/ebrahim/formula-carmaker-fs_2025/FCM_Projects/FS_autonomous/ros/ros2_ws/install/camera_msgs/lib/python3.12/site-packages/camera_msgs/msg/_camera_detection.py'...
[18.876s] Compiling '/home/ebrahim/formula-carmaker-fs_2025/FCM_Projects/FS_autonomous/ros/ros2_ws/install/camera_msgs/lib/python3.12/site-packages/camera_msgs/msg/_camera_detection_array.py'...
[18.922s] -- Installing: /home/ebrahim/formula-carmaker-fs_2025/FCM_Projects/FS_autonomous/ros/ros2_ws/install/camera_msgs/lib/python3.12/site-packages/camera_msgs/camera_msgs_s__rosidl_typesupport_fastrtps_c.so
[18.923s] -- Set non-toolchain portion of runtime path of "/home/ebrahim/formula-carmaker-fs_2025/FCM_Projects/FS_autonomous/ros/ros2_ws/install/camera_msgs/lib/python3.12/site-packages/camera_msgs/camera_msgs_s__rosidl_typesupport_fastrtps_c.so" to ""
[18.923s] -- Installing: /home/ebrahim/formula-carmaker-fs_2025/FCM_Projects/FS_autonomous/ros/ros2_ws/install/camera_msgs/lib/python3.12/site-packages/camera_msgs/camera_msgs_s__rosidl_typesupport_introspection_c.so
[18.924s] -- Set non-toolchain portion of runtime path of "/home/ebrahim/formula-carmaker-fs_2025/FCM_Projects/FS_autonomous/ros/ros2_ws/install/camera_msgs/lib/python3.12/site-packages/camera_msgs/camera_msgs_s__rosidl_typesupport_introspection_c.so" to ""
[18.924s] -- Installing: /home/ebrahim/formula-carmaker-fs_2025/FCM_Projects/FS_autonomous/ros/ros2_ws/install/camera_msgs/lib/python3.12/site-packages/camera_msgs/camera_msgs_s__rosidl_typesupport_c.so
[18.925s] -- Set non-toolchain portion of runtime path of "/home/ebrahim/formula-carmaker-fs_2025/FCM_Projects/FS_autonomous/ros/ros2_ws/install/camera_msgs/lib/python3.12/site-packages/camera_msgs/camera_msgs_s__rosidl_typesupport_c.so" to ""
[18.925s] -- Installing: /home/ebrahim/formula-carmaker-fs_2025/FCM_Projects/FS_autonomous/ros/ros2_ws/install/camera_msgs/lib/libcamera_msgs__rosidl_generator_py.so
[18.925s] -- Set non-toolchain portion of runtime path of "/home/ebrahim/formula-carmaker-fs_2025/FCM_Projects/FS_autonomous/ros/ros2_ws/install/camera_msgs/lib/libcamera_msgs__rosidl_generator_py.so" to ""
[18.925s] -- Installing: /home/ebrahim/formula-carmaker-fs_2025/FCM_Projects/FS_autonomous/ros/ros2_ws/install/camera_msgs/share/camera_msgs/msg/CameraDetection.idl
[18.926s] -- Installing: /home/ebrahim/formula-carmaker-fs_2025/FCM_Projects/FS_autonomous/ros/ros2_ws/install/camera_msgs/share/camera_msgs/msg/CameraDetectionArray.idl
[18.927s] -- Installing: /home/ebrahim/formula-carmaker-fs_2025/FCM_Projects/FS_autonomous/ros/ros2_ws/install/camera_msgs/share/camera_msgs/msg/CameraDetection.msg
[18.928s] -- Installing: /home/ebrahim/formula-carmaker-fs_2025/FCM_Projects/FS_autonomous/ros/ros2_ws/install/camera_msgs/share/camera_msgs/msg/CameraDetectionArray.msg
[18.928s] -- Installing: /home/ebrahim/formula-carmaker-fs_2025/FCM_Projects/FS_autonomous/ros/ros2_ws/install/camera_msgs/share/ament_index/resource_index/package_run_dependencies/camera_msgs
[18.928s] -- Installing: /home/ebrahim/formula-carmaker-fs_2025/FCM_Projects/FS_autonomous/ros/ros2_ws/install/camera_msgs/share/ament_index/resource_index/parent_prefix_path/camera_msgs
[18.928s] -- Installing: /home/ebrahim/formula-carmaker-fs_2025/FCM_Projects/FS_autonomous/ros/ros2_ws/install/camera_msgs/share/camera_msgs/environment/ament_prefix_path.sh
[18.929s] -- Installing: /home/ebrahim/formula-carmaker-fs_2025/FCM_Projects/FS_autonomous/ros/ros2_ws/install/camera_msgs/share/camera_msgs/environment/ament_prefix_path.dsv
[18.929s] -- Installing: /home/ebrahim/formula-carmaker-fs_2025/FCM_Projects/FS_autonomous/ros/ros2_ws/install/camera_msgs/share/camera_msgs/environment/path.sh
[18.929s] -- Installing: /home/ebrahim/formula-carmaker-fs_2025/FCM_Projects/FS_autonomous/ros/ros2_ws/install/camera_msgs/share/camera_msgs/environment/path.dsv
[18.929s] -- Installing: /home/ebrahim/formula-carmaker-fs_2025/FCM_Projects/FS_autonomous/ros/ros2_ws/install/camera_msgs/share/camera_msgs/local_setup.bash
[18.930s] -- Installing: /home/ebrahim/formula-carmaker-fs_2025/FCM_Projects/FS_autonomous/ros/ros2_ws/install/camera_msgs/share/camera_msgs/local_setup.sh
[18.930s] -- Installing: /home/ebrahim/formula-carmaker-fs_2025/FCM_Projects/FS_autonomous/ros/ros2_ws/install/camera_msgs/share/camera_msgs/local_setup.zsh
[18.930s] -- Installing: /home/ebrahim/formula-carmaker-fs_2025/FCM_Projects/FS_autonomous/ros/ros2_ws/install/camera_msgs/share/camera_msgs/local_setup.dsv
[18.930s] -- Installing: /home/ebrahim/formula-carmaker-fs_2025/FCM_Projects/FS_autonomous/ros/ros2_ws/install/camera_msgs/share/camera_msgs/package.dsv
[18.931s] -- Installing: /home/ebrahim/formula-carmaker-fs_2025/FCM_Projects/FS_autonomous/ros/ros2_ws/install/camera_msgs/share/ament_index/resource_index/packages/camera_msgs
[18.931s] -- Installing: /home/ebrahim/formula-carmaker-fs_2025/FCM_Projects/FS_autonomous/ros/ros2_ws/install/camera_msgs/share/camera_msgs/cmake/export_camera_msgs__rosidl_generator_cExport.cmake
[18.931s] -- Installing: /home/ebrahim/formula-carmaker-fs_2025/FCM_Projects/FS_autonomous/ros/ros2_ws/install/camera_msgs/share/camera_msgs/cmake/export_camera_msgs__rosidl_generator_cExport-noconfig.cmake
[18.931s] -- Installing: /home/ebrahim/formula-carmaker-fs_2025/FCM_Projects/FS_autonomous/ros/ros2_ws/install/camera_msgs/share/camera_msgs/cmake/export_camera_msgs__rosidl_typesupport_fastrtps_cExport.cmake
[18.932s] -- Installing: /home/ebrahim/formula-carmaker-fs_2025/FCM_Projects/FS_autonomous/ros/ros2_ws/install/camera_msgs/share/camera_msgs/cmake/export_camera_msgs__rosidl_typesupport_fastrtps_cExport-noconfig.cmake
[18.932s] -- Installing: /home/ebrahim/formula-carmaker-fs_2025/FCM_Projects/FS_autonomous/ros/ros2_ws/install/camera_msgs/share/camera_msgs/cmake/camera_msgs__rosidl_typesupport_introspection_cExport.cmake
[18.932s] -- Installing: /home/ebrahim/formula-carmaker-fs_2025/FCM_Projects/FS_autonomous/ros/ros2_ws/install/camera_msgs/share/camera_msgs/cmake/camera_msgs__rosidl_typesupport_introspection_cExport-noconfig.cmake
[18.932s] -- Installing: /home/ebrahim/formula-carmaker-fs_2025/FCM_Projects/FS_autonomous/ros/ros2_ws/install/camera_msgs/share/camera_msgs/cmake/camera_msgs__rosidl_typesupport_cExport.cmake
[18.933s] -- Installing: /home/ebrahim/formula-carmaker-fs_2025/FCM_Projects/FS_autonomous/ros/ros2_ws/install/camera_msgs/share/camera_msgs/cmake/camera_msgs__rosidl_typesupport_cExport-noconfig.cmake
[18.933s] -- Installing: /home/ebrahim/formula-carmaker-fs_2025/FCM_Projects/FS_autonomous/ros/ros2_ws/install/camera_msgs/share/camera_msgs/cmake/export_camera_msgs__rosidl_generator_cppExport.cmake
[18.933s] -- Installing: /home/ebrahim/formula-carmaker-fs_2025/FCM_Projects/FS_autonomous/ros/ros2_ws/install/camera_msgs/share/camera_msgs/cmake/export_camera_msgs__rosidl_typesupport_fastrtps_cppExport.cmake
[18.933s] -- Installing: /home/ebrahim/formula-carmaker-fs_2025/FCM_Projects/FS_autonomous/ros/ros2_ws/install/camera_msgs/share/camera_msgs/cmake/export_camera_msgs__rosidl_typesupport_fastrtps_cppExport-noconfig.cmake
[18.934s] -- Installing: /home/ebrahim/formula-carmaker-fs_2025/FCM_Projects/FS_autonomous/ros/ros2_ws/install/camera_msgs/share/camera_msgs/cmake/camera_msgs__rosidl_typesupport_introspection_cppExport.cmake
[18.934s] -- Installing: /home/ebrahim/formula-carmaker-fs_2025/FCM_Projects/FS_autonomous/ros/ros2_ws/install/camera_msgs/share/camera_msgs/cmake/camera_msgs__rosidl_typesupport_introspection_cppExport-noconfig.cmake
[18.934s] -- Installing: /home/ebrahim/formula-carmaker-fs_2025/FCM_Projects/FS_autonomous/ros/ros2_ws/install/camera_msgs/share/camera_msgs/cmake/camera_msgs__rosidl_typesupport_cppExport.cmake
[18.934s] -- Installing: /home/ebrahim/formula-carmaker-fs_2025/FCM_Projects/FS_autonomous/ros/ros2_ws/install/camera_msgs/share/camera_msgs/cmake/camera_msgs__rosidl_typesupport_cppExport-noconfig.cmake
[18.934s] -- Installing: /home/ebrahim/formula-carmaker-fs_2025/FCM_Projects/FS_autonomous/ros/ros2_ws/install/camera_msgs/share/camera_msgs/cmake/export_camera_msgs__rosidl_generator_pyExport.cmake
[18.935s] -- Installing: /home/ebrahim/formula-carmaker-fs_2025/FCM_Projects/FS_autonomous/ros/ros2_ws/install/camera_msgs/share/camera_msgs/cmake/export_camera_msgs__rosidl_generator_pyExport-noconfig.cmake
[18.935s] -- Installing: /home/ebrahim/formula-carmaker-fs_2025/FCM_Projects/FS_autonomous/ros/ros2_ws/install/camera_msgs/share/camera_msgs/cmake/rosidl_cmake-extras.cmake
[18.935s] -- Installing: /home/ebrahim/formula-carmaker-fs_2025/FCM_Projects/FS_autonomous/ros/ros2_ws/install/camera_msgs/share/camera_msgs/cmake/ament_cmake_export_dependencies-extras.cmake
[18.935s] -- Installing: /home/ebrahim/formula-carmaker-fs_2025/FCM_Projects/FS_autonomous/ros/ros2_ws/install/camera_msgs/share/camera_msgs/cmake/ament_cmake_export_include_directories-extras.cmake
[18.936s] -- Installing: /home/ebrahim/formula-carmaker-fs_2025/FCM_Projects/FS_autonomous/ros/ros2_ws/install/camera_msgs/share/camera_msgs/cmake/ament_cmake_export_libraries-extras.cmake
[18.936s] -- Installing: /home/ebrahim/formula-carmaker-fs_2025/FCM_Projects/FS_autonomous/ros/ros2_ws/install/camera_msgs/share/camera_msgs/cmake/ament_cmake_export_targets-extras.cmake
[18.936s] -- Installing: /home/ebrahim/formula-carmaker-fs_2025/FCM_Projects/FS_autonomous/ros/ros2_ws/install/camera_msgs/share/camera_msgs/cmake/rosidl_cmake_export_typesupport_targets-extras.cmake
[18.936s] -- Installing: /home/ebrahim/formula-carmaker-fs_2025/FCM_Projects/FS_autonomous/ros/ros2_ws/install/camera_msgs/share/camera_msgs/cmake/rosidl_cmake_export_typesupport_libraries-extras.cmake
[18.936s] -- Installing: /home/ebrahim/formula-carmaker-fs_2025/FCM_Projects/FS_autonomous/ros/ros2_ws/install/camera_msgs/share/camera_msgs/cmake/camera_msgsConfig.cmake
[18.936s] -- Installing: /home/ebrahim/formula-carmaker-fs_2025/FCM_Projects/FS_autonomous/ros/ros2_ws/install/camera_msgs/share/camera_msgs/cmake/camera_msgsConfig-version.cmake
[18.937s] -- Installing: /home/ebrahim/formula-carmaker-fs_2025/FCM_Projects/FS_autonomous/ros/ros2_ws/install/camera_msgs/share/camera_msgs/package.xml
[18.940s] Invoked command in '/home/ebrahim/formula-carmaker-fs_2025/FCM_Projects/FS_autonomous/ros/ros2_ws/build/camera_msgs' returned '0': CMAKE_PREFIX_PATH=${CMAKE_PREFIX_PATH}:/opt/ros/jazzy DEBUGINFOD_URLS=https://debuginfod.ubuntu.com /usr/bin/cmake --install /home/ebrahim/formula-carmaker-fs_2025/FCM_Projects/FS_autonomous/ros/ros2_ws/build/camera_msgs
