[0.026s] Invoking command in '/home/ebrahim/formula-carmaker-fs_2025/FCM_Projects/FS_autonomous/ros/ros2_ws/build/camera_msgs': CMAKE_PREFIX_PATH=${CMAKE_PREFIX_PATH}:/opt/ros/jazzy DEBUGINFOD_URLS=https://debuginfod.ubuntu.com /usr/bin/cmake /home/ebrahim/formula-carmaker-fs_2025/FCM_Projects/FS_autonomous/ros/ros2_ws/src/camera_msgs -DCARMAKER_VER:STRING=14.1.1 -DCARMAKER_DIR:PATH=/opt/ipg/carmaker/linux64-14.1.1 --no-warn-unused-cli -DCMAKE_INSTALL_PREFIX=/home/ebrahim/formula-carmaker-fs_2025/FCM_Projects/FS_autonomous/ros/ros2_ws/install/camera_msgs
[0.040s] Not searching for unused variables given on the command line.
[0.098s] -- The C compiler identification is GNU 12.4.0
[0.187s] -- The CXX compiler identification is GNU 12.4.0
[0.209s] -- Detecting C compiler ABI info
[0.341s] -- Detecting C compiler ABI info - done
[0.354s] -- Check for working C compiler: /usr/bin/cc - skipped
[0.355s] -- Detecting C compile features
[0.355s] -- Detecting C compile features - done
[0.369s] -- Detecting CXX compiler ABI info
[0.528s] -- Detecting CXX compiler ABI info - done
[0.544s] -- Check for working CXX compiler: /usr/bin/c++ - skipped
[0.546s] -- Detecting CXX compile features
[0.546s] -- Detecting CXX compile features - done
[0.554s] -- Found ament_cmake: 2.5.4 (/opt/ros/jazzy/share/ament_cmake/cmake)
[1.063s] -- Found Python3: /usr/bin/python3 (found version "3.12.3") found components: Interpreter 
[1.254s] -- Found rosidl_default_generators: 1.6.0 (/opt/ros/jazzy/share/rosidl_default_generators/cmake)
[1.268s] -- Using all available rosidl_typesupport_c: rosidl_typesupport_fastrtps_c;rosidl_typesupport_introspection_c
[1.377s] -- Using all available rosidl_typesupport_cpp: rosidl_typesupport_fastrtps_cpp;rosidl_typesupport_introspection_cpp
[1.481s] -- Found rosidl_adapter: 4.6.6 (/opt/ros/jazzy/share/rosidl_adapter/cmake)
[1.490s] -- Found rclcpp: 28.1.13 (/opt/ros/jazzy/share/rclcpp/cmake)
[1.669s] -- Found rmw_implementation_cmake: 7.3.2 (/opt/ros/jazzy/share/rmw_implementation_cmake/cmake)
[1.675s] -- Found rmw_zenoh_cpp: 0.2.9 (/opt/ros/jazzy/share/rmw_zenoh_cpp/cmake)
[1.676s] -- Using RMW implementation 'rmw_zenoh_cpp' as default
[1.817s] -- Found std_msgs: 5.3.6 (/opt/ros/jazzy/share/std_msgs/cmake)
[3.693s] -- Found ament_cmake_ros: 0.12.0 (/opt/ros/jazzy/share/ament_cmake_ros/cmake)
[5.249s] -- Using all available rosidl_typesupport_c: rosidl_typesupport_fastrtps_c;rosidl_typesupport_introspection_c
[7.289s] -- Using all available rosidl_typesupport_cpp: rosidl_typesupport_fastrtps_cpp;rosidl_typesupport_introspection_cpp
[7.295s] -- Found python_cmake_module: 0.11.1 (/opt/ros/jazzy/share/python_cmake_module/cmake)
[7.794s] -- Found PythonExtra: /usr/bin/python3  
[9.151s] -- Found Python3: /usr/bin/python3 (found version "3.12.3") found components: Interpreter Development NumPy Development.Module Development.Embed 
[9.269s] -- Found ament_lint_auto: 0.17.3 (/opt/ros/jazzy/share/ament_lint_auto/cmake)
[9.280s] -- Configuring done (9.2s)
[9.362s] -- Generating done (0.1s)
[9.400s] -- Build files have been written to: /home/ebrahim/formula-carmaker-fs_2025/FCM_Projects/FS_autonomous/ros/ros2_ws/build/camera_msgs
[9.434s] Invoked command in '/home/ebrahim/formula-carmaker-fs_2025/FCM_Projects/FS_autonomous/ros/ros2_ws/build/camera_msgs' returned '0': CMAKE_PREFIX_PATH=${CMAKE_PREFIX_PATH}:/opt/ros/jazzy DEBUGINFOD_URLS=https://debuginfod.ubuntu.com /usr/bin/cmake /home/ebrahim/formula-carmaker-fs_2025/FCM_Projects/FS_autonomous/ros/ros2_ws/src/camera_msgs -DCARMAKER_VER:STRING=14.1.1 -DCARMAKER_DIR:PATH=/opt/ipg/carmaker/linux64-14.1.1 --no-warn-unused-cli -DCMAKE_INSTALL_PREFIX=/home/ebrahim/formula-carmaker-fs_2025/FCM_Projects/FS_autonomous/ros/ros2_ws/install/camera_msgs
[9.437s] Invoking command in '/home/ebrahim/formula-carmaker-fs_2025/FCM_Projects/FS_autonomous/ros/ros2_ws/build/camera_msgs': CMAKE_PREFIX_PATH=${CMAKE_PREFIX_PATH}:/opt/ros/jazzy DEBUGINFOD_URLS=https://debuginfod.ubuntu.com /usr/bin/cmake --build /home/ebrahim/formula-carmaker-fs_2025/FCM_Projects/FS_autonomous/ros/ros2_ws/build/camera_msgs -- -j12 -l12
[9.542s] [  2%] [34m[1mGenerating type hashes for ROS interfaces[0m
[9.562s] [  2%] Built target ament_cmake_python_copy_camera_msgs
[10.143s] running egg_info
[10.147s] creating camera_msgs.egg-info
[10.290s] [  2%] Built target camera_msgs__rosidl_generator_type_description
[10.353s] [  4%] [34m[1mGenerating C code for ROS interfaces[0m
[10.375s] [  6%] [34m[1mGenerating C++ code for ROS interfaces[0m
[10.467s] writing camera_msgs.egg-info/PKG-INFO
[10.468s] writing dependency_links to camera_msgs.egg-info/dependency_links.txt
[10.468s] writing top-level names to camera_msgs.egg-info/top_level.txt
[10.468s] writing manifest file 'camera_msgs.egg-info/SOURCES.txt'
[10.673s] reading manifest file 'camera_msgs.egg-info/SOURCES.txt'
[10.674s] writing manifest file 'camera_msgs.egg-info/SOURCES.txt'
[10.759s] [  6%] Built target ament_cmake_python_build_camera_msgs_egg
[11.733s] [  6%] Built target camera_msgs__cpp
[11.801s] [  9%] [32mBuilding C object CMakeFiles/camera_msgs__rosidl_generator_c.dir/rosidl_generator_c/camera_msgs/msg/detail/camera_detection_array__type_support.c.o[0m
[11.820s] [ 11%] [32mBuilding C object CMakeFiles/camera_msgs__rosidl_generator_c.dir/rosidl_generator_c/camera_msgs/msg/detail/camera_detection__type_support.c.o[0m
[11.820s] [ 13%] [32mBuilding C object CMakeFiles/camera_msgs__rosidl_generator_c.dir/rosidl_generator_c/camera_msgs/msg/detail/camera_detection_array__description.c.o[0m
[11.827s] [ 15%] [32mBuilding C object CMakeFiles/camera_msgs__rosidl_generator_c.dir/rosidl_generator_c/camera_msgs/msg/detail/camera_detection__functions.c.o[0m
[11.835s] [ 18%] [32mBuilding C object CMakeFiles/camera_msgs__rosidl_generator_c.dir/rosidl_generator_c/camera_msgs/msg/detail/camera_detection_array__functions.c.o[0m
[11.850s] [ 20%] [32mBuilding C object CMakeFiles/camera_msgs__rosidl_generator_c.dir/rosidl_generator_c/camera_msgs/msg/detail/camera_detection__description.c.o[0m
[12.205s] [ 22%] [32m[1mLinking C shared library libcamera_msgs__rosidl_generator_c.so[0m
[12.374s] [ 22%] Built target camera_msgs__rosidl_generator_c
[12.433s] [ 25%] [34m[1mGenerating C type support for eProsima Fast-RTPS[0m
[12.446s] [ 27%] [34m[1mGenerating C++ type support dispatch for ROS interfaces[0m
[12.455s] [ 29%] [34m[1mGenerating C++ type support for eProsima Fast-RTPS[0m
[12.479s] [ 31%] [34m[1mGenerating C introspection for ROS interfaces[0m
[12.502s] [ 34%] [34m[1mGenerating C++ introspection for ROS interfaces[0m
[12.570s] [ 36%] [34m[1mGenerating C type support dispatch for ROS interfaces[0m
[14.058s] [ 38%] [32mBuilding CXX object CMakeFiles/camera_msgs__rosidl_typesupport_introspection_cpp.dir/rosidl_typesupport_introspection_cpp/camera_msgs/msg/detail/camera_detection__type_support.cpp.o[0m
[14.066s] [ 40%] [32mBuilding CXX object CMakeFiles/camera_msgs__rosidl_typesupport_introspection_cpp.dir/rosidl_typesupport_introspection_cpp/camera_msgs/msg/detail/camera_detection_array__type_support.cpp.o[0m
[14.366s] [ 43%] [32mBuilding C object CMakeFiles/camera_msgs__rosidl_typesupport_introspection_c.dir/rosidl_typesupport_introspection_c/camera_msgs/msg/detail/camera_detection__type_support.c.o[0m
[14.372s] [ 45%] [32mBuilding C object CMakeFiles/camera_msgs__rosidl_typesupport_introspection_c.dir/rosidl_typesupport_introspection_c/camera_msgs/msg/detail/camera_detection_array__type_support.c.o[0m
[14.381s] [ 47%] [32mBuilding CXX object CMakeFiles/camera_msgs__rosidl_typesupport_c.dir/rosidl_typesupport_c/camera_msgs/msg/camera_detection__type_support.cpp.o[0m
[14.384s] [ 50%] [32mBuilding CXX object CMakeFiles/camera_msgs__rosidl_typesupport_c.dir/rosidl_typesupport_c/camera_msgs/msg/camera_detection_array__type_support.cpp.o[0m
[14.523s] [ 52%] [32mBuilding CXX object CMakeFiles/camera_msgs__rosidl_typesupport_fastrtps_c.dir/rosidl_typesupport_fastrtps_c/camera_msgs/msg/detail/camera_detection__type_support_c.cpp.o[0m
[14.531s] [ 54%] [32mBuilding CXX object CMakeFiles/camera_msgs__rosidl_typesupport_fastrtps_c.dir/rosidl_typesupport_fastrtps_c/camera_msgs/msg/detail/camera_detection_array__type_support_c.cpp.o[0m
[14.556s] [ 56%] [32mBuilding CXX object CMakeFiles/camera_msgs__rosidl_typesupport_cpp.dir/rosidl_typesupport_cpp/camera_msgs/msg/camera_detection__type_support.cpp.o[0m
[14.563s] [ 59%] [32mBuilding CXX object CMakeFiles/camera_msgs__rosidl_typesupport_cpp.dir/rosidl_typesupport_cpp/camera_msgs/msg/camera_detection_array__type_support.cpp.o[0m
[14.578s] [ 61%] [32m[1mLinking CXX shared library libcamera_msgs__rosidl_typesupport_c.so[0m
[14.595s] [ 63%] [32m[1mLinking C shared library libcamera_msgs__rosidl_typesupport_introspection_c.so[0m
[14.840s] [ 63%] Built target camera_msgs__rosidl_typesupport_introspection_c
[14.943s] [ 63%] Built target camera_msgs__rosidl_typesupport_c
[14.993s] [ 65%] [32mBuilding CXX object CMakeFiles/camera_msgs__rosidl_typesupport_fastrtps_cpp.dir/rosidl_typesupport_fastrtps_cpp/camera_msgs/msg/detail/dds_fastrtps/camera_detection_array__type_support.cpp.o[0m
[14.993s] [ 68%] [32mBuilding CXX object CMakeFiles/camera_msgs__rosidl_typesupport_fastrtps_cpp.dir/rosidl_typesupport_fastrtps_cpp/camera_msgs/msg/detail/dds_fastrtps/camera_detection__type_support.cpp.o[0m
[16.055s] [ 70%] [32m[1mLinking CXX shared library libcamera_msgs__rosidl_typesupport_introspection_cpp.so[0m
[16.191s] [ 72%] [32m[1mLinking CXX shared library libcamera_msgs__rosidl_typesupport_cpp.so[0m
[16.321s] [ 72%] Built target camera_msgs__rosidl_typesupport_cpp
[16.347s] [ 72%] Built target camera_msgs__rosidl_typesupport_introspection_cpp
[18.681s] [ 75%] [32m[1mLinking CXX shared library libcamera_msgs__rosidl_typesupport_fastrtps_cpp.so[0m
[18.805s] [ 77%] [32m[1mLinking CXX shared library libcamera_msgs__rosidl_typesupport_fastrtps_c.so[0m
[19.067s] [ 77%] Built target camera_msgs__rosidl_typesupport_fastrtps_c
[19.106s] [ 77%] Built target camera_msgs__rosidl_typesupport_fastrtps_cpp
[19.163s] [ 77%] Built target camera_msgs
[19.219s] [ 79%] [34m[1mGenerating Python code for ROS interfaces[0m
[20.463s] [ 79%] Built target camera_msgs__py
[20.501s] [ 81%] [32mBuilding C object CMakeFiles/camera_msgs__rosidl_generator_py.dir/rosidl_generator_py/camera_msgs/msg/_camera_detection_array_s.c.o[0m
[20.502s] [ 84%] [32mBuilding C object CMakeFiles/camera_msgs__rosidl_generator_py.dir/rosidl_generator_py/camera_msgs/msg/_camera_detection_s.c.o[0m
[20.739s] [ 86%] [32m[1mLinking C shared library libcamera_msgs__rosidl_generator_py.so[0m
[20.796s] [ 86%] Built target camera_msgs__rosidl_generator_py
[20.825s] [ 88%] [32mBuilding C object CMakeFiles/camera_msgs_s__rosidl_typesupport_fastrtps_c.dir/rosidl_generator_py/camera_msgs/_camera_msgs_s.ep.rosidl_typesupport_fastrtps_c.c.o[0m
[20.827s] [ 90%] [32mBuilding C object CMakeFiles/camera_msgs_s__rosidl_typesupport_c.dir/rosidl_generator_py/camera_msgs/_camera_msgs_s.ep.rosidl_typesupport_c.c.o[0m
[20.830s] [ 93%] [32mBuilding C object CMakeFiles/camera_msgs_s__rosidl_typesupport_introspection_c.dir/rosidl_generator_py/camera_msgs/_camera_msgs_s.ep.rosidl_typesupport_introspection_c.c.o[0m
[20.986s] [ 95%] [32m[1mLinking C shared module rosidl_generator_py/camera_msgs/camera_msgs_s__rosidl_typesupport_c.so[0m
[20.991s] [ 97%] [32m[1mLinking C shared module rosidl_generator_py/camera_msgs/camera_msgs_s__rosidl_typesupport_fastrtps_c.so[0m
[20.995s] [100%] [32m[1mLinking C shared module rosidl_generator_py/camera_msgs/camera_msgs_s__rosidl_typesupport_introspection_c.so[0m
[21.038s] [100%] Built target camera_msgs_s__rosidl_typesupport_c
[21.051s] [100%] Built target camera_msgs_s__rosidl_typesupport_introspection_c
[21.055s] [100%] Built target camera_msgs_s__rosidl_typesupport_fastrtps_c
[21.076s] Invoked command in '/home/ebrahim/formula-carmaker-fs_2025/FCM_Projects/FS_autonomous/ros/ros2_ws/build/camera_msgs' returned '0': CMAKE_PREFIX_PATH=${CMAKE_PREFIX_PATH}:/opt/ros/jazzy DEBUGINFOD_URLS=https://debuginfod.ubuntu.com /usr/bin/cmake --build /home/ebrahim/formula-carmaker-fs_2025/FCM_Projects/FS_autonomous/ros/ros2_ws/build/camera_msgs -- -j12 -l12
[21.078s] Invoking command in '/home/ebrahim/formula-carmaker-fs_2025/FCM_Projects/FS_autonomous/ros/ros2_ws/build/camera_msgs': CMAKE_PREFIX_PATH=${CMAKE_PREFIX_PATH}:/opt/ros/jazzy DEBUGINFOD_URLS=https://debuginfod.ubuntu.com /usr/bin/cmake --install /home/ebrahim/formula-carmaker-fs_2025/FCM_Projects/FS_autonomous/ros/ros2_ws/build/camera_msgs
[21.089s] -- Install configuration: ""
[21.089s] -- Installing: /home/ebrahim/formula-carmaker-fs_2025/FCM_Projects/FS_autonomous/ros/ros2_ws/install/camera_msgs/share/ament_index/resource_index/rosidl_interfaces/camera_msgs
[21.089s] -- Installing: /home/ebrahim/formula-carmaker-fs_2025/FCM_Projects/FS_autonomous/ros/ros2_ws/install/camera_msgs/share/camera_msgs/msg/CameraDetection.json
[21.090s] -- Installing: /home/ebrahim/formula-carmaker-fs_2025/FCM_Projects/FS_autonomous/ros/ros2_ws/install/camera_msgs/share/camera_msgs/msg/CameraDetectionArray.json
[21.090s] -- Installing: /home/ebrahim/formula-carmaker-fs_2025/FCM_Projects/FS_autonomous/ros/ros2_ws/install/camera_msgs/include/camera_msgs/camera_msgs
[21.090s] -- Installing: /home/ebrahim/formula-carmaker-fs_2025/FCM_Projects/FS_autonomous/ros/ros2_ws/install/camera_msgs/include/camera_msgs/camera_msgs/msg
[21.090s] -- Installing: /home/ebrahim/formula-carmaker-fs_2025/FCM_Projects/FS_autonomous/ros/ros2_ws/install/camera_msgs/include/camera_msgs/camera_msgs/msg/detail
[21.091s] -- Installing: /home/ebrahim/formula-carmaker-fs_2025/FCM_Projects/FS_autonomous/ros/ros2_ws/install/camera_msgs/include/camera_msgs/camera_msgs/msg/detail/camera_detection_array__functions.c
[21.091s] -- Installing: /home/ebrahim/formula-carmaker-fs_2025/FCM_Projects/FS_autonomous/ros/ros2_ws/install/camera_msgs/include/camera_msgs/camera_msgs/msg/detail/camera_detection__struct.h
[21.091s] -- Installing: /home/ebrahim/formula-carmaker-fs_2025/FCM_Projects/FS_autonomous/ros/ros2_ws/install/camera_msgs/include/camera_msgs/camera_msgs/msg/detail/camera_detection__functions.c
[21.091s] -- Installing: /home/ebrahim/formula-carmaker-fs_2025/FCM_Projects/FS_autonomous/ros/ros2_ws/install/camera_msgs/include/camera_msgs/camera_msgs/msg/detail/camera_detection__functions.h
[21.091s] -- Installing: /home/ebrahim/formula-carmaker-fs_2025/FCM_Projects/FS_autonomous/ros/ros2_ws/install/camera_msgs/include/camera_msgs/camera_msgs/msg/detail/camera_detection_array__functions.h
[21.092s] -- Installing: /home/ebrahim/formula-carmaker-fs_2025/FCM_Projects/FS_autonomous/ros/ros2_ws/install/camera_msgs/include/camera_msgs/camera_msgs/msg/detail/camera_detection__description.c
[21.092s] -- Installing: /home/ebrahim/formula-carmaker-fs_2025/FCM_Projects/FS_autonomous/ros/ros2_ws/install/camera_msgs/include/camera_msgs/camera_msgs/msg/detail/camera_detection_array__description.c
[21.092s] -- Installing: /home/ebrahim/formula-carmaker-fs_2025/FCM_Projects/FS_autonomous/ros/ros2_ws/install/camera_msgs/include/camera_msgs/camera_msgs/msg/detail/camera_detection__type_support.h
[21.092s] -- Installing: /home/ebrahim/formula-carmaker-fs_2025/FCM_Projects/FS_autonomous/ros/ros2_ws/install/camera_msgs/include/camera_msgs/camera_msgs/msg/detail/camera_detection_array__type_support.h
[21.092s] -- Installing: /home/ebrahim/formula-carmaker-fs_2025/FCM_Projects/FS_autonomous/ros/ros2_ws/install/camera_msgs/include/camera_msgs/camera_msgs/msg/detail/camera_detection__type_support.c
[21.092s] -- Installing: /home/ebrahim/formula-carmaker-fs_2025/FCM_Projects/FS_autonomous/ros/ros2_ws/install/camera_msgs/include/camera_msgs/camera_msgs/msg/detail/camera_detection_array__type_support.c
[21.092s] -- Installing: /home/ebrahim/formula-carmaker-fs_2025/FCM_Projects/FS_autonomous/ros/ros2_ws/install/camera_msgs/include/camera_msgs/camera_msgs/msg/detail/camera_detection_array__struct.h
[21.093s] -- Installing: /home/ebrahim/formula-carmaker-fs_2025/FCM_Projects/FS_autonomous/ros/ros2_ws/install/camera_msgs/include/camera_msgs/camera_msgs/msg/camera_detection.h
[21.093s] -- Installing: /home/ebrahim/formula-carmaker-fs_2025/FCM_Projects/FS_autonomous/ros/ros2_ws/install/camera_msgs/include/camera_msgs/camera_msgs/msg/rosidl_generator_c__visibility_control.h
[21.093s] -- Installing: /home/ebrahim/formula-carmaker-fs_2025/FCM_Projects/FS_autonomous/ros/ros2_ws/install/camera_msgs/include/camera_msgs/camera_msgs/msg/camera_detection_array.h
[21.093s] -- Installing: /home/ebrahim/formula-carmaker-fs_2025/FCM_Projects/FS_autonomous/ros/ros2_ws/install/camera_msgs/share/camera_msgs/environment/library_path.sh
[21.093s] -- Installing: /home/ebrahim/formula-carmaker-fs_2025/FCM_Projects/FS_autonomous/ros/ros2_ws/install/camera_msgs/share/camera_msgs/environment/library_path.dsv
[21.094s] -- Installing: /home/ebrahim/formula-carmaker-fs_2025/FCM_Projects/FS_autonomous/ros/ros2_ws/install/camera_msgs/lib/libcamera_msgs__rosidl_generator_c.so
[21.094s] -- Set non-toolchain portion of runtime path of "/home/ebrahim/formula-carmaker-fs_2025/FCM_Projects/FS_autonomous/ros/ros2_ws/install/camera_msgs/lib/libcamera_msgs__rosidl_generator_c.so" to ""
[21.094s] -- Up-to-date: /home/ebrahim/formula-carmaker-fs_2025/FCM_Projects/FS_autonomous/ros/ros2_ws/install/camera_msgs/include/camera_msgs/camera_msgs
[21.094s] -- Up-to-date: /home/ebrahim/formula-carmaker-fs_2025/FCM_Projects/FS_autonomous/ros/ros2_ws/install/camera_msgs/include/camera_msgs/camera_msgs/msg
[21.095s] -- Up-to-date: /home/ebrahim/formula-carmaker-fs_2025/FCM_Projects/FS_autonomous/ros/ros2_ws/install/camera_msgs/include/camera_msgs/camera_msgs/msg/detail
[21.095s] -- Installing: /home/ebrahim/formula-carmaker-fs_2025/FCM_Projects/FS_autonomous/ros/ros2_ws/install/camera_msgs/include/camera_msgs/camera_msgs/msg/detail/camera_detection_array__rosidl_typesupport_fastrtps_c.h
[21.095s] -- Installing: /home/ebrahim/formula-carmaker-fs_2025/FCM_Projects/FS_autonomous/ros/ros2_ws/install/camera_msgs/include/camera_msgs/camera_msgs/msg/detail/camera_detection__rosidl_typesupport_fastrtps_c.h
[21.095s] -- Installing: /home/ebrahim/formula-carmaker-fs_2025/FCM_Projects/FS_autonomous/ros/ros2_ws/install/camera_msgs/include/camera_msgs/camera_msgs/msg/rosidl_typesupport_fastrtps_c__visibility_control.h
[21.097s] -- Installing: /home/ebrahim/formula-carmaker-fs_2025/FCM_Projects/FS_autonomous/ros/ros2_ws/install/camera_msgs/lib/libcamera_msgs__rosidl_typesupport_fastrtps_c.so
[21.097s] -- Set non-toolchain portion of runtime path of "/home/ebrahim/formula-carmaker-fs_2025/FCM_Projects/FS_autonomous/ros/ros2_ws/install/camera_msgs/lib/libcamera_msgs__rosidl_typesupport_fastrtps_c.so" to ""
[21.098s] -- Up-to-date: /home/ebrahim/formula-carmaker-fs_2025/FCM_Projects/FS_autonomous/ros/ros2_ws/install/camera_msgs/include/camera_msgs/camera_msgs
[21.098s] -- Up-to-date: /home/ebrahim/formula-carmaker-fs_2025/FCM_Projects/FS_autonomous/ros/ros2_ws/install/camera_msgs/include/camera_msgs/camera_msgs/msg
[21.099s] -- Up-to-date: /home/ebrahim/formula-carmaker-fs_2025/FCM_Projects/FS_autonomous/ros/ros2_ws/install/camera_msgs/include/camera_msgs/camera_msgs/msg/detail
[21.099s] -- Installing: /home/ebrahim/formula-carmaker-fs_2025/FCM_Projects/FS_autonomous/ros/ros2_ws/install/camera_msgs/include/camera_msgs/camera_msgs/msg/detail/camera_detection_array__rosidl_typesupport_introspection_c.h
[21.099s] -- Installing: /home/ebrahim/formula-carmaker-fs_2025/FCM_Projects/FS_autonomous/ros/ros2_ws/install/camera_msgs/include/camera_msgs/camera_msgs/msg/detail/camera_detection__rosidl_typesupport_introspection_c.h
[21.099s] -- Installing: /home/ebrahim/formula-carmaker-fs_2025/FCM_Projects/FS_autonomous/ros/ros2_ws/install/camera_msgs/include/camera_msgs/camera_msgs/msg/detail/camera_detection__type_support.c
[21.100s] -- Installing: /home/ebrahim/formula-carmaker-fs_2025/FCM_Projects/FS_autonomous/ros/ros2_ws/install/camera_msgs/include/camera_msgs/camera_msgs/msg/detail/camera_detection_array__type_support.c
[21.100s] -- Installing: /home/ebrahim/formula-carmaker-fs_2025/FCM_Projects/FS_autonomous/ros/ros2_ws/install/camera_msgs/include/camera_msgs/camera_msgs/msg/rosidl_typesupport_introspection_c__visibility_control.h
[21.100s] -- Installing: /home/ebrahim/formula-carmaker-fs_2025/FCM_Projects/FS_autonomous/ros/ros2_ws/install/camera_msgs/lib/libcamera_msgs__rosidl_typesupport_introspection_c.so
[21.100s] -- Set non-toolchain portion of runtime path of "/home/ebrahim/formula-carmaker-fs_2025/FCM_Projects/FS_autonomous/ros/ros2_ws/install/camera_msgs/lib/libcamera_msgs__rosidl_typesupport_introspection_c.so" to ""
[21.101s] -- Installing: /home/ebrahim/formula-carmaker-fs_2025/FCM_Projects/FS_autonomous/ros/ros2_ws/install/camera_msgs/lib/libcamera_msgs__rosidl_typesupport_c.so
[21.101s] -- Set non-toolchain portion of runtime path of "/home/ebrahim/formula-carmaker-fs_2025/FCM_Projects/FS_autonomous/ros/ros2_ws/install/camera_msgs/lib/libcamera_msgs__rosidl_typesupport_c.so" to ""
[21.101s] -- Up-to-date: /home/ebrahim/formula-carmaker-fs_2025/FCM_Projects/FS_autonomous/ros/ros2_ws/install/camera_msgs/include/camera_msgs/camera_msgs
[21.101s] -- Up-to-date: /home/ebrahim/formula-carmaker-fs_2025/FCM_Projects/FS_autonomous/ros/ros2_ws/install/camera_msgs/include/camera_msgs/camera_msgs/msg
[21.101s] -- Up-to-date: /home/ebrahim/formula-carmaker-fs_2025/FCM_Projects/FS_autonomous/ros/ros2_ws/install/camera_msgs/include/camera_msgs/camera_msgs/msg/detail
[21.102s] -- Installing: /home/ebrahim/formula-carmaker-fs_2025/FCM_Projects/FS_autonomous/ros/ros2_ws/install/camera_msgs/include/camera_msgs/camera_msgs/msg/detail/camera_detection__builder.hpp
[21.102s] -- Installing: /home/ebrahim/formula-carmaker-fs_2025/FCM_Projects/FS_autonomous/ros/ros2_ws/install/camera_msgs/include/camera_msgs/camera_msgs/msg/detail/camera_detection__struct.hpp
[21.102s] -- Installing: /home/ebrahim/formula-carmaker-fs_2025/FCM_Projects/FS_autonomous/ros/ros2_ws/install/camera_msgs/include/camera_msgs/camera_msgs/msg/detail/camera_detection__traits.hpp
[21.102s] -- Installing: /home/ebrahim/formula-carmaker-fs_2025/FCM_Projects/FS_autonomous/ros/ros2_ws/install/camera_msgs/include/camera_msgs/camera_msgs/msg/detail/camera_detection_array__struct.hpp
[21.102s] -- Installing: /home/ebrahim/formula-carmaker-fs_2025/FCM_Projects/FS_autonomous/ros/ros2_ws/install/camera_msgs/include/camera_msgs/camera_msgs/msg/detail/camera_detection__type_support.hpp
[21.102s] -- Installing: /home/ebrahim/formula-carmaker-fs_2025/FCM_Projects/FS_autonomous/ros/ros2_ws/install/camera_msgs/include/camera_msgs/camera_msgs/msg/detail/camera_detection_array__type_support.hpp
[21.103s] -- Installing: /home/ebrahim/formula-carmaker-fs_2025/FCM_Projects/FS_autonomous/ros/ros2_ws/install/camera_msgs/include/camera_msgs/camera_msgs/msg/detail/camera_detection_array__traits.hpp
[21.103s] -- Installing: /home/ebrahim/formula-carmaker-fs_2025/FCM_Projects/FS_autonomous/ros/ros2_ws/install/camera_msgs/include/camera_msgs/camera_msgs/msg/detail/camera_detection_array__builder.hpp
[21.103s] -- Installing: /home/ebrahim/formula-carmaker-fs_2025/FCM_Projects/FS_autonomous/ros/ros2_ws/install/camera_msgs/include/camera_msgs/camera_msgs/msg/rosidl_generator_cpp__visibility_control.hpp
[21.103s] -- Installing: /home/ebrahim/formula-carmaker-fs_2025/FCM_Projects/FS_autonomous/ros/ros2_ws/install/camera_msgs/include/camera_msgs/camera_msgs/msg/camera_detection.hpp
[21.103s] -- Installing: /home/ebrahim/formula-carmaker-fs_2025/FCM_Projects/FS_autonomous/ros/ros2_ws/install/camera_msgs/include/camera_msgs/camera_msgs/msg/camera_detection_array.hpp
[21.104s] -- Up-to-date: /home/ebrahim/formula-carmaker-fs_2025/FCM_Projects/FS_autonomous/ros/ros2_ws/install/camera_msgs/include/camera_msgs/camera_msgs
[21.104s] -- Up-to-date: /home/ebrahim/formula-carmaker-fs_2025/FCM_Projects/FS_autonomous/ros/ros2_ws/install/camera_msgs/include/camera_msgs/camera_msgs/msg
[21.104s] -- Up-to-date: /home/ebrahim/formula-carmaker-fs_2025/FCM_Projects/FS_autonomous/ros/ros2_ws/install/camera_msgs/include/camera_msgs/camera_msgs/msg/detail
[21.104s] -- Installing: /home/ebrahim/formula-carmaker-fs_2025/FCM_Projects/FS_autonomous/ros/ros2_ws/install/camera_msgs/include/camera_msgs/camera_msgs/msg/detail/camera_detection__rosidl_typesupport_fastrtps_cpp.hpp
[21.104s] -- Installing: /home/ebrahim/formula-carmaker-fs_2025/FCM_Projects/FS_autonomous/ros/ros2_ws/install/camera_msgs/include/camera_msgs/camera_msgs/msg/detail/dds_fastrtps
[21.104s] -- Installing: /home/ebrahim/formula-carmaker-fs_2025/FCM_Projects/FS_autonomous/ros/ros2_ws/install/camera_msgs/include/camera_msgs/camera_msgs/msg/detail/camera_detection_array__rosidl_typesupport_fastrtps_cpp.hpp
[21.105s] -- Installing: /home/ebrahim/formula-carmaker-fs_2025/FCM_Projects/FS_autonomous/ros/ros2_ws/install/camera_msgs/include/camera_msgs/camera_msgs/msg/rosidl_typesupport_fastrtps_cpp__visibility_control.h
[21.105s] -- Installing: /home/ebrahim/formula-carmaker-fs_2025/FCM_Projects/FS_autonomous/ros/ros2_ws/install/camera_msgs/lib/libcamera_msgs__rosidl_typesupport_fastrtps_cpp.so
[21.105s] -- Set non-toolchain portion of runtime path of "/home/ebrahim/formula-carmaker-fs_2025/FCM_Projects/FS_autonomous/ros/ros2_ws/install/camera_msgs/lib/libcamera_msgs__rosidl_typesupport_fastrtps_cpp.so" to ""
[21.105s] -- Up-to-date: /home/ebrahim/formula-carmaker-fs_2025/FCM_Projects/FS_autonomous/ros/ros2_ws/install/camera_msgs/include/camera_msgs/camera_msgs
[21.105s] -- Up-to-date: /home/ebrahim/formula-carmaker-fs_2025/FCM_Projects/FS_autonomous/ros/ros2_ws/install/camera_msgs/include/camera_msgs/camera_msgs/msg
[21.105s] -- Up-to-date: /home/ebrahim/formula-carmaker-fs_2025/FCM_Projects/FS_autonomous/ros/ros2_ws/install/camera_msgs/include/camera_msgs/camera_msgs/msg/detail
[21.106s] -- Installing: /home/ebrahim/formula-carmaker-fs_2025/FCM_Projects/FS_autonomous/ros/ros2_ws/install/camera_msgs/include/camera_msgs/camera_msgs/msg/detail/camera_detection__type_support.cpp
[21.106s] -- Installing: /home/ebrahim/formula-carmaker-fs_2025/FCM_Projects/FS_autonomous/ros/ros2_ws/install/camera_msgs/include/camera_msgs/camera_msgs/msg/detail/camera_detection__rosidl_typesupport_introspection_cpp.hpp
[21.106s] -- Installing: /home/ebrahim/formula-carmaker-fs_2025/FCM_Projects/FS_autonomous/ros/ros2_ws/install/camera_msgs/include/camera_msgs/camera_msgs/msg/detail/camera_detection_array__rosidl_typesupport_introspection_cpp.hpp
[21.106s] -- Installing: /home/ebrahim/formula-carmaker-fs_2025/FCM_Projects/FS_autonomous/ros/ros2_ws/install/camera_msgs/include/camera_msgs/camera_msgs/msg/detail/camera_detection_array__type_support.cpp
[21.106s] -- Installing: /home/ebrahim/formula-carmaker-fs_2025/FCM_Projects/FS_autonomous/ros/ros2_ws/install/camera_msgs/lib/libcamera_msgs__rosidl_typesupport_introspection_cpp.so
[21.107s] -- Set non-toolchain portion of runtime path of "/home/ebrahim/formula-carmaker-fs_2025/FCM_Projects/FS_autonomous/ros/ros2_ws/install/camera_msgs/lib/libcamera_msgs__rosidl_typesupport_introspection_cpp.so" to ""
[21.107s] -- Installing: /home/ebrahim/formula-carmaker-fs_2025/FCM_Projects/FS_autonomous/ros/ros2_ws/install/camera_msgs/lib/libcamera_msgs__rosidl_typesupport_cpp.so
[21.107s] -- Set non-toolchain portion of runtime path of "/home/ebrahim/formula-carmaker-fs_2025/FCM_Projects/FS_autonomous/ros/ros2_ws/install/camera_msgs/lib/libcamera_msgs__rosidl_typesupport_cpp.so" to ""
[21.107s] -- Installing: /home/ebrahim/formula-carmaker-fs_2025/FCM_Projects/FS_autonomous/ros/ros2_ws/install/camera_msgs/share/camera_msgs/environment/pythonpath.sh
[21.107s] -- Installing: /home/ebrahim/formula-carmaker-fs_2025/FCM_Projects/FS_autonomous/ros/ros2_ws/install/camera_msgs/share/camera_msgs/environment/pythonpath.dsv
[21.108s] -- Installing: /home/ebrahim/formula-carmaker-fs_2025/FCM_Projects/FS_autonomous/ros/ros2_ws/install/camera_msgs/lib/python3.12/site-packages/camera_msgs-1.0.0-py3.12.egg-info
[21.108s] -- Installing: /home/ebrahim/formula-carmaker-fs_2025/FCM_Projects/FS_autonomous/ros/ros2_ws/install/camera_msgs/lib/python3.12/site-packages/camera_msgs-1.0.0-py3.12.egg-info/SOURCES.txt
[21.108s] -- Installing: /home/ebrahim/formula-carmaker-fs_2025/FCM_Projects/FS_autonomous/ros/ros2_ws/install/camera_msgs/lib/python3.12/site-packages/camera_msgs-1.0.0-py3.12.egg-info/PKG-INFO
[21.108s] -- Installing: /home/ebrahim/formula-carmaker-fs_2025/FCM_Projects/FS_autonomous/ros/ros2_ws/install/camera_msgs/lib/python3.12/site-packages/camera_msgs-1.0.0-py3.12.egg-info/top_level.txt
[21.108s] -- Installing: /home/ebrahim/formula-carmaker-fs_2025/FCM_Projects/FS_autonomous/ros/ros2_ws/install/camera_msgs/lib/python3.12/site-packages/camera_msgs-1.0.0-py3.12.egg-info/dependency_links.txt
[21.108s] -- Installing: /home/ebrahim/formula-carmaker-fs_2025/FCM_Projects/FS_autonomous/ros/ros2_ws/install/camera_msgs/lib/python3.12/site-packages/camera_msgs
[21.109s] -- Installing: /home/ebrahim/formula-carmaker-fs_2025/FCM_Projects/FS_autonomous/ros/ros2_ws/install/camera_msgs/lib/python3.12/site-packages/camera_msgs/camera_msgs_s__rosidl_typesupport_c.so
[21.109s] -- Installing: /home/ebrahim/formula-carmaker-fs_2025/FCM_Projects/FS_autonomous/ros/ros2_ws/install/camera_msgs/lib/python3.12/site-packages/camera_msgs/camera_msgs_s__rosidl_typesupport_fastrtps_c.so
[21.109s] -- Installing: /home/ebrahim/formula-carmaker-fs_2025/FCM_Projects/FS_autonomous/ros/ros2_ws/install/camera_msgs/lib/python3.12/site-packages/camera_msgs/_camera_msgs_s.ep.rosidl_typesupport_fastrtps_c.c
[21.109s] -- Installing: /home/ebrahim/formula-carmaker-fs_2025/FCM_Projects/FS_autonomous/ros/ros2_ws/install/camera_msgs/lib/python3.12/site-packages/camera_msgs/_camera_msgs_s.ep.rosidl_typesupport_c.c
[21.109s] -- Installing: /home/ebrahim/formula-carmaker-fs_2025/FCM_Projects/FS_autonomous/ros/ros2_ws/install/camera_msgs/lib/python3.12/site-packages/camera_msgs/camera_msgs_s__rosidl_typesupport_introspection_c.so
[21.109s] -- Installing: /home/ebrahim/formula-carmaker-fs_2025/FCM_Projects/FS_autonomous/ros/ros2_ws/install/camera_msgs/lib/python3.12/site-packages/camera_msgs/_camera_msgs_s.ep.rosidl_typesupport_introspection_c.c
[21.109s] -- Installing: /home/ebrahim/formula-carmaker-fs_2025/FCM_Projects/FS_autonomous/ros/ros2_ws/install/camera_msgs/lib/python3.12/site-packages/camera_msgs/msg
[21.110s] -- Installing: /home/ebrahim/formula-carmaker-fs_2025/FCM_Projects/FS_autonomous/ros/ros2_ws/install/camera_msgs/lib/python3.12/site-packages/camera_msgs/msg/_camera_detection_array_s.c
[21.110s] -- Installing: /home/ebrahim/formula-carmaker-fs_2025/FCM_Projects/FS_autonomous/ros/ros2_ws/install/camera_msgs/lib/python3.12/site-packages/camera_msgs/msg/_camera_detection.py
[21.110s] -- Installing: /home/ebrahim/formula-carmaker-fs_2025/FCM_Projects/FS_autonomous/ros/ros2_ws/install/camera_msgs/lib/python3.12/site-packages/camera_msgs/msg/_camera_detection_s.c
[21.110s] -- Installing: /home/ebrahim/formula-carmaker-fs_2025/FCM_Projects/FS_autonomous/ros/ros2_ws/install/camera_msgs/lib/python3.12/site-packages/camera_msgs/msg/_camera_detection_array.py
[21.110s] -- Installing: /home/ebrahim/formula-carmaker-fs_2025/FCM_Projects/FS_autonomous/ros/ros2_ws/install/camera_msgs/lib/python3.12/site-packages/camera_msgs/msg/__init__.py
[21.110s] -- Installing: /home/ebrahim/formula-carmaker-fs_2025/FCM_Projects/FS_autonomous/ros/ros2_ws/install/camera_msgs/lib/python3.12/site-packages/camera_msgs/__init__.py
[21.196s] Listing '/home/ebrahim/formula-carmaker-fs_2025/FCM_Projects/FS_autonomous/ros/ros2_ws/install/camera_msgs/lib/python3.12/site-packages/camera_msgs'...
[21.196s] Compiling '/home/ebrahim/formula-carmaker-fs_2025/FCM_Projects/FS_autonomous/ros/ros2_ws/install/camera_msgs/lib/python3.12/site-packages/camera_msgs/__init__.py'...
[21.196s] Listing '/home/ebrahim/formula-carmaker-fs_2025/FCM_Projects/FS_autonomous/ros/ros2_ws/install/camera_msgs/lib/python3.12/site-packages/camera_msgs/msg'...
[21.196s] Compiling '/home/ebrahim/formula-carmaker-fs_2025/FCM_Projects/FS_autonomous/ros/ros2_ws/install/camera_msgs/lib/python3.12/site-packages/camera_msgs/msg/__init__.py'...
[21.196s] Compiling '/home/ebrahim/formula-carmaker-fs_2025/FCM_Projects/FS_autonomous/ros/ros2_ws/install/camera_msgs/lib/python3.12/site-packages/camera_msgs/msg/_camera_detection.py'...
[21.197s] Compiling '/home/ebrahim/formula-carmaker-fs_2025/FCM_Projects/FS_autonomous/ros/ros2_ws/install/camera_msgs/lib/python3.12/site-packages/camera_msgs/msg/_camera_detection_array.py'...
[21.215s] -- Installing: /home/ebrahim/formula-carmaker-fs_2025/FCM_Projects/FS_autonomous/ros/ros2_ws/install/camera_msgs/lib/python3.12/site-packages/camera_msgs/camera_msgs_s__rosidl_typesupport_fastrtps_c.so
[21.216s] -- Set non-toolchain portion of runtime path of "/home/ebrahim/formula-carmaker-fs_2025/FCM_Projects/FS_autonomous/ros/ros2_ws/install/camera_msgs/lib/python3.12/site-packages/camera_msgs/camera_msgs_s__rosidl_typesupport_fastrtps_c.so" to ""
[21.217s] -- Installing: /home/ebrahim/formula-carmaker-fs_2025/FCM_Projects/FS_autonomous/ros/ros2_ws/install/camera_msgs/lib/python3.12/site-packages/camera_msgs/camera_msgs_s__rosidl_typesupport_introspection_c.so
[21.217s] -- Set non-toolchain portion of runtime path of "/home/ebrahim/formula-carmaker-fs_2025/FCM_Projects/FS_autonomous/ros/ros2_ws/install/camera_msgs/lib/python3.12/site-packages/camera_msgs/camera_msgs_s__rosidl_typesupport_introspection_c.so" to ""
[21.217s] -- Installing: /home/ebrahim/formula-carmaker-fs_2025/FCM_Projects/FS_autonomous/ros/ros2_ws/install/camera_msgs/lib/python3.12/site-packages/camera_msgs/camera_msgs_s__rosidl_typesupport_c.so
[21.218s] -- Set non-toolchain portion of runtime path of "/home/ebrahim/formula-carmaker-fs_2025/FCM_Projects/FS_autonomous/ros/ros2_ws/install/camera_msgs/lib/python3.12/site-packages/camera_msgs/camera_msgs_s__rosidl_typesupport_c.so" to ""
[21.218s] -- Installing: /home/ebrahim/formula-carmaker-fs_2025/FCM_Projects/FS_autonomous/ros/ros2_ws/install/camera_msgs/lib/libcamera_msgs__rosidl_generator_py.so
[21.219s] -- Set non-toolchain portion of runtime path of "/home/ebrahim/formula-carmaker-fs_2025/FCM_Projects/FS_autonomous/ros/ros2_ws/install/camera_msgs/lib/libcamera_msgs__rosidl_generator_py.so" to ""
[21.219s] -- Installing: /home/ebrahim/formula-carmaker-fs_2025/FCM_Projects/FS_autonomous/ros/ros2_ws/install/camera_msgs/share/camera_msgs/msg/CameraDetection.idl
[21.219s] -- Installing: /home/ebrahim/formula-carmaker-fs_2025/FCM_Projects/FS_autonomous/ros/ros2_ws/install/camera_msgs/share/camera_msgs/msg/CameraDetectionArray.idl
[21.219s] -- Installing: /home/ebrahim/formula-carmaker-fs_2025/FCM_Projects/FS_autonomous/ros/ros2_ws/install/camera_msgs/share/camera_msgs/msg/CameraDetection.msg
[21.219s] -- Installing: /home/ebrahim/formula-carmaker-fs_2025/FCM_Projects/FS_autonomous/ros/ros2_ws/install/camera_msgs/share/camera_msgs/msg/CameraDetectionArray.msg
[21.219s] -- Installing: /home/ebrahim/formula-carmaker-fs_2025/FCM_Projects/FS_autonomous/ros/ros2_ws/install/camera_msgs/share/ament_index/resource_index/package_run_dependencies/camera_msgs
[21.220s] -- Installing: /home/ebrahim/formula-carmaker-fs_2025/FCM_Projects/FS_autonomous/ros/ros2_ws/install/camera_msgs/share/ament_index/resource_index/parent_prefix_path/camera_msgs
[21.220s] -- Installing: /home/ebrahim/formula-carmaker-fs_2025/FCM_Projects/FS_autonomous/ros/ros2_ws/install/camera_msgs/share/camera_msgs/environment/ament_prefix_path.sh
[21.220s] -- Installing: /home/ebrahim/formula-carmaker-fs_2025/FCM_Projects/FS_autonomous/ros/ros2_ws/install/camera_msgs/share/camera_msgs/environment/ament_prefix_path.dsv
[21.220s] -- Installing: /home/ebrahim/formula-carmaker-fs_2025/FCM_Projects/FS_autonomous/ros/ros2_ws/install/camera_msgs/share/camera_msgs/environment/path.sh
[21.220s] -- Installing: /home/ebrahim/formula-carmaker-fs_2025/FCM_Projects/FS_autonomous/ros/ros2_ws/install/camera_msgs/share/camera_msgs/environment/path.dsv
[21.220s] -- Installing: /home/ebrahim/formula-carmaker-fs_2025/FCM_Projects/FS_autonomous/ros/ros2_ws/install/camera_msgs/share/camera_msgs/local_setup.bash
[21.220s] -- Installing: /home/ebrahim/formula-carmaker-fs_2025/FCM_Projects/FS_autonomous/ros/ros2_ws/install/camera_msgs/share/camera_msgs/local_setup.sh
[21.220s] -- Installing: /home/ebrahim/formula-carmaker-fs_2025/FCM_Projects/FS_autonomous/ros/ros2_ws/install/camera_msgs/share/camera_msgs/local_setup.zsh
[21.221s] -- Installing: /home/ebrahim/formula-carmaker-fs_2025/FCM_Projects/FS_autonomous/ros/ros2_ws/install/camera_msgs/share/camera_msgs/local_setup.dsv
[21.221s] -- Installing: /home/ebrahim/formula-carmaker-fs_2025/FCM_Projects/FS_autonomous/ros/ros2_ws/install/camera_msgs/share/camera_msgs/package.dsv
[21.221s] -- Installing: /home/ebrahim/formula-carmaker-fs_2025/FCM_Projects/FS_autonomous/ros/ros2_ws/install/camera_msgs/share/ament_index/resource_index/packages/camera_msgs
[21.221s] -- Installing: /home/ebrahim/formula-carmaker-fs_2025/FCM_Projects/FS_autonomous/ros/ros2_ws/install/camera_msgs/share/camera_msgs/cmake/export_camera_msgs__rosidl_generator_cExport.cmake
[21.221s] -- Installing: /home/ebrahim/formula-carmaker-fs_2025/FCM_Projects/FS_autonomous/ros/ros2_ws/install/camera_msgs/share/camera_msgs/cmake/export_camera_msgs__rosidl_generator_cExport-noconfig.cmake
[21.222s] -- Installing: /home/ebrahim/formula-carmaker-fs_2025/FCM_Projects/FS_autonomous/ros/ros2_ws/install/camera_msgs/share/camera_msgs/cmake/export_camera_msgs__rosidl_typesupport_fastrtps_cExport.cmake
[21.222s] -- Installing: /home/ebrahim/formula-carmaker-fs_2025/FCM_Projects/FS_autonomous/ros/ros2_ws/install/camera_msgs/share/camera_msgs/cmake/export_camera_msgs__rosidl_typesupport_fastrtps_cExport-noconfig.cmake
[21.222s] -- Installing: /home/ebrahim/formula-carmaker-fs_2025/FCM_Projects/FS_autonomous/ros/ros2_ws/install/camera_msgs/share/camera_msgs/cmake/camera_msgs__rosidl_typesupport_introspection_cExport.cmake
[21.222s] -- Installing: /home/ebrahim/formula-carmaker-fs_2025/FCM_Projects/FS_autonomous/ros/ros2_ws/install/camera_msgs/share/camera_msgs/cmake/camera_msgs__rosidl_typesupport_introspection_cExport-noconfig.cmake
[21.223s] -- Installing: /home/ebrahim/formula-carmaker-fs_2025/FCM_Projects/FS_autonomous/ros/ros2_ws/install/camera_msgs/share/camera_msgs/cmake/camera_msgs__rosidl_typesupport_cExport.cmake
[21.223s] -- Installing: /home/ebrahim/formula-carmaker-fs_2025/FCM_Projects/FS_autonomous/ros/ros2_ws/install/camera_msgs/share/camera_msgs/cmake/camera_msgs__rosidl_typesupport_cExport-noconfig.cmake
[21.223s] -- Installing: /home/ebrahim/formula-carmaker-fs_2025/FCM_Projects/FS_autonomous/ros/ros2_ws/install/camera_msgs/share/camera_msgs/cmake/export_camera_msgs__rosidl_generator_cppExport.cmake
[21.223s] -- Installing: /home/ebrahim/formula-carmaker-fs_2025/FCM_Projects/FS_autonomous/ros/ros2_ws/install/camera_msgs/share/camera_msgs/cmake/export_camera_msgs__rosidl_typesupport_fastrtps_cppExport.cmake
[21.223s] -- Installing: /home/ebrahim/formula-carmaker-fs_2025/FCM_Projects/FS_autonomous/ros/ros2_ws/install/camera_msgs/share/camera_msgs/cmake/export_camera_msgs__rosidl_typesupport_fastrtps_cppExport-noconfig.cmake
[21.224s] -- Installing: /home/ebrahim/formula-carmaker-fs_2025/FCM_Projects/FS_autonomous/ros/ros2_ws/install/camera_msgs/share/camera_msgs/cmake/camera_msgs__rosidl_typesupport_introspection_cppExport.cmake
[21.224s] -- Installing: /home/ebrahim/formula-carmaker-fs_2025/FCM_Projects/FS_autonomous/ros/ros2_ws/install/camera_msgs/share/camera_msgs/cmake/camera_msgs__rosidl_typesupport_introspection_cppExport-noconfig.cmake
[21.224s] -- Installing: /home/ebrahim/formula-carmaker-fs_2025/FCM_Projects/FS_autonomous/ros/ros2_ws/install/camera_msgs/share/camera_msgs/cmake/camera_msgs__rosidl_typesupport_cppExport.cmake
[21.224s] -- Installing: /home/ebrahim/formula-carmaker-fs_2025/FCM_Projects/FS_autonomous/ros/ros2_ws/install/camera_msgs/share/camera_msgs/cmake/camera_msgs__rosidl_typesupport_cppExport-noconfig.cmake
[21.225s] -- Installing: /home/ebrahim/formula-carmaker-fs_2025/FCM_Projects/FS_autonomous/ros/ros2_ws/install/camera_msgs/share/camera_msgs/cmake/export_camera_msgs__rosidl_generator_pyExport.cmake
[21.225s] -- Installing: /home/ebrahim/formula-carmaker-fs_2025/FCM_Projects/FS_autonomous/ros/ros2_ws/install/camera_msgs/share/camera_msgs/cmake/export_camera_msgs__rosidl_generator_pyExport-noconfig.cmake
[21.225s] -- Installing: /home/ebrahim/formula-carmaker-fs_2025/FCM_Projects/FS_autonomous/ros/ros2_ws/install/camera_msgs/share/camera_msgs/cmake/rosidl_cmake-extras.cmake
[21.226s] -- Installing: /home/ebrahim/formula-carmaker-fs_2025/FCM_Projects/FS_autonomous/ros/ros2_ws/install/camera_msgs/share/camera_msgs/cmake/ament_cmake_export_dependencies-extras.cmake
[21.226s] -- Installing: /home/ebrahim/formula-carmaker-fs_2025/FCM_Projects/FS_autonomous/ros/ros2_ws/install/camera_msgs/share/camera_msgs/cmake/ament_cmake_export_include_directories-extras.cmake
[21.226s] -- Installing: /home/ebrahim/formula-carmaker-fs_2025/FCM_Projects/FS_autonomous/ros/ros2_ws/install/camera_msgs/share/camera_msgs/cmake/ament_cmake_export_libraries-extras.cmake
[21.226s] -- Installing: /home/ebrahim/formula-carmaker-fs_2025/FCM_Projects/FS_autonomous/ros/ros2_ws/install/camera_msgs/share/camera_msgs/cmake/ament_cmake_export_targets-extras.cmake
[21.227s] -- Installing: /home/ebrahim/formula-carmaker-fs_2025/FCM_Projects/FS_autonomous/ros/ros2_ws/install/camera_msgs/share/camera_msgs/cmake/rosidl_cmake_export_typesupport_targets-extras.cmake
[21.227s] -- Installing: /home/ebrahim/formula-carmaker-fs_2025/FCM_Projects/FS_autonomous/ros/ros2_ws/install/camera_msgs/share/camera_msgs/cmake/rosidl_cmake_export_typesupport_libraries-extras.cmake
[21.227s] -- Installing: /home/ebrahim/formula-carmaker-fs_2025/FCM_Projects/FS_autonomous/ros/ros2_ws/install/camera_msgs/share/camera_msgs/cmake/camera_msgsConfig.cmake
[21.227s] -- Installing: /home/ebrahim/formula-carmaker-fs_2025/FCM_Projects/FS_autonomous/ros/ros2_ws/install/camera_msgs/share/camera_msgs/cmake/camera_msgsConfig-version.cmake
[21.227s] -- Installing: /home/ebrahim/formula-carmaker-fs_2025/FCM_Projects/FS_autonomous/ros/ros2_ws/install/camera_msgs/share/camera_msgs/package.xml
[21.229s] Invoked command in '/home/ebrahim/formula-carmaker-fs_2025/FCM_Projects/FS_autonomous/ros/ros2_ws/build/camera_msgs' returned '0': CMAKE_PREFIX_PATH=${CMAKE_PREFIX_PATH}:/opt/ros/jazzy DEBUGINFOD_URLS=https://debuginfod.ubuntu.com /usr/bin/cmake --install /home/ebrahim/formula-carmaker-fs_2025/FCM_Projects/FS_autonomous/ros/ros2_ws/build/camera_msgs
