[0.011s] Invoking command in '/home/ebrahim/formula-carmaker-fs_2025/FCM_Projects/FS_autonomous/ros/ros2_ws/build/carmaker_rsds_client': AMENT_PREFIX_PATH=/home/ebrahim/formula-carmaker-fs_2025/FCM_Projects/FS_autonomous/ros/ros2_ws/install/cmrosutils:/home/ebrahim/formula-carmaker-fs_2025/FCM_Projects/FS_autonomous/ros/ros2_ws/install/camera_msgs:${AMENT_PREFIX_PATH} CMAKE_PREFIX_PATH=/home/ebrahim/formula-carmaker-fs_2025/FCM_Projects/FS_autonomous/ros/ros2_ws/install/cmrosutils:/home/ebrahim/formula-carmaker-fs_2025/FCM_Projects/FS_autonomous/ros/ros2_ws/install/camera_msgs:/opt/ros/jazzy/opt/gz_launch_vendor:/opt/ros/jazzy/opt/gz_sim_vendor:/opt/ros/jazzy/opt/gz_sensors_vendor:/opt/ros/jazzy/opt/gz_physics_vendor:/opt/ros/jazzy/opt/sdformat_vendor:/opt/ros/jazzy/opt/gz_gui_vendor:/opt/ros/jazzy/opt/gz_transport_vendor:/opt/ros/jazzy/opt/gz_rendering_vendor:/opt/ros/jazzy/opt/gz_plugin_vendor:/opt/ros/jazzy/opt/gz_fuel_tools_vendor:/opt/ros/jazzy/opt/gz_msgs_vendor:/opt/ros/jazzy/opt/gz_common_vendor:/opt/ros/jazzy/opt/gz_math_vendor:/opt/ros/jazzy/opt/gz_utils_vendor:/opt/ros/jazzy/opt/gz_tools_vendor:/opt/ros/jazzy/opt/gz_ogre_next_vendor:/opt/ros/jazzy/opt/gz_dartsim_vendor:/opt/ros/jazzy/opt/gz_cmake_vendor:/opt/ros/jazzy DEBUGINFOD_URLS=https://debuginfod.ubuntu.com LD_LIBRARY_PATH=/home/ebrahim/formula-carmaker-fs_2025/FCM_Projects/FS_autonomous/ros/ros2_ws/install/cmrosutils/lib:/home/ebrahim/formula-carmaker-fs_2025/FCM_Projects/FS_autonomous/ros/ros2_ws/install/camera_msgs/lib:${LD_LIBRARY_PATH} PYTHONPATH=/home/ebrahim/formula-carmaker-fs_2025/FCM_Projects/FS_autonomous/ros/ros2_ws/install/cmrosutils/lib/python3.12/site-packages:/home/ebrahim/formula-carmaker-fs_2025/FCM_Projects/FS_autonomous/ros/ros2_ws/install/camera_msgs/lib/python3.12/site-packages:${PYTHONPATH} /usr/bin/cmake /home/ebrahim/formula-carmaker-fs_2025/FCM_Projects/FS_autonomous/ros/ros2_ws/src/carmaker_rsds_client -DCARMAKER_VER:STRING=14.1.1 -DCARMAKER_DIR:PATH=/opt/ipg/carmaker/linux64-14.1.1 --no-warn-unused-cli -DCMAKE_INSTALL_PREFIX=/home/ebrahim/formula-carmaker-fs_2025/FCM_Projects/FS_autonomous/ros/ros2_ws/install/carmaker_rsds_client
[0.017s] Not searching for unused variables given on the command line.
[0.061s] -- The C compiler identification is GNU 12.4.0
[0.113s] -- The CXX compiler identification is GNU 12.4.0
[0.128s] -- Detecting C compiler ABI info
[0.212s] -- Detecting C compiler ABI info - done
[0.222s] -- Check for working C compiler: /usr/bin/cc - skipped
[0.223s] -- Detecting C compile features
[0.223s] -- Detecting C compile features - done
[0.232s] -- Detecting CXX compiler ABI info
[0.326s] -- Detecting CXX compiler ABI info - done
[0.342s] -- Check for working CXX compiler: /usr/bin/c++ - skipped
[0.342s] -- Detecting CXX compile features
[0.343s] -- Detecting CXX compile features - done
[0.351s] -- Found ament_cmake: 2.5.4 (/opt/ros/jazzy/share/ament_cmake/cmake)
[0.680s] -- Found Python3: /usr/bin/python3 (found version "3.12.3") found components: Interpreter 
[0.804s] -- Found rosidl_default_generators: 1.6.0 (/opt/ros/jazzy/share/rosidl_default_generators/cmake)
[0.813s] -- Using all available rosidl_typesupport_c: rosidl_typesupport_fastrtps_c;rosidl_typesupport_introspection_c
[0.889s] -- Using all available rosidl_typesupport_cpp: rosidl_typesupport_fastrtps_cpp;rosidl_typesupport_introspection_cpp
[0.945s] -- Found rosidl_adapter: 4.6.6 (/opt/ros/jazzy/share/rosidl_adapter/cmake)
[0.949s] -- Found angles: 1.16.1 (/opt/ros/jazzy/share/angles/cmake)
[0.954s] -- Found rclcpp: 28.1.13 (/opt/ros/jazzy/share/rclcpp/cmake)
[1.064s] -- Found rmw_implementation_cmake: 7.3.2 (/opt/ros/jazzy/share/rmw_implementation_cmake/cmake)
[1.071s] -- Found rmw_zenoh_cpp: 0.2.9 (/opt/ros/jazzy/share/rmw_zenoh_cpp/cmake)
[1.072s] -- Using RMW implementation 'rmw_zenoh_cpp' as default
[1.165s] -- Found cmrosutils: 0.1.0 (/home/ebrahim/formula-carmaker-fs_2025/FCM_Projects/FS_autonomous/ros/ros2_ws/install/cmrosutils/share/cmrosutils/cmake)
[1.197s] -- Found sensor_msgs: 5.3.6 (/opt/ros/jazzy/share/sensor_msgs/cmake)
[1.271s] -- Found camera_msgs: 1.0.0 (/home/ebrahim/formula-carmaker-fs_2025/FCM_Projects/FS_autonomous/ros/ros2_ws/install/camera_msgs/share/camera_msgs/cmake)
[1.295s] -- Found image_transport: 5.1.7 (/opt/ros/jazzy/share/image_transport/cmake)
[1.331s] -- Found TinyXML2 via Config file: /usr/lib/x86_64-linux-gnu/cmake/tinyxml2
[1.335s] -- Found tf2: 0.36.16 (/opt/ros/jazzy/share/tf2/cmake)
[1.344s] -- Found tf2_ros: 0.36.16 (/opt/ros/jazzy/share/tf2_ros/cmake)
[1.496s] -- Found tf2_geometry_msgs: 0.36.16 (/opt/ros/jazzy/share/tf2_geometry_msgs/cmake)
[1.517s] -- Found eigen3_cmake_module: 0.3.0 (/opt/ros/jazzy/share/eigen3_cmake_module/cmake)
[1.518s] -- Found Eigen3: TRUE (found version "3.4.0") 
[1.518s] -- Ensuring Eigen3 include directory is part of orocos-kdl CMake target
[1.527s] -- Found ament_lint_auto: 0.17.3 (/opt/ros/jazzy/share/ament_lint_auto/cmake)
[1.649s] -- Added test 'copyright' to check source files copyright and LICENSE
[1.650s] -- Added test 'cppcheck' to perform static code analysis on C / C++ code
[1.650s] -- Configured cppcheck include dirs: 
[1.650s] -- Configured cppcheck exclude dirs and/or files: 
[1.651s] -- Added test 'cpplint' to check C / C++ code against the Google style
[1.651s] -- Configured cpplint exclude dirs and/or files: 
[1.652s] -- Added test 'flake8' to check Python code syntax and style conventions
[1.652s] -- Configured 'flake8' exclude dirs and/or files: 
[1.653s] -- Added test 'lint_cmake' to check CMake code style
[1.654s] -- Added test 'pep257' to check Python code against some of the docstring style conventions in PEP 257
[1.655s] -- Added test 'uncrustify' to check C / C++ code style
[1.655s] -- Configured uncrustify additional arguments: 
[1.656s] -- Added test 'xmllint' to check XML markup files
[1.657s] -- Configuring done (1.6s)
[1.677s] -- Generating done (0.0s)
[1.682s] -- Build files have been written to: /home/ebrahim/formula-carmaker-fs_2025/FCM_Projects/FS_autonomous/ros/ros2_ws/build/carmaker_rsds_client
[1.692s] Invoked command in '/home/ebrahim/formula-carmaker-fs_2025/FCM_Projects/FS_autonomous/ros/ros2_ws/build/carmaker_rsds_client' returned '0': AMENT_PREFIX_PATH=/home/ebrahim/formula-carmaker-fs_2025/FCM_Projects/FS_autonomous/ros/ros2_ws/install/cmrosutils:/home/ebrahim/formula-carmaker-fs_2025/FCM_Projects/FS_autonomous/ros/ros2_ws/install/camera_msgs:${AMENT_PREFIX_PATH} CMAKE_PREFIX_PATH=/home/ebrahim/formula-carmaker-fs_2025/FCM_Projects/FS_autonomous/ros/ros2_ws/install/cmrosutils:/home/ebrahim/formula-carmaker-fs_2025/FCM_Projects/FS_autonomous/ros/ros2_ws/install/camera_msgs:/opt/ros/jazzy/opt/gz_launch_vendor:/opt/ros/jazzy/opt/gz_sim_vendor:/opt/ros/jazzy/opt/gz_sensors_vendor:/opt/ros/jazzy/opt/gz_physics_vendor:/opt/ros/jazzy/opt/sdformat_vendor:/opt/ros/jazzy/opt/gz_gui_vendor:/opt/ros/jazzy/opt/gz_transport_vendor:/opt/ros/jazzy/opt/gz_rendering_vendor:/opt/ros/jazzy/opt/gz_plugin_vendor:/opt/ros/jazzy/opt/gz_fuel_tools_vendor:/opt/ros/jazzy/opt/gz_msgs_vendor:/opt/ros/jazzy/opt/gz_common_vendor:/opt/ros/jazzy/opt/gz_math_vendor:/opt/ros/jazzy/opt/gz_utils_vendor:/opt/ros/jazzy/opt/gz_tools_vendor:/opt/ros/jazzy/opt/gz_ogre_next_vendor:/opt/ros/jazzy/opt/gz_dartsim_vendor:/opt/ros/jazzy/opt/gz_cmake_vendor:/opt/ros/jazzy DEBUGINFOD_URLS=https://debuginfod.ubuntu.com LD_LIBRARY_PATH=/home/ebrahim/formula-carmaker-fs_2025/FCM_Projects/FS_autonomous/ros/ros2_ws/install/cmrosutils/lib:/home/ebrahim/formula-carmaker-fs_2025/FCM_Projects/FS_autonomous/ros/ros2_ws/install/camera_msgs/lib:${LD_LIBRARY_PATH} PYTHONPATH=/home/ebrahim/formula-carmaker-fs_2025/FCM_Projects/FS_autonomous/ros/ros2_ws/install/cmrosutils/lib/python3.12/site-packages:/home/ebrahim/formula-carmaker-fs_2025/FCM_Projects/FS_autonomous/ros/ros2_ws/install/camera_msgs/lib/python3.12/site-packages:${PYTHONPATH} /usr/bin/cmake /home/ebrahim/formula-carmaker-fs_2025/FCM_Projects/FS_autonomous/ros/ros2_ws/src/carmaker_rsds_client -DCARMAKER_VER:STRING=14.1.1 -DCARMAKER_DIR:PATH=/opt/ipg/carmaker/linux64-14.1.1 --no-warn-unused-cli -DCMAKE_INSTALL_PREFIX=/home/ebrahim/formula-carmaker-fs_2025/FCM_Projects/FS_autonomous/ros/ros2_ws/install/carmaker_rsds_client
[1.693s] Invoking command in '/home/ebrahim/formula-carmaker-fs_2025/FCM_Projects/FS_autonomous/ros/ros2_ws/build/carmaker_rsds_client': AMENT_PREFIX_PATH=/home/ebrahim/formula-carmaker-fs_2025/FCM_Projects/FS_autonomous/ros/ros2_ws/install/cmrosutils:/home/ebrahim/formula-carmaker-fs_2025/FCM_Projects/FS_autonomous/ros/ros2_ws/install/camera_msgs:${AMENT_PREFIX_PATH} CMAKE_PREFIX_PATH=/home/ebrahim/formula-carmaker-fs_2025/FCM_Projects/FS_autonomous/ros/ros2_ws/install/cmrosutils:/home/ebrahim/formula-carmaker-fs_2025/FCM_Projects/FS_autonomous/ros/ros2_ws/install/camera_msgs:/opt/ros/jazzy/opt/gz_launch_vendor:/opt/ros/jazzy/opt/gz_sim_vendor:/opt/ros/jazzy/opt/gz_sensors_vendor:/opt/ros/jazzy/opt/gz_physics_vendor:/opt/ros/jazzy/opt/sdformat_vendor:/opt/ros/jazzy/opt/gz_gui_vendor:/opt/ros/jazzy/opt/gz_transport_vendor:/opt/ros/jazzy/opt/gz_rendering_vendor:/opt/ros/jazzy/opt/gz_plugin_vendor:/opt/ros/jazzy/opt/gz_fuel_tools_vendor:/opt/ros/jazzy/opt/gz_msgs_vendor:/opt/ros/jazzy/opt/gz_common_vendor:/opt/ros/jazzy/opt/gz_math_vendor:/opt/ros/jazzy/opt/gz_utils_vendor:/opt/ros/jazzy/opt/gz_tools_vendor:/opt/ros/jazzy/opt/gz_ogre_next_vendor:/opt/ros/jazzy/opt/gz_dartsim_vendor:/opt/ros/jazzy/opt/gz_cmake_vendor:/opt/ros/jazzy DEBUGINFOD_URLS=https://debuginfod.ubuntu.com LD_LIBRARY_PATH=/home/ebrahim/formula-carmaker-fs_2025/FCM_Projects/FS_autonomous/ros/ros2_ws/install/cmrosutils/lib:/home/ebrahim/formula-carmaker-fs_2025/FCM_Projects/FS_autonomous/ros/ros2_ws/install/camera_msgs/lib:${LD_LIBRARY_PATH} PYTHONPATH=/home/ebrahim/formula-carmaker-fs_2025/FCM_Projects/FS_autonomous/ros/ros2_ws/install/cmrosutils/lib/python3.12/site-packages:/home/ebrahim/formula-carmaker-fs_2025/FCM_Projects/FS_autonomous/ros/ros2_ws/install/camera_msgs/lib/python3.12/site-packages:${PYTHONPATH} /usr/bin/cmake --build /home/ebrahim/formula-carmaker-fs_2025/FCM_Projects/FS_autonomous/ros/ros2_ws/build/carmaker_rsds_client -- -j12 -l12
[1.742s] [ 50%] [32mBuilding CXX object CMakeFiles/carmaker_rsds_client_node.dir/src/carmaker_rsds_client_node.cpp.o[0m
[9.289s] [100%] [32m[1mLinking CXX executable carmaker_rsds_client_node[0m
[9.538s] [100%] Built target carmaker_rsds_client_node
[9.548s] Invoked command in '/home/ebrahim/formula-carmaker-fs_2025/FCM_Projects/FS_autonomous/ros/ros2_ws/build/carmaker_rsds_client' returned '0': AMENT_PREFIX_PATH=/home/ebrahim/formula-carmaker-fs_2025/FCM_Projects/FS_autonomous/ros/ros2_ws/install/cmrosutils:/home/ebrahim/formula-carmaker-fs_2025/FCM_Projects/FS_autonomous/ros/ros2_ws/install/camera_msgs:${AMENT_PREFIX_PATH} CMAKE_PREFIX_PATH=/home/ebrahim/formula-carmaker-fs_2025/FCM_Projects/FS_autonomous/ros/ros2_ws/install/cmrosutils:/home/ebrahim/formula-carmaker-fs_2025/FCM_Projects/FS_autonomous/ros/ros2_ws/install/camera_msgs:/opt/ros/jazzy/opt/gz_launch_vendor:/opt/ros/jazzy/opt/gz_sim_vendor:/opt/ros/jazzy/opt/gz_sensors_vendor:/opt/ros/jazzy/opt/gz_physics_vendor:/opt/ros/jazzy/opt/sdformat_vendor:/opt/ros/jazzy/opt/gz_gui_vendor:/opt/ros/jazzy/opt/gz_transport_vendor:/opt/ros/jazzy/opt/gz_rendering_vendor:/opt/ros/jazzy/opt/gz_plugin_vendor:/opt/ros/jazzy/opt/gz_fuel_tools_vendor:/opt/ros/jazzy/opt/gz_msgs_vendor:/opt/ros/jazzy/opt/gz_common_vendor:/opt/ros/jazzy/opt/gz_math_vendor:/opt/ros/jazzy/opt/gz_utils_vendor:/opt/ros/jazzy/opt/gz_tools_vendor:/opt/ros/jazzy/opt/gz_ogre_next_vendor:/opt/ros/jazzy/opt/gz_dartsim_vendor:/opt/ros/jazzy/opt/gz_cmake_vendor:/opt/ros/jazzy DEBUGINFOD_URLS=https://debuginfod.ubuntu.com LD_LIBRARY_PATH=/home/ebrahim/formula-carmaker-fs_2025/FCM_Projects/FS_autonomous/ros/ros2_ws/install/cmrosutils/lib:/home/ebrahim/formula-carmaker-fs_2025/FCM_Projects/FS_autonomous/ros/ros2_ws/install/camera_msgs/lib:${LD_LIBRARY_PATH} PYTHONPATH=/home/ebrahim/formula-carmaker-fs_2025/FCM_Projects/FS_autonomous/ros/ros2_ws/install/cmrosutils/lib/python3.12/site-packages:/home/ebrahim/formula-carmaker-fs_2025/FCM_Projects/FS_autonomous/ros/ros2_ws/install/camera_msgs/lib/python3.12/site-packages:${PYTHONPATH} /usr/bin/cmake --build /home/ebrahim/formula-carmaker-fs_2025/FCM_Projects/FS_autonomous/ros/ros2_ws/build/carmaker_rsds_client -- -j12 -l12
[9.549s] Invoking command in '/home/ebrahim/formula-carmaker-fs_2025/FCM_Projects/FS_autonomous/ros/ros2_ws/build/carmaker_rsds_client': AMENT_PREFIX_PATH=/home/ebrahim/formula-carmaker-fs_2025/FCM_Projects/FS_autonomous/ros/ros2_ws/install/cmrosutils:/home/ebrahim/formula-carmaker-fs_2025/FCM_Projects/FS_autonomous/ros/ros2_ws/install/camera_msgs:${AMENT_PREFIX_PATH} CMAKE_PREFIX_PATH=/home/ebrahim/formula-carmaker-fs_2025/FCM_Projects/FS_autonomous/ros/ros2_ws/install/cmrosutils:/home/ebrahim/formula-carmaker-fs_2025/FCM_Projects/FS_autonomous/ros/ros2_ws/install/camera_msgs:/opt/ros/jazzy/opt/gz_launch_vendor:/opt/ros/jazzy/opt/gz_sim_vendor:/opt/ros/jazzy/opt/gz_sensors_vendor:/opt/ros/jazzy/opt/gz_physics_vendor:/opt/ros/jazzy/opt/sdformat_vendor:/opt/ros/jazzy/opt/gz_gui_vendor:/opt/ros/jazzy/opt/gz_transport_vendor:/opt/ros/jazzy/opt/gz_rendering_vendor:/opt/ros/jazzy/opt/gz_plugin_vendor:/opt/ros/jazzy/opt/gz_fuel_tools_vendor:/opt/ros/jazzy/opt/gz_msgs_vendor:/opt/ros/jazzy/opt/gz_common_vendor:/opt/ros/jazzy/opt/gz_math_vendor:/opt/ros/jazzy/opt/gz_utils_vendor:/opt/ros/jazzy/opt/gz_tools_vendor:/opt/ros/jazzy/opt/gz_ogre_next_vendor:/opt/ros/jazzy/opt/gz_dartsim_vendor:/opt/ros/jazzy/opt/gz_cmake_vendor:/opt/ros/jazzy DEBUGINFOD_URLS=https://debuginfod.ubuntu.com LD_LIBRARY_PATH=/home/ebrahim/formula-carmaker-fs_2025/FCM_Projects/FS_autonomous/ros/ros2_ws/install/cmrosutils/lib:/home/ebrahim/formula-carmaker-fs_2025/FCM_Projects/FS_autonomous/ros/ros2_ws/install/camera_msgs/lib:${LD_LIBRARY_PATH} PYTHONPATH=/home/ebrahim/formula-carmaker-fs_2025/FCM_Projects/FS_autonomous/ros/ros2_ws/install/cmrosutils/lib/python3.12/site-packages:/home/ebrahim/formula-carmaker-fs_2025/FCM_Projects/FS_autonomous/ros/ros2_ws/install/camera_msgs/lib/python3.12/site-packages:${PYTHONPATH} /usr/bin/cmake --install /home/ebrahim/formula-carmaker-fs_2025/FCM_Projects/FS_autonomous/ros/ros2_ws/build/carmaker_rsds_client
[9.556s] -- Install configuration: ""
[9.556s] -- Installing: /home/ebrahim/formula-carmaker-fs_2025/FCM_Projects/FS_autonomous/ros/ros2_ws/install/carmaker_rsds_client/lib/carmaker_rsds_client/carmaker_rsds_client_node
[9.557s] -- Set non-toolchain portion of runtime path of "/home/ebrahim/formula-carmaker-fs_2025/FCM_Projects/FS_autonomous/ros/ros2_ws/install/carmaker_rsds_client/lib/carmaker_rsds_client/carmaker_rsds_client_node" to ""
[9.558s] -- Installing: /home/ebrahim/formula-carmaker-fs_2025/FCM_Projects/FS_autonomous/ros/ros2_ws/install/carmaker_rsds_client/share/carmaker_rsds_client//launch
[9.558s] -- Installing: /home/ebrahim/formula-carmaker-fs_2025/FCM_Projects/FS_autonomous/ros/ros2_ws/install/carmaker_rsds_client/share/carmaker_rsds_client//launch/rqt_image_view.launch.py
[9.558s] -- Installing: /home/ebrahim/formula-carmaker-fs_2025/FCM_Projects/FS_autonomous/ros/ros2_ws/install/carmaker_rsds_client/share/carmaker_rsds_client//launch/carmaker_rsds_client.launch.py
[9.558s] -- Installing: /home/ebrahim/formula-carmaker-fs_2025/FCM_Projects/FS_autonomous/ros/ros2_ws/install/carmaker_rsds_client/share/ament_index/resource_index/package_run_dependencies/carmaker_rsds_client
[9.558s] -- Installing: /home/ebrahim/formula-carmaker-fs_2025/FCM_Projects/FS_autonomous/ros/ros2_ws/install/carmaker_rsds_client/share/ament_index/resource_index/parent_prefix_path/carmaker_rsds_client
[9.558s] -- Installing: /home/ebrahim/formula-carmaker-fs_2025/FCM_Projects/FS_autonomous/ros/ros2_ws/install/carmaker_rsds_client/share/carmaker_rsds_client/environment/ament_prefix_path.sh
[9.558s] -- Installing: /home/ebrahim/formula-carmaker-fs_2025/FCM_Projects/FS_autonomous/ros/ros2_ws/install/carmaker_rsds_client/share/carmaker_rsds_client/environment/ament_prefix_path.dsv
[9.558s] -- Installing: /home/ebrahim/formula-carmaker-fs_2025/FCM_Projects/FS_autonomous/ros/ros2_ws/install/carmaker_rsds_client/share/carmaker_rsds_client/environment/path.sh
[9.559s] -- Installing: /home/ebrahim/formula-carmaker-fs_2025/FCM_Projects/FS_autonomous/ros/ros2_ws/install/carmaker_rsds_client/share/carmaker_rsds_client/environment/path.dsv
[9.559s] -- Installing: /home/ebrahim/formula-carmaker-fs_2025/FCM_Projects/FS_autonomous/ros/ros2_ws/install/carmaker_rsds_client/share/carmaker_rsds_client/local_setup.bash
[9.559s] -- Installing: /home/ebrahim/formula-carmaker-fs_2025/FCM_Projects/FS_autonomous/ros/ros2_ws/install/carmaker_rsds_client/share/carmaker_rsds_client/local_setup.sh
[9.559s] -- Installing: /home/ebrahim/formula-carmaker-fs_2025/FCM_Projects/FS_autonomous/ros/ros2_ws/install/carmaker_rsds_client/share/carmaker_rsds_client/local_setup.zsh
[9.559s] -- Installing: /home/ebrahim/formula-carmaker-fs_2025/FCM_Projects/FS_autonomous/ros/ros2_ws/install/carmaker_rsds_client/share/carmaker_rsds_client/local_setup.dsv
[9.559s] -- Installing: /home/ebrahim/formula-carmaker-fs_2025/FCM_Projects/FS_autonomous/ros/ros2_ws/install/carmaker_rsds_client/share/carmaker_rsds_client/package.dsv
[9.559s] -- Installing: /home/ebrahim/formula-carmaker-fs_2025/FCM_Projects/FS_autonomous/ros/ros2_ws/install/carmaker_rsds_client/share/ament_index/resource_index/packages/carmaker_rsds_client
[9.559s] -- Installing: /home/ebrahim/formula-carmaker-fs_2025/FCM_Projects/FS_autonomous/ros/ros2_ws/install/carmaker_rsds_client/share/carmaker_rsds_client/cmake/carmaker_rsds_clientConfig.cmake
[9.559s] -- Installing: /home/ebrahim/formula-carmaker-fs_2025/FCM_Projects/FS_autonomous/ros/ros2_ws/install/carmaker_rsds_client/share/carmaker_rsds_client/cmake/carmaker_rsds_clientConfig-version.cmake
[9.559s] -- Installing: /home/ebrahim/formula-carmaker-fs_2025/FCM_Projects/FS_autonomous/ros/ros2_ws/install/carmaker_rsds_client/share/carmaker_rsds_client/package.xml
[9.561s] Invoked command in '/home/ebrahim/formula-carmaker-fs_2025/FCM_Projects/FS_autonomous/ros/ros2_ws/build/carmaker_rsds_client' returned '0': AMENT_PREFIX_PATH=/home/ebrahim/formula-carmaker-fs_2025/FCM_Projects/FS_autonomous/ros/ros2_ws/install/cmrosutils:/home/ebrahim/formula-carmaker-fs_2025/FCM_Projects/FS_autonomous/ros/ros2_ws/install/camera_msgs:${AMENT_PREFIX_PATH} CMAKE_PREFIX_PATH=/home/ebrahim/formula-carmaker-fs_2025/FCM_Projects/FS_autonomous/ros/ros2_ws/install/cmrosutils:/home/ebrahim/formula-carmaker-fs_2025/FCM_Projects/FS_autonomous/ros/ros2_ws/install/camera_msgs:/opt/ros/jazzy/opt/gz_launch_vendor:/opt/ros/jazzy/opt/gz_sim_vendor:/opt/ros/jazzy/opt/gz_sensors_vendor:/opt/ros/jazzy/opt/gz_physics_vendor:/opt/ros/jazzy/opt/sdformat_vendor:/opt/ros/jazzy/opt/gz_gui_vendor:/opt/ros/jazzy/opt/gz_transport_vendor:/opt/ros/jazzy/opt/gz_rendering_vendor:/opt/ros/jazzy/opt/gz_plugin_vendor:/opt/ros/jazzy/opt/gz_fuel_tools_vendor:/opt/ros/jazzy/opt/gz_msgs_vendor:/opt/ros/jazzy/opt/gz_common_vendor:/opt/ros/jazzy/opt/gz_math_vendor:/opt/ros/jazzy/opt/gz_utils_vendor:/opt/ros/jazzy/opt/gz_tools_vendor:/opt/ros/jazzy/opt/gz_ogre_next_vendor:/opt/ros/jazzy/opt/gz_dartsim_vendor:/opt/ros/jazzy/opt/gz_cmake_vendor:/opt/ros/jazzy DEBUGINFOD_URLS=https://debuginfod.ubuntu.com LD_LIBRARY_PATH=/home/ebrahim/formula-carmaker-fs_2025/FCM_Projects/FS_autonomous/ros/ros2_ws/install/cmrosutils/lib:/home/ebrahim/formula-carmaker-fs_2025/FCM_Projects/FS_autonomous/ros/ros2_ws/install/camera_msgs/lib:${LD_LIBRARY_PATH} PYTHONPATH=/home/ebrahim/formula-carmaker-fs_2025/FCM_Projects/FS_autonomous/ros/ros2_ws/install/cmrosutils/lib/python3.12/site-packages:/home/ebrahim/formula-carmaker-fs_2025/FCM_Projects/FS_autonomous/ros/ros2_ws/install/camera_msgs/lib/python3.12/site-packages:${PYTHONPATH} /usr/bin/cmake --install /home/ebrahim/formula-carmaker-fs_2025/FCM_Projects/FS_autonomous/ros/ros2_ws/build/carmaker_rsds_client
