[0.018s] Invoking command in '/home/ebrahim/formula-carmaker-fs_2025/FCM_Projects/FS_autonomous/ros/ros2_ws/build/hellocm_cmnode': AMENT_PREFIX_PATH=/home/ebrahim/formula-carmaker-fs_2025/FCM_Projects/FS_autonomous/ros/ros2_ws/install/vehiclecontrol_msgs:/home/ebrahim/formula-carmaker-fs_2025/FCM_Projects/FS_autonomous/ros/ros2_ws/install/hellocm_msgs:/home/ebrahim/formula-carmaker-fs_2025/FCM_Projects/FS_autonomous/ros/ros2_ws/install/cmrosutils:/home/ebrahim/formula-carmaker-fs_2025/FCM_Projects/FS_autonomous/ros/ros2_ws/install/camera_msgs:${AMENT_PREFIX_PATH} CMAKE_PREFIX_PATH=/home/ebrahim/formula-carmaker-fs_2025/FCM_Projects/FS_autonomous/ros/ros2_ws/install/vehiclecontrol_msgs:/home/ebrahim/formula-carmaker-fs_2025/FCM_Projects/FS_autonomous/ros/ros2_ws/install/hellocm_msgs:/home/ebrahim/formula-carmaker-fs_2025/FCM_Projects/FS_autonomous/ros/ros2_ws/install/cmrosutils:/home/ebrahim/formula-carmaker-fs_2025/FCM_Projects/FS_autonomous/ros/ros2_ws/install/camera_msgs:/opt/ros/jazzy/opt/gz_launch_vendor:/opt/ros/jazzy/opt/gz_sim_vendor:/opt/ros/jazzy/opt/gz_sensors_vendor:/opt/ros/jazzy/opt/gz_physics_vendor:/opt/ros/jazzy/opt/sdformat_vendor:/opt/ros/jazzy/opt/gz_gui_vendor:/opt/ros/jazzy/opt/gz_transport_vendor:/opt/ros/jazzy/opt/gz_rendering_vendor:/opt/ros/jazzy/opt/gz_plugin_vendor:/opt/ros/jazzy/opt/gz_fuel_tools_vendor:/opt/ros/jazzy/opt/gz_msgs_vendor:/opt/ros/jazzy/opt/gz_common_vendor:/opt/ros/jazzy/opt/gz_math_vendor:/opt/ros/jazzy/opt/gz_utils_vendor:/opt/ros/jazzy/opt/gz_tools_vendor:/opt/ros/jazzy/opt/gz_ogre_next_vendor:/opt/ros/jazzy/opt/gz_dartsim_vendor:/opt/ros/jazzy/opt/gz_cmake_vendor:/opt/ros/jazzy DEBUGINFOD_URLS=https://debuginfod.ubuntu.com LD_LIBRARY_PATH=/home/ebrahim/formula-carmaker-fs_2025/FCM_Projects/FS_autonomous/ros/ros2_ws/install/vehiclecontrol_msgs/lib:/home/ebrahim/formula-carmaker-fs_2025/FCM_Projects/FS_autonomous/ros/ros2_ws/install/hellocm_msgs/lib:/home/ebrahim/formula-carmaker-fs_2025/FCM_Projects/FS_autonomous/ros/ros2_ws/install/cmrosutils/lib:/home/ebrahim/formula-carmaker-fs_2025/FCM_Projects/FS_autonomous/ros/ros2_ws/install/camera_msgs/lib:${LD_LIBRARY_PATH} PYTHONPATH=/home/ebrahim/formula-carmaker-fs_2025/FCM_Projects/FS_autonomous/ros/ros2_ws/install/vehiclecontrol_msgs/lib/python3.12/site-packages:/home/ebrahim/formula-carmaker-fs_2025/FCM_Projects/FS_autonomous/ros/ros2_ws/install/hellocm_msgs/lib/python3.12/site-packages:/home/ebrahim/formula-carmaker-fs_2025/FCM_Projects/FS_autonomous/ros/ros2_ws/install/cmrosutils/lib/python3.12/site-packages:/home/ebrahim/formula-carmaker-fs_2025/FCM_Projects/FS_autonomous/ros/ros2_ws/install/camera_msgs/lib/python3.12/site-packages:${PYTHONPATH} /usr/bin/cmake /home/ebrahim/formula-carmaker-fs_2025/FCM_Projects/FS_autonomous/ros/ros2_ws/src/hellocm_cmnode -DCARMAKER_VER:STRING=14.1.1 -DCARMAKER_DIR:PATH=/opt/ipg/carmaker/linux64-14.1.1 --no-warn-unused-cli -DCMAKE_INSTALL_PREFIX=/home/ebrahim/formula-carmaker-fs_2025/FCM_Projects/FS_autonomous/ros/ros2_ws/install/hellocm_cmnode
[0.025s] Not searching for unused variables given on the command line.
[0.070s] -- The C compiler identification is GNU 12.4.0
[0.122s] -- The CXX compiler identification is GNU 12.4.0
[0.137s] -- Detecting C compiler ABI info
[0.217s] -- Detecting C compiler ABI info - done
[0.226s] -- Check for working C compiler: /usr/bin/cc - skipped
[0.227s] -- Detecting C compile features
[0.227s] -- Detecting C compile features - done
[0.237s] -- Detecting CXX compiler ABI info
[0.329s] -- Detecting CXX compiler ABI info - done
[0.340s] -- Check for working CXX compiler: /usr/bin/c++ - skipped
[0.340s] -- Detecting CXX compile features
[0.340s] -- Detecting CXX compile features - done
[0.345s] -- Found ament_cmake: 2.5.4 (/opt/ros/jazzy/share/ament_cmake/cmake)
[0.678s] -- Found Python3: /usr/bin/python3 (found version "3.12.3") found components: Interpreter 
[0.815s] -- Found angles: 1.16.1 (/opt/ros/jazzy/share/angles/cmake)
[0.823s] -- Found rclcpp: 28.1.13 (/opt/ros/jazzy/share/rclcpp/cmake)
[0.896s] -- Found rosidl_generator_c: 4.6.6 (/opt/ros/jazzy/share/rosidl_generator_c/cmake)
[0.917s] -- Found rosidl_generator_cpp: 4.6.6 (/opt/ros/jazzy/share/rosidl_generator_cpp/cmake)
[0.941s] -- Using all available rosidl_typesupport_c: rosidl_typesupport_fastrtps_c;rosidl_typesupport_introspection_c
[0.968s] -- Using all available rosidl_typesupport_cpp: rosidl_typesupport_fastrtps_cpp;rosidl_typesupport_introspection_cpp
[1.071s] -- Found rmw_implementation_cmake: 7.3.2 (/opt/ros/jazzy/share/rmw_implementation_cmake/cmake)
[1.076s] -- Found rmw_zenoh_cpp: 0.2.9 (/opt/ros/jazzy/share/rmw_zenoh_cpp/cmake)
[1.077s] -- Using RMW implementation 'rmw_zenoh_cpp' as default
[1.172s] -- Found rclpy: 7.1.6 (/opt/ros/jazzy/share/rclpy/cmake)
[1.175s] -- Found std_msgs: 5.3.6 (/opt/ros/jazzy/share/std_msgs/cmake)
[1.190s] -- Found cmrosutils: 0.1.0 (/home/ebrahim/formula-carmaker-fs_2025/FCM_Projects/FS_autonomous/ros/ros2_ws/install/cmrosutils/share/cmrosutils/cmake)
[1.209s] -- Found hellocm_msgs: 0.1.0 (/home/ebrahim/formula-carmaker-fs_2025/FCM_Projects/FS_autonomous/ros/ros2_ws/install/hellocm_msgs/share/hellocm_msgs/cmake)
[1.230s] -- Found vehiclecontrol_msgs: 1.0.0 (/home/ebrahim/formula-carmaker-fs_2025/FCM_Projects/FS_autonomous/ros/ros2_ws/install/vehiclecontrol_msgs/share/vehiclecontrol_msgs/cmake)
[1.249s] -- Found camera_msgs: 1.0.0 (/home/ebrahim/formula-carmaker-fs_2025/FCM_Projects/FS_autonomous/ros/ros2_ws/install/camera_msgs/share/camera_msgs/cmake)
[1.271s] -- Found tf2: 0.36.16 (/opt/ros/jazzy/share/tf2/cmake)
[1.298s] -- Found tf2_ros: 0.36.16 (/opt/ros/jazzy/share/tf2_ros/cmake)
[1.458s] -- Found tf2_geometry_msgs: 0.36.16 (/opt/ros/jazzy/share/tf2_geometry_msgs/cmake)
[1.480s] -- Found eigen3_cmake_module: 0.3.0 (/opt/ros/jazzy/share/eigen3_cmake_module/cmake)
[1.482s] -- Found Eigen3: TRUE (found version "3.4.0") 
[1.482s] -- Ensuring Eigen3 include directory is part of orocos-kdl CMake target
[1.487s] -- Found visualization_msgs: 5.3.6 (/opt/ros/jazzy/share/visualization_msgs/cmake)
[1.555s] -- Found nav_msgs: 5.3.6 (/opt/ros/jazzy/share/nav_msgs/cmake)
[1.597s] -- Found ament_lint_auto: 0.17.3 (/opt/ros/jazzy/share/ament_lint_auto/cmake)
[1.737s] -- Added test 'copyright' to check source files copyright and LICENSE
[1.739s] -- Added test 'cppcheck' to perform static code analysis on C / C++ code
[1.739s] -- Configured cppcheck include dirs: 
[1.739s] -- Configured cppcheck exclude dirs and/or files: 
[1.740s] -- Added test 'cpplint' to check C / C++ code against the Google style
[1.740s] -- Configured cpplint exclude dirs and/or files: 
[1.741s] -- Added test 'flake8' to check Python code syntax and style conventions
[1.741s] -- Configured 'flake8' exclude dirs and/or files: 
[1.742s] -- Added test 'lint_cmake' to check CMake code style
[1.743s] -- Added test 'pep257' to check Python code against some of the docstring style conventions in PEP 257
[1.744s] -- Added test 'uncrustify' to check C / C++ code style
[1.745s] -- Configured uncrustify additional arguments: 
[1.745s] -- Added test 'xmllint' to check XML markup files
[1.748s] -- Configuring done (1.7s)
[1.766s] -- Generating done (0.0s)
[1.772s] -- Build files have been written to: /home/ebrahim/formula-carmaker-fs_2025/FCM_Projects/FS_autonomous/ros/ros2_ws/build/hellocm_cmnode
[1.782s] Invoked command in '/home/ebrahim/formula-carmaker-fs_2025/FCM_Projects/FS_autonomous/ros/ros2_ws/build/hellocm_cmnode' returned '0': AMENT_PREFIX_PATH=/home/ebrahim/formula-carmaker-fs_2025/FCM_Projects/FS_autonomous/ros/ros2_ws/install/vehiclecontrol_msgs:/home/ebrahim/formula-carmaker-fs_2025/FCM_Projects/FS_autonomous/ros/ros2_ws/install/hellocm_msgs:/home/ebrahim/formula-carmaker-fs_2025/FCM_Projects/FS_autonomous/ros/ros2_ws/install/cmrosutils:/home/ebrahim/formula-carmaker-fs_2025/FCM_Projects/FS_autonomous/ros/ros2_ws/install/camera_msgs:${AMENT_PREFIX_PATH} CMAKE_PREFIX_PATH=/home/ebrahim/formula-carmaker-fs_2025/FCM_Projects/FS_autonomous/ros/ros2_ws/install/vehiclecontrol_msgs:/home/ebrahim/formula-carmaker-fs_2025/FCM_Projects/FS_autonomous/ros/ros2_ws/install/hellocm_msgs:/home/ebrahim/formula-carmaker-fs_2025/FCM_Projects/FS_autonomous/ros/ros2_ws/install/cmrosutils:/home/ebrahim/formula-carmaker-fs_2025/FCM_Projects/FS_autonomous/ros/ros2_ws/install/camera_msgs:/opt/ros/jazzy/opt/gz_launch_vendor:/opt/ros/jazzy/opt/gz_sim_vendor:/opt/ros/jazzy/opt/gz_sensors_vendor:/opt/ros/jazzy/opt/gz_physics_vendor:/opt/ros/jazzy/opt/sdformat_vendor:/opt/ros/jazzy/opt/gz_gui_vendor:/opt/ros/jazzy/opt/gz_transport_vendor:/opt/ros/jazzy/opt/gz_rendering_vendor:/opt/ros/jazzy/opt/gz_plugin_vendor:/opt/ros/jazzy/opt/gz_fuel_tools_vendor:/opt/ros/jazzy/opt/gz_msgs_vendor:/opt/ros/jazzy/opt/gz_common_vendor:/opt/ros/jazzy/opt/gz_math_vendor:/opt/ros/jazzy/opt/gz_utils_vendor:/opt/ros/jazzy/opt/gz_tools_vendor:/opt/ros/jazzy/opt/gz_ogre_next_vendor:/opt/ros/jazzy/opt/gz_dartsim_vendor:/opt/ros/jazzy/opt/gz_cmake_vendor:/opt/ros/jazzy DEBUGINFOD_URLS=https://debuginfod.ubuntu.com LD_LIBRARY_PATH=/home/ebrahim/formula-carmaker-fs_2025/FCM_Projects/FS_autonomous/ros/ros2_ws/install/vehiclecontrol_msgs/lib:/home/ebrahim/formula-carmaker-fs_2025/FCM_Projects/FS_autonomous/ros/ros2_ws/install/hellocm_msgs/lib:/home/ebrahim/formula-carmaker-fs_2025/FCM_Projects/FS_autonomous/ros/ros2_ws/install/cmrosutils/lib:/home/ebrahim/formula-carmaker-fs_2025/FCM_Projects/FS_autonomous/ros/ros2_ws/install/camera_msgs/lib:${LD_LIBRARY_PATH} PYTHONPATH=/home/ebrahim/formula-carmaker-fs_2025/FCM_Projects/FS_autonomous/ros/ros2_ws/install/vehiclecontrol_msgs/lib/python3.12/site-packages:/home/ebrahim/formula-carmaker-fs_2025/FCM_Projects/FS_autonomous/ros/ros2_ws/install/hellocm_msgs/lib/python3.12/site-packages:/home/ebrahim/formula-carmaker-fs_2025/FCM_Projects/FS_autonomous/ros/ros2_ws/install/cmrosutils/lib/python3.12/site-packages:/home/ebrahim/formula-carmaker-fs_2025/FCM_Projects/FS_autonomous/ros/ros2_ws/install/camera_msgs/lib/python3.12/site-packages:${PYTHONPATH} /usr/bin/cmake /home/ebrahim/formula-carmaker-fs_2025/FCM_Projects/FS_autonomous/ros/ros2_ws/src/hellocm_cmnode -DCARMAKER_VER:STRING=14.1.1 -DCARMAKER_DIR:PATH=/opt/ipg/carmaker/linux64-14.1.1 --no-warn-unused-cli -DCMAKE_INSTALL_PREFIX=/home/ebrahim/formula-carmaker-fs_2025/FCM_Projects/FS_autonomous/ros/ros2_ws/install/hellocm_cmnode
[1.783s] Invoking command in '/home/ebrahim/formula-carmaker-fs_2025/FCM_Projects/FS_autonomous/ros/ros2_ws/build/hellocm_cmnode': AMENT_PREFIX_PATH=/home/ebrahim/formula-carmaker-fs_2025/FCM_Projects/FS_autonomous/ros/ros2_ws/install/vehiclecontrol_msgs:/home/ebrahim/formula-carmaker-fs_2025/FCM_Projects/FS_autonomous/ros/ros2_ws/install/hellocm_msgs:/home/ebrahim/formula-carmaker-fs_2025/FCM_Projects/FS_autonomous/ros/ros2_ws/install/cmrosutils:/home/ebrahim/formula-carmaker-fs_2025/FCM_Projects/FS_autonomous/ros/ros2_ws/install/camera_msgs:${AMENT_PREFIX_PATH} CMAKE_PREFIX_PATH=/home/ebrahim/formula-carmaker-fs_2025/FCM_Projects/FS_autonomous/ros/ros2_ws/install/vehiclecontrol_msgs:/home/ebrahim/formula-carmaker-fs_2025/FCM_Projects/FS_autonomous/ros/ros2_ws/install/hellocm_msgs:/home/ebrahim/formula-carmaker-fs_2025/FCM_Projects/FS_autonomous/ros/ros2_ws/install/cmrosutils:/home/ebrahim/formula-carmaker-fs_2025/FCM_Projects/FS_autonomous/ros/ros2_ws/install/camera_msgs:/opt/ros/jazzy/opt/gz_launch_vendor:/opt/ros/jazzy/opt/gz_sim_vendor:/opt/ros/jazzy/opt/gz_sensors_vendor:/opt/ros/jazzy/opt/gz_physics_vendor:/opt/ros/jazzy/opt/sdformat_vendor:/opt/ros/jazzy/opt/gz_gui_vendor:/opt/ros/jazzy/opt/gz_transport_vendor:/opt/ros/jazzy/opt/gz_rendering_vendor:/opt/ros/jazzy/opt/gz_plugin_vendor:/opt/ros/jazzy/opt/gz_fuel_tools_vendor:/opt/ros/jazzy/opt/gz_msgs_vendor:/opt/ros/jazzy/opt/gz_common_vendor:/opt/ros/jazzy/opt/gz_math_vendor:/opt/ros/jazzy/opt/gz_utils_vendor:/opt/ros/jazzy/opt/gz_tools_vendor:/opt/ros/jazzy/opt/gz_ogre_next_vendor:/opt/ros/jazzy/opt/gz_dartsim_vendor:/opt/ros/jazzy/opt/gz_cmake_vendor:/opt/ros/jazzy DEBUGINFOD_URLS=https://debuginfod.ubuntu.com LD_LIBRARY_PATH=/home/ebrahim/formula-carmaker-fs_2025/FCM_Projects/FS_autonomous/ros/ros2_ws/install/vehiclecontrol_msgs/lib:/home/ebrahim/formula-carmaker-fs_2025/FCM_Projects/FS_autonomous/ros/ros2_ws/install/hellocm_msgs/lib:/home/ebrahim/formula-carmaker-fs_2025/FCM_Projects/FS_autonomous/ros/ros2_ws/install/cmrosutils/lib:/home/ebrahim/formula-carmaker-fs_2025/FCM_Projects/FS_autonomous/ros/ros2_ws/install/camera_msgs/lib:${LD_LIBRARY_PATH} PYTHONPATH=/home/ebrahim/formula-carmaker-fs_2025/FCM_Projects/FS_autonomous/ros/ros2_ws/install/vehiclecontrol_msgs/lib/python3.12/site-packages:/home/ebrahim/formula-carmaker-fs_2025/FCM_Projects/FS_autonomous/ros/ros2_ws/install/hellocm_msgs/lib/python3.12/site-packages:/home/ebrahim/formula-carmaker-fs_2025/FCM_Projects/FS_autonomous/ros/ros2_ws/install/cmrosutils/lib/python3.12/site-packages:/home/ebrahim/formula-carmaker-fs_2025/FCM_Projects/FS_autonomous/ros/ros2_ws/install/camera_msgs/lib/python3.12/site-packages:${PYTHONPATH} /usr/bin/cmake --build /home/ebrahim/formula-carmaker-fs_2025/FCM_Projects/FS_autonomous/ros/ros2_ws/build/hellocm_cmnode -- -j12 -l12
[1.846s] [ 50%] [32mBuilding CXX object CMakeFiles/CMNode_ROS2_HelloCM.dir/src/CMNode_ROS2_HelloCM.cpp.o[0m
[21.981s] [100%] [32m[1mLinking CXX shared library libCMNode_ROS2_HelloCM.so[0m
[22.693s] [100%] Built target CMNode_ROS2_HelloCM
[22.703s] Invoked command in '/home/ebrahim/formula-carmaker-fs_2025/FCM_Projects/FS_autonomous/ros/ros2_ws/build/hellocm_cmnode' returned '0': AMENT_PREFIX_PATH=/home/ebrahim/formula-carmaker-fs_2025/FCM_Projects/FS_autonomous/ros/ros2_ws/install/vehiclecontrol_msgs:/home/ebrahim/formula-carmaker-fs_2025/FCM_Projects/FS_autonomous/ros/ros2_ws/install/hellocm_msgs:/home/ebrahim/formula-carmaker-fs_2025/FCM_Projects/FS_autonomous/ros/ros2_ws/install/cmrosutils:/home/ebrahim/formula-carmaker-fs_2025/FCM_Projects/FS_autonomous/ros/ros2_ws/install/camera_msgs:${AMENT_PREFIX_PATH} CMAKE_PREFIX_PATH=/home/ebrahim/formula-carmaker-fs_2025/FCM_Projects/FS_autonomous/ros/ros2_ws/install/vehiclecontrol_msgs:/home/ebrahim/formula-carmaker-fs_2025/FCM_Projects/FS_autonomous/ros/ros2_ws/install/hellocm_msgs:/home/ebrahim/formula-carmaker-fs_2025/FCM_Projects/FS_autonomous/ros/ros2_ws/install/cmrosutils:/home/ebrahim/formula-carmaker-fs_2025/FCM_Projects/FS_autonomous/ros/ros2_ws/install/camera_msgs:/opt/ros/jazzy/opt/gz_launch_vendor:/opt/ros/jazzy/opt/gz_sim_vendor:/opt/ros/jazzy/opt/gz_sensors_vendor:/opt/ros/jazzy/opt/gz_physics_vendor:/opt/ros/jazzy/opt/sdformat_vendor:/opt/ros/jazzy/opt/gz_gui_vendor:/opt/ros/jazzy/opt/gz_transport_vendor:/opt/ros/jazzy/opt/gz_rendering_vendor:/opt/ros/jazzy/opt/gz_plugin_vendor:/opt/ros/jazzy/opt/gz_fuel_tools_vendor:/opt/ros/jazzy/opt/gz_msgs_vendor:/opt/ros/jazzy/opt/gz_common_vendor:/opt/ros/jazzy/opt/gz_math_vendor:/opt/ros/jazzy/opt/gz_utils_vendor:/opt/ros/jazzy/opt/gz_tools_vendor:/opt/ros/jazzy/opt/gz_ogre_next_vendor:/opt/ros/jazzy/opt/gz_dartsim_vendor:/opt/ros/jazzy/opt/gz_cmake_vendor:/opt/ros/jazzy DEBUGINFOD_URLS=https://debuginfod.ubuntu.com LD_LIBRARY_PATH=/home/ebrahim/formula-carmaker-fs_2025/FCM_Projects/FS_autonomous/ros/ros2_ws/install/vehiclecontrol_msgs/lib:/home/ebrahim/formula-carmaker-fs_2025/FCM_Projects/FS_autonomous/ros/ros2_ws/install/hellocm_msgs/lib:/home/ebrahim/formula-carmaker-fs_2025/FCM_Projects/FS_autonomous/ros/ros2_ws/install/cmrosutils/lib:/home/ebrahim/formula-carmaker-fs_2025/FCM_Projects/FS_autonomous/ros/ros2_ws/install/camera_msgs/lib:${LD_LIBRARY_PATH} PYTHONPATH=/home/ebrahim/formula-carmaker-fs_2025/FCM_Projects/FS_autonomous/ros/ros2_ws/install/vehiclecontrol_msgs/lib/python3.12/site-packages:/home/ebrahim/formula-carmaker-fs_2025/FCM_Projects/FS_autonomous/ros/ros2_ws/install/hellocm_msgs/lib/python3.12/site-packages:/home/ebrahim/formula-carmaker-fs_2025/FCM_Projects/FS_autonomous/ros/ros2_ws/install/cmrosutils/lib/python3.12/site-packages:/home/ebrahim/formula-carmaker-fs_2025/FCM_Projects/FS_autonomous/ros/ros2_ws/install/camera_msgs/lib/python3.12/site-packages:${PYTHONPATH} /usr/bin/cmake --build /home/ebrahim/formula-carmaker-fs_2025/FCM_Projects/FS_autonomous/ros/ros2_ws/build/hellocm_cmnode -- -j12 -l12
[22.704s] Invoking command in '/home/ebrahim/formula-carmaker-fs_2025/FCM_Projects/FS_autonomous/ros/ros2_ws/build/hellocm_cmnode': AMENT_PREFIX_PATH=/home/ebrahim/formula-carmaker-fs_2025/FCM_Projects/FS_autonomous/ros/ros2_ws/install/vehiclecontrol_msgs:/home/ebrahim/formula-carmaker-fs_2025/FCM_Projects/FS_autonomous/ros/ros2_ws/install/hellocm_msgs:/home/ebrahim/formula-carmaker-fs_2025/FCM_Projects/FS_autonomous/ros/ros2_ws/install/cmrosutils:/home/ebrahim/formula-carmaker-fs_2025/FCM_Projects/FS_autonomous/ros/ros2_ws/install/camera_msgs:${AMENT_PREFIX_PATH} CMAKE_PREFIX_PATH=/home/ebrahim/formula-carmaker-fs_2025/FCM_Projects/FS_autonomous/ros/ros2_ws/install/vehiclecontrol_msgs:/home/ebrahim/formula-carmaker-fs_2025/FCM_Projects/FS_autonomous/ros/ros2_ws/install/hellocm_msgs:/home/ebrahim/formula-carmaker-fs_2025/FCM_Projects/FS_autonomous/ros/ros2_ws/install/cmrosutils:/home/ebrahim/formula-carmaker-fs_2025/FCM_Projects/FS_autonomous/ros/ros2_ws/install/camera_msgs:/opt/ros/jazzy/opt/gz_launch_vendor:/opt/ros/jazzy/opt/gz_sim_vendor:/opt/ros/jazzy/opt/gz_sensors_vendor:/opt/ros/jazzy/opt/gz_physics_vendor:/opt/ros/jazzy/opt/sdformat_vendor:/opt/ros/jazzy/opt/gz_gui_vendor:/opt/ros/jazzy/opt/gz_transport_vendor:/opt/ros/jazzy/opt/gz_rendering_vendor:/opt/ros/jazzy/opt/gz_plugin_vendor:/opt/ros/jazzy/opt/gz_fuel_tools_vendor:/opt/ros/jazzy/opt/gz_msgs_vendor:/opt/ros/jazzy/opt/gz_common_vendor:/opt/ros/jazzy/opt/gz_math_vendor:/opt/ros/jazzy/opt/gz_utils_vendor:/opt/ros/jazzy/opt/gz_tools_vendor:/opt/ros/jazzy/opt/gz_ogre_next_vendor:/opt/ros/jazzy/opt/gz_dartsim_vendor:/opt/ros/jazzy/opt/gz_cmake_vendor:/opt/ros/jazzy DEBUGINFOD_URLS=https://debuginfod.ubuntu.com LD_LIBRARY_PATH=/home/ebrahim/formula-carmaker-fs_2025/FCM_Projects/FS_autonomous/ros/ros2_ws/install/vehiclecontrol_msgs/lib:/home/ebrahim/formula-carmaker-fs_2025/FCM_Projects/FS_autonomous/ros/ros2_ws/install/hellocm_msgs/lib:/home/ebrahim/formula-carmaker-fs_2025/FCM_Projects/FS_autonomous/ros/ros2_ws/install/cmrosutils/lib:/home/ebrahim/formula-carmaker-fs_2025/FCM_Projects/FS_autonomous/ros/ros2_ws/install/camera_msgs/lib:${LD_LIBRARY_PATH} PYTHONPATH=/home/ebrahim/formula-carmaker-fs_2025/FCM_Projects/FS_autonomous/ros/ros2_ws/install/vehiclecontrol_msgs/lib/python3.12/site-packages:/home/ebrahim/formula-carmaker-fs_2025/FCM_Projects/FS_autonomous/ros/ros2_ws/install/hellocm_msgs/lib/python3.12/site-packages:/home/ebrahim/formula-carmaker-fs_2025/FCM_Projects/FS_autonomous/ros/ros2_ws/install/cmrosutils/lib/python3.12/site-packages:/home/ebrahim/formula-carmaker-fs_2025/FCM_Projects/FS_autonomous/ros/ros2_ws/install/camera_msgs/lib/python3.12/site-packages:${PYTHONPATH} /usr/bin/cmake --install /home/ebrahim/formula-carmaker-fs_2025/FCM_Projects/FS_autonomous/ros/ros2_ws/build/hellocm_cmnode
[22.711s] -- Install configuration: ""
[22.711s] -- Installing: /home/ebrahim/formula-carmaker-fs_2025/FCM_Projects/FS_autonomous/ros/ros2_ws/install/hellocm_cmnode/lib/libCMNode_ROS2_HelloCM.so
[22.720s] -- Set non-toolchain portion of runtime path of "/home/ebrahim/formula-carmaker-fs_2025/FCM_Projects/FS_autonomous/ros/ros2_ws/install/hellocm_cmnode/lib/libCMNode_ROS2_HelloCM.so" to ""
[22.720s] -- Installing: /home/ebrahim/formula-carmaker-fs_2025/FCM_Projects/FS_autonomous/ros/ros2_ws/install/hellocm_cmnode/share/hellocm_cmnode//launch
[22.720s] -- Installing: /home/ebrahim/formula-carmaker-fs_2025/FCM_Projects/FS_autonomous/ros/ros2_ws/install/hellocm_cmnode/share/hellocm_cmnode//launch/ads-dv_rviz2.rviz
[22.720s] -- Installing: /home/ebrahim/formula-carmaker-fs_2025/FCM_Projects/FS_autonomous/ros/ros2_ws/install/hellocm_cmnode/share/hellocm_cmnode//launch/ads-dv_rviz2.launch.py
[22.720s] -- Installing: /home/ebrahim/formula-carmaker-fs_2025/FCM_Projects/FS_autonomous/ros/ros2_ws/install/hellocm_cmnode/share/hellocm_cmnode/environment/library_path.sh
[22.720s] -- Installing: /home/ebrahim/formula-carmaker-fs_2025/FCM_Projects/FS_autonomous/ros/ros2_ws/install/hellocm_cmnode/share/hellocm_cmnode/environment/library_path.dsv
[22.720s] -- Installing: /home/ebrahim/formula-carmaker-fs_2025/FCM_Projects/FS_autonomous/ros/ros2_ws/install/hellocm_cmnode/share/ament_index/resource_index/package_run_dependencies/hellocm_cmnode
[22.721s] -- Installing: /home/ebrahim/formula-carmaker-fs_2025/FCM_Projects/FS_autonomous/ros/ros2_ws/install/hellocm_cmnode/share/ament_index/resource_index/parent_prefix_path/hellocm_cmnode
[22.721s] -- Installing: /home/ebrahim/formula-carmaker-fs_2025/FCM_Projects/FS_autonomous/ros/ros2_ws/install/hellocm_cmnode/share/hellocm_cmnode/environment/ament_prefix_path.sh
[22.721s] -- Installing: /home/ebrahim/formula-carmaker-fs_2025/FCM_Projects/FS_autonomous/ros/ros2_ws/install/hellocm_cmnode/share/hellocm_cmnode/environment/ament_prefix_path.dsv
[22.721s] -- Installing: /home/ebrahim/formula-carmaker-fs_2025/FCM_Projects/FS_autonomous/ros/ros2_ws/install/hellocm_cmnode/share/hellocm_cmnode/environment/path.sh
[22.721s] -- Installing: /home/ebrahim/formula-carmaker-fs_2025/FCM_Projects/FS_autonomous/ros/ros2_ws/install/hellocm_cmnode/share/hellocm_cmnode/environment/path.dsv
[22.721s] -- Installing: /home/ebrahim/formula-carmaker-fs_2025/FCM_Projects/FS_autonomous/ros/ros2_ws/install/hellocm_cmnode/share/hellocm_cmnode/local_setup.bash
[22.722s] -- Installing: /home/ebrahim/formula-carmaker-fs_2025/FCM_Projects/FS_autonomous/ros/ros2_ws/install/hellocm_cmnode/share/hellocm_cmnode/local_setup.sh
[22.722s] -- Installing: /home/ebrahim/formula-carmaker-fs_2025/FCM_Projects/FS_autonomous/ros/ros2_ws/install/hellocm_cmnode/share/hellocm_cmnode/local_setup.zsh
[22.722s] -- Installing: /home/ebrahim/formula-carmaker-fs_2025/FCM_Projects/FS_autonomous/ros/ros2_ws/install/hellocm_cmnode/share/hellocm_cmnode/local_setup.dsv
[22.722s] -- Installing: /home/ebrahim/formula-carmaker-fs_2025/FCM_Projects/FS_autonomous/ros/ros2_ws/install/hellocm_cmnode/share/hellocm_cmnode/package.dsv
[22.722s] -- Installing: /home/ebrahim/formula-carmaker-fs_2025/FCM_Projects/FS_autonomous/ros/ros2_ws/install/hellocm_cmnode/share/ament_index/resource_index/packages/hellocm_cmnode
[22.722s] -- Installing: /home/ebrahim/formula-carmaker-fs_2025/FCM_Projects/FS_autonomous/ros/ros2_ws/install/hellocm_cmnode/share/hellocm_cmnode/cmake/ament_cmake_export_libraries-extras.cmake
[22.722s] -- Installing: /home/ebrahim/formula-carmaker-fs_2025/FCM_Projects/FS_autonomous/ros/ros2_ws/install/hellocm_cmnode/share/hellocm_cmnode/cmake/hellocm_cmnodeConfig.cmake
[22.722s] -- Installing: /home/ebrahim/formula-carmaker-fs_2025/FCM_Projects/FS_autonomous/ros/ros2_ws/install/hellocm_cmnode/share/hellocm_cmnode/cmake/hellocm_cmnodeConfig-version.cmake
[22.722s] -- Installing: /home/ebrahim/formula-carmaker-fs_2025/FCM_Projects/FS_autonomous/ros/ros2_ws/install/hellocm_cmnode/share/hellocm_cmnode/package.xml
[22.724s] Invoked command in '/home/ebrahim/formula-carmaker-fs_2025/FCM_Projects/FS_autonomous/ros/ros2_ws/build/hellocm_cmnode' returned '0': AMENT_PREFIX_PATH=/home/ebrahim/formula-carmaker-fs_2025/FCM_Projects/FS_autonomous/ros/ros2_ws/install/vehiclecontrol_msgs:/home/ebrahim/formula-carmaker-fs_2025/FCM_Projects/FS_autonomous/ros/ros2_ws/install/hellocm_msgs:/home/ebrahim/formula-carmaker-fs_2025/FCM_Projects/FS_autonomous/ros/ros2_ws/install/cmrosutils:/home/ebrahim/formula-carmaker-fs_2025/FCM_Projects/FS_autonomous/ros/ros2_ws/install/camera_msgs:${AMENT_PREFIX_PATH} CMAKE_PREFIX_PATH=/home/ebrahim/formula-carmaker-fs_2025/FCM_Projects/FS_autonomous/ros/ros2_ws/install/vehiclecontrol_msgs:/home/ebrahim/formula-carmaker-fs_2025/FCM_Projects/FS_autonomous/ros/ros2_ws/install/hellocm_msgs:/home/ebrahim/formula-carmaker-fs_2025/FCM_Projects/FS_autonomous/ros/ros2_ws/install/cmrosutils:/home/ebrahim/formula-carmaker-fs_2025/FCM_Projects/FS_autonomous/ros/ros2_ws/install/camera_msgs:/opt/ros/jazzy/opt/gz_launch_vendor:/opt/ros/jazzy/opt/gz_sim_vendor:/opt/ros/jazzy/opt/gz_sensors_vendor:/opt/ros/jazzy/opt/gz_physics_vendor:/opt/ros/jazzy/opt/sdformat_vendor:/opt/ros/jazzy/opt/gz_gui_vendor:/opt/ros/jazzy/opt/gz_transport_vendor:/opt/ros/jazzy/opt/gz_rendering_vendor:/opt/ros/jazzy/opt/gz_plugin_vendor:/opt/ros/jazzy/opt/gz_fuel_tools_vendor:/opt/ros/jazzy/opt/gz_msgs_vendor:/opt/ros/jazzy/opt/gz_common_vendor:/opt/ros/jazzy/opt/gz_math_vendor:/opt/ros/jazzy/opt/gz_utils_vendor:/opt/ros/jazzy/opt/gz_tools_vendor:/opt/ros/jazzy/opt/gz_ogre_next_vendor:/opt/ros/jazzy/opt/gz_dartsim_vendor:/opt/ros/jazzy/opt/gz_cmake_vendor:/opt/ros/jazzy DEBUGINFOD_URLS=https://debuginfod.ubuntu.com LD_LIBRARY_PATH=/home/ebrahim/formula-carmaker-fs_2025/FCM_Projects/FS_autonomous/ros/ros2_ws/install/vehiclecontrol_msgs/lib:/home/ebrahim/formula-carmaker-fs_2025/FCM_Projects/FS_autonomous/ros/ros2_ws/install/hellocm_msgs/lib:/home/ebrahim/formula-carmaker-fs_2025/FCM_Projects/FS_autonomous/ros/ros2_ws/install/cmrosutils/lib:/home/ebrahim/formula-carmaker-fs_2025/FCM_Projects/FS_autonomous/ros/ros2_ws/install/camera_msgs/lib:${LD_LIBRARY_PATH} PYTHONPATH=/home/ebrahim/formula-carmaker-fs_2025/FCM_Projects/FS_autonomous/ros/ros2_ws/install/vehiclecontrol_msgs/lib/python3.12/site-packages:/home/ebrahim/formula-carmaker-fs_2025/FCM_Projects/FS_autonomous/ros/ros2_ws/install/hellocm_msgs/lib/python3.12/site-packages:/home/ebrahim/formula-carmaker-fs_2025/FCM_Projects/FS_autonomous/ros/ros2_ws/install/cmrosutils/lib/python3.12/site-packages:/home/ebrahim/formula-carmaker-fs_2025/FCM_Projects/FS_autonomous/ros/ros2_ws/install/camera_msgs/lib/python3.12/site-packages:${PYTHONPATH} /usr/bin/cmake --install /home/ebrahim/formula-carmaker-fs_2025/FCM_Projects/FS_autonomous/ros/ros2_ws/build/hellocm_cmnode
