[0.022s] Invoking command in '/home/ebrahim/formula-carmaker-fs_2025/FCM_Projects/FS_autonomous/ros/ros2_ws/build/cmrosutils': CMAKE_PREFIX_PATH=${CMAKE_PREFIX_PATH}:/opt/ros/jazzy DEBUGINFOD_URLS=https://debuginfod.ubuntu.com /usr/bin/cmake /home/ebrahim/formula-carmaker-fs_2025/FCM_Projects/FS_autonomous/ros/ros2_ws/src/cmrosutils -DCARMAKER_VER:STRING=14.1.1 -DCARMAKER_DIR:PATH=/opt/ipg/carmaker/linux64-14.1.1 --no-warn-unused-cli -DCMAKE_INSTALL_PREFIX=/home/ebrahim/formula-carmaker-fs_2025/FCM_Projects/FS_autonomous/ros/ros2_ws/install/cmrosutils
[0.032s] Not searching for unused variables given on the command line.
[0.118s] -- The C compiler identification is GNU 12.4.0
[0.204s] -- The CXX compiler identification is GNU 12.4.0
[0.232s] -- Detecting C compiler ABI info
[0.358s] -- Detecting C compiler ABI info - done
[0.379s] -- Check for working C compiler: /usr/bin/cc - skipped
[0.379s] -- Detecting C compile features
[0.380s] -- Detecting C compile features - done
[0.395s] -- Detecting CXX compiler ABI info
[0.535s] -- Detecting CXX compiler ABI info - done
[0.554s] -- Check for working CXX compiler: /usr/bin/c++ - skipped
[0.554s] -- Detecting CXX compile features
[0.556s] -- Detecting CXX compile features - done
[0.563s] -- Found ament_cmake: 2.5.4 (/opt/ros/jazzy/share/ament_cmake/cmake)
[1.114s] -- Found Python3: /usr/bin/python3 (found version "3.12.3") found components: Interpreter 
[1.308s] -- Found rclcpp: 28.1.13 (/opt/ros/jazzy/share/rclcpp/cmake)
[1.405s] -- Found rosidl_generator_c: 4.6.6 (/opt/ros/jazzy/share/rosidl_generator_c/cmake)
[1.437s] -- Found rosidl_generator_cpp: 4.6.6 (/opt/ros/jazzy/share/rosidl_generator_cpp/cmake)
[1.470s] -- Using all available rosidl_typesupport_c: rosidl_typesupport_fastrtps_c;rosidl_typesupport_introspection_c
[1.501s] -- Using all available rosidl_typesupport_cpp: rosidl_typesupport_fastrtps_cpp;rosidl_typesupport_introspection_cpp
[1.629s] -- Found rmw_implementation_cmake: 7.3.2 (/opt/ros/jazzy/share/rmw_implementation_cmake/cmake)
[1.635s] -- Found rmw_zenoh_cpp: 0.2.9 (/opt/ros/jazzy/share/rmw_zenoh_cpp/cmake)
[1.637s] -- Using RMW implementation 'rmw_zenoh_cpp' as default
[1.772s] -- Found rosidl_default_generators: 1.6.0 (/opt/ros/jazzy/share/rosidl_default_generators/cmake)
[1.801s] -- Found rosidl_adapter: 4.6.6 (/opt/ros/jazzy/share/rosidl_adapter/cmake)
[3.528s] -- Found ament_cmake_ros: 0.12.0 (/opt/ros/jazzy/share/ament_cmake_ros/cmake)
[6.025s] -- Using all available rosidl_typesupport_c: rosidl_typesupport_fastrtps_c;rosidl_typesupport_introspection_c
[7.122s] -- Using all available rosidl_typesupport_cpp: rosidl_typesupport_fastrtps_cpp;rosidl_typesupport_introspection_cpp
[7.133s] -- Found python_cmake_module: 0.11.1 (/opt/ros/jazzy/share/python_cmake_module/cmake)
[7.661s] -- Found PythonExtra: /usr/bin/python3  
[8.936s] -- Found Python3: /usr/bin/python3 (found version "3.12.3") found components: Interpreter Development NumPy Development.Module Development.Embed 
[9.164s] -- Found ament_lint_auto: 0.17.3 (/opt/ros/jazzy/share/ament_lint_auto/cmake)
[9.369s] -- Added test 'copyright' to check source files copyright and LICENSE
[9.370s] -- Added test 'cppcheck' to perform static code analysis on C / C++ code
[9.371s] -- Configured cppcheck include dirs: $<BUILD_INTERFACE:/home/ebrahim/formula-carmaker-fs_2025/FCM_Projects/FS_autonomous/ros/ros2_ws/src/cmrosutils/include>
[9.371s] -- Configured cppcheck exclude dirs and/or files: 
[9.371s] -- Added test 'cpplint' to check C / C++ code against the Google style
[9.373s] -- Configured cpplint exclude dirs and/or files: 
[9.378s] -- Added test 'lint_cmake' to check CMake code style
[9.383s] -- Added test 'uncrustify' to check C / C++ code style
[9.384s] -- Configured uncrustify additional arguments: 
[9.386s] -- Added test 'xmllint' to check XML markup files
[9.401s] -- Configuring done (9.4s)
[9.491s] -- Generating done (0.1s)
[9.524s] -- Build files have been written to: /home/ebrahim/formula-carmaker-fs_2025/FCM_Projects/FS_autonomous/ros/ros2_ws/build/cmrosutils
[9.549s] Invoked command in '/home/ebrahim/formula-carmaker-fs_2025/FCM_Projects/FS_autonomous/ros/ros2_ws/build/cmrosutils' returned '0': CMAKE_PREFIX_PATH=${CMAKE_PREFIX_PATH}:/opt/ros/jazzy DEBUGINFOD_URLS=https://debuginfod.ubuntu.com /usr/bin/cmake /home/ebrahim/formula-carmaker-fs_2025/FCM_Projects/FS_autonomous/ros/ros2_ws/src/cmrosutils -DCARMAKER_VER:STRING=14.1.1 -DCARMAKER_DIR:PATH=/opt/ipg/carmaker/linux64-14.1.1 --no-warn-unused-cli -DCMAKE_INSTALL_PREFIX=/home/ebrahim/formula-carmaker-fs_2025/FCM_Projects/FS_autonomous/ros/ros2_ws/install/cmrosutils
[9.550s] Invoking command in '/home/ebrahim/formula-carmaker-fs_2025/FCM_Projects/FS_autonomous/ros/ros2_ws/build/cmrosutils': CMAKE_PREFIX_PATH=${CMAKE_PREFIX_PATH}:/opt/ros/jazzy DEBUGINFOD_URLS=https://debuginfod.ubuntu.com /usr/bin/cmake --build /home/ebrahim/formula-carmaker-fs_2025/FCM_Projects/FS_autonomous/ros/ros2_ws/build/cmrosutils -- -j12 -l12
[9.673s] [  2%] [34m[1mGenerating type hashes for ROS interfaces[0m
[9.694s] [  2%] Built target ament_cmake_python_copy_cmrosutils
[10.274s] [  2%] Built target cmrosutils__rosidl_generator_type_description
[10.319s] running egg_info
[10.320s] creating cmrosutils.egg-info
[10.333s] [  8%] [34m[1mGenerating C code for ROS interfaces[0m
[10.334s] [  8%] [34m[1mGenerating C++ code for ROS interfaces[0m
[10.644s] writing cmrosutils.egg-info/PKG-INFO
[10.645s] writing dependency_links to cmrosutils.egg-info/dependency_links.txt
[10.645s] writing top-level names to cmrosutils.egg-info/top_level.txt
[10.645s] writing manifest file 'cmrosutils.egg-info/SOURCES.txt'
[10.845s] reading manifest file 'cmrosutils.egg-info/SOURCES.txt'
[10.846s] writing manifest file 'cmrosutils.egg-info/SOURCES.txt'
[10.944s] [  8%] Built target ament_cmake_python_build_cmrosutils_egg
[11.404s] [  8%] Built target cmrosutils__cpp
[11.422s] [ 11%] [32mBuilding C object CMakeFiles/cmrosutils__rosidl_generator_c.dir/rosidl_generator_c/cmrosutils/srv/detail/cm_remote_control__type_support.c.o[0m
[11.430s] [ 13%] [32mBuilding C object CMakeFiles/cmrosutils__rosidl_generator_c.dir/rosidl_generator_c/cmrosutils/srv/detail/cm_remote_control__functions.c.o[0m
[11.430s] [ 16%] [32mBuilding C object CMakeFiles/cmrosutils__rosidl_generator_c.dir/rosidl_generator_c/cmrosutils/srv/detail/cm_remote_control__description.c.o[0m
[11.622s] [ 19%] [32m[1mLinking C shared library libcmrosutils__rosidl_generator_c.so[0m
[11.694s] [ 19%] Built target cmrosutils__rosidl_generator_c
[11.715s] [ 22%] [34m[1mGenerating C type support for eProsima Fast-RTPS[0m
[11.717s] [ 27%] [34m[1mGenerating C type support dispatch for ROS interfaces[0m
[11.718s] [ 27%] [34m[1mGenerating C++ type support dispatch for ROS interfaces[0m
[11.718s] [ 30%] [34m[1mGenerating C++ type support for eProsima Fast-RTPS[0m
[11.730s] [ 33%] [34m[1mGenerating C introspection for ROS interfaces[0m
[11.735s] [ 36%] [34m[1mGenerating C++ introspection for ROS interfaces[0m
[12.540s] [ 38%] [32mBuilding CXX object CMakeFiles/cmrosutils__rosidl_typesupport_cpp.dir/rosidl_typesupport_cpp/cmrosutils/srv/cm_remote_control__type_support.cpp.o[0m
[12.780s] [ 41%] [32mBuilding CXX object CMakeFiles/cmrosutils__rosidl_typesupport_introspection_cpp.dir/rosidl_typesupport_introspection_cpp/cmrosutils/srv/detail/cm_remote_control__type_support.cpp.o[0m
[12.827s] [ 44%] [32mBuilding C object CMakeFiles/cmrosutils__rosidl_typesupport_introspection_c.dir/rosidl_typesupport_introspection_c/cmrosutils/srv/detail/cm_remote_control__type_support.c.o[0m
[13.122s] [ 47%] [32mBuilding CXX object CMakeFiles/cmrosutils__rosidl_typesupport_fastrtps_c.dir/rosidl_typesupport_fastrtps_c/cmrosutils/srv/detail/cm_remote_control__type_support_c.cpp.o[0m
[13.185s] [ 50%] [32m[1mLinking C shared library libcmrosutils__rosidl_typesupport_introspection_c.so[0m
[13.347s] [ 52%] [32mBuilding CXX object CMakeFiles/cmrosutils__rosidl_typesupport_c.dir/rosidl_typesupport_c/cmrosutils/srv/cm_remote_control__type_support.cpp.o[0m
[13.428s] [ 52%] Built target cmrosutils__rosidl_typesupport_introspection_c
[13.436s] [ 55%] [32mBuilding CXX object CMakeFiles/cmrosutils__rosidl_typesupport_fastrtps_cpp.dir/rosidl_typesupport_fastrtps_cpp/cmrosutils/srv/detail/dds_fastrtps/cm_remote_control__type_support.cpp.o[0m
[13.511s] [ 58%] [32m[1mLinking CXX shared library libcmrosutils__rosidl_typesupport_c.so[0m
[13.808s] [ 58%] Built target cmrosutils__rosidl_typesupport_c
[15.357s] [ 61%] [32m[1mLinking CXX shared library libcmrosutils__rosidl_typesupport_cpp.so[0m
[15.439s] [ 63%] [32m[1mLinking CXX shared library libcmrosutils__rosidl_typesupport_fastrtps_c.so[0m
[15.937s] [ 63%] Built target cmrosutils__rosidl_typesupport_cpp
[16.058s] [ 63%] Built target cmrosutils__rosidl_typesupport_fastrtps_c
[16.061s] [ 66%] [32mBuilding CXX object CMakeFiles/cmrosif.dir/src/cmrosif.cpp.o[0m
[16.213s] [ 69%] [32m[1mLinking CXX shared library libcmrosutils__rosidl_typesupport_introspection_cpp.so[0m
[16.347s] [ 72%] [32m[1mLinking CXX shared library libcmrosutils__rosidl_typesupport_fastrtps_cpp.so[0m
[16.634s] [ 72%] Built target cmrosutils__rosidl_typesupport_introspection_cpp
[16.698s] [ 72%] Built target cmrosutils__rosidl_typesupport_fastrtps_cpp
[16.845s] [ 72%] Built target cmrosutils
[16.907s] [ 75%] [34m[1mGenerating Python code for ROS interfaces[0m
[18.933s] [ 75%] Built target cmrosutils__py
[18.993s] [ 77%] [32mBuilding C object CMakeFiles/cmrosutils__rosidl_generator_py.dir/rosidl_generator_py/cmrosutils/srv/_cm_remote_control_s.c.o[0m
[19.511s] [ 80%] [32m[1mLinking C shared library libcmrosutils__rosidl_generator_py.so[0m
[19.688s] [ 80%] Built target cmrosutils__rosidl_generator_py
[19.762s] [ 83%] [32mBuilding C object CMakeFiles/cmrosutils_s__rosidl_typesupport_introspection_c.dir/rosidl_generator_py/cmrosutils/_cmrosutils_s.ep.rosidl_typesupport_introspection_c.c.o[0m
[19.785s] [ 86%] [32mBuilding C object CMakeFiles/cmrosutils_s__rosidl_typesupport_fastrtps_c.dir/rosidl_generator_py/cmrosutils/_cmrosutils_s.ep.rosidl_typesupport_fastrtps_c.c.o[0m
[19.844s] [ 88%] [32mBuilding C object CMakeFiles/cmrosutils_s__rosidl_typesupport_c.dir/rosidl_generator_py/cmrosutils/_cmrosutils_s.ep.rosidl_typesupport_c.c.o[0m
[20.099s] [ 91%] [32m[1mLinking C shared module rosidl_generator_py/cmrosutils/cmrosutils_s__rosidl_typesupport_introspection_c.so[0m
[20.147s] [ 94%] [32m[1mLinking C shared module rosidl_generator_py/cmrosutils/cmrosutils_s__rosidl_typesupport_fastrtps_c.so[0m
[20.191s] [ 94%] Built target cmrosutils_s__rosidl_typesupport_introspection_c
[20.224s] [ 97%] [32m[1mLinking C shared module rosidl_generator_py/cmrosutils/cmrosutils_s__rosidl_typesupport_c.so[0m
[20.234s] [ 97%] Built target cmrosutils_s__rosidl_typesupport_fastrtps_c
[20.306s] [ 97%] Built target cmrosutils_s__rosidl_typesupport_c
[28.552s] [100%] [32m[1mLinking CXX shared library libcmrosif.so[0m
[28.848s] [100%] Built target cmrosif
[28.867s] Invoked command in '/home/ebrahim/formula-carmaker-fs_2025/FCM_Projects/FS_autonomous/ros/ros2_ws/build/cmrosutils' returned '0': CMAKE_PREFIX_PATH=${CMAKE_PREFIX_PATH}:/opt/ros/jazzy DEBUGINFOD_URLS=https://debuginfod.ubuntu.com /usr/bin/cmake --build /home/ebrahim/formula-carmaker-fs_2025/FCM_Projects/FS_autonomous/ros/ros2_ws/build/cmrosutils -- -j12 -l12
[28.869s] Invoking command in '/home/ebrahim/formula-carmaker-fs_2025/FCM_Projects/FS_autonomous/ros/ros2_ws/build/cmrosutils': CMAKE_PREFIX_PATH=${CMAKE_PREFIX_PATH}:/opt/ros/jazzy DEBUGINFOD_URLS=https://debuginfod.ubuntu.com /usr/bin/cmake --install /home/ebrahim/formula-carmaker-fs_2025/FCM_Projects/FS_autonomous/ros/ros2_ws/build/cmrosutils
[28.880s] -- Install configuration: ""
[28.881s] -- Installing: /home/ebrahim/formula-carmaker-fs_2025/FCM_Projects/FS_autonomous/ros/ros2_ws/install/cmrosutils/share/ament_index/resource_index/rosidl_interfaces/cmrosutils
[28.881s] -- Installing: /home/ebrahim/formula-carmaker-fs_2025/FCM_Projects/FS_autonomous/ros/ros2_ws/install/cmrosutils/share/cmrosutils/srv/CMRemoteControl.json
[28.881s] -- Installing: /home/ebrahim/formula-carmaker-fs_2025/FCM_Projects/FS_autonomous/ros/ros2_ws/install/cmrosutils/include/cmrosutils/cmrosutils
[28.881s] -- Installing: /home/ebrahim/formula-carmaker-fs_2025/FCM_Projects/FS_autonomous/ros/ros2_ws/install/cmrosutils/include/cmrosutils/cmrosutils/srv
[28.881s] -- Installing: /home/ebrahim/formula-carmaker-fs_2025/FCM_Projects/FS_autonomous/ros/ros2_ws/install/cmrosutils/include/cmrosutils/cmrosutils/srv/detail
[28.882s] -- Installing: /home/ebrahim/formula-carmaker-fs_2025/FCM_Projects/FS_autonomous/ros/ros2_ws/install/cmrosutils/include/cmrosutils/cmrosutils/srv/detail/cm_remote_control__struct.h
[28.882s] -- Installing: /home/ebrahim/formula-carmaker-fs_2025/FCM_Projects/FS_autonomous/ros/ros2_ws/install/cmrosutils/include/cmrosutils/cmrosutils/srv/detail/cm_remote_control__type_support.h
[28.882s] -- Installing: /home/ebrahim/formula-carmaker-fs_2025/FCM_Projects/FS_autonomous/ros/ros2_ws/install/cmrosutils/include/cmrosutils/cmrosutils/srv/detail/cm_remote_control__type_support.c
[28.882s] -- Installing: /home/ebrahim/formula-carmaker-fs_2025/FCM_Projects/FS_autonomous/ros/ros2_ws/install/cmrosutils/include/cmrosutils/cmrosutils/srv/detail/cm_remote_control__functions.c
[28.882s] -- Installing: /home/ebrahim/formula-carmaker-fs_2025/FCM_Projects/FS_autonomous/ros/ros2_ws/install/cmrosutils/include/cmrosutils/cmrosutils/srv/detail/cm_remote_control__description.c
[28.882s] -- Installing: /home/ebrahim/formula-carmaker-fs_2025/FCM_Projects/FS_autonomous/ros/ros2_ws/install/cmrosutils/include/cmrosutils/cmrosutils/srv/detail/cm_remote_control__functions.h
[28.883s] -- Installing: /home/ebrahim/formula-carmaker-fs_2025/FCM_Projects/FS_autonomous/ros/ros2_ws/install/cmrosutils/include/cmrosutils/cmrosutils/srv/cm_remote_control.h
[28.883s] -- Installing: /home/ebrahim/formula-carmaker-fs_2025/FCM_Projects/FS_autonomous/ros/ros2_ws/install/cmrosutils/include/cmrosutils/cmrosutils/msg
[28.883s] -- Installing: /home/ebrahim/formula-carmaker-fs_2025/FCM_Projects/FS_autonomous/ros/ros2_ws/install/cmrosutils/include/cmrosutils/cmrosutils/msg/rosidl_generator_c__visibility_control.h
[28.883s] -- Installing: /home/ebrahim/formula-carmaker-fs_2025/FCM_Projects/FS_autonomous/ros/ros2_ws/install/cmrosutils/share/cmrosutils/environment/library_path.sh
[28.883s] -- Installing: /home/ebrahim/formula-carmaker-fs_2025/FCM_Projects/FS_autonomous/ros/ros2_ws/install/cmrosutils/share/cmrosutils/environment/library_path.dsv
[28.883s] -- Installing: /home/ebrahim/formula-carmaker-fs_2025/FCM_Projects/FS_autonomous/ros/ros2_ws/install/cmrosutils/lib/libcmrosutils__rosidl_generator_c.so
[28.883s] -- Set non-toolchain portion of runtime path of "/home/ebrahim/formula-carmaker-fs_2025/FCM_Projects/FS_autonomous/ros/ros2_ws/install/cmrosutils/lib/libcmrosutils__rosidl_generator_c.so" to ""
[28.883s] -- Up-to-date: /home/ebrahim/formula-carmaker-fs_2025/FCM_Projects/FS_autonomous/ros/ros2_ws/install/cmrosutils/include/cmrosutils/cmrosutils
[28.884s] -- Up-to-date: /home/ebrahim/formula-carmaker-fs_2025/FCM_Projects/FS_autonomous/ros/ros2_ws/install/cmrosutils/include/cmrosutils/cmrosutils/srv
[28.884s] -- Up-to-date: /home/ebrahim/formula-carmaker-fs_2025/FCM_Projects/FS_autonomous/ros/ros2_ws/install/cmrosutils/include/cmrosutils/cmrosutils/srv/detail
[28.884s] -- Installing: /home/ebrahim/formula-carmaker-fs_2025/FCM_Projects/FS_autonomous/ros/ros2_ws/install/cmrosutils/include/cmrosutils/cmrosutils/srv/detail/cm_remote_control__rosidl_typesupport_fastrtps_c.h
[28.884s] -- Up-to-date: /home/ebrahim/formula-carmaker-fs_2025/FCM_Projects/FS_autonomous/ros/ros2_ws/install/cmrosutils/include/cmrosutils/cmrosutils/msg
[28.884s] -- Installing: /home/ebrahim/formula-carmaker-fs_2025/FCM_Projects/FS_autonomous/ros/ros2_ws/install/cmrosutils/include/cmrosutils/cmrosutils/msg/rosidl_typesupport_fastrtps_c__visibility_control.h
[28.884s] -- Installing: /home/ebrahim/formula-carmaker-fs_2025/FCM_Projects/FS_autonomous/ros/ros2_ws/install/cmrosutils/lib/libcmrosutils__rosidl_typesupport_fastrtps_c.so
[28.884s] -- Set non-toolchain portion of runtime path of "/home/ebrahim/formula-carmaker-fs_2025/FCM_Projects/FS_autonomous/ros/ros2_ws/install/cmrosutils/lib/libcmrosutils__rosidl_typesupport_fastrtps_c.so" to ""
[28.885s] -- Up-to-date: /home/ebrahim/formula-carmaker-fs_2025/FCM_Projects/FS_autonomous/ros/ros2_ws/install/cmrosutils/include/cmrosutils/cmrosutils
[28.885s] -- Up-to-date: /home/ebrahim/formula-carmaker-fs_2025/FCM_Projects/FS_autonomous/ros/ros2_ws/install/cmrosutils/include/cmrosutils/cmrosutils/srv
[28.885s] -- Up-to-date: /home/ebrahim/formula-carmaker-fs_2025/FCM_Projects/FS_autonomous/ros/ros2_ws/install/cmrosutils/include/cmrosutils/cmrosutils/srv/detail
[28.885s] -- Installing: /home/ebrahim/formula-carmaker-fs_2025/FCM_Projects/FS_autonomous/ros/ros2_ws/install/cmrosutils/include/cmrosutils/cmrosutils/srv/detail/cm_remote_control__type_support.hpp
[28.885s] -- Installing: /home/ebrahim/formula-carmaker-fs_2025/FCM_Projects/FS_autonomous/ros/ros2_ws/install/cmrosutils/include/cmrosutils/cmrosutils/srv/detail/cm_remote_control__builder.hpp
[28.886s] -- Installing: /home/ebrahim/formula-carmaker-fs_2025/FCM_Projects/FS_autonomous/ros/ros2_ws/install/cmrosutils/include/cmrosutils/cmrosutils/srv/detail/cm_remote_control__traits.hpp
[28.886s] -- Installing: /home/ebrahim/formula-carmaker-fs_2025/FCM_Projects/FS_autonomous/ros/ros2_ws/install/cmrosutils/include/cmrosutils/cmrosutils/srv/detail/cm_remote_control__struct.hpp
[28.886s] -- Installing: /home/ebrahim/formula-carmaker-fs_2025/FCM_Projects/FS_autonomous/ros/ros2_ws/install/cmrosutils/include/cmrosutils/cmrosutils/srv/cm_remote_control.hpp
[28.886s] -- Up-to-date: /home/ebrahim/formula-carmaker-fs_2025/FCM_Projects/FS_autonomous/ros/ros2_ws/install/cmrosutils/include/cmrosutils/cmrosutils/msg
[28.886s] -- Installing: /home/ebrahim/formula-carmaker-fs_2025/FCM_Projects/FS_autonomous/ros/ros2_ws/install/cmrosutils/include/cmrosutils/cmrosutils/msg/rosidl_generator_cpp__visibility_control.hpp
[28.886s] -- Up-to-date: /home/ebrahim/formula-carmaker-fs_2025/FCM_Projects/FS_autonomous/ros/ros2_ws/install/cmrosutils/include/cmrosutils/cmrosutils
[28.886s] -- Up-to-date: /home/ebrahim/formula-carmaker-fs_2025/FCM_Projects/FS_autonomous/ros/ros2_ws/install/cmrosutils/include/cmrosutils/cmrosutils/srv
[28.886s] -- Up-to-date: /home/ebrahim/formula-carmaker-fs_2025/FCM_Projects/FS_autonomous/ros/ros2_ws/install/cmrosutils/include/cmrosutils/cmrosutils/srv/detail
[28.886s] -- Installing: /home/ebrahim/formula-carmaker-fs_2025/FCM_Projects/FS_autonomous/ros/ros2_ws/install/cmrosutils/include/cmrosutils/cmrosutils/srv/detail/cm_remote_control__rosidl_typesupport_fastrtps_cpp.hpp
[28.886s] -- Installing: /home/ebrahim/formula-carmaker-fs_2025/FCM_Projects/FS_autonomous/ros/ros2_ws/install/cmrosutils/include/cmrosutils/cmrosutils/srv/detail/dds_fastrtps
[28.887s] -- Up-to-date: /home/ebrahim/formula-carmaker-fs_2025/FCM_Projects/FS_autonomous/ros/ros2_ws/install/cmrosutils/include/cmrosutils/cmrosutils/msg
[28.887s] -- Installing: /home/ebrahim/formula-carmaker-fs_2025/FCM_Projects/FS_autonomous/ros/ros2_ws/install/cmrosutils/include/cmrosutils/cmrosutils/msg/rosidl_typesupport_fastrtps_cpp__visibility_control.h
[28.887s] -- Installing: /home/ebrahim/formula-carmaker-fs_2025/FCM_Projects/FS_autonomous/ros/ros2_ws/install/cmrosutils/lib/libcmrosutils__rosidl_typesupport_fastrtps_cpp.so
[28.887s] -- Set non-toolchain portion of runtime path of "/home/ebrahim/formula-carmaker-fs_2025/FCM_Projects/FS_autonomous/ros/ros2_ws/install/cmrosutils/lib/libcmrosutils__rosidl_typesupport_fastrtps_cpp.so" to ""
[28.887s] -- Up-to-date: /home/ebrahim/formula-carmaker-fs_2025/FCM_Projects/FS_autonomous/ros/ros2_ws/install/cmrosutils/include/cmrosutils/cmrosutils
[28.887s] -- Up-to-date: /home/ebrahim/formula-carmaker-fs_2025/FCM_Projects/FS_autonomous/ros/ros2_ws/install/cmrosutils/include/cmrosutils/cmrosutils/srv
[28.887s] -- Up-to-date: /home/ebrahim/formula-carmaker-fs_2025/FCM_Projects/FS_autonomous/ros/ros2_ws/install/cmrosutils/include/cmrosutils/cmrosutils/srv/detail
[28.887s] -- Installing: /home/ebrahim/formula-carmaker-fs_2025/FCM_Projects/FS_autonomous/ros/ros2_ws/install/cmrosutils/include/cmrosutils/cmrosutils/srv/detail/cm_remote_control__type_support.c
[28.888s] -- Installing: /home/ebrahim/formula-carmaker-fs_2025/FCM_Projects/FS_autonomous/ros/ros2_ws/install/cmrosutils/include/cmrosutils/cmrosutils/srv/detail/cm_remote_control__rosidl_typesupport_introspection_c.h
[28.888s] -- Up-to-date: /home/ebrahim/formula-carmaker-fs_2025/FCM_Projects/FS_autonomous/ros/ros2_ws/install/cmrosutils/include/cmrosutils/cmrosutils/msg
[28.888s] -- Installing: /home/ebrahim/formula-carmaker-fs_2025/FCM_Projects/FS_autonomous/ros/ros2_ws/install/cmrosutils/include/cmrosutils/cmrosutils/msg/rosidl_typesupport_introspection_c__visibility_control.h
[28.888s] -- Installing: /home/ebrahim/formula-carmaker-fs_2025/FCM_Projects/FS_autonomous/ros/ros2_ws/install/cmrosutils/lib/libcmrosutils__rosidl_typesupport_introspection_c.so
[28.888s] -- Set non-toolchain portion of runtime path of "/home/ebrahim/formula-carmaker-fs_2025/FCM_Projects/FS_autonomous/ros/ros2_ws/install/cmrosutils/lib/libcmrosutils__rosidl_typesupport_introspection_c.so" to ""
[28.888s] -- Installing: /home/ebrahim/formula-carmaker-fs_2025/FCM_Projects/FS_autonomous/ros/ros2_ws/install/cmrosutils/lib/libcmrosutils__rosidl_typesupport_c.so
[28.888s] -- Set non-toolchain portion of runtime path of "/home/ebrahim/formula-carmaker-fs_2025/FCM_Projects/FS_autonomous/ros/ros2_ws/install/cmrosutils/lib/libcmrosutils__rosidl_typesupport_c.so" to ""
[28.888s] -- Up-to-date: /home/ebrahim/formula-carmaker-fs_2025/FCM_Projects/FS_autonomous/ros/ros2_ws/install/cmrosutils/include/cmrosutils/cmrosutils
[28.888s] -- Up-to-date: /home/ebrahim/formula-carmaker-fs_2025/FCM_Projects/FS_autonomous/ros/ros2_ws/install/cmrosutils/include/cmrosutils/cmrosutils/srv
[28.888s] -- Up-to-date: /home/ebrahim/formula-carmaker-fs_2025/FCM_Projects/FS_autonomous/ros/ros2_ws/install/cmrosutils/include/cmrosutils/cmrosutils/srv/detail
[28.888s] -- Installing: /home/ebrahim/formula-carmaker-fs_2025/FCM_Projects/FS_autonomous/ros/ros2_ws/install/cmrosutils/include/cmrosutils/cmrosutils/srv/detail/cm_remote_control__rosidl_typesupport_introspection_cpp.hpp
[28.889s] -- Installing: /home/ebrahim/formula-carmaker-fs_2025/FCM_Projects/FS_autonomous/ros/ros2_ws/install/cmrosutils/include/cmrosutils/cmrosutils/srv/detail/cm_remote_control__type_support.cpp
[28.889s] -- Installing: /home/ebrahim/formula-carmaker-fs_2025/FCM_Projects/FS_autonomous/ros/ros2_ws/install/cmrosutils/lib/libcmrosutils__rosidl_typesupport_introspection_cpp.so
[28.889s] -- Set non-toolchain portion of runtime path of "/home/ebrahim/formula-carmaker-fs_2025/FCM_Projects/FS_autonomous/ros/ros2_ws/install/cmrosutils/lib/libcmrosutils__rosidl_typesupport_introspection_cpp.so" to ""
[28.889s] -- Installing: /home/ebrahim/formula-carmaker-fs_2025/FCM_Projects/FS_autonomous/ros/ros2_ws/install/cmrosutils/lib/libcmrosutils__rosidl_typesupport_cpp.so
[28.889s] -- Set non-toolchain portion of runtime path of "/home/ebrahim/formula-carmaker-fs_2025/FCM_Projects/FS_autonomous/ros/ros2_ws/install/cmrosutils/lib/libcmrosutils__rosidl_typesupport_cpp.so" to ""
[28.889s] -- Installing: /home/ebrahim/formula-carmaker-fs_2025/FCM_Projects/FS_autonomous/ros/ros2_ws/install/cmrosutils/share/cmrosutils/environment/pythonpath.sh
[28.889s] -- Installing: /home/ebrahim/formula-carmaker-fs_2025/FCM_Projects/FS_autonomous/ros/ros2_ws/install/cmrosutils/share/cmrosutils/environment/pythonpath.dsv
[28.889s] -- Installing: /home/ebrahim/formula-carmaker-fs_2025/FCM_Projects/FS_autonomous/ros/ros2_ws/install/cmrosutils/lib/python3.12/site-packages/cmrosutils-0.1.0-py3.12.egg-info
[28.889s] -- Installing: /home/ebrahim/formula-carmaker-fs_2025/FCM_Projects/FS_autonomous/ros/ros2_ws/install/cmrosutils/lib/python3.12/site-packages/cmrosutils-0.1.0-py3.12.egg-info/SOURCES.txt
[28.890s] -- Installing: /home/ebrahim/formula-carmaker-fs_2025/FCM_Projects/FS_autonomous/ros/ros2_ws/install/cmrosutils/lib/python3.12/site-packages/cmrosutils-0.1.0-py3.12.egg-info/PKG-INFO
[28.890s] -- Installing: /home/ebrahim/formula-carmaker-fs_2025/FCM_Projects/FS_autonomous/ros/ros2_ws/install/cmrosutils/lib/python3.12/site-packages/cmrosutils-0.1.0-py3.12.egg-info/top_level.txt
[28.890s] -- Installing: /home/ebrahim/formula-carmaker-fs_2025/FCM_Projects/FS_autonomous/ros/ros2_ws/install/cmrosutils/lib/python3.12/site-packages/cmrosutils-0.1.0-py3.12.egg-info/dependency_links.txt
[28.890s] -- Installing: /home/ebrahim/formula-carmaker-fs_2025/FCM_Projects/FS_autonomous/ros/ros2_ws/install/cmrosutils/lib/python3.12/site-packages/cmrosutils
[28.891s] -- Installing: /home/ebrahim/formula-carmaker-fs_2025/FCM_Projects/FS_autonomous/ros/ros2_ws/install/cmrosutils/lib/python3.12/site-packages/cmrosutils/_cmrosutils_s.ep.rosidl_typesupport_c.c
[28.891s] -- Installing: /home/ebrahim/formula-carmaker-fs_2025/FCM_Projects/FS_autonomous/ros/ros2_ws/install/cmrosutils/lib/python3.12/site-packages/cmrosutils/_cmrosutils_s.ep.rosidl_typesupport_introspection_c.c
[28.891s] -- Installing: /home/ebrahim/formula-carmaker-fs_2025/FCM_Projects/FS_autonomous/ros/ros2_ws/install/cmrosutils/lib/python3.12/site-packages/cmrosutils/cmrosutils_s__rosidl_typesupport_c.so
[28.891s] -- Installing: /home/ebrahim/formula-carmaker-fs_2025/FCM_Projects/FS_autonomous/ros/ros2_ws/install/cmrosutils/lib/python3.12/site-packages/cmrosutils/cmrosutils_s__rosidl_typesupport_introspection_c.so
[28.891s] -- Installing: /home/ebrahim/formula-carmaker-fs_2025/FCM_Projects/FS_autonomous/ros/ros2_ws/install/cmrosutils/lib/python3.12/site-packages/cmrosutils/cmrosutils_s__rosidl_typesupport_fastrtps_c.so
[28.891s] -- Installing: /home/ebrahim/formula-carmaker-fs_2025/FCM_Projects/FS_autonomous/ros/ros2_ws/install/cmrosutils/lib/python3.12/site-packages/cmrosutils/_cmrosutils_s.ep.rosidl_typesupport_fastrtps_c.c
[28.892s] -- Installing: /home/ebrahim/formula-carmaker-fs_2025/FCM_Projects/FS_autonomous/ros/ros2_ws/install/cmrosutils/lib/python3.12/site-packages/cmrosutils/srv
[28.892s] -- Installing: /home/ebrahim/formula-carmaker-fs_2025/FCM_Projects/FS_autonomous/ros/ros2_ws/install/cmrosutils/lib/python3.12/site-packages/cmrosutils/srv/_cm_remote_control.py
[28.892s] -- Installing: /home/ebrahim/formula-carmaker-fs_2025/FCM_Projects/FS_autonomous/ros/ros2_ws/install/cmrosutils/lib/python3.12/site-packages/cmrosutils/srv/_cm_remote_control_s.c
[28.892s] -- Installing: /home/ebrahim/formula-carmaker-fs_2025/FCM_Projects/FS_autonomous/ros/ros2_ws/install/cmrosutils/lib/python3.12/site-packages/cmrosutils/srv/__init__.py
[28.892s] -- Installing: /home/ebrahim/formula-carmaker-fs_2025/FCM_Projects/FS_autonomous/ros/ros2_ws/install/cmrosutils/lib/python3.12/site-packages/cmrosutils/__init__.py
[28.957s] Listing '/home/ebrahim/formula-carmaker-fs_2025/FCM_Projects/FS_autonomous/ros/ros2_ws/install/cmrosutils/lib/python3.12/site-packages/cmrosutils'...
[28.957s] Compiling '/home/ebrahim/formula-carmaker-fs_2025/FCM_Projects/FS_autonomous/ros/ros2_ws/install/cmrosutils/lib/python3.12/site-packages/cmrosutils/__init__.py'...
[28.957s] Listing '/home/ebrahim/formula-carmaker-fs_2025/FCM_Projects/FS_autonomous/ros/ros2_ws/install/cmrosutils/lib/python3.12/site-packages/cmrosutils/srv'...
[28.957s] Compiling '/home/ebrahim/formula-carmaker-fs_2025/FCM_Projects/FS_autonomous/ros/ros2_ws/install/cmrosutils/lib/python3.12/site-packages/cmrosutils/srv/__init__.py'...
[28.958s] Compiling '/home/ebrahim/formula-carmaker-fs_2025/FCM_Projects/FS_autonomous/ros/ros2_ws/install/cmrosutils/lib/python3.12/site-packages/cmrosutils/srv/_cm_remote_control.py'...
[28.974s] -- Installing: /home/ebrahim/formula-carmaker-fs_2025/FCM_Projects/FS_autonomous/ros/ros2_ws/install/cmrosutils/lib/python3.12/site-packages/cmrosutils/cmrosutils_s__rosidl_typesupport_fastrtps_c.so
[28.975s] -- Set non-toolchain portion of runtime path of "/home/ebrahim/formula-carmaker-fs_2025/FCM_Projects/FS_autonomous/ros/ros2_ws/install/cmrosutils/lib/python3.12/site-packages/cmrosutils/cmrosutils_s__rosidl_typesupport_fastrtps_c.so" to ""
[28.975s] -- Installing: /home/ebrahim/formula-carmaker-fs_2025/FCM_Projects/FS_autonomous/ros/ros2_ws/install/cmrosutils/lib/python3.12/site-packages/cmrosutils/cmrosutils_s__rosidl_typesupport_introspection_c.so
[28.975s] -- Set non-toolchain portion of runtime path of "/home/ebrahim/formula-carmaker-fs_2025/FCM_Projects/FS_autonomous/ros/ros2_ws/install/cmrosutils/lib/python3.12/site-packages/cmrosutils/cmrosutils_s__rosidl_typesupport_introspection_c.so" to ""
[28.975s] -- Installing: /home/ebrahim/formula-carmaker-fs_2025/FCM_Projects/FS_autonomous/ros/ros2_ws/install/cmrosutils/lib/python3.12/site-packages/cmrosutils/cmrosutils_s__rosidl_typesupport_c.so
[28.976s] -- Set non-toolchain portion of runtime path of "/home/ebrahim/formula-carmaker-fs_2025/FCM_Projects/FS_autonomous/ros/ros2_ws/install/cmrosutils/lib/python3.12/site-packages/cmrosutils/cmrosutils_s__rosidl_typesupport_c.so" to ""
[28.976s] -- Installing: /home/ebrahim/formula-carmaker-fs_2025/FCM_Projects/FS_autonomous/ros/ros2_ws/install/cmrosutils/lib/libcmrosutils__rosidl_generator_py.so
[28.976s] -- Set non-toolchain portion of runtime path of "/home/ebrahim/formula-carmaker-fs_2025/FCM_Projects/FS_autonomous/ros/ros2_ws/install/cmrosutils/lib/libcmrosutils__rosidl_generator_py.so" to ""
[28.977s] -- Installing: /home/ebrahim/formula-carmaker-fs_2025/FCM_Projects/FS_autonomous/ros/ros2_ws/install/cmrosutils/share/cmrosutils/srv/CMRemoteControl.idl
[28.977s] -- Installing: /home/ebrahim/formula-carmaker-fs_2025/FCM_Projects/FS_autonomous/ros/ros2_ws/install/cmrosutils/share/cmrosutils/srv/CMRemoteControl.srv
[28.977s] -- Up-to-date: /home/ebrahim/formula-carmaker-fs_2025/FCM_Projects/FS_autonomous/ros/ros2_ws/install/cmrosutils/include
[28.977s] -- Up-to-date: /home/ebrahim/formula-carmaker-fs_2025/FCM_Projects/FS_autonomous/ros/ros2_ws/install/cmrosutils/include/cmrosutils
[28.977s] -- Installing: /home/ebrahim/formula-carmaker-fs_2025/FCM_Projects/FS_autonomous/ros/ros2_ws/install/cmrosutils/include/cmrosutils/cmjob_publisher.hpp
[28.978s] -- Installing: /home/ebrahim/formula-carmaker-fs_2025/FCM_Projects/FS_autonomous/ros/ros2_ws/install/cmrosutils/include/cmrosutils/cmcppif.h
[28.978s] -- Installing: /home/ebrahim/formula-carmaker-fs_2025/FCM_Projects/FS_autonomous/ros/ros2_ws/install/cmrosutils/include/cmrosutils/cmjob_subscriber.hpp
[28.978s] -- Installing: /home/ebrahim/formula-carmaker-fs_2025/FCM_Projects/FS_autonomous/ros/ros2_ws/install/cmrosutils/include/cmrosutils/CMJob.h
[28.978s] -- Installing: /home/ebrahim/formula-carmaker-fs_2025/FCM_Projects/FS_autonomous/ros/ros2_ws/install/cmrosutils/include/cmrosutils/cmrosif.hpp
[28.978s] -- Installing: /home/ebrahim/formula-carmaker-fs_2025/FCM_Projects/FS_autonomous/ros/ros2_ws/install/cmrosutils/lib/libcmrosif.so
[28.979s] -- Set non-toolchain portion of runtime path of "/home/ebrahim/formula-carmaker-fs_2025/FCM_Projects/FS_autonomous/ros/ros2_ws/install/cmrosutils/lib/libcmrosif.so" to ""
[28.979s] -- Installing: /home/ebrahim/formula-carmaker-fs_2025/FCM_Projects/FS_autonomous/ros/ros2_ws/install/cmrosutils/share/ament_index/resource_index/package_run_dependencies/cmrosutils
[28.979s] -- Installing: /home/ebrahim/formula-carmaker-fs_2025/FCM_Projects/FS_autonomous/ros/ros2_ws/install/cmrosutils/share/ament_index/resource_index/parent_prefix_path/cmrosutils
[28.980s] -- Installing: /home/ebrahim/formula-carmaker-fs_2025/FCM_Projects/FS_autonomous/ros/ros2_ws/install/cmrosutils/share/cmrosutils/environment/ament_prefix_path.sh
[28.980s] -- Installing: /home/ebrahim/formula-carmaker-fs_2025/FCM_Projects/FS_autonomous/ros/ros2_ws/install/cmrosutils/share/cmrosutils/environment/ament_prefix_path.dsv
[28.980s] -- Installing: /home/ebrahim/formula-carmaker-fs_2025/FCM_Projects/FS_autonomous/ros/ros2_ws/install/cmrosutils/share/cmrosutils/environment/path.sh
[28.980s] -- Installing: /home/ebrahim/formula-carmaker-fs_2025/FCM_Projects/FS_autonomous/ros/ros2_ws/install/cmrosutils/share/cmrosutils/environment/path.dsv
[28.980s] -- Installing: /home/ebrahim/formula-carmaker-fs_2025/FCM_Projects/FS_autonomous/ros/ros2_ws/install/cmrosutils/share/cmrosutils/local_setup.bash
[28.980s] -- Installing: /home/ebrahim/formula-carmaker-fs_2025/FCM_Projects/FS_autonomous/ros/ros2_ws/install/cmrosutils/share/cmrosutils/local_setup.sh
[28.980s] -- Installing: /home/ebrahim/formula-carmaker-fs_2025/FCM_Projects/FS_autonomous/ros/ros2_ws/install/cmrosutils/share/cmrosutils/local_setup.zsh
[28.981s] -- Installing: /home/ebrahim/formula-carmaker-fs_2025/FCM_Projects/FS_autonomous/ros/ros2_ws/install/cmrosutils/share/cmrosutils/local_setup.dsv
[28.981s] -- Installing: /home/ebrahim/formula-carmaker-fs_2025/FCM_Projects/FS_autonomous/ros/ros2_ws/install/cmrosutils/share/cmrosutils/package.dsv
[28.981s] -- Installing: /home/ebrahim/formula-carmaker-fs_2025/FCM_Projects/FS_autonomous/ros/ros2_ws/install/cmrosutils/share/ament_index/resource_index/packages/cmrosutils
[28.981s] -- Installing: /home/ebrahim/formula-carmaker-fs_2025/FCM_Projects/FS_autonomous/ros/ros2_ws/install/cmrosutils/share/cmrosutils/cmake/export_cmrosutils__rosidl_generator_cExport.cmake
[28.981s] -- Installing: /home/ebrahim/formula-carmaker-fs_2025/FCM_Projects/FS_autonomous/ros/ros2_ws/install/cmrosutils/share/cmrosutils/cmake/export_cmrosutils__rosidl_generator_cExport-noconfig.cmake
[28.981s] -- Installing: /home/ebrahim/formula-carmaker-fs_2025/FCM_Projects/FS_autonomous/ros/ros2_ws/install/cmrosutils/share/cmrosutils/cmake/export_cmrosutils__rosidl_typesupport_fastrtps_cExport.cmake
[28.982s] -- Installing: /home/ebrahim/formula-carmaker-fs_2025/FCM_Projects/FS_autonomous/ros/ros2_ws/install/cmrosutils/share/cmrosutils/cmake/export_cmrosutils__rosidl_typesupport_fastrtps_cExport-noconfig.cmake
[28.982s] -- Installing: /home/ebrahim/formula-carmaker-fs_2025/FCM_Projects/FS_autonomous/ros/ros2_ws/install/cmrosutils/share/cmrosutils/cmake/export_cmrosutils__rosidl_generator_cppExport.cmake
[28.982s] -- Installing: /home/ebrahim/formula-carmaker-fs_2025/FCM_Projects/FS_autonomous/ros/ros2_ws/install/cmrosutils/share/cmrosutils/cmake/export_cmrosutils__rosidl_typesupport_fastrtps_cppExport.cmake
[28.982s] -- Installing: /home/ebrahim/formula-carmaker-fs_2025/FCM_Projects/FS_autonomous/ros/ros2_ws/install/cmrosutils/share/cmrosutils/cmake/export_cmrosutils__rosidl_typesupport_fastrtps_cppExport-noconfig.cmake
[28.982s] -- Installing: /home/ebrahim/formula-carmaker-fs_2025/FCM_Projects/FS_autonomous/ros/ros2_ws/install/cmrosutils/share/cmrosutils/cmake/cmrosutils__rosidl_typesupport_introspection_cExport.cmake
[28.983s] -- Installing: /home/ebrahim/formula-carmaker-fs_2025/FCM_Projects/FS_autonomous/ros/ros2_ws/install/cmrosutils/share/cmrosutils/cmake/cmrosutils__rosidl_typesupport_introspection_cExport-noconfig.cmake
[28.983s] -- Installing: /home/ebrahim/formula-carmaker-fs_2025/FCM_Projects/FS_autonomous/ros/ros2_ws/install/cmrosutils/share/cmrosutils/cmake/cmrosutils__rosidl_typesupport_cExport.cmake
[28.983s] -- Installing: /home/ebrahim/formula-carmaker-fs_2025/FCM_Projects/FS_autonomous/ros/ros2_ws/install/cmrosutils/share/cmrosutils/cmake/cmrosutils__rosidl_typesupport_cExport-noconfig.cmake
[28.983s] -- Installing: /home/ebrahim/formula-carmaker-fs_2025/FCM_Projects/FS_autonomous/ros/ros2_ws/install/cmrosutils/share/cmrosutils/cmake/cmrosutils__rosidl_typesupport_introspection_cppExport.cmake
[28.983s] -- Installing: /home/ebrahim/formula-carmaker-fs_2025/FCM_Projects/FS_autonomous/ros/ros2_ws/install/cmrosutils/share/cmrosutils/cmake/cmrosutils__rosidl_typesupport_introspection_cppExport-noconfig.cmake
[28.983s] -- Installing: /home/ebrahim/formula-carmaker-fs_2025/FCM_Projects/FS_autonomous/ros/ros2_ws/install/cmrosutils/share/cmrosutils/cmake/cmrosutils__rosidl_typesupport_cppExport.cmake
[28.984s] -- Installing: /home/ebrahim/formula-carmaker-fs_2025/FCM_Projects/FS_autonomous/ros/ros2_ws/install/cmrosutils/share/cmrosutils/cmake/cmrosutils__rosidl_typesupport_cppExport-noconfig.cmake
[28.984s] -- Installing: /home/ebrahim/formula-carmaker-fs_2025/FCM_Projects/FS_autonomous/ros/ros2_ws/install/cmrosutils/share/cmrosutils/cmake/export_cmrosutils__rosidl_generator_pyExport.cmake
[28.984s] -- Installing: /home/ebrahim/formula-carmaker-fs_2025/FCM_Projects/FS_autonomous/ros/ros2_ws/install/cmrosutils/share/cmrosutils/cmake/export_cmrosutils__rosidl_generator_pyExport-noconfig.cmake
[28.984s] -- Installing: /home/ebrahim/formula-carmaker-fs_2025/FCM_Projects/FS_autonomous/ros/ros2_ws/install/cmrosutils/share/cmrosutils/cmake/cmrosifTargetsExport.cmake
[28.984s] -- Installing: /home/ebrahim/formula-carmaker-fs_2025/FCM_Projects/FS_autonomous/ros/ros2_ws/install/cmrosutils/share/cmrosutils/cmake/cmrosifTargetsExport-noconfig.cmake
[28.984s] -- Installing: /home/ebrahim/formula-carmaker-fs_2025/FCM_Projects/FS_autonomous/ros/ros2_ws/install/cmrosutils/share/cmrosutils/cmake/rosidl_cmake-extras.cmake
[28.984s] -- Installing: /home/ebrahim/formula-carmaker-fs_2025/FCM_Projects/FS_autonomous/ros/ros2_ws/install/cmrosutils/share/cmrosutils/cmake/ament_cmake_export_dependencies-extras.cmake
[28.985s] -- Installing: /home/ebrahim/formula-carmaker-fs_2025/FCM_Projects/FS_autonomous/ros/ros2_ws/install/cmrosutils/share/cmrosutils/cmake/ament_cmake_export_include_directories-extras.cmake
[28.985s] -- Installing: /home/ebrahim/formula-carmaker-fs_2025/FCM_Projects/FS_autonomous/ros/ros2_ws/install/cmrosutils/share/cmrosutils/cmake/ament_cmake_export_libraries-extras.cmake
[28.985s] -- Installing: /home/ebrahim/formula-carmaker-fs_2025/FCM_Projects/FS_autonomous/ros/ros2_ws/install/cmrosutils/share/cmrosutils/cmake/ament_cmake_export_targets-extras.cmake
[28.985s] -- Installing: /home/ebrahim/formula-carmaker-fs_2025/FCM_Projects/FS_autonomous/ros/ros2_ws/install/cmrosutils/share/cmrosutils/cmake/rosidl_cmake_export_typesupport_targets-extras.cmake
[28.985s] -- Installing: /home/ebrahim/formula-carmaker-fs_2025/FCM_Projects/FS_autonomous/ros/ros2_ws/install/cmrosutils/share/cmrosutils/cmake/rosidl_cmake_export_typesupport_libraries-extras.cmake
[28.985s] -- Installing: /home/ebrahim/formula-carmaker-fs_2025/FCM_Projects/FS_autonomous/ros/ros2_ws/install/cmrosutils/share/cmrosutils/cmake/cmrosutilsConfig.cmake
[28.986s] -- Installing: /home/ebrahim/formula-carmaker-fs_2025/FCM_Projects/FS_autonomous/ros/ros2_ws/install/cmrosutils/share/cmrosutils/cmake/cmrosutilsConfig-version.cmake
[28.986s] -- Installing: /home/ebrahim/formula-carmaker-fs_2025/FCM_Projects/FS_autonomous/ros/ros2_ws/install/cmrosutils/share/cmrosutils/package.xml
[28.989s] Invoked command in '/home/ebrahim/formula-carmaker-fs_2025/FCM_Projects/FS_autonomous/ros/ros2_ws/build/cmrosutils' returned '0': CMAKE_PREFIX_PATH=${CMAKE_PREFIX_PATH}:/opt/ros/jazzy DEBUGINFOD_URLS=https://debuginfod.ubuntu.com /usr/bin/cmake --install /home/ebrahim/formula-carmaker-fs_2025/FCM_Projects/FS_autonomous/ros/ros2_ws/build/cmrosutils
