[0.024s] Invoking command in '/home/ebrahim/formula-carmaker-fs_2025/FCM_Projects/FS_autonomous/ros/ros2_ws/build/camera_msgs': CMAKE_PREFIX_PATH=${CMAKE_PREFIX_PATH}:/opt/ros/jazzy CONDA_PROMPT_MODIFIER=(base) DEBUGINFOD_URLS=https://debuginfod.ubuntu.com /usr/bin/cmake /home/ebrahim/formula-carmaker-fs_2025/FCM_Projects/FS_autonomous/ros/ros2_ws/src/camera_msgs -DCARMAKER_VER:STRING=14.1.1 -DCARMAKER_DIR:PATH=/opt/ipg/carmaker/linux64-14.1.1 --no-warn-unused-cli -DCMAKE_INSTALL_PREFIX=/home/ebrahim/formula-carmaker-fs_2025/FCM_Projects/FS_autonomous/ros/ros2_ws/install/camera_msgs
[0.033s] Not searching for unused variables given on the command line.
[0.082s] -- The C compiler identification is GNU 12.4.0
[0.149s] -- The CXX compiler identification is GNU 12.4.0
[0.167s] -- Detecting C compiler ABI info
[0.263s] -- Detecting C compiler ABI info - done
[0.277s] -- Check for working C compiler: /usr/bin/cc - skipped
[0.277s] -- Detecting C compile features
[0.277s] -- Detecting C compile features - done
[0.290s] -- Detecting CXX compiler ABI info
[0.409s] -- Detecting CXX compiler ABI info - done
[0.421s] -- Check for working CXX compiler: /usr/bin/c++ - skipped
[0.422s] -- Detecting CXX compile features
[0.423s] -- Detecting CXX compile features - done
[0.428s] -- Found ament_cmake: 2.5.4 (/opt/ros/jazzy/share/ament_cmake/cmake)
[0.580s] -- Found Python3: /home/ebrahim/anaconda3/bin/python3 (found version "3.13.5") found components: Interpreter 
[0.775s] -- Found rosidl_default_generators: 1.6.0 (/opt/ros/jazzy/share/rosidl_default_generators/cmake)
[0.790s] -- Using all available rosidl_typesupport_c: rosidl_typesupport_fastrtps_c;rosidl_typesupport_introspection_c
[0.925s] -- Using all available rosidl_typesupport_cpp: rosidl_typesupport_fastrtps_cpp;rosidl_typesupport_introspection_cpp
[1.029s] -- Found rosidl_adapter: 4.6.6 (/opt/ros/jazzy/share/rosidl_adapter/cmake)
[1.037s] -- Found rclcpp: 28.1.13 (/opt/ros/jazzy/share/rclcpp/cmake)
[1.147s] -- Found rmw_implementation_cmake: 7.3.2 (/opt/ros/jazzy/share/rmw_implementation_cmake/cmake)
[1.152s] -- Found rmw_zenoh_cpp: 0.2.9 (/opt/ros/jazzy/share/rmw_zenoh_cpp/cmake)
[1.153s] -- Using RMW implementation 'rmw_zenoh_cpp' as default
[1.264s] -- Found std_msgs: 5.3.6 (/opt/ros/jazzy/share/std_msgs/cmake)
[1.474s] [31mCMake Error at /opt/ros/jazzy/share/rosidl_adapter/cmake/rosidl_adapt_interfaces.cmake:57 (message):
[1.474s]   execute_process(/home/ebrahim/anaconda3/bin/python3 -m rosidl_adapter
[1.474s]   --package-name camera_msgs --arguments-file
[1.474s]   /home/ebrahim/formula-carmaker-fs_2025/FCM_Projects/FS_autonomous/ros/ros2_ws/build/camera_msgs/rosidl_adapter__arguments__camera_msgs.json
[1.474s]   --output-dir
[1.474s]   /home/ebrahim/formula-carmaker-fs_2025/FCM_Projects/FS_autonomous/ros/ros2_ws/build/camera_msgs/rosidl_adapter/camera_msgs
[1.474s]   --output-file
[1.474s]   /home/ebrahim/formula-carmaker-fs_2025/FCM_Projects/FS_autonomous/ros/ros2_ws/build/camera_msgs/rosidl_adapter/camera_msgs.idls)
[1.474s]   returned error code 1:
[1.474s] 
[1.474s]   Traceback (most recent call last):
[1.474s] 
[1.475s]     File "<frozen runpy>", line 198, in _run_module_as_main
[1.475s]     File "<frozen runpy>", line 88, in _run_code
[1.475s]     File "/opt/ros/jazzy/lib/python3.12/site-packages/rosidl_adapter/__main__.py", line 19, in <module>
[1.475s]       sys.exit(main())
[1.475s]                ~~~~^^
[1.475s]     File "/opt/ros/jazzy/lib/python3.12/site-packages/rosidl_adapter/main.py", line 53, in main
[1.475s]       abs_idl_file = convert_to_idl(
[1.475s]           pathlib.Path(basepath), args.package_name,
[1.475s]           pathlib.Path(relative_path), output_dir)
[1.475s]     File "/opt/ros/jazzy/lib/python3.12/site-packages/rosidl_adapter/__init__.py", line 18, in convert_to_idl
[1.475s]       from rosidl_adapter.msg import convert_msg_to_idl
[1.475s]     File "/opt/ros/jazzy/lib/python3.12/site-packages/rosidl_adapter/msg/__init__.py", line 16, in <module>
[1.475s]       from rosidl_adapter.resource import expand_template
[1.475s]     File "/opt/ros/jazzy/lib/python3.12/site-packages/rosidl_adapter/resource/__init__.py", line 19, in <module>
[1.476s]       import em
[1.476s] 
[1.476s]   ModuleNotFoundError: No module named 'em'
[1.476s] 
[1.476s] Call Stack (most recent call first):
[1.476s]   /opt/ros/jazzy/share/rosidl_cmake/cmake/rosidl_generate_interfaces.cmake:132 (rosidl_adapt_interfaces)
[1.476s]   CMakeLists.txt:26 (rosidl_generate_interfaces)
[1.476s] 
[1.476s] [0m
[1.476s] -- Configuring incomplete, errors occurred!
