[0.019s] Invoking command in '/home/ebrahim/formula-carmaker-fs_2025/FCM_Projects/FS_autonomous/ros/ros2_ws/build/cmrosutils': CMAKE_PREFIX_PATH=${CMAKE_PREFIX_PATH}:/opt/ros/jazzy CONDA_PROMPT_MODIFIER=(base) DEBUGINFOD_URLS=https://debuginfod.ubuntu.com /usr/bin/cmake /home/ebrahim/formula-carmaker-fs_2025/FCM_Projects/FS_autonomous/ros/ros2_ws/src/cmrosutils -DCARMAKER_VER:STRING=14.1.1 -DCARMAKER_DIR:PATH=/opt/ipg/carmaker/linux64-14.1.1 --no-warn-unused-cli -DCMAKE_INSTALL_PREFIX=/home/ebrahim/formula-carmaker-fs_2025/FCM_Projects/FS_autonomous/ros/ros2_ws/install/cmrosutils
[0.027s] Not searching for unused variables given on the command line.
[0.076s] -- The C compiler identification is GNU 12.4.0
[0.142s] -- The CXX compiler identification is GNU 12.4.0
[0.161s] -- Detecting C compiler ABI info
[0.255s] -- Detecting C compiler ABI info - done
[0.276s] -- Check for working C compiler: /usr/bin/cc - skipped
[0.276s] -- Detecting C compile features
[0.277s] -- Detecting C compile features - done
[0.287s] -- Detecting CXX compiler ABI info
[0.410s] -- Detecting CXX compiler ABI info - done
[0.425s] -- Check for working CXX compiler: /usr/bin/c++ - skipped
[0.425s] -- Detecting CXX compile features
[0.426s] -- Detecting CXX compile features - done
[0.431s] -- Found ament_cmake: 2.5.4 (/opt/ros/jazzy/share/ament_cmake/cmake)
[0.580s] -- Found Python3: /home/ebrahim/anaconda3/bin/python3 (found version "3.13.5") found components: Interpreter 
[0.754s] -- Found rclcpp: 28.1.13 (/opt/ros/jazzy/share/rclcpp/cmake)
[0.826s] -- Found rosidl_generator_c: 4.6.6 (/opt/ros/jazzy/share/rosidl_generator_c/cmake)
[0.852s] -- Found rosidl_generator_cpp: 4.6.6 (/opt/ros/jazzy/share/rosidl_generator_cpp/cmake)
[0.879s] -- Using all available rosidl_typesupport_c: rosidl_typesupport_fastrtps_c;rosidl_typesupport_introspection_c
[0.908s] -- Using all available rosidl_typesupport_cpp: rosidl_typesupport_fastrtps_cpp;rosidl_typesupport_introspection_cpp
[1.019s] -- Found rmw_implementation_cmake: 7.3.2 (/opt/ros/jazzy/share/rmw_implementation_cmake/cmake)
[1.024s] -- Found rmw_zenoh_cpp: 0.2.9 (/opt/ros/jazzy/share/rmw_zenoh_cpp/cmake)
[1.025s] -- Using RMW implementation 'rmw_zenoh_cpp' as default
[1.128s] -- Found rosidl_default_generators: 1.6.0 (/opt/ros/jazzy/share/rosidl_default_generators/cmake)
[1.150s] -- Found rosidl_adapter: 4.6.6 (/opt/ros/jazzy/share/rosidl_adapter/cmake)
[1.354s] [31mCMake Error at /opt/ros/jazzy/share/rosidl_adapter/cmake/rosidl_adapt_interfaces.cmake:57 (message):
[1.355s]   execute_process(/home/ebrahim/anaconda3/bin/python3 -m rosidl_adapter
[1.355s]   --package-name cmrosutils --arguments-file
[1.355s]   /home/ebrahim/formula-carmaker-fs_2025/FCM_Projects/FS_autonomous/ros/ros2_ws/build/cmrosutils/rosidl_adapter__arguments__cmrosutils.json
[1.355s]   --output-dir
[1.355s]   /home/ebrahim/formula-carmaker-fs_2025/FCM_Projects/FS_autonomous/ros/ros2_ws/build/cmrosutils/rosidl_adapter/cmrosutils
[1.355s]   --output-file
[1.355s]   /home/ebrahim/formula-carmaker-fs_2025/FCM_Projects/FS_autonomous/ros/ros2_ws/build/cmrosutils/rosidl_adapter/cmrosutils.idls)
[1.355s]   returned error code 1:
[1.355s] 
[1.356s]   Traceback (most recent call last):
[1.356s] 
[1.356s]     File "<frozen runpy>", line 198, in _run_module_as_main
[1.356s]     File "<frozen runpy>", line 88, in _run_code
[1.356s]     File "/opt/ros/jazzy/lib/python3.12/site-packages/rosidl_adapter/__main__.py", line 19, in <module>
[1.356s]       sys.exit(main())
[1.356s]                ~~~~^^
[1.356s]     File "/opt/ros/jazzy/lib/python3.12/site-packages/rosidl_adapter/main.py", line 53, in main
[1.356s]       abs_idl_file = convert_to_idl(
[1.356s]           pathlib.Path(basepath), args.package_name,
[1.357s]           pathlib.Path(relative_path), output_dir)
[1.357s]     File "/opt/ros/jazzy/lib/python3.12/site-packages/rosidl_adapter/__init__.py", line 23, in convert_to_idl
[1.357s]       from rosidl_adapter.srv import convert_srv_to_idl
[1.357s]     File "/opt/ros/jazzy/lib/python3.12/site-packages/rosidl_adapter/srv/__init__.py", line 16, in <module>
[1.357s]       from rosidl_adapter.resource import expand_template
[1.357s]     File "/opt/ros/jazzy/lib/python3.12/site-packages/rosidl_adapter/resource/__init__.py", line 19, in <module>
[1.357s]       import em
[1.357s] 
[1.357s]   ModuleNotFoundError: No module named 'em'
[1.357s] 
[1.358s] Call Stack (most recent call first):
[1.358s]   /opt/ros/jazzy/share/rosidl_cmake/cmake/rosidl_generate_interfaces.cmake:132 (rosidl_adapt_interfaces)
[1.358s]   CMakeLists.txt:59 (rosidl_generate_interfaces)
[1.358s] 
[1.358s] [0m
[1.358s] -- Configuring incomplete, errors occurred!
