[0.022s] Invoking command in '/home/ebrahim/formula-carmaker-fs_2025/FCM_Projects/FS_autonomous/ros/ros2_ws/build/hellocm_msgs': CMAKE_PREFIX_PATH=${CMAKE_PREFIX_PATH}:/opt/ros/jazzy DEBUGINFOD_URLS=https://debuginfod.ubuntu.com /usr/bin/cmake /home/ebrahim/formula-carmaker-fs_2025/FCM_Projects/FS_autonomous/ros/ros2_ws/src/hellocm_msgs -DCARMAKER_VER:STRING=14.1.1 -DCARMAKER_DIR:PATH=/opt/ipg/carmaker/linux64-14.1.1 --no-warn-unused-cli -DCMAKE_INSTALL_PREFIX=/home/ebrahim/formula-carmaker-fs_2025/FCM_Projects/FS_autonomous/ros/ros2_ws/install/hellocm_msgs
[0.029s] Not searching for unused variables given on the command line.
[0.117s] -- The C compiler identification is GNU 12.4.0
[0.202s] -- The CXX compiler identification is GNU 12.4.0
[0.227s] -- Detecting C compiler ABI info
[0.351s] -- Detecting C compiler ABI info - done
[0.372s] -- Check for working C compiler: /usr/bin/cc - skipped
[0.372s] -- Detecting C compile features
[0.373s] -- Detecting C compile features - done
[0.390s] -- Detecting CXX compiler ABI info
[0.528s] -- Detecting CXX compiler ABI info - done
[0.546s] -- Check for working CXX compiler: /usr/bin/c++ - skipped
[0.547s] -- Detecting CXX compile features
[0.547s] -- Detecting CXX compile features - done
[0.553s] -- Found ament_cmake: 2.5.4 (/opt/ros/jazzy/share/ament_cmake/cmake)
[1.167s] -- Found Python3: /usr/bin/python3 (found version "3.12.3") found components: Interpreter 
[1.391s] -- Found rosidl_default_generators: 1.6.0 (/opt/ros/jazzy/share/rosidl_default_generators/cmake)
[1.402s] -- Using all available rosidl_typesupport_c: rosidl_typesupport_fastrtps_c;rosidl_typesupport_introspection_c
[1.506s] -- Using all available rosidl_typesupport_cpp: rosidl_typesupport_fastrtps_cpp;rosidl_typesupport_introspection_cpp
[1.589s] -- Found rosidl_adapter: 4.6.6 (/opt/ros/jazzy/share/rosidl_adapter/cmake)
[1.595s] -- Found std_msgs: 5.3.6 (/opt/ros/jazzy/share/std_msgs/cmake)
[3.494s] -- Found ament_cmake_ros: 0.12.0 (/opt/ros/jazzy/share/ament_cmake_ros/cmake)
[5.043s] -- Using all available rosidl_typesupport_c: rosidl_typesupport_fastrtps_c;rosidl_typesupport_introspection_c
[7.298s] -- Using all available rosidl_typesupport_cpp: rosidl_typesupport_fastrtps_cpp;rosidl_typesupport_introspection_cpp
[7.306s] -- Found python_cmake_module: 0.11.1 (/opt/ros/jazzy/share/python_cmake_module/cmake)
[7.855s] -- Found PythonExtra: /usr/bin/python3  
[9.289s] -- Found Python3: /usr/bin/python3 (found version "3.12.3") found components: Interpreter Development NumPy Development.Module Development.Embed 
[9.540s] -- Found ament_lint_auto: 0.17.3 (/opt/ros/jazzy/share/ament_lint_auto/cmake)
[9.629s] -- Added test 'copyright' to check source files copyright and LICENSE
[9.633s] -- Added test 'lint_cmake' to check CMake code style
[9.638s] -- Added test 'xmllint' to check XML markup files
[9.644s] -- Configuring done (9.6s)
[9.734s] -- Generating done (0.1s)
[9.762s] -- Build files have been written to: /home/ebrahim/formula-carmaker-fs_2025/FCM_Projects/FS_autonomous/ros/ros2_ws/build/hellocm_msgs
[9.791s] Invoked command in '/home/ebrahim/formula-carmaker-fs_2025/FCM_Projects/FS_autonomous/ros/ros2_ws/build/hellocm_msgs' returned '0': CMAKE_PREFIX_PATH=${CMAKE_PREFIX_PATH}:/opt/ros/jazzy DEBUGINFOD_URLS=https://debuginfod.ubuntu.com /usr/bin/cmake /home/ebrahim/formula-carmaker-fs_2025/FCM_Projects/FS_autonomous/ros/ros2_ws/src/hellocm_msgs -DCARMAKER_VER:STRING=14.1.1 -DCARMAKER_DIR:PATH=/opt/ipg/carmaker/linux64-14.1.1 --no-warn-unused-cli -DCMAKE_INSTALL_PREFIX=/home/ebrahim/formula-carmaker-fs_2025/FCM_Projects/FS_autonomous/ros/ros2_ws/install/hellocm_msgs
[9.794s] Invoking command in '/home/ebrahim/formula-carmaker-fs_2025/FCM_Projects/FS_autonomous/ros/ros2_ws/build/hellocm_msgs': CMAKE_PREFIX_PATH=${CMAKE_PREFIX_PATH}:/opt/ros/jazzy DEBUGINFOD_URLS=https://debuginfod.ubuntu.com /usr/bin/cmake --build /home/ebrahim/formula-carmaker-fs_2025/FCM_Projects/FS_autonomous/ros/ros2_ws/build/hellocm_msgs -- -j12 -l12
[9.885s] [  1%] [34m[1mGenerating type hashes for ROS interfaces[0m
[9.896s] [  1%] Built target ament_cmake_python_copy_hellocm_msgs
[10.562s] running egg_info
[10.563s] creating hellocm_msgs.egg-info
[10.876s] writing hellocm_msgs.egg-info/PKG-INFO
[10.876s] writing dependency_links to hellocm_msgs.egg-info/dependency_links.txt
[10.878s] writing top-level names to hellocm_msgs.egg-info/top_level.txt
[10.878s] writing manifest file 'hellocm_msgs.egg-info/SOURCES.txt'
[10.878s] [  1%] Built target hellocm_msgs__rosidl_generator_type_description
[10.919s] [  3%] [34m[1mGenerating C code for ROS interfaces[0m
[10.937s] [  4%] [34m[1mGenerating C++ code for ROS interfaces[0m
[11.337s] reading manifest file 'hellocm_msgs.egg-info/SOURCES.txt'
[11.337s] writing manifest file 'hellocm_msgs.egg-info/SOURCES.txt'
[11.417s] [  4%] Built target ament_cmake_python_build_hellocm_msgs_egg
[13.226s] [  4%] Built target hellocm_msgs__cpp
[13.490s] [  6%] [32mBuilding C object CMakeFiles/hellocm_msgs__rosidl_generator_c.dir/rosidl_generator_c/hellocm_msgs/msg/detail/cm2_ext__functions.c.o[0m
[13.505s] [  7%] [32mBuilding C object CMakeFiles/hellocm_msgs__rosidl_generator_c.dir/rosidl_generator_c/hellocm_msgs/msg/detail/ext2_cm__functions.c.o[0m
[13.517s] [ 10%] [32mBuilding C object CMakeFiles/hellocm_msgs__rosidl_generator_c.dir/rosidl_generator_c/hellocm_msgs/msg/detail/cm2_ext__description.c.o[0m
[13.518s] [ 10%] [32mBuilding C object CMakeFiles/hellocm_msgs__rosidl_generator_c.dir/rosidl_generator_c/hellocm_msgs/msg/detail/ext2_cm__description.c.o[0m
[13.526s] [ 12%] [32mBuilding C object CMakeFiles/hellocm_msgs__rosidl_generator_c.dir/rosidl_generator_c/hellocm_msgs/msg/detail/tire_steering__description.c.o[0m
[13.526s] [ 14%] [32mBuilding C object CMakeFiles/hellocm_msgs__rosidl_generator_c.dir/rosidl_generator_c/hellocm_msgs/msg/detail/cm2_ext__type_support.c.o[0m
[13.531s] [ 15%] [32mBuilding C object CMakeFiles/hellocm_msgs__rosidl_generator_c.dir/rosidl_generator_c/hellocm_msgs/msg/detail/ext2_cm__type_support.c.o[0m
[13.562s] [ 17%] [32mBuilding C object CMakeFiles/hellocm_msgs__rosidl_generator_c.dir/rosidl_generator_c/hellocm_msgs/msg/detail/tire_steering__functions.c.o[0m
[13.564s] [ 20%] [32mBuilding C object CMakeFiles/hellocm_msgs__rosidl_generator_c.dir/rosidl_generator_c/hellocm_msgs/srv/detail/init__functions.c.o[0m
[13.564s] [ 18%] [32mBuilding C object CMakeFiles/hellocm_msgs__rosidl_generator_c.dir/rosidl_generator_c/hellocm_msgs/srv/detail/init__type_support.c.o[0m
[13.574s] [ 21%] [32mBuilding C object CMakeFiles/hellocm_msgs__rosidl_generator_c.dir/rosidl_generator_c/hellocm_msgs/msg/detail/tire_steering__type_support.c.o[0m
[13.578s] [ 23%] [32mBuilding C object CMakeFiles/hellocm_msgs__rosidl_generator_c.dir/rosidl_generator_c/hellocm_msgs/srv/detail/init__description.c.o[0m
[14.018s] [ 25%] [32m[1mLinking C shared library libhellocm_msgs__rosidl_generator_c.so[0m
[14.215s] [ 25%] Built target hellocm_msgs__rosidl_generator_c
[14.299s] [ 26%] [34m[1mGenerating C introspection for ROS interfaces[0m
[14.310s] [ 28%] [34m[1mGenerating C type support for eProsima Fast-RTPS[0m
[14.315s] [ 29%] [34m[1mGenerating C++ type support dispatch for ROS interfaces[0m
[14.319s] [ 31%] [34m[1mGenerating C++ type support for eProsima Fast-RTPS[0m
[14.319s] [ 32%] [34m[1mGenerating C++ introspection for ROS interfaces[0m
[14.321s] [ 34%] [34m[1mGenerating C type support dispatch for ROS interfaces[0m
[16.554s] [ 35%] [32mBuilding CXX object CMakeFiles/hellocm_msgs__rosidl_typesupport_fastrtps_cpp.dir/rosidl_typesupport_fastrtps_cpp/hellocm_msgs/msg/detail/dds_fastrtps/ext2_cm__type_support.cpp.o[0m
[16.575s] [ 37%] [32mBuilding CXX object CMakeFiles/hellocm_msgs__rosidl_typesupport_fastrtps_cpp.dir/rosidl_typesupport_fastrtps_cpp/hellocm_msgs/msg/detail/dds_fastrtps/cm2_ext__type_support.cpp.o[0m
[16.576s] [ 39%] [32mBuilding CXX object CMakeFiles/hellocm_msgs__rosidl_typesupport_fastrtps_cpp.dir/rosidl_typesupport_fastrtps_cpp/hellocm_msgs/srv/detail/dds_fastrtps/init__type_support.cpp.o[0m
[16.577s] [ 40%] [32mBuilding CXX object CMakeFiles/hellocm_msgs__rosidl_typesupport_fastrtps_cpp.dir/rosidl_typesupport_fastrtps_cpp/hellocm_msgs/msg/detail/dds_fastrtps/tire_steering__type_support.cpp.o[0m
[17.110s] [ 42%] [32mBuilding CXX object CMakeFiles/hellocm_msgs__rosidl_typesupport_fastrtps_c.dir/rosidl_typesupport_fastrtps_c/hellocm_msgs/msg/detail/ext2_cm__type_support_c.cpp.o[0m
[17.117s] [ 43%] [32mBuilding CXX object CMakeFiles/hellocm_msgs__rosidl_typesupport_fastrtps_c.dir/rosidl_typesupport_fastrtps_c/hellocm_msgs/msg/detail/tire_steering__type_support_c.cpp.o[0m
[17.120s] [ 45%] [32mBuilding CXX object CMakeFiles/hellocm_msgs__rosidl_typesupport_fastrtps_c.dir/rosidl_typesupport_fastrtps_c/hellocm_msgs/msg/detail/cm2_ext__type_support_c.cpp.o[0m
[17.131s] [ 46%] [32mBuilding CXX object CMakeFiles/hellocm_msgs__rosidl_typesupport_fastrtps_c.dir/rosidl_typesupport_fastrtps_c/hellocm_msgs/srv/detail/init__type_support_c.cpp.o[0m
[17.393s] [ 48%] [32mBuilding CXX object CMakeFiles/hellocm_msgs__rosidl_typesupport_c.dir/rosidl_typesupport_c/hellocm_msgs/msg/cm2_ext__type_support.cpp.o[0m
[17.579s] [ 50%] [32mBuilding CXX object CMakeFiles/hellocm_msgs__rosidl_typesupport_c.dir/rosidl_typesupport_c/hellocm_msgs/msg/ext2_cm__type_support.cpp.o[0m
[17.796s] [ 51%] [32mBuilding CXX object CMakeFiles/hellocm_msgs__rosidl_typesupport_c.dir/rosidl_typesupport_c/hellocm_msgs/msg/tire_steering__type_support.cpp.o[0m
[17.920s] [ 53%] [32mBuilding CXX object CMakeFiles/hellocm_msgs__rosidl_typesupport_cpp.dir/rosidl_typesupport_cpp/hellocm_msgs/msg/cm2_ext__type_support.cpp.o[0m
[18.074s] [ 54%] [32mBuilding CXX object CMakeFiles/hellocm_msgs__rosidl_typesupport_c.dir/rosidl_typesupport_c/hellocm_msgs/srv/init__type_support.cpp.o[0m
[18.270s] [ 56%] [32mBuilding CXX object CMakeFiles/hellocm_msgs__rosidl_typesupport_introspection_cpp.dir/rosidl_typesupport_introspection_cpp/hellocm_msgs/msg/detail/cm2_ext__type_support.cpp.o[0m
[18.323s] [ 57%] [32mBuilding C object CMakeFiles/hellocm_msgs__rosidl_typesupport_introspection_c.dir/rosidl_typesupport_introspection_c/hellocm_msgs/msg/detail/cm2_ext__type_support.c.o[0m
[18.324s] [ 59%] [32m[1mLinking CXX shared library libhellocm_msgs__rosidl_typesupport_c.so[0m
[18.519s] [ 60%] [32mBuilding C object CMakeFiles/hellocm_msgs__rosidl_typesupport_introspection_c.dir/rosidl_typesupport_introspection_c/hellocm_msgs/msg/detail/ext2_cm__type_support.c.o[0m
[18.533s] [ 60%] Built target hellocm_msgs__rosidl_typesupport_c
[18.578s] [ 62%] [32mBuilding CXX object CMakeFiles/hellocm_msgs__rosidl_typesupport_introspection_cpp.dir/rosidl_typesupport_introspection_cpp/hellocm_msgs/msg/detail/ext2_cm__type_support.cpp.o[0m
[18.614s] [ 64%] [32mBuilding C object CMakeFiles/hellocm_msgs__rosidl_typesupport_introspection_c.dir/rosidl_typesupport_introspection_c/hellocm_msgs/msg/detail/tire_steering__type_support.c.o[0m
[18.690s] [ 65%] [32mBuilding CXX object CMakeFiles/hellocm_msgs__rosidl_typesupport_cpp.dir/rosidl_typesupport_cpp/hellocm_msgs/msg/ext2_cm__type_support.cpp.o[0m
[18.810s] [ 67%] [32mBuilding C object CMakeFiles/hellocm_msgs__rosidl_typesupport_introspection_c.dir/rosidl_typesupport_introspection_c/hellocm_msgs/srv/detail/init__type_support.c.o[0m
[18.830s] [ 68%] [32mBuilding CXX object CMakeFiles/hellocm_msgs__rosidl_typesupport_introspection_cpp.dir/rosidl_typesupport_introspection_cpp/hellocm_msgs/msg/detail/tire_steering__type_support.cpp.o[0m
[18.859s] [ 70%] [32mBuilding CXX object CMakeFiles/hellocm_msgs__rosidl_typesupport_cpp.dir/rosidl_typesupport_cpp/hellocm_msgs/msg/tire_steering__type_support.cpp.o[0m
[18.982s] [ 71%] [32m[1mLinking C shared library libhellocm_msgs__rosidl_typesupport_introspection_c.so[0m
[19.011s] [ 73%] [32mBuilding CXX object CMakeFiles/hellocm_msgs__rosidl_typesupport_introspection_cpp.dir/rosidl_typesupport_introspection_cpp/hellocm_msgs/srv/detail/init__type_support.cpp.o[0m
[19.123s] [ 73%] Built target hellocm_msgs__rosidl_typesupport_introspection_c
[19.128s] [ 75%] [32mBuilding CXX object CMakeFiles/hellocm_msgs__rosidl_typesupport_cpp.dir/rosidl_typesupport_cpp/hellocm_msgs/srv/init__type_support.cpp.o[0m
[19.666s] [ 76%] [32m[1mLinking CXX shared library libhellocm_msgs__rosidl_typesupport_fastrtps_cpp.so[0m
[19.769s] [ 78%] [32m[1mLinking CXX shared library libhellocm_msgs__rosidl_typesupport_fastrtps_c.so[0m
[19.919s] [ 78%] Built target hellocm_msgs__rosidl_typesupport_fastrtps_cpp
[20.020s] [ 78%] Built target hellocm_msgs__rosidl_typesupport_fastrtps_c
[20.378s] [ 79%] [32m[1mLinking CXX shared library libhellocm_msgs__rosidl_typesupport_introspection_cpp.so[0m
[20.472s] [ 81%] [32m[1mLinking CXX shared library libhellocm_msgs__rosidl_typesupport_cpp.so[0m
[20.544s] [ 81%] Built target hellocm_msgs__rosidl_typesupport_introspection_cpp
[20.632s] [ 81%] Built target hellocm_msgs__rosidl_typesupport_cpp
[20.669s] [ 81%] Built target hellocm_msgs
[20.704s] [ 82%] [34m[1mGenerating Python code for ROS interfaces[0m
[22.181s] [ 82%] Built target hellocm_msgs__py
[22.212s] [ 84%] [32mBuilding C object CMakeFiles/hellocm_msgs__rosidl_generator_py.dir/rosidl_generator_py/hellocm_msgs/msg/_cm2_ext_s.c.o[0m
[22.213s] [ 85%] [32mBuilding C object CMakeFiles/hellocm_msgs__rosidl_generator_py.dir/rosidl_generator_py/hellocm_msgs/msg/_tire_steering_s.c.o[0m
[22.214s] [ 87%] [32mBuilding C object CMakeFiles/hellocm_msgs__rosidl_generator_py.dir/rosidl_generator_py/hellocm_msgs/msg/_ext2_cm_s.c.o[0m
[22.216s] [ 89%] [32mBuilding C object CMakeFiles/hellocm_msgs__rosidl_generator_py.dir/rosidl_generator_py/hellocm_msgs/srv/_init_s.c.o[0m
[22.547s] [ 90%] [32m[1mLinking C shared library libhellocm_msgs__rosidl_generator_py.so[0m
[22.604s] [ 90%] Built target hellocm_msgs__rosidl_generator_py
[22.628s] [ 95%] [32mBuilding C object CMakeFiles/hellocm_msgs_s__rosidl_typesupport_fastrtps_c.dir/rosidl_generator_py/hellocm_msgs/_hellocm_msgs_s.ep.rosidl_typesupport_fastrtps_c.c.o[0m
[22.628s] [ 95%] [32mBuilding C object CMakeFiles/hellocm_msgs_s__rosidl_typesupport_c.dir/rosidl_generator_py/hellocm_msgs/_hellocm_msgs_s.ep.rosidl_typesupport_c.c.o[0m
[22.629s] [ 95%] [32mBuilding C object CMakeFiles/hellocm_msgs_s__rosidl_typesupport_introspection_c.dir/rosidl_generator_py/hellocm_msgs/_hellocm_msgs_s.ep.rosidl_typesupport_introspection_c.c.o[0m
[22.830s] [ 96%] [32m[1mLinking C shared module rosidl_generator_py/hellocm_msgs/hellocm_msgs_s__rosidl_typesupport_introspection_c.so[0m
[22.830s] [ 98%] [32m[1mLinking C shared module rosidl_generator_py/hellocm_msgs/hellocm_msgs_s__rosidl_typesupport_c.so[0m
[22.840s] [100%] [32m[1mLinking C shared module rosidl_generator_py/hellocm_msgs/hellocm_msgs_s__rosidl_typesupport_fastrtps_c.so[0m
[22.876s] [100%] Built target hellocm_msgs_s__rosidl_typesupport_c
[22.883s] [100%] Built target hellocm_msgs_s__rosidl_typesupport_introspection_c
[22.886s] [100%] Built target hellocm_msgs_s__rosidl_typesupport_fastrtps_c
[22.902s] Invoked command in '/home/ebrahim/formula-carmaker-fs_2025/FCM_Projects/FS_autonomous/ros/ros2_ws/build/hellocm_msgs' returned '0': CMAKE_PREFIX_PATH=${CMAKE_PREFIX_PATH}:/opt/ros/jazzy DEBUGINFOD_URLS=https://debuginfod.ubuntu.com /usr/bin/cmake --build /home/ebrahim/formula-carmaker-fs_2025/FCM_Projects/FS_autonomous/ros/ros2_ws/build/hellocm_msgs -- -j12 -l12
[22.904s] Invoking command in '/home/ebrahim/formula-carmaker-fs_2025/FCM_Projects/FS_autonomous/ros/ros2_ws/build/hellocm_msgs': CMAKE_PREFIX_PATH=${CMAKE_PREFIX_PATH}:/opt/ros/jazzy DEBUGINFOD_URLS=https://debuginfod.ubuntu.com /usr/bin/cmake --install /home/ebrahim/formula-carmaker-fs_2025/FCM_Projects/FS_autonomous/ros/ros2_ws/build/hellocm_msgs
[22.915s] -- Install configuration: ""
[22.915s] -- Installing: /home/ebrahim/formula-carmaker-fs_2025/FCM_Projects/FS_autonomous/ros/ros2_ws/install/hellocm_msgs/share/ament_index/resource_index/rosidl_interfaces/hellocm_msgs
[22.915s] -- Installing: /home/ebrahim/formula-carmaker-fs_2025/FCM_Projects/FS_autonomous/ros/ros2_ws/install/hellocm_msgs/share/hellocm_msgs/msg/CM2Ext.json
[22.915s] -- Installing: /home/ebrahim/formula-carmaker-fs_2025/FCM_Projects/FS_autonomous/ros/ros2_ws/install/hellocm_msgs/share/hellocm_msgs/msg/Ext2CM.json
[22.915s] -- Installing: /home/ebrahim/formula-carmaker-fs_2025/FCM_Projects/FS_autonomous/ros/ros2_ws/install/hellocm_msgs/share/hellocm_msgs/msg/TireSteering.json
[22.916s] -- Installing: /home/ebrahim/formula-carmaker-fs_2025/FCM_Projects/FS_autonomous/ros/ros2_ws/install/hellocm_msgs/share/hellocm_msgs/srv/Init.json
[22.916s] -- Installing: /home/ebrahim/formula-carmaker-fs_2025/FCM_Projects/FS_autonomous/ros/ros2_ws/install/hellocm_msgs/include/hellocm_msgs/hellocm_msgs
[22.916s] -- Installing: /home/ebrahim/formula-carmaker-fs_2025/FCM_Projects/FS_autonomous/ros/ros2_ws/install/hellocm_msgs/include/hellocm_msgs/hellocm_msgs/srv
[22.916s] -- Installing: /home/ebrahim/formula-carmaker-fs_2025/FCM_Projects/FS_autonomous/ros/ros2_ws/install/hellocm_msgs/include/hellocm_msgs/hellocm_msgs/srv/detail
[22.916s] -- Installing: /home/ebrahim/formula-carmaker-fs_2025/FCM_Projects/FS_autonomous/ros/ros2_ws/install/hellocm_msgs/include/hellocm_msgs/hellocm_msgs/srv/detail/init__struct.h
[22.916s] -- Installing: /home/ebrahim/formula-carmaker-fs_2025/FCM_Projects/FS_autonomous/ros/ros2_ws/install/hellocm_msgs/include/hellocm_msgs/hellocm_msgs/srv/detail/init__description.c
[22.916s] -- Installing: /home/ebrahim/formula-carmaker-fs_2025/FCM_Projects/FS_autonomous/ros/ros2_ws/install/hellocm_msgs/include/hellocm_msgs/hellocm_msgs/srv/detail/init__type_support.c
[22.916s] -- Installing: /home/ebrahim/formula-carmaker-fs_2025/FCM_Projects/FS_autonomous/ros/ros2_ws/install/hellocm_msgs/include/hellocm_msgs/hellocm_msgs/srv/detail/init__functions.c
[22.917s] -- Installing: /home/ebrahim/formula-carmaker-fs_2025/FCM_Projects/FS_autonomous/ros/ros2_ws/install/hellocm_msgs/include/hellocm_msgs/hellocm_msgs/srv/detail/init__type_support.h
[22.917s] -- Installing: /home/ebrahim/formula-carmaker-fs_2025/FCM_Projects/FS_autonomous/ros/ros2_ws/install/hellocm_msgs/include/hellocm_msgs/hellocm_msgs/srv/detail/init__functions.h
[22.917s] -- Installing: /home/ebrahim/formula-carmaker-fs_2025/FCM_Projects/FS_autonomous/ros/ros2_ws/install/hellocm_msgs/include/hellocm_msgs/hellocm_msgs/srv/init.h
[22.917s] -- Installing: /home/ebrahim/formula-carmaker-fs_2025/FCM_Projects/FS_autonomous/ros/ros2_ws/install/hellocm_msgs/include/hellocm_msgs/hellocm_msgs/msg
[22.917s] -- Installing: /home/ebrahim/formula-carmaker-fs_2025/FCM_Projects/FS_autonomous/ros/ros2_ws/install/hellocm_msgs/include/hellocm_msgs/hellocm_msgs/msg/detail
[22.917s] -- Installing: /home/ebrahim/formula-carmaker-fs_2025/FCM_Projects/FS_autonomous/ros/ros2_ws/install/hellocm_msgs/include/hellocm_msgs/hellocm_msgs/msg/detail/cm2_ext__description.c
[22.917s] -- Installing: /home/ebrahim/formula-carmaker-fs_2025/FCM_Projects/FS_autonomous/ros/ros2_ws/install/hellocm_msgs/include/hellocm_msgs/hellocm_msgs/msg/detail/ext2_cm__struct.h
[22.918s] -- Installing: /home/ebrahim/formula-carmaker-fs_2025/FCM_Projects/FS_autonomous/ros/ros2_ws/install/hellocm_msgs/include/hellocm_msgs/hellocm_msgs/msg/detail/ext2_cm__functions.h
[22.918s] -- Installing: /home/ebrahim/formula-carmaker-fs_2025/FCM_Projects/FS_autonomous/ros/ros2_ws/install/hellocm_msgs/include/hellocm_msgs/hellocm_msgs/msg/detail/cm2_ext__functions.h
[22.918s] -- Installing: /home/ebrahim/formula-carmaker-fs_2025/FCM_Projects/FS_autonomous/ros/ros2_ws/install/hellocm_msgs/include/hellocm_msgs/hellocm_msgs/msg/detail/tire_steering__functions.c
[22.918s] -- Installing: /home/ebrahim/formula-carmaker-fs_2025/FCM_Projects/FS_autonomous/ros/ros2_ws/install/hellocm_msgs/include/hellocm_msgs/hellocm_msgs/msg/detail/tire_steering__type_support.c
[22.918s] -- Installing: /home/ebrahim/formula-carmaker-fs_2025/FCM_Projects/FS_autonomous/ros/ros2_ws/install/hellocm_msgs/include/hellocm_msgs/hellocm_msgs/msg/detail/cm2_ext__struct.h
[22.918s] -- Installing: /home/ebrahim/formula-carmaker-fs_2025/FCM_Projects/FS_autonomous/ros/ros2_ws/install/hellocm_msgs/include/hellocm_msgs/hellocm_msgs/msg/detail/tire_steering__type_support.h
[22.918s] -- Installing: /home/ebrahim/formula-carmaker-fs_2025/FCM_Projects/FS_autonomous/ros/ros2_ws/install/hellocm_msgs/include/hellocm_msgs/hellocm_msgs/msg/detail/ext2_cm__type_support.h
[22.918s] -- Installing: /home/ebrahim/formula-carmaker-fs_2025/FCM_Projects/FS_autonomous/ros/ros2_ws/install/hellocm_msgs/include/hellocm_msgs/hellocm_msgs/msg/detail/cm2_ext__type_support.c
[22.919s] -- Installing: /home/ebrahim/formula-carmaker-fs_2025/FCM_Projects/FS_autonomous/ros/ros2_ws/install/hellocm_msgs/include/hellocm_msgs/hellocm_msgs/msg/detail/ext2_cm__type_support.c
[22.919s] -- Installing: /home/ebrahim/formula-carmaker-fs_2025/FCM_Projects/FS_autonomous/ros/ros2_ws/install/hellocm_msgs/include/hellocm_msgs/hellocm_msgs/msg/detail/cm2_ext__type_support.h
[22.919s] -- Installing: /home/ebrahim/formula-carmaker-fs_2025/FCM_Projects/FS_autonomous/ros/ros2_ws/install/hellocm_msgs/include/hellocm_msgs/hellocm_msgs/msg/detail/ext2_cm__description.c
[22.919s] -- Installing: /home/ebrahim/formula-carmaker-fs_2025/FCM_Projects/FS_autonomous/ros/ros2_ws/install/hellocm_msgs/include/hellocm_msgs/hellocm_msgs/msg/detail/ext2_cm__functions.c
[22.919s] -- Installing: /home/ebrahim/formula-carmaker-fs_2025/FCM_Projects/FS_autonomous/ros/ros2_ws/install/hellocm_msgs/include/hellocm_msgs/hellocm_msgs/msg/detail/tire_steering__struct.h
[22.919s] -- Installing: /home/ebrahim/formula-carmaker-fs_2025/FCM_Projects/FS_autonomous/ros/ros2_ws/install/hellocm_msgs/include/hellocm_msgs/hellocm_msgs/msg/detail/tire_steering__description.c
[22.919s] -- Installing: /home/ebrahim/formula-carmaker-fs_2025/FCM_Projects/FS_autonomous/ros/ros2_ws/install/hellocm_msgs/include/hellocm_msgs/hellocm_msgs/msg/detail/cm2_ext__functions.c
[22.919s] -- Installing: /home/ebrahim/formula-carmaker-fs_2025/FCM_Projects/FS_autonomous/ros/ros2_ws/install/hellocm_msgs/include/hellocm_msgs/hellocm_msgs/msg/detail/tire_steering__functions.h
[22.919s] -- Installing: /home/ebrahim/formula-carmaker-fs_2025/FCM_Projects/FS_autonomous/ros/ros2_ws/install/hellocm_msgs/include/hellocm_msgs/hellocm_msgs/msg/ext2_cm.h
[22.920s] -- Installing: /home/ebrahim/formula-carmaker-fs_2025/FCM_Projects/FS_autonomous/ros/ros2_ws/install/hellocm_msgs/include/hellocm_msgs/hellocm_msgs/msg/tire_steering.h
[22.920s] -- Installing: /home/ebrahim/formula-carmaker-fs_2025/FCM_Projects/FS_autonomous/ros/ros2_ws/install/hellocm_msgs/include/hellocm_msgs/hellocm_msgs/msg/rosidl_generator_c__visibility_control.h
[22.920s] -- Installing: /home/ebrahim/formula-carmaker-fs_2025/FCM_Projects/FS_autonomous/ros/ros2_ws/install/hellocm_msgs/include/hellocm_msgs/hellocm_msgs/msg/cm2_ext.h
[22.920s] -- Installing: /home/ebrahim/formula-carmaker-fs_2025/FCM_Projects/FS_autonomous/ros/ros2_ws/install/hellocm_msgs/share/hellocm_msgs/environment/library_path.sh
[22.920s] -- Installing: /home/ebrahim/formula-carmaker-fs_2025/FCM_Projects/FS_autonomous/ros/ros2_ws/install/hellocm_msgs/share/hellocm_msgs/environment/library_path.dsv
[22.920s] -- Installing: /home/ebrahim/formula-carmaker-fs_2025/FCM_Projects/FS_autonomous/ros/ros2_ws/install/hellocm_msgs/lib/libhellocm_msgs__rosidl_generator_c.so
[22.920s] -- Set non-toolchain portion of runtime path of "/home/ebrahim/formula-carmaker-fs_2025/FCM_Projects/FS_autonomous/ros/ros2_ws/install/hellocm_msgs/lib/libhellocm_msgs__rosidl_generator_c.so" to ""
[22.920s] -- Up-to-date: /home/ebrahim/formula-carmaker-fs_2025/FCM_Projects/FS_autonomous/ros/ros2_ws/install/hellocm_msgs/include/hellocm_msgs/hellocm_msgs
[22.920s] -- Up-to-date: /home/ebrahim/formula-carmaker-fs_2025/FCM_Projects/FS_autonomous/ros/ros2_ws/install/hellocm_msgs/include/hellocm_msgs/hellocm_msgs/srv
[22.921s] -- Up-to-date: /home/ebrahim/formula-carmaker-fs_2025/FCM_Projects/FS_autonomous/ros/ros2_ws/install/hellocm_msgs/include/hellocm_msgs/hellocm_msgs/srv/detail
[22.921s] -- Installing: /home/ebrahim/formula-carmaker-fs_2025/FCM_Projects/FS_autonomous/ros/ros2_ws/install/hellocm_msgs/include/hellocm_msgs/hellocm_msgs/srv/detail/init__rosidl_typesupport_fastrtps_c.h
[22.921s] -- Up-to-date: /home/ebrahim/formula-carmaker-fs_2025/FCM_Projects/FS_autonomous/ros/ros2_ws/install/hellocm_msgs/include/hellocm_msgs/hellocm_msgs/msg
[22.921s] -- Up-to-date: /home/ebrahim/formula-carmaker-fs_2025/FCM_Projects/FS_autonomous/ros/ros2_ws/install/hellocm_msgs/include/hellocm_msgs/hellocm_msgs/msg/detail
[22.921s] -- Installing: /home/ebrahim/formula-carmaker-fs_2025/FCM_Projects/FS_autonomous/ros/ros2_ws/install/hellocm_msgs/include/hellocm_msgs/hellocm_msgs/msg/detail/tire_steering__rosidl_typesupport_fastrtps_c.h
[22.921s] -- Installing: /home/ebrahim/formula-carmaker-fs_2025/FCM_Projects/FS_autonomous/ros/ros2_ws/install/hellocm_msgs/include/hellocm_msgs/hellocm_msgs/msg/detail/cm2_ext__rosidl_typesupport_fastrtps_c.h
[22.921s] -- Installing: /home/ebrahim/formula-carmaker-fs_2025/FCM_Projects/FS_autonomous/ros/ros2_ws/install/hellocm_msgs/include/hellocm_msgs/hellocm_msgs/msg/detail/ext2_cm__rosidl_typesupport_fastrtps_c.h
[22.921s] -- Installing: /home/ebrahim/formula-carmaker-fs_2025/FCM_Projects/FS_autonomous/ros/ros2_ws/install/hellocm_msgs/include/hellocm_msgs/hellocm_msgs/msg/rosidl_typesupport_fastrtps_c__visibility_control.h
[22.921s] -- Installing: /home/ebrahim/formula-carmaker-fs_2025/FCM_Projects/FS_autonomous/ros/ros2_ws/install/hellocm_msgs/lib/libhellocm_msgs__rosidl_typesupport_fastrtps_c.so
[22.922s] -- Set non-toolchain portion of runtime path of "/home/ebrahim/formula-carmaker-fs_2025/FCM_Projects/FS_autonomous/ros/ros2_ws/install/hellocm_msgs/lib/libhellocm_msgs__rosidl_typesupport_fastrtps_c.so" to ""
[22.922s] -- Up-to-date: /home/ebrahim/formula-carmaker-fs_2025/FCM_Projects/FS_autonomous/ros/ros2_ws/install/hellocm_msgs/include/hellocm_msgs/hellocm_msgs
[22.922s] -- Up-to-date: /home/ebrahim/formula-carmaker-fs_2025/FCM_Projects/FS_autonomous/ros/ros2_ws/install/hellocm_msgs/include/hellocm_msgs/hellocm_msgs/srv
[22.922s] -- Up-to-date: /home/ebrahim/formula-carmaker-fs_2025/FCM_Projects/FS_autonomous/ros/ros2_ws/install/hellocm_msgs/include/hellocm_msgs/hellocm_msgs/srv/detail
[22.922s] -- Installing: /home/ebrahim/formula-carmaker-fs_2025/FCM_Projects/FS_autonomous/ros/ros2_ws/install/hellocm_msgs/include/hellocm_msgs/hellocm_msgs/srv/detail/init__type_support.c
[22.922s] -- Installing: /home/ebrahim/formula-carmaker-fs_2025/FCM_Projects/FS_autonomous/ros/ros2_ws/install/hellocm_msgs/include/hellocm_msgs/hellocm_msgs/srv/detail/init__rosidl_typesupport_introspection_c.h
[22.922s] -- Up-to-date: /home/ebrahim/formula-carmaker-fs_2025/FCM_Projects/FS_autonomous/ros/ros2_ws/install/hellocm_msgs/include/hellocm_msgs/hellocm_msgs/msg
[22.922s] -- Up-to-date: /home/ebrahim/formula-carmaker-fs_2025/FCM_Projects/FS_autonomous/ros/ros2_ws/install/hellocm_msgs/include/hellocm_msgs/hellocm_msgs/msg/detail
[22.922s] -- Installing: /home/ebrahim/formula-carmaker-fs_2025/FCM_Projects/FS_autonomous/ros/ros2_ws/install/hellocm_msgs/include/hellocm_msgs/hellocm_msgs/msg/detail/cm2_ext__rosidl_typesupport_introspection_c.h
[22.923s] -- Installing: /home/ebrahim/formula-carmaker-fs_2025/FCM_Projects/FS_autonomous/ros/ros2_ws/install/hellocm_msgs/include/hellocm_msgs/hellocm_msgs/msg/detail/tire_steering__type_support.c
[22.923s] -- Installing: /home/ebrahim/formula-carmaker-fs_2025/FCM_Projects/FS_autonomous/ros/ros2_ws/install/hellocm_msgs/include/hellocm_msgs/hellocm_msgs/msg/detail/cm2_ext__type_support.c
[22.923s] -- Installing: /home/ebrahim/formula-carmaker-fs_2025/FCM_Projects/FS_autonomous/ros/ros2_ws/install/hellocm_msgs/include/hellocm_msgs/hellocm_msgs/msg/detail/ext2_cm__type_support.c
[22.923s] -- Installing: /home/ebrahim/formula-carmaker-fs_2025/FCM_Projects/FS_autonomous/ros/ros2_ws/install/hellocm_msgs/include/hellocm_msgs/hellocm_msgs/msg/detail/ext2_cm__rosidl_typesupport_introspection_c.h
[22.923s] -- Installing: /home/ebrahim/formula-carmaker-fs_2025/FCM_Projects/FS_autonomous/ros/ros2_ws/install/hellocm_msgs/include/hellocm_msgs/hellocm_msgs/msg/detail/tire_steering__rosidl_typesupport_introspection_c.h
[22.923s] -- Installing: /home/ebrahim/formula-carmaker-fs_2025/FCM_Projects/FS_autonomous/ros/ros2_ws/install/hellocm_msgs/include/hellocm_msgs/hellocm_msgs/msg/rosidl_typesupport_introspection_c__visibility_control.h
[22.923s] -- Installing: /home/ebrahim/formula-carmaker-fs_2025/FCM_Projects/FS_autonomous/ros/ros2_ws/install/hellocm_msgs/lib/libhellocm_msgs__rosidl_typesupport_introspection_c.so
[22.923s] -- Set non-toolchain portion of runtime path of "/home/ebrahim/formula-carmaker-fs_2025/FCM_Projects/FS_autonomous/ros/ros2_ws/install/hellocm_msgs/lib/libhellocm_msgs__rosidl_typesupport_introspection_c.so" to ""
[22.923s] -- Installing: /home/ebrahim/formula-carmaker-fs_2025/FCM_Projects/FS_autonomous/ros/ros2_ws/install/hellocm_msgs/lib/libhellocm_msgs__rosidl_typesupport_c.so
[22.923s] -- Set non-toolchain portion of runtime path of "/home/ebrahim/formula-carmaker-fs_2025/FCM_Projects/FS_autonomous/ros/ros2_ws/install/hellocm_msgs/lib/libhellocm_msgs__rosidl_typesupport_c.so" to ""
[22.924s] -- Up-to-date: /home/ebrahim/formula-carmaker-fs_2025/FCM_Projects/FS_autonomous/ros/ros2_ws/install/hellocm_msgs/include/hellocm_msgs/hellocm_msgs
[22.924s] -- Up-to-date: /home/ebrahim/formula-carmaker-fs_2025/FCM_Projects/FS_autonomous/ros/ros2_ws/install/hellocm_msgs/include/hellocm_msgs/hellocm_msgs/srv
[22.924s] -- Up-to-date: /home/ebrahim/formula-carmaker-fs_2025/FCM_Projects/FS_autonomous/ros/ros2_ws/install/hellocm_msgs/include/hellocm_msgs/hellocm_msgs/srv/detail
[22.924s] -- Installing: /home/ebrahim/formula-carmaker-fs_2025/FCM_Projects/FS_autonomous/ros/ros2_ws/install/hellocm_msgs/include/hellocm_msgs/hellocm_msgs/srv/detail/init__struct.hpp
[22.924s] -- Installing: /home/ebrahim/formula-carmaker-fs_2025/FCM_Projects/FS_autonomous/ros/ros2_ws/install/hellocm_msgs/include/hellocm_msgs/hellocm_msgs/srv/detail/init__builder.hpp
[22.925s] -- Installing: /home/ebrahim/formula-carmaker-fs_2025/FCM_Projects/FS_autonomous/ros/ros2_ws/install/hellocm_msgs/include/hellocm_msgs/hellocm_msgs/srv/detail/init__traits.hpp
[22.925s] -- Installing: /home/ebrahim/formula-carmaker-fs_2025/FCM_Projects/FS_autonomous/ros/ros2_ws/install/hellocm_msgs/include/hellocm_msgs/hellocm_msgs/srv/detail/init__type_support.hpp
[22.925s] -- Installing: /home/ebrahim/formula-carmaker-fs_2025/FCM_Projects/FS_autonomous/ros/ros2_ws/install/hellocm_msgs/include/hellocm_msgs/hellocm_msgs/srv/init.hpp
[22.925s] -- Up-to-date: /home/ebrahim/formula-carmaker-fs_2025/FCM_Projects/FS_autonomous/ros/ros2_ws/install/hellocm_msgs/include/hellocm_msgs/hellocm_msgs/msg
[22.925s] -- Up-to-date: /home/ebrahim/formula-carmaker-fs_2025/FCM_Projects/FS_autonomous/ros/ros2_ws/install/hellocm_msgs/include/hellocm_msgs/hellocm_msgs/msg/detail
[22.925s] -- Installing: /home/ebrahim/formula-carmaker-fs_2025/FCM_Projects/FS_autonomous/ros/ros2_ws/install/hellocm_msgs/include/hellocm_msgs/hellocm_msgs/msg/detail/cm2_ext__struct.hpp
[22.925s] -- Installing: /home/ebrahim/formula-carmaker-fs_2025/FCM_Projects/FS_autonomous/ros/ros2_ws/install/hellocm_msgs/include/hellocm_msgs/hellocm_msgs/msg/detail/ext2_cm__type_support.hpp
[22.925s] -- Installing: /home/ebrahim/formula-carmaker-fs_2025/FCM_Projects/FS_autonomous/ros/ros2_ws/install/hellocm_msgs/include/hellocm_msgs/hellocm_msgs/msg/detail/ext2_cm__builder.hpp
[22.926s] -- Installing: /home/ebrahim/formula-carmaker-fs_2025/FCM_Projects/FS_autonomous/ros/ros2_ws/install/hellocm_msgs/include/hellocm_msgs/hellocm_msgs/msg/detail/tire_steering__builder.hpp
[22.926s] -- Installing: /home/ebrahim/formula-carmaker-fs_2025/FCM_Projects/FS_autonomous/ros/ros2_ws/install/hellocm_msgs/include/hellocm_msgs/hellocm_msgs/msg/detail/tire_steering__struct.hpp
[22.926s] -- Installing: /home/ebrahim/formula-carmaker-fs_2025/FCM_Projects/FS_autonomous/ros/ros2_ws/install/hellocm_msgs/include/hellocm_msgs/hellocm_msgs/msg/detail/cm2_ext__builder.hpp
[22.926s] -- Installing: /home/ebrahim/formula-carmaker-fs_2025/FCM_Projects/FS_autonomous/ros/ros2_ws/install/hellocm_msgs/include/hellocm_msgs/hellocm_msgs/msg/detail/ext2_cm__struct.hpp
[22.926s] -- Installing: /home/ebrahim/formula-carmaker-fs_2025/FCM_Projects/FS_autonomous/ros/ros2_ws/install/hellocm_msgs/include/hellocm_msgs/hellocm_msgs/msg/detail/tire_steering__traits.hpp
[22.926s] -- Installing: /home/ebrahim/formula-carmaker-fs_2025/FCM_Projects/FS_autonomous/ros/ros2_ws/install/hellocm_msgs/include/hellocm_msgs/hellocm_msgs/msg/detail/ext2_cm__traits.hpp
[22.926s] -- Installing: /home/ebrahim/formula-carmaker-fs_2025/FCM_Projects/FS_autonomous/ros/ros2_ws/install/hellocm_msgs/include/hellocm_msgs/hellocm_msgs/msg/detail/cm2_ext__type_support.hpp
[22.926s] -- Installing: /home/ebrahim/formula-carmaker-fs_2025/FCM_Projects/FS_autonomous/ros/ros2_ws/install/hellocm_msgs/include/hellocm_msgs/hellocm_msgs/msg/detail/cm2_ext__traits.hpp
[22.926s] -- Installing: /home/ebrahim/formula-carmaker-fs_2025/FCM_Projects/FS_autonomous/ros/ros2_ws/install/hellocm_msgs/include/hellocm_msgs/hellocm_msgs/msg/detail/tire_steering__type_support.hpp
[22.927s] -- Installing: /home/ebrahim/formula-carmaker-fs_2025/FCM_Projects/FS_autonomous/ros/ros2_ws/install/hellocm_msgs/include/hellocm_msgs/hellocm_msgs/msg/tire_steering.hpp
[22.927s] -- Installing: /home/ebrahim/formula-carmaker-fs_2025/FCM_Projects/FS_autonomous/ros/ros2_ws/install/hellocm_msgs/include/hellocm_msgs/hellocm_msgs/msg/cm2_ext.hpp
[22.927s] -- Installing: /home/ebrahim/formula-carmaker-fs_2025/FCM_Projects/FS_autonomous/ros/ros2_ws/install/hellocm_msgs/include/hellocm_msgs/hellocm_msgs/msg/rosidl_generator_cpp__visibility_control.hpp
[22.927s] -- Installing: /home/ebrahim/formula-carmaker-fs_2025/FCM_Projects/FS_autonomous/ros/ros2_ws/install/hellocm_msgs/include/hellocm_msgs/hellocm_msgs/msg/ext2_cm.hpp
[22.927s] -- Up-to-date: /home/ebrahim/formula-carmaker-fs_2025/FCM_Projects/FS_autonomous/ros/ros2_ws/install/hellocm_msgs/include/hellocm_msgs/hellocm_msgs
[22.928s] -- Up-to-date: /home/ebrahim/formula-carmaker-fs_2025/FCM_Projects/FS_autonomous/ros/ros2_ws/install/hellocm_msgs/include/hellocm_msgs/hellocm_msgs/srv
[22.928s] -- Up-to-date: /home/ebrahim/formula-carmaker-fs_2025/FCM_Projects/FS_autonomous/ros/ros2_ws/install/hellocm_msgs/include/hellocm_msgs/hellocm_msgs/srv/detail
[22.928s] -- Installing: /home/ebrahim/formula-carmaker-fs_2025/FCM_Projects/FS_autonomous/ros/ros2_ws/install/hellocm_msgs/include/hellocm_msgs/hellocm_msgs/srv/detail/init__rosidl_typesupport_fastrtps_cpp.hpp
[22.928s] -- Installing: /home/ebrahim/formula-carmaker-fs_2025/FCM_Projects/FS_autonomous/ros/ros2_ws/install/hellocm_msgs/include/hellocm_msgs/hellocm_msgs/srv/detail/dds_fastrtps
[22.928s] -- Up-to-date: /home/ebrahim/formula-carmaker-fs_2025/FCM_Projects/FS_autonomous/ros/ros2_ws/install/hellocm_msgs/include/hellocm_msgs/hellocm_msgs/msg
[22.928s] -- Up-to-date: /home/ebrahim/formula-carmaker-fs_2025/FCM_Projects/FS_autonomous/ros/ros2_ws/install/hellocm_msgs/include/hellocm_msgs/hellocm_msgs/msg/detail
[22.929s] -- Installing: /home/ebrahim/formula-carmaker-fs_2025/FCM_Projects/FS_autonomous/ros/ros2_ws/install/hellocm_msgs/include/hellocm_msgs/hellocm_msgs/msg/detail/tire_steering__rosidl_typesupport_fastrtps_cpp.hpp
[22.929s] -- Installing: /home/ebrahim/formula-carmaker-fs_2025/FCM_Projects/FS_autonomous/ros/ros2_ws/install/hellocm_msgs/include/hellocm_msgs/hellocm_msgs/msg/detail/dds_fastrtps
[22.930s] -- Installing: /home/ebrahim/formula-carmaker-fs_2025/FCM_Projects/FS_autonomous/ros/ros2_ws/install/hellocm_msgs/include/hellocm_msgs/hellocm_msgs/msg/detail/cm2_ext__rosidl_typesupport_fastrtps_cpp.hpp
[22.930s] -- Installing: /home/ebrahim/formula-carmaker-fs_2025/FCM_Projects/FS_autonomous/ros/ros2_ws/install/hellocm_msgs/include/hellocm_msgs/hellocm_msgs/msg/detail/ext2_cm__rosidl_typesupport_fastrtps_cpp.hpp
[22.930s] -- Installing: /home/ebrahim/formula-carmaker-fs_2025/FCM_Projects/FS_autonomous/ros/ros2_ws/install/hellocm_msgs/include/hellocm_msgs/hellocm_msgs/msg/rosidl_typesupport_fastrtps_cpp__visibility_control.h
[22.930s] -- Installing: /home/ebrahim/formula-carmaker-fs_2025/FCM_Projects/FS_autonomous/ros/ros2_ws/install/hellocm_msgs/lib/libhellocm_msgs__rosidl_typesupport_fastrtps_cpp.so
[22.931s] -- Set non-toolchain portion of runtime path of "/home/ebrahim/formula-carmaker-fs_2025/FCM_Projects/FS_autonomous/ros/ros2_ws/install/hellocm_msgs/lib/libhellocm_msgs__rosidl_typesupport_fastrtps_cpp.so" to ""
[22.931s] -- Up-to-date: /home/ebrahim/formula-carmaker-fs_2025/FCM_Projects/FS_autonomous/ros/ros2_ws/install/hellocm_msgs/include/hellocm_msgs/hellocm_msgs
[22.931s] -- Up-to-date: /home/ebrahim/formula-carmaker-fs_2025/FCM_Projects/FS_autonomous/ros/ros2_ws/install/hellocm_msgs/include/hellocm_msgs/hellocm_msgs/srv
[22.932s] -- Up-to-date: /home/ebrahim/formula-carmaker-fs_2025/FCM_Projects/FS_autonomous/ros/ros2_ws/install/hellocm_msgs/include/hellocm_msgs/hellocm_msgs/srv/detail
[22.932s] -- Installing: /home/ebrahim/formula-carmaker-fs_2025/FCM_Projects/FS_autonomous/ros/ros2_ws/install/hellocm_msgs/include/hellocm_msgs/hellocm_msgs/srv/detail/init__type_support.cpp
[22.932s] -- Installing: /home/ebrahim/formula-carmaker-fs_2025/FCM_Projects/FS_autonomous/ros/ros2_ws/install/hellocm_msgs/include/hellocm_msgs/hellocm_msgs/srv/detail/init__rosidl_typesupport_introspection_cpp.hpp
[22.932s] -- Up-to-date: /home/ebrahim/formula-carmaker-fs_2025/FCM_Projects/FS_autonomous/ros/ros2_ws/install/hellocm_msgs/include/hellocm_msgs/hellocm_msgs/msg
[22.933s] -- Up-to-date: /home/ebrahim/formula-carmaker-fs_2025/FCM_Projects/FS_autonomous/ros/ros2_ws/install/hellocm_msgs/include/hellocm_msgs/hellocm_msgs/msg/detail
[22.933s] -- Installing: /home/ebrahim/formula-carmaker-fs_2025/FCM_Projects/FS_autonomous/ros/ros2_ws/install/hellocm_msgs/include/hellocm_msgs/hellocm_msgs/msg/detail/ext2_cm__type_support.cpp
[22.933s] -- Installing: /home/ebrahim/formula-carmaker-fs_2025/FCM_Projects/FS_autonomous/ros/ros2_ws/install/hellocm_msgs/include/hellocm_msgs/hellocm_msgs/msg/detail/cm2_ext__rosidl_typesupport_introspection_cpp.hpp
[22.933s] -- Installing: /home/ebrahim/formula-carmaker-fs_2025/FCM_Projects/FS_autonomous/ros/ros2_ws/install/hellocm_msgs/include/hellocm_msgs/hellocm_msgs/msg/detail/tire_steering__type_support.cpp
[22.933s] -- Installing: /home/ebrahim/formula-carmaker-fs_2025/FCM_Projects/FS_autonomous/ros/ros2_ws/install/hellocm_msgs/include/hellocm_msgs/hellocm_msgs/msg/detail/ext2_cm__rosidl_typesupport_introspection_cpp.hpp
[22.933s] -- Installing: /home/ebrahim/formula-carmaker-fs_2025/FCM_Projects/FS_autonomous/ros/ros2_ws/install/hellocm_msgs/include/hellocm_msgs/hellocm_msgs/msg/detail/tire_steering__rosidl_typesupport_introspection_cpp.hpp
[22.934s] -- Installing: /home/ebrahim/formula-carmaker-fs_2025/FCM_Projects/FS_autonomous/ros/ros2_ws/install/hellocm_msgs/include/hellocm_msgs/hellocm_msgs/msg/detail/cm2_ext__type_support.cpp
[22.934s] -- Installing: /home/ebrahim/formula-carmaker-fs_2025/FCM_Projects/FS_autonomous/ros/ros2_ws/install/hellocm_msgs/lib/libhellocm_msgs__rosidl_typesupport_introspection_cpp.so
[22.934s] -- Set non-toolchain portion of runtime path of "/home/ebrahim/formula-carmaker-fs_2025/FCM_Projects/FS_autonomous/ros/ros2_ws/install/hellocm_msgs/lib/libhellocm_msgs__rosidl_typesupport_introspection_cpp.so" to ""
[22.934s] -- Installing: /home/ebrahim/formula-carmaker-fs_2025/FCM_Projects/FS_autonomous/ros/ros2_ws/install/hellocm_msgs/lib/libhellocm_msgs__rosidl_typesupport_cpp.so
[22.934s] -- Set non-toolchain portion of runtime path of "/home/ebrahim/formula-carmaker-fs_2025/FCM_Projects/FS_autonomous/ros/ros2_ws/install/hellocm_msgs/lib/libhellocm_msgs__rosidl_typesupport_cpp.so" to ""
[22.934s] -- Installing: /home/ebrahim/formula-carmaker-fs_2025/FCM_Projects/FS_autonomous/ros/ros2_ws/install/hellocm_msgs/share/hellocm_msgs/environment/pythonpath.sh
[22.934s] -- Installing: /home/ebrahim/formula-carmaker-fs_2025/FCM_Projects/FS_autonomous/ros/ros2_ws/install/hellocm_msgs/share/hellocm_msgs/environment/pythonpath.dsv
[22.935s] -- Installing: /home/ebrahim/formula-carmaker-fs_2025/FCM_Projects/FS_autonomous/ros/ros2_ws/install/hellocm_msgs/lib/python3.12/site-packages/hellocm_msgs-0.1.0-py3.12.egg-info
[22.935s] -- Installing: /home/ebrahim/formula-carmaker-fs_2025/FCM_Projects/FS_autonomous/ros/ros2_ws/install/hellocm_msgs/lib/python3.12/site-packages/hellocm_msgs-0.1.0-py3.12.egg-info/SOURCES.txt
[22.935s] -- Installing: /home/ebrahim/formula-carmaker-fs_2025/FCM_Projects/FS_autonomous/ros/ros2_ws/install/hellocm_msgs/lib/python3.12/site-packages/hellocm_msgs-0.1.0-py3.12.egg-info/PKG-INFO
[22.935s] -- Installing: /home/ebrahim/formula-carmaker-fs_2025/FCM_Projects/FS_autonomous/ros/ros2_ws/install/hellocm_msgs/lib/python3.12/site-packages/hellocm_msgs-0.1.0-py3.12.egg-info/top_level.txt
[22.935s] -- Installing: /home/ebrahim/formula-carmaker-fs_2025/FCM_Projects/FS_autonomous/ros/ros2_ws/install/hellocm_msgs/lib/python3.12/site-packages/hellocm_msgs-0.1.0-py3.12.egg-info/dependency_links.txt
[22.935s] -- Installing: /home/ebrahim/formula-carmaker-fs_2025/FCM_Projects/FS_autonomous/ros/ros2_ws/install/hellocm_msgs/lib/python3.12/site-packages/hellocm_msgs
[22.935s] -- Installing: /home/ebrahim/formula-carmaker-fs_2025/FCM_Projects/FS_autonomous/ros/ros2_ws/install/hellocm_msgs/lib/python3.12/site-packages/hellocm_msgs/hellocm_msgs_s__rosidl_typesupport_c.so
[22.935s] -- Installing: /home/ebrahim/formula-carmaker-fs_2025/FCM_Projects/FS_autonomous/ros/ros2_ws/install/hellocm_msgs/lib/python3.12/site-packages/hellocm_msgs/_hellocm_msgs_s.ep.rosidl_typesupport_c.c
[22.936s] -- Installing: /home/ebrahim/formula-carmaker-fs_2025/FCM_Projects/FS_autonomous/ros/ros2_ws/install/hellocm_msgs/lib/python3.12/site-packages/hellocm_msgs/_hellocm_msgs_s.ep.rosidl_typesupport_introspection_c.c
[22.936s] -- Installing: /home/ebrahim/formula-carmaker-fs_2025/FCM_Projects/FS_autonomous/ros/ros2_ws/install/hellocm_msgs/lib/python3.12/site-packages/hellocm_msgs/hellocm_msgs_s__rosidl_typesupport_introspection_c.so
[22.936s] -- Installing: /home/ebrahim/formula-carmaker-fs_2025/FCM_Projects/FS_autonomous/ros/ros2_ws/install/hellocm_msgs/lib/python3.12/site-packages/hellocm_msgs/srv
[22.936s] -- Installing: /home/ebrahim/formula-carmaker-fs_2025/FCM_Projects/FS_autonomous/ros/ros2_ws/install/hellocm_msgs/lib/python3.12/site-packages/hellocm_msgs/srv/_init_s.c
[22.936s] -- Installing: /home/ebrahim/formula-carmaker-fs_2025/FCM_Projects/FS_autonomous/ros/ros2_ws/install/hellocm_msgs/lib/python3.12/site-packages/hellocm_msgs/srv/_init.py
[22.936s] -- Installing: /home/ebrahim/formula-carmaker-fs_2025/FCM_Projects/FS_autonomous/ros/ros2_ws/install/hellocm_msgs/lib/python3.12/site-packages/hellocm_msgs/srv/__init__.py
[22.936s] -- Installing: /home/ebrahim/formula-carmaker-fs_2025/FCM_Projects/FS_autonomous/ros/ros2_ws/install/hellocm_msgs/lib/python3.12/site-packages/hellocm_msgs/hellocm_msgs_s__rosidl_typesupport_fastrtps_c.so
[22.937s] -- Installing: /home/ebrahim/formula-carmaker-fs_2025/FCM_Projects/FS_autonomous/ros/ros2_ws/install/hellocm_msgs/lib/python3.12/site-packages/hellocm_msgs/msg
[22.937s] -- Installing: /home/ebrahim/formula-carmaker-fs_2025/FCM_Projects/FS_autonomous/ros/ros2_ws/install/hellocm_msgs/lib/python3.12/site-packages/hellocm_msgs/msg/_cm2_ext_s.c
[22.937s] -- Installing: /home/ebrahim/formula-carmaker-fs_2025/FCM_Projects/FS_autonomous/ros/ros2_ws/install/hellocm_msgs/lib/python3.12/site-packages/hellocm_msgs/msg/_ext2_cm.py
[22.937s] -- Installing: /home/ebrahim/formula-carmaker-fs_2025/FCM_Projects/FS_autonomous/ros/ros2_ws/install/hellocm_msgs/lib/python3.12/site-packages/hellocm_msgs/msg/_cm2_ext.py
[22.937s] -- Installing: /home/ebrahim/formula-carmaker-fs_2025/FCM_Projects/FS_autonomous/ros/ros2_ws/install/hellocm_msgs/lib/python3.12/site-packages/hellocm_msgs/msg/_tire_steering_s.c
[22.937s] -- Installing: /home/ebrahim/formula-carmaker-fs_2025/FCM_Projects/FS_autonomous/ros/ros2_ws/install/hellocm_msgs/lib/python3.12/site-packages/hellocm_msgs/msg/_ext2_cm_s.c
[22.937s] -- Installing: /home/ebrahim/formula-carmaker-fs_2025/FCM_Projects/FS_autonomous/ros/ros2_ws/install/hellocm_msgs/lib/python3.12/site-packages/hellocm_msgs/msg/_tire_steering.py
[22.938s] -- Installing: /home/ebrahim/formula-carmaker-fs_2025/FCM_Projects/FS_autonomous/ros/ros2_ws/install/hellocm_msgs/lib/python3.12/site-packages/hellocm_msgs/msg/__init__.py
[22.938s] -- Installing: /home/ebrahim/formula-carmaker-fs_2025/FCM_Projects/FS_autonomous/ros/ros2_ws/install/hellocm_msgs/lib/python3.12/site-packages/hellocm_msgs/__init__.py
[22.938s] -- Installing: /home/ebrahim/formula-carmaker-fs_2025/FCM_Projects/FS_autonomous/ros/ros2_ws/install/hellocm_msgs/lib/python3.12/site-packages/hellocm_msgs/_hellocm_msgs_s.ep.rosidl_typesupport_fastrtps_c.c
[23.007s] Listing '/home/ebrahim/formula-carmaker-fs_2025/FCM_Projects/FS_autonomous/ros/ros2_ws/install/hellocm_msgs/lib/python3.12/site-packages/hellocm_msgs'...
[23.008s] Compiling '/home/ebrahim/formula-carmaker-fs_2025/FCM_Projects/FS_autonomous/ros/ros2_ws/install/hellocm_msgs/lib/python3.12/site-packages/hellocm_msgs/__init__.py'...
[23.008s] Listing '/home/ebrahim/formula-carmaker-fs_2025/FCM_Projects/FS_autonomous/ros/ros2_ws/install/hellocm_msgs/lib/python3.12/site-packages/hellocm_msgs/msg'...
[23.008s] Compiling '/home/ebrahim/formula-carmaker-fs_2025/FCM_Projects/FS_autonomous/ros/ros2_ws/install/hellocm_msgs/lib/python3.12/site-packages/hellocm_msgs/msg/__init__.py'...
[23.008s] Compiling '/home/ebrahim/formula-carmaker-fs_2025/FCM_Projects/FS_autonomous/ros/ros2_ws/install/hellocm_msgs/lib/python3.12/site-packages/hellocm_msgs/msg/_cm2_ext.py'...
[23.008s] Compiling '/home/ebrahim/formula-carmaker-fs_2025/FCM_Projects/FS_autonomous/ros/ros2_ws/install/hellocm_msgs/lib/python3.12/site-packages/hellocm_msgs/msg/_ext2_cm.py'...
[23.008s] Compiling '/home/ebrahim/formula-carmaker-fs_2025/FCM_Projects/FS_autonomous/ros/ros2_ws/install/hellocm_msgs/lib/python3.12/site-packages/hellocm_msgs/msg/_tire_steering.py'...
[23.008s] Listing '/home/ebrahim/formula-carmaker-fs_2025/FCM_Projects/FS_autonomous/ros/ros2_ws/install/hellocm_msgs/lib/python3.12/site-packages/hellocm_msgs/srv'...
[23.008s] Compiling '/home/ebrahim/formula-carmaker-fs_2025/FCM_Projects/FS_autonomous/ros/ros2_ws/install/hellocm_msgs/lib/python3.12/site-packages/hellocm_msgs/srv/__init__.py'...
[23.008s] Compiling '/home/ebrahim/formula-carmaker-fs_2025/FCM_Projects/FS_autonomous/ros/ros2_ws/install/hellocm_msgs/lib/python3.12/site-packages/hellocm_msgs/srv/_init.py'...
[23.023s] -- Installing: /home/ebrahim/formula-carmaker-fs_2025/FCM_Projects/FS_autonomous/ros/ros2_ws/install/hellocm_msgs/lib/python3.12/site-packages/hellocm_msgs/hellocm_msgs_s__rosidl_typesupport_fastrtps_c.so
[23.023s] -- Set non-toolchain portion of runtime path of "/home/ebrahim/formula-carmaker-fs_2025/FCM_Projects/FS_autonomous/ros/ros2_ws/install/hellocm_msgs/lib/python3.12/site-packages/hellocm_msgs/hellocm_msgs_s__rosidl_typesupport_fastrtps_c.so" to ""
[23.023s] -- Installing: /home/ebrahim/formula-carmaker-fs_2025/FCM_Projects/FS_autonomous/ros/ros2_ws/install/hellocm_msgs/lib/python3.12/site-packages/hellocm_msgs/hellocm_msgs_s__rosidl_typesupport_introspection_c.so
[23.023s] -- Set non-toolchain portion of runtime path of "/home/ebrahim/formula-carmaker-fs_2025/FCM_Projects/FS_autonomous/ros/ros2_ws/install/hellocm_msgs/lib/python3.12/site-packages/hellocm_msgs/hellocm_msgs_s__rosidl_typesupport_introspection_c.so" to ""
[23.024s] -- Installing: /home/ebrahim/formula-carmaker-fs_2025/FCM_Projects/FS_autonomous/ros/ros2_ws/install/hellocm_msgs/lib/python3.12/site-packages/hellocm_msgs/hellocm_msgs_s__rosidl_typesupport_c.so
[23.024s] -- Set non-toolchain portion of runtime path of "/home/ebrahim/formula-carmaker-fs_2025/FCM_Projects/FS_autonomous/ros/ros2_ws/install/hellocm_msgs/lib/python3.12/site-packages/hellocm_msgs/hellocm_msgs_s__rosidl_typesupport_c.so" to ""
[23.024s] -- Installing: /home/ebrahim/formula-carmaker-fs_2025/FCM_Projects/FS_autonomous/ros/ros2_ws/install/hellocm_msgs/lib/libhellocm_msgs__rosidl_generator_py.so
[23.025s] -- Set non-toolchain portion of runtime path of "/home/ebrahim/formula-carmaker-fs_2025/FCM_Projects/FS_autonomous/ros/ros2_ws/install/hellocm_msgs/lib/libhellocm_msgs__rosidl_generator_py.so" to ""
[23.025s] -- Installing: /home/ebrahim/formula-carmaker-fs_2025/FCM_Projects/FS_autonomous/ros/ros2_ws/install/hellocm_msgs/share/hellocm_msgs/msg/CM2Ext.idl
[23.025s] -- Installing: /home/ebrahim/formula-carmaker-fs_2025/FCM_Projects/FS_autonomous/ros/ros2_ws/install/hellocm_msgs/share/hellocm_msgs/msg/Ext2CM.idl
[23.025s] -- Installing: /home/ebrahim/formula-carmaker-fs_2025/FCM_Projects/FS_autonomous/ros/ros2_ws/install/hellocm_msgs/share/hellocm_msgs/msg/TireSteering.idl
[23.025s] -- Installing: /home/ebrahim/formula-carmaker-fs_2025/FCM_Projects/FS_autonomous/ros/ros2_ws/install/hellocm_msgs/share/hellocm_msgs/srv/Init.idl
[23.025s] -- Installing: /home/ebrahim/formula-carmaker-fs_2025/FCM_Projects/FS_autonomous/ros/ros2_ws/install/hellocm_msgs/share/hellocm_msgs/msg/CM2Ext.msg
[23.025s] -- Installing: /home/ebrahim/formula-carmaker-fs_2025/FCM_Projects/FS_autonomous/ros/ros2_ws/install/hellocm_msgs/share/hellocm_msgs/msg/Ext2CM.msg
[23.026s] -- Installing: /home/ebrahim/formula-carmaker-fs_2025/FCM_Projects/FS_autonomous/ros/ros2_ws/install/hellocm_msgs/share/hellocm_msgs/msg/TireSteering.msg
[23.026s] -- Installing: /home/ebrahim/formula-carmaker-fs_2025/FCM_Projects/FS_autonomous/ros/ros2_ws/install/hellocm_msgs/share/hellocm_msgs/srv/Init.srv
[23.026s] -- Installing: /home/ebrahim/formula-carmaker-fs_2025/FCM_Projects/FS_autonomous/ros/ros2_ws/install/hellocm_msgs/share/ament_index/resource_index/package_run_dependencies/hellocm_msgs
[23.026s] -- Installing: /home/ebrahim/formula-carmaker-fs_2025/FCM_Projects/FS_autonomous/ros/ros2_ws/install/hellocm_msgs/share/ament_index/resource_index/parent_prefix_path/hellocm_msgs
[23.027s] -- Installing: /home/ebrahim/formula-carmaker-fs_2025/FCM_Projects/FS_autonomous/ros/ros2_ws/install/hellocm_msgs/share/hellocm_msgs/environment/ament_prefix_path.sh
[23.027s] -- Installing: /home/ebrahim/formula-carmaker-fs_2025/FCM_Projects/FS_autonomous/ros/ros2_ws/install/hellocm_msgs/share/hellocm_msgs/environment/ament_prefix_path.dsv
[23.027s] -- Installing: /home/ebrahim/formula-carmaker-fs_2025/FCM_Projects/FS_autonomous/ros/ros2_ws/install/hellocm_msgs/share/hellocm_msgs/environment/path.sh
[23.027s] -- Installing: /home/ebrahim/formula-carmaker-fs_2025/FCM_Projects/FS_autonomous/ros/ros2_ws/install/hellocm_msgs/share/hellocm_msgs/environment/path.dsv
[23.027s] -- Installing: /home/ebrahim/formula-carmaker-fs_2025/FCM_Projects/FS_autonomous/ros/ros2_ws/install/hellocm_msgs/share/hellocm_msgs/local_setup.bash
[23.027s] -- Installing: /home/ebrahim/formula-carmaker-fs_2025/FCM_Projects/FS_autonomous/ros/ros2_ws/install/hellocm_msgs/share/hellocm_msgs/local_setup.sh
[23.027s] -- Installing: /home/ebrahim/formula-carmaker-fs_2025/FCM_Projects/FS_autonomous/ros/ros2_ws/install/hellocm_msgs/share/hellocm_msgs/local_setup.zsh
[23.028s] -- Installing: /home/ebrahim/formula-carmaker-fs_2025/FCM_Projects/FS_autonomous/ros/ros2_ws/install/hellocm_msgs/share/hellocm_msgs/local_setup.dsv
[23.028s] -- Installing: /home/ebrahim/formula-carmaker-fs_2025/FCM_Projects/FS_autonomous/ros/ros2_ws/install/hellocm_msgs/share/hellocm_msgs/package.dsv
[23.028s] -- Installing: /home/ebrahim/formula-carmaker-fs_2025/FCM_Projects/FS_autonomous/ros/ros2_ws/install/hellocm_msgs/share/ament_index/resource_index/packages/hellocm_msgs
[23.028s] -- Installing: /home/ebrahim/formula-carmaker-fs_2025/FCM_Projects/FS_autonomous/ros/ros2_ws/install/hellocm_msgs/share/hellocm_msgs/cmake/export_hellocm_msgs__rosidl_generator_cExport.cmake
[23.028s] -- Installing: /home/ebrahim/formula-carmaker-fs_2025/FCM_Projects/FS_autonomous/ros/ros2_ws/install/hellocm_msgs/share/hellocm_msgs/cmake/export_hellocm_msgs__rosidl_generator_cExport-noconfig.cmake
[23.029s] -- Installing: /home/ebrahim/formula-carmaker-fs_2025/FCM_Projects/FS_autonomous/ros/ros2_ws/install/hellocm_msgs/share/hellocm_msgs/cmake/export_hellocm_msgs__rosidl_typesupport_fastrtps_cExport.cmake
[23.029s] -- Installing: /home/ebrahim/formula-carmaker-fs_2025/FCM_Projects/FS_autonomous/ros/ros2_ws/install/hellocm_msgs/share/hellocm_msgs/cmake/export_hellocm_msgs__rosidl_typesupport_fastrtps_cExport-noconfig.cmake
[23.029s] -- Installing: /home/ebrahim/formula-carmaker-fs_2025/FCM_Projects/FS_autonomous/ros/ros2_ws/install/hellocm_msgs/share/hellocm_msgs/cmake/hellocm_msgs__rosidl_typesupport_introspection_cExport.cmake
[23.029s] -- Installing: /home/ebrahim/formula-carmaker-fs_2025/FCM_Projects/FS_autonomous/ros/ros2_ws/install/hellocm_msgs/share/hellocm_msgs/cmake/hellocm_msgs__rosidl_typesupport_introspection_cExport-noconfig.cmake
[23.029s] -- Installing: /home/ebrahim/formula-carmaker-fs_2025/FCM_Projects/FS_autonomous/ros/ros2_ws/install/hellocm_msgs/share/hellocm_msgs/cmake/hellocm_msgs__rosidl_typesupport_cExport.cmake
[23.030s] -- Installing: /home/ebrahim/formula-carmaker-fs_2025/FCM_Projects/FS_autonomous/ros/ros2_ws/install/hellocm_msgs/share/hellocm_msgs/cmake/hellocm_msgs__rosidl_typesupport_cExport-noconfig.cmake
[23.030s] -- Installing: /home/ebrahim/formula-carmaker-fs_2025/FCM_Projects/FS_autonomous/ros/ros2_ws/install/hellocm_msgs/share/hellocm_msgs/cmake/export_hellocm_msgs__rosidl_generator_cppExport.cmake
[23.030s] -- Installing: /home/ebrahim/formula-carmaker-fs_2025/FCM_Projects/FS_autonomous/ros/ros2_ws/install/hellocm_msgs/share/hellocm_msgs/cmake/export_hellocm_msgs__rosidl_typesupport_fastrtps_cppExport.cmake
[23.030s] -- Installing: /home/ebrahim/formula-carmaker-fs_2025/FCM_Projects/FS_autonomous/ros/ros2_ws/install/hellocm_msgs/share/hellocm_msgs/cmake/export_hellocm_msgs__rosidl_typesupport_fastrtps_cppExport-noconfig.cmake
[23.030s] -- Installing: /home/ebrahim/formula-carmaker-fs_2025/FCM_Projects/FS_autonomous/ros/ros2_ws/install/hellocm_msgs/share/hellocm_msgs/cmake/hellocm_msgs__rosidl_typesupport_introspection_cppExport.cmake
[23.031s] -- Installing: /home/ebrahim/formula-carmaker-fs_2025/FCM_Projects/FS_autonomous/ros/ros2_ws/install/hellocm_msgs/share/hellocm_msgs/cmake/hellocm_msgs__rosidl_typesupport_introspection_cppExport-noconfig.cmake
[23.031s] -- Installing: /home/ebrahim/formula-carmaker-fs_2025/FCM_Projects/FS_autonomous/ros/ros2_ws/install/hellocm_msgs/share/hellocm_msgs/cmake/hellocm_msgs__rosidl_typesupport_cppExport.cmake
[23.031s] -- Installing: /home/ebrahim/formula-carmaker-fs_2025/FCM_Projects/FS_autonomous/ros/ros2_ws/install/hellocm_msgs/share/hellocm_msgs/cmake/hellocm_msgs__rosidl_typesupport_cppExport-noconfig.cmake
[23.031s] -- Installing: /home/ebrahim/formula-carmaker-fs_2025/FCM_Projects/FS_autonomous/ros/ros2_ws/install/hellocm_msgs/share/hellocm_msgs/cmake/export_hellocm_msgs__rosidl_generator_pyExport.cmake
[23.031s] -- Installing: /home/ebrahim/formula-carmaker-fs_2025/FCM_Projects/FS_autonomous/ros/ros2_ws/install/hellocm_msgs/share/hellocm_msgs/cmake/export_hellocm_msgs__rosidl_generator_pyExport-noconfig.cmake
[23.032s] -- Installing: /home/ebrahim/formula-carmaker-fs_2025/FCM_Projects/FS_autonomous/ros/ros2_ws/install/hellocm_msgs/share/hellocm_msgs/cmake/rosidl_cmake-extras.cmake
[23.032s] -- Installing: /home/ebrahim/formula-carmaker-fs_2025/FCM_Projects/FS_autonomous/ros/ros2_ws/install/hellocm_msgs/share/hellocm_msgs/cmake/ament_cmake_export_dependencies-extras.cmake
[23.032s] -- Installing: /home/ebrahim/formula-carmaker-fs_2025/FCM_Projects/FS_autonomous/ros/ros2_ws/install/hellocm_msgs/share/hellocm_msgs/cmake/ament_cmake_export_include_directories-extras.cmake
[23.032s] -- Installing: /home/ebrahim/formula-carmaker-fs_2025/FCM_Projects/FS_autonomous/ros/ros2_ws/install/hellocm_msgs/share/hellocm_msgs/cmake/ament_cmake_export_libraries-extras.cmake
[23.032s] -- Installing: /home/ebrahim/formula-carmaker-fs_2025/FCM_Projects/FS_autonomous/ros/ros2_ws/install/hellocm_msgs/share/hellocm_msgs/cmake/ament_cmake_export_targets-extras.cmake
[23.032s] -- Installing: /home/ebrahim/formula-carmaker-fs_2025/FCM_Projects/FS_autonomous/ros/ros2_ws/install/hellocm_msgs/share/hellocm_msgs/cmake/rosidl_cmake_export_typesupport_targets-extras.cmake
[23.033s] -- Installing: /home/ebrahim/formula-carmaker-fs_2025/FCM_Projects/FS_autonomous/ros/ros2_ws/install/hellocm_msgs/share/hellocm_msgs/cmake/rosidl_cmake_export_typesupport_libraries-extras.cmake
[23.033s] -- Installing: /home/ebrahim/formula-carmaker-fs_2025/FCM_Projects/FS_autonomous/ros/ros2_ws/install/hellocm_msgs/share/hellocm_msgs/cmake/hellocm_msgsConfig.cmake
[23.034s] -- Installing: /home/ebrahim/formula-carmaker-fs_2025/FCM_Projects/FS_autonomous/ros/ros2_ws/install/hellocm_msgs/share/hellocm_msgs/cmake/hellocm_msgsConfig-version.cmake
[23.034s] -- Installing: /home/ebrahim/formula-carmaker-fs_2025/FCM_Projects/FS_autonomous/ros/ros2_ws/install/hellocm_msgs/share/hellocm_msgs/package.xml
[23.039s] Invoked command in '/home/ebrahim/formula-carmaker-fs_2025/FCM_Projects/FS_autonomous/ros/ros2_ws/build/hellocm_msgs' returned '0': CMAKE_PREFIX_PATH=${CMAKE_PREFIX_PATH}:/opt/ros/jazzy DEBUGINFOD_URLS=https://debuginfod.ubuntu.com /usr/bin/cmake --install /home/ebrahim/formula-carmaker-fs_2025/FCM_Projects/FS_autonomous/ros/ros2_ws/build/hellocm_msgs
